[2025-10-10 14:13:07] ==================================================
[2025-10-10 14:13:07] FULL PIPELINE EXECUTION STARTED
[2025-10-10 14:13:07] Timestamp: 20251010_141307
[2025-10-10 14:13:07] Config: /home/ieyeppo/AI_Lab/natural-language-processing-competition/notebooks/team/CHH/configs/config_full_pipeline.yaml
[2025-10-10 14:13:07] ==================================================
[2025-10-10 14:13:07] GPU Tier: LOW
[2025-10-10 14:13:07] Auto-optimization enabled
[2025-10-10 14:13:07] Finding optimal batch size...
[2025-10-10 14:13:07] [data_quality_check] Status: running
[2025-10-10 14:13:07] 
=== Data Quality Check ===
[2025-10-10 14:13:07] Loading data from config paths:
[2025-10-10 14:13:07]   - Train: /home/ieyeppo/AI_Lab/natural-language-processing-competition/notebooks/team/CHH/../../../data/raw/train.csv
[2025-10-10 14:13:07]   - Dev: /home/ieyeppo/AI_Lab/natural-language-processing-competition/notebooks/team/CHH/../../../data/raw/dev.csv
[2025-10-10 14:13:07]   - Test: /home/ieyeppo/AI_Lab/natural-language-processing-competition/notebooks/team/CHH/../../../data/raw/test.csv
[2025-10-10 14:13:07] ✅ Loaded 12457 training samples
[2025-10-10 14:13:07] ✅ Loaded 499 dev samples
[2025-10-10 14:13:07] ✅ Loaded 499 test samples
[2025-10-10 14:13:07] Null values - Train: 0, Dev: 0, Test: 0
[2025-10-10 14:13:07] Duplicate rows in training data: 0
[2025-10-10 14:13:07] ✅ Data loading completed successfully!
[2025-10-10 14:13:07] [data_quality_check] Status: completed
[2025-10-10 14:13:07] 
=== Comprehensive Data Quality Validation ===
[2025-10-10 14:13:07] 
📊 Data Quality Report:
[2025-10-10 14:13:07] 
Structural Validation:
[2025-10-10 14:13:07]   - Train shape: (12457, 4)
[2025-10-10 14:13:07]   - Dev shape: (499, 4)
[2025-10-10 14:13:07]   - Test shape: (499, 2)
[2025-10-10 14:13:07]   - Column match: True
[2025-10-10 14:13:07] 
Text Quality:
[2025-10-10 14:13:07]   - Avg dialogue length: 406.1
[2025-10-10 14:13:07]   - Compression ratio: 23.23%
[2025-10-10 14:13:07]   - Encoding issues: 0
[2025-10-10 14:13:07]   - Special chars: 12455
[2025-10-10 14:13:07] 
Label Distribution:
[2025-10-10 14:13:07]   - Unique topics: 9235
[2025-10-10 14:13:07]   - Imbalance ratio: 130.00
[2025-10-10 14:13:07] 
Outlier Detection:
[2025-10-10 14:13:07]   - Outlier count: 355
[2025-10-10 14:13:07]   - Outlier ratio: 2.85%
[2025-10-10 14:13:07] 
📋 Recommendations:
[2025-10-10 14:13:07]   ✓ Clean special characters from text
[2025-10-10 14:13:07]   ✓ Consider data augmentation for underrepresented topics
[2025-10-10 14:13:07] ⚠️ Error during data validation: You must call wandb.init() before wandb.log()
[2025-10-10 14:13:07]    Skipping detailed validation. Please check data loading in cell 7.
[2025-10-10 14:13:07] Visualizations will be saved to: /home/ieyeppo/AI_Lab/natural-language-processing-competition/notebooks/team/CHH/../logs/full_pipeline/visualizations
[2025-10-10 14:13:10] WandB initialized for full pipeline tracking
[2025-10-10 14:13:10] [data_preprocessing] Status: running
[2025-10-10 14:13:10] 
=== Data Preprocessing ===
[2025-10-10 14:13:10] Preprocessed 12457 training samples
[2025-10-10 14:13:10] Preprocessed 499 dev samples
[2025-10-10 14:13:10] Preprocessed 499 test samples
[2025-10-10 14:13:10] 
Text Length Statistics:
[2025-10-10 14:13:10]   Dialogue - Mean: 347.3, Max: 1952
[2025-10-10 14:13:10]   Summary - Mean: 85.8, Max: 376
[2025-10-10 14:13:10] [data_preprocessing] Status: completed
[2025-10-10 14:13:10] [hyperparameter_optimization] Status: running
[2025-10-10 14:13:10] 
======================================================================
[2025-10-10 14:13:10] 🎯 HYPERPARAMETER OPTIMIZATION STAGE
[2025-10-10 14:13:10] ======================================================================
[2025-10-10 14:13:10] ✅ Optimization ENABLED with 100 trials
[2025-10-10 14:13:10] 
============================================================
[2025-10-10 14:13:10] 🎯 OPTUNA HYPERPARAMETER OPTIMIZATION STARTING
[2025-10-10 14:13:10] ============================================================
[2025-10-10 14:13:10] Number of trials: 100
[2025-10-10 14:13:10] Optimization metric: rouge_l
[2025-10-10 14:13:10] 
🚀 Starting optimization...
[2025-10-10 14:13:10] 
Trial 0: {'learning_rate': 5.6115164153345e-05, 'batch_size': 4, 'lora_r': 12, 'lora_alpha': 24, 'num_beams': 2, 'temperature': 0.8795585311974417, 'warmup_ratio': 0.12022300234864176, 'weight_decay': 0.07080725777960455, 'top_p': 0.8041168988591605}
[2025-10-10 14:13:10] 
Trial 1: {'learning_rate': 0.0008706020878304854, 'batch_size': 4, 'lora_r': 12, 'lora_alpha': 40, 'num_beams': 5, 'temperature': 0.48875051677790415, 'warmup_ratio': 0.058245828039608386, 'weight_decay': 0.06118528947223795, 'top_p': 0.8278987721304084}
[2025-10-10 14:13:10] 
Trial 2: {'learning_rate': 3.8396292998041685e-05, 'batch_size': 16, 'lora_r': 16, 'lora_alpha': 72, 'num_beams': 6, 'temperature': 0.14180537144799796, 'warmup_ratio': 0.12150897038028768, 'weight_decay': 0.017052412368729154, 'top_p': 0.813010318597056}
[2025-10-10 14:13:10] 
Trial 3: {'learning_rate': 0.000790261954970823, 'batch_size': 4, 'lora_r': 8, 'lora_alpha': 88, 'num_beams': 5, 'temperature': 0.20983441136030095, 'warmup_ratio': 0.09903538202225404, 'weight_decay': 0.0034388521115218396, 'top_p': 0.9818640804157565}
[2025-10-10 14:13:10] 
Trial 4: {'learning_rate': 3.292759134423613e-05, 'batch_size': 4, 'lora_r': 36, 'lora_alpha': 24, 'num_beams': 8, 'temperature': 0.7976195410250031, 'warmup_ratio': 0.18789978831283782, 'weight_decay': 0.08948273504276488, 'top_p': 0.919579995762217}
[2025-10-10 14:13:10] 
Trial 5: {'learning_rate': 0.0006978281265126031, 'batch_size': 8, 'lora_r': 24, 'lora_alpha': 56, 'num_beams': 3, 'temperature': 0.8458637582367364, 'warmup_ratio': 0.07135066533871785, 'weight_decay': 0.02809345096873808, 'top_p': 0.9085392166316497}
[2025-10-10 14:13:10] 
Trial 6: {'learning_rate': 1.913588048769229e-05, 'batch_size': 16, 'lora_r': 52, 'lora_alpha': 32, 'num_beams': 2, 'temperature': 0.8339152856093507, 'warmup_ratio': 0.14137146876952342, 'weight_decay': 0.07290071680409874, 'top_p': 0.9542540693371891}
[2025-10-10 14:13:10] 
Trial 7: {'learning_rate': 1.4063366777718176e-05, 'batch_size': 16, 'lora_r': 40, 'lora_alpha': 48, 'num_beams': 2, 'temperature': 0.379884089544096, 'warmup_ratio': 0.06503666440534941, 'weight_decay': 0.0729606178338064, 'top_p': 0.9275114942710426}
[2025-10-10 14:13:10] 
Trial 8: {'learning_rate': 0.000594874681321977, 'batch_size': 16, 'lora_r': 52, 'lora_alpha': 72, 'num_beams': 7, 'temperature': 0.5444160367279517, 'warmup_ratio': 0.10454656587639882, 'weight_decay': 0.042754101835854964, 'top_p': 0.8050838253488191}
[2025-10-10 14:13:10] 
Trial 9: {'learning_rate': 1.6435497475111308e-05, 'batch_size': 8, 'lora_r': 36, 'lora_alpha': 120, 'num_beams': 3, 'temperature': 0.4693446307320668, 'warmup_ratio': 0.15111022770860974, 'weight_decay': 0.022879816549162248, 'top_p': 0.8153959819657587}
[2025-10-10 14:13:10] 
Trial 10: {'learning_rate': 0.0002509538254778771, 'batch_size': 8, 'lora_r': 64, 'lora_alpha': 128, 'num_beams': 4, 'temperature': 0.37050834074441147, 'warmup_ratio': 0.0031189599316912286, 'weight_decay': 0.03924528921026325, 'top_p': 0.8669590352446472}
[2025-10-10 14:13:10] 
Trial 11: {'learning_rate': 0.00018525269140782447, 'batch_size': 8, 'lora_r': 48, 'lora_alpha': 112, 'num_beams': 8, 'temperature': 0.6321394039142825, 'warmup_ratio': 0.16667277730759844, 'weight_decay': 0.042711230563333175, 'top_p': 0.8551010740658617}
[2025-10-10 14:13:10] 
Trial 12: {'learning_rate': 0.00011065112964573651, 'batch_size': 16, 'lora_r': 60, 'lora_alpha': 96, 'num_beams': 7, 'temperature': 0.6441705134667595, 'warmup_ratio': 0.15438480247601424, 'weight_decay': 0.023365357640184024, 'top_p': 0.8532135588028772}
[2025-10-10 14:13:10] 
Trial 13: {'learning_rate': 0.0002654334209893315, 'batch_size': 8, 'lora_r': 28, 'lora_alpha': 8, 'num_beams': 6, 'temperature': 0.5039030312663308, 'warmup_ratio': 0.19598618521777977, 'weight_decay': 0.049708539361085255, 'top_p': 0.8822091757976921}
[2025-10-10 14:13:10] 
Trial 14: {'learning_rate': 1.0623818229569264e-05, 'batch_size': 16, 'lora_r': 44, 'lora_alpha': 128, 'num_beams': 4, 'temperature': 0.33151445707235533, 'warmup_ratio': 0.09706203923949239, 'weight_decay': 0.01294121961269, 'top_p': 0.8400716896759467}
[2025-10-10 14:13:10] 
Trial 15: {'learning_rate': 7.098701732564448e-05, 'batch_size': 8, 'lora_r': 52, 'lora_alpha': 80, 'num_beams': 7, 'temperature': 0.6879550342336206, 'warmup_ratio': 0.12826692391313044, 'weight_decay': 0.030624425729980503, 'top_p': 0.8048704591903703}
[2025-10-10 14:13:10] 
Trial 16: {'learning_rate': 0.0004258717857190132, 'batch_size': 16, 'lora_r': 28, 'lora_alpha': 104, 'num_beams': 4, 'temperature': 0.5438476979472444, 'warmup_ratio': 0.011718175606802078, 'weight_decay': 0.002721902639119672, 'top_p': 0.8877138136492564}
[2025-10-10 14:13:10] 
Trial 17: {'learning_rate': 0.000384288292674728, 'batch_size': 8, 'lora_r': 28, 'lora_alpha': 104, 'num_beams': 3, 'temperature': 0.9887442025971711, 'warmup_ratio': 0.016420980892786832, 'weight_decay': 0.00363048132321183, 'top_p': 0.8856742492277335}
[2025-10-10 14:13:10] 
Trial 18: {'learning_rate': 0.00013787870379812294, 'batch_size': 16, 'lora_r': 24, 'lora_alpha': 112, 'num_beams': 4, 'temperature': 0.2534151506789017, 'warmup_ratio': 0.03925972460869255, 'weight_decay': 0.012169587596961757, 'top_p': 0.9825376261745185}
[2025-10-10 14:13:10] 
Trial 19: {'learning_rate': 2.382402259329512e-05, 'batch_size': 8, 'lora_r': 32, 'lora_alpha': 120, 'num_beams': 3, 'temperature': 0.42157532369545225, 'warmup_ratio': 0.04083659727207909, 'weight_decay': 0.0020973195284619255, 'top_p': 0.9480674557019139}
[2025-10-10 14:13:10] 
Trial 20: {'learning_rate': 0.00043277687873709845, 'batch_size': 16, 'lora_r': 20, 'lora_alpha': 96, 'num_beams': 4, 'temperature': 0.7165097382774679, 'warmup_ratio': 0.17321611184095836, 'weight_decay': 0.02203625567970249, 'top_p': 0.8892797525640342}
[2025-10-10 14:13:10] 
Trial 21: {'learning_rate': 0.0005470648126311354, 'batch_size': 16, 'lora_r': 36, 'lora_alpha': 64, 'num_beams': 6, 'temperature': 0.5713825820139266, 'warmup_ratio': 0.08899180176287362, 'weight_decay': 0.03816494115978136, 'top_p': 0.8274806134583091}
[2025-10-10 14:13:10] 
Trial 22: {'learning_rate': 0.0003216663221970246, 'batch_size': 16, 'lora_r': 44, 'lora_alpha': 80, 'num_beams': 3, 'temperature': 0.5598338970383308, 'warmup_ratio': 0.14171407590825327, 'weight_decay': 0.056081647858547634, 'top_p': 0.8263260466964659}
[2025-10-10 14:13:10] 
Trial 23: {'learning_rate': 0.00015246041962745213, 'batch_size': 16, 'lora_r': 60, 'lora_alpha': 112, 'num_beams': 5, 'temperature': 0.46476832163493187, 'warmup_ratio': 0.0815554014206385, 'weight_decay': 0.03290903712638011, 'top_p': 0.8458337810475169}
[2025-10-10 14:13:10] 
Trial 24: {'learning_rate': 0.00017554875856169903, 'batch_size': 16, 'lora_r': 4, 'lora_alpha': 112, 'num_beams': 5, 'temperature': 0.4351236693157688, 'warmup_ratio': 0.034392041489271205, 'weight_decay': 0.031124417672846617, 'top_p': 0.8565832548555004}
[2025-10-10 14:13:10] 
Trial 25: {'learning_rate': 8.928461637426106e-05, 'batch_size': 8, 'lora_r': 60, 'lora_alpha': 104, 'num_beams': 4, 'temperature': 0.29091803870435756, 'warmup_ratio': 0.0804800128901909, 'weight_decay': 0.010479992751100117, 'top_p': 0.8752037081130746}
[2025-10-10 14:13:10] 
Trial 26: {'learning_rate': 6.843449741383639e-05, 'batch_size': 16, 'lora_r': 32, 'lora_alpha': 128, 'num_beams': 5, 'temperature': 0.4701085175812829, 'warmup_ratio': 0.0009297814851840711, 'weight_decay': 0.019047930991357546, 'top_p': 0.8436149717120291}
[2025-10-10 14:13:10] 
Trial 27: {'learning_rate': 4.08148134644223e-05, 'batch_size': 16, 'lora_r': 40, 'lora_alpha': 96, 'num_beams': 3, 'temperature': 0.5889603603809421, 'warmup_ratio': 0.02753692945130234, 'weight_decay': 0.027811833378977135, 'top_p': 0.8685177972123355}
[2025-10-10 14:13:10] 
Trial 28: {'learning_rate': 0.0001808019088040218, 'batch_size': 4, 'lora_r': 20, 'lora_alpha': 120, 'num_beams': 5, 'temperature': 0.7304740268126415, 'warmup_ratio': 0.05517696407747993, 'weight_decay': 0.009091762717876612, 'top_p': 0.9073788306442215}
[2025-10-10 14:13:10] 
Trial 29: {'learning_rate': 5.2789634104309356e-05, 'batch_size': 8, 'lora_r': 56, 'lora_alpha': 104, 'num_beams': 2, 'temperature': 0.42338697665397246, 'warmup_ratio': 0.11095690856366275, 'weight_decay': 0.04833131651163747, 'top_p': 0.8207455453090859}
[2025-10-10 14:13:10] 
Trial 30: {'learning_rate': 0.00012393523290194674, 'batch_size': 4, 'lora_r': 64, 'lora_alpha': 120, 'num_beams': 4, 'temperature': 0.5170313596488142, 'warmup_ratio': 0.01968729962758963, 'weight_decay': 0.03536438591049985, 'top_p': 0.8370309095968101}
[2025-10-10 14:13:10] 
Trial 31: {'learning_rate': 0.0005126860620197781, 'batch_size': 16, 'lora_r': 56, 'lora_alpha': 88, 'num_beams': 7, 'temperature': 0.616707335581437, 'warmup_ratio': 0.11150402443491102, 'weight_decay': 0.043232590432124546, 'top_p': 0.8009175210926072}
[2025-10-10 14:13:10] 
Trial 32: {'learning_rate': 0.0009104310280872976, 'batch_size': 16, 'lora_r': 48, 'lora_alpha': 72, 'num_beams': 6, 'temperature': 0.5312810701991332, 'warmup_ratio': 0.05151221958637392, 'weight_decay': 0.06520180256762984, 'top_p': 0.8107000770625999}
[2025-10-10 14:13:10] 
Trial 33: {'learning_rate': 0.0006389987160286531, 'batch_size': 16, 'lora_r': 56, 'lora_alpha': 56, 'num_beams': 5, 'temperature': 0.4740878503492706, 'warmup_ratio': 0.13399031006652617, 'weight_decay': 0.05560396078170797, 'top_p': 0.8001014332527637}
[2025-10-10 14:13:10] 
Trial 34: {'learning_rate': 0.00024964586832922856, 'batch_size': 16, 'lora_r': 12, 'lora_alpha': 88, 'num_beams': 5, 'temperature': 0.35343313415607713, 'warmup_ratio': 0.07994456010637697, 'weight_decay': 0.018420580369523473, 'top_p': 0.819740894771324}
[2025-10-10 14:13:10] 
Trial 35: {'learning_rate': 0.00031020040474226055, 'batch_size': 4, 'lora_r': 40, 'lora_alpha': 112, 'num_beams': 6, 'temperature': 0.1474804075628276, 'warmup_ratio': 0.11335411581237546, 'weight_decay': 0.09395773863591844, 'top_p': 0.8363707447047403}
[2025-10-10 14:13:10] 
Trial 36: {'learning_rate': 0.00041298656880288246, 'batch_size': 16, 'lora_r': 48, 'lora_alpha': 120, 'num_beams': 8, 'temperature': 0.5388005925532067, 'warmup_ratio': 0.16008868357088207, 'weight_decay': 0.024709175447230163, 'top_p': 0.9997281865118572}
[2025-10-10 14:13:10] 
Trial 37: {'learning_rate': 0.0008962155481955306, 'batch_size': 16, 'lora_r': 60, 'lora_alpha': 80, 'num_beams': 3, 'temperature': 0.453402460486006, 'warmup_ratio': 0.18185016880601043, 'weight_decay': 0.03445325335318729, 'top_p': 0.815867449751649}
[2025-10-10 14:13:10] 
Trial 38: {'learning_rate': 2.1029417584275187e-05, 'batch_size': 4, 'lora_r': 28, 'lora_alpha': 40, 'num_beams': 7, 'temperature': 0.7689078123963804, 'warmup_ratio': 0.15188791583157818, 'weight_decay': 0.08144397120291505, 'top_p': 0.9297036311765311}
[2025-10-10 14:13:10] 
Trial 39: {'learning_rate': 2.531494835284367e-05, 'batch_size': 4, 'lora_r': 16, 'lora_alpha': 8, 'num_beams': 4, 'temperature': 0.9642017554362963, 'warmup_ratio': 0.1432503812468896, 'weight_decay': 0.08676305082227952, 'top_p': 0.9292538997971804}
[2025-10-10 14:13:10] 
Trial 40: {'learning_rate': 2.047415613225536e-05, 'batch_size': 4, 'lora_r': 12, 'lora_alpha': 8, 'num_beams': 2, 'temperature': 0.9711724282684038, 'warmup_ratio': 0.150657793716792, 'weight_decay': 0.08084297489364045, 'top_p': 0.9388757778242652}
[2025-10-10 14:13:10] 
Trial 41: {'learning_rate': 3.066077766398237e-05, 'batch_size': 4, 'lora_r': 16, 'lora_alpha': 24, 'num_beams': 4, 'temperature': 0.9231555396041334, 'warmup_ratio': 0.144201386659215, 'weight_decay': 0.08301017934387508, 'top_p': 0.9213917944990571}
[2025-10-10 14:13:10] 
Trial 42: {'learning_rate': 2.8343266286117908e-05, 'batch_size': 4, 'lora_r': 16, 'lora_alpha': 24, 'num_beams': 4, 'temperature': 0.9393856333132921, 'warmup_ratio': 0.14743470427988942, 'weight_decay': 0.07958098982307014, 'top_p': 0.9236704803852211}
[2025-10-10 14:13:10] 
Trial 43: {'learning_rate': 1.6108532132097252e-05, 'batch_size': 4, 'lora_r': 8, 'lora_alpha': 16, 'num_beams': 3, 'temperature': 0.8958481026905217, 'warmup_ratio': 0.1288024798148547, 'weight_decay': 0.08642022282190602, 'top_p': 0.9327984945915484}
[2025-10-10 14:13:10] 
Trial 44: {'learning_rate': 1.0313258113587206e-05, 'batch_size': 4, 'lora_r': 16, 'lora_alpha': 32, 'num_beams': 5, 'temperature': 0.7847868049623333, 'warmup_ratio': 0.17204777588999928, 'weight_decay': 0.09768859379731906, 'top_p': 0.9143917618448244}
[2025-10-10 14:13:10] 
Trial 45: {'learning_rate': 3.811551554765178e-05, 'batch_size': 4, 'lora_r': 20, 'lora_alpha': 40, 'num_beams': 4, 'temperature': 0.8874593139551243, 'warmup_ratio': 0.15793011164272375, 'weight_decay': 0.080691868996151, 'top_p': 0.9579475446016396}
[2025-10-10 14:13:10] 
Trial 46: {'learning_rate': 1.3897175392753893e-05, 'batch_size': 4, 'lora_r': 8, 'lora_alpha': 16, 'num_beams': 4, 'temperature': 0.7969448923159235, 'warmup_ratio': 0.1217659400149673, 'weight_decay': 0.08647805694036682, 'top_p': 0.8977440663103733}
[2025-10-10 14:13:10] 
Trial 47: {'learning_rate': 2.7949338678300217e-05, 'batch_size': 4, 'lora_r': 24, 'lora_alpha': 32, 'num_beams': 2, 'temperature': 0.9265705348877145, 'warmup_ratio': 0.13834388003190082, 'weight_decay': 0.07219746782636438, 'top_p': 0.9642952586405336}
[2025-10-10 14:13:10] 
Trial 48: {'learning_rate': 1.716823743508118e-05, 'batch_size': 4, 'lora_r': 4, 'lora_alpha': 40, 'num_beams': 6, 'temperature': 0.8564348455284729, 'warmup_ratio': 0.18369058570357943, 'weight_decay': 0.06808651781208055, 'top_p': 0.9420825813776464}
[2025-10-10 14:13:10] 
Trial 49: {'learning_rate': 1.3668185885216411e-05, 'batch_size': 4, 'lora_r': 12, 'lora_alpha': 16, 'num_beams': 3, 'temperature': 0.8310418897548102, 'warmup_ratio': 0.16494960737726916, 'weight_decay': 0.07700053848106307, 'top_p': 0.9026672804350145}
[2025-10-10 14:13:10] 
Trial 50: {'learning_rate': 4.61937287975718e-05, 'batch_size': 4, 'lora_r': 24, 'lora_alpha': 8, 'num_beams': 5, 'temperature': 0.9463380108552798, 'warmup_ratio': 0.09785060897891858, 'weight_decay': 0.0996543902099827, 'top_p': 0.9188168003914394}
[2025-10-10 14:13:10] 
Trial 51: {'learning_rate': 5.24826402388161e-05, 'batch_size': 4, 'lora_r': 24, 'lora_alpha': 8, 'num_beams': 7, 'temperature': 0.9480047989677542, 'warmup_ratio': 0.0956704269085114, 'weight_decay': 0.09211663085865289, 'top_p': 0.91944048453995}
[2025-10-10 14:13:10] 
Trial 52: {'learning_rate': 2.284106654552854e-05, 'batch_size': 4, 'lora_r': 28, 'lora_alpha': 24, 'num_beams': 5, 'temperature': 0.9965357066290554, 'warmup_ratio': 0.07032216044715962, 'weight_decay': 0.09836044749473231, 'top_p': 0.9320495575087924}
[2025-10-10 14:13:10] 
Trial 53: {'learning_rate': 3.429646312281187e-05, 'batch_size': 4, 'lora_r': 28, 'lora_alpha': 24, 'num_beams': 6, 'temperature': 0.9961996932565121, 'warmup_ratio': 0.06810360546880416, 'weight_decay': 0.09938909244635152, 'top_p': 0.9115945865059399}
[2025-10-10 14:13:10] 
Trial 54: {'learning_rate': 4.242153447328011e-05, 'batch_size': 4, 'lora_r': 32, 'lora_alpha': 24, 'num_beams': 6, 'temperature': 0.9995011758849892, 'warmup_ratio': 0.04937187052527488, 'weight_decay': 0.09808871200800016, 'top_p': 0.9140149079495556}
[2025-10-10 14:13:10] 
Trial 55: {'learning_rate': 2.087550488842527e-05, 'batch_size': 4, 'lora_r': 28, 'lora_alpha': 48, 'num_beams': 7, 'temperature': 0.9113758863751611, 'warmup_ratio': 0.06264656009862746, 'weight_decay': 0.09348791356535355, 'top_p': 0.8965205207895605}
[2025-10-10 14:13:10] 
Trial 56: {'learning_rate': 3.26007480577649e-05, 'batch_size': 4, 'lora_r': 36, 'lora_alpha': 32, 'num_beams': 6, 'temperature': 0.8465242640322688, 'warmup_ratio': 0.07030638370041437, 'weight_decay': 0.09898623428364516, 'top_p': 0.9379833192900754}
[2025-10-10 14:13:10] 
Trial 57: {'learning_rate': 3.5849388400413484e-05, 'batch_size': 8, 'lora_r': 36, 'lora_alpha': 32, 'num_beams': 6, 'temperature': 0.8613873079781995, 'warmup_ratio': 0.06742402587340433, 'weight_decay': 0.09946600767656395, 'top_p': 0.935818147523744}
[2025-10-10 14:13:10] 
Trial 58: {'learning_rate': 3.3880973327964383e-05, 'batch_size': 8, 'lora_r': 36, 'lora_alpha': 48, 'num_beams': 6, 'temperature': 0.7433198866026491, 'warmup_ratio': 0.07145687434239377, 'weight_decay': 0.09070931017330855, 'top_p': 0.9715801181400983}
[2025-10-10 14:13:10] 
Trial 59: {'learning_rate': 7.130386306065748e-05, 'batch_size': 8, 'lora_r': 36, 'lora_alpha': 32, 'num_beams': 7, 'temperature': 0.8572177452200026, 'warmup_ratio': 0.10089814948056287, 'weight_decay': 0.09701415457193542, 'top_p': 0.9517006590252658}
[2025-10-10 14:13:10] 
Trial 60: {'learning_rate': 3.4557050168300356e-05, 'batch_size': 8, 'lora_r': 40, 'lora_alpha': 16, 'num_beams': 6, 'temperature': 0.8176489534074664, 'warmup_ratio': 0.08900359709506178, 'weight_decay': 0.09971339261776059, 'top_p': 0.9400395940137931}
[2025-10-10 14:13:10] 
Trial 61: {'learning_rate': 2.428470874299532e-05, 'batch_size': 8, 'lora_r': 28, 'lora_alpha': 24, 'num_beams': 6, 'temperature': 0.8689831122225952, 'warmup_ratio': 0.06816845937696833, 'weight_decay': 0.09439835828394727, 'top_p': 0.9352993955559592}
[2025-10-10 14:13:10] 
Trial 62: {'learning_rate': 4.355171699216005e-05, 'batch_size': 8, 'lora_r': 32, 'lora_alpha': 32, 'num_beams': 6, 'temperature': 0.8519603042005712, 'warmup_ratio': 0.06454757829688147, 'weight_decay': 0.09500654939635235, 'top_p': 0.9467464373334827}
[2025-10-10 14:13:10] 
Trial 63: {'learning_rate': 2.485855661192661e-05, 'batch_size': 8, 'lora_r': 32, 'lora_alpha': 40, 'num_beams': 7, 'temperature': 0.7660893298034044, 'warmup_ratio': 0.04482720946746545, 'weight_decay': 0.0915806075007361, 'top_p': 0.9131456788051971}
[2025-10-10 14:13:10] 
Trial 64: {'learning_rate': 1.220263075749589e-05, 'batch_size': 8, 'lora_r': 36, 'lora_alpha': 56, 'num_beams': 8, 'temperature': 0.6766537696031633, 'warmup_ratio': 0.07239742433208361, 'weight_decay': 0.08863267361094829, 'top_p': 0.9357316694729022}
[2025-10-10 14:13:10] 
Trial 65: {'learning_rate': 1.5846499013797945e-05, 'batch_size': 8, 'lora_r': 28, 'lora_alpha': 40, 'num_beams': 6, 'temperature': 0.8924178317467069, 'warmup_ratio': 0.05893937004181391, 'weight_decay': 0.09984467030432186, 'top_p': 0.9594294986450355}
[2025-10-10 14:13:10] 
Trial 66: {'learning_rate': 6.072695980409066e-05, 'batch_size': 8, 'lora_r': 44, 'lora_alpha': 24, 'num_beams': 7, 'temperature': 0.8691724141319568, 'warmup_ratio': 0.08711957489962038, 'weight_decay': 0.09375445878116405, 'top_p': 0.9273384793026923}
[2025-10-10 14:13:10] 
Trial 67: {'learning_rate': 1.853543233597872e-05, 'batch_size': 8, 'lora_r': 24, 'lora_alpha': 16, 'num_beams': 6, 'temperature': 0.8112575781570758, 'warmup_ratio': 0.08123857406321262, 'weight_decay': 0.09598945427477258, 'top_p': 0.9060134987912223}
[2025-10-10 14:13:10] 
Trial 68: {'learning_rate': 4.9044208761745006e-05, 'batch_size': 8, 'lora_r': 28, 'lora_alpha': 32, 'num_beams': 7, 'temperature': 0.9612885312993401, 'warmup_ratio': 0.19691581655445523, 'weight_decay': 0.07628099515247513, 'top_p': 0.946418544015451}
[2025-10-10 14:13:10] 
Trial 69: {'learning_rate': 4.392006683548822e-05, 'batch_size': 8, 'lora_r': 36, 'lora_alpha': 32, 'num_beams': 6, 'temperature': 0.9086822440713155, 'warmup_ratio': 0.19914985679220534, 'weight_decay': 0.08817868336931864, 'top_p': 0.9450666640869297}
[2025-10-10 14:13:10] 
Trial 70: {'learning_rate': 4.834871041962324e-05, 'batch_size': 8, 'lora_r': 40, 'lora_alpha': 48, 'num_beams': 6, 'temperature': 0.9648962347469427, 'warmup_ratio': 0.19876849477137828, 'weight_decay': 0.08893574096678125, 'top_p': 0.9697043574843607}
[2025-10-10 14:13:10] 
Trial 71: {'learning_rate': 4.6910672813167914e-05, 'batch_size': 8, 'lora_r': 40, 'lora_alpha': 48, 'num_beams': 6, 'temperature': 0.9555527828217705, 'warmup_ratio': 0.19954332656535156, 'weight_decay': 0.07634901453569098, 'top_p': 0.9752023531711762}
[2025-10-10 14:13:10] 
Trial 72: {'learning_rate': 8.266031522469075e-05, 'batch_size': 8, 'lora_r': 32, 'lora_alpha': 32, 'num_beams': 6, 'temperature': 0.9090378584741627, 'warmup_ratio': 0.19318719337030504, 'weight_decay': 0.08488142280011902, 'top_p': 0.9474485100976111}
[2025-10-10 14:13:10] 
Trial 73: {'learning_rate': 6.183417812741716e-05, 'batch_size': 8, 'lora_r': 44, 'lora_alpha': 64, 'num_beams': 6, 'temperature': 0.9757371779076814, 'warmup_ratio': 0.17884796773303388, 'weight_decay': 0.08947488776820477, 'top_p': 0.9794946182162036}
[2025-10-10 14:13:10] 
Trial 74: {'learning_rate': 5.1190193884752975e-05, 'batch_size': 8, 'lora_r': 40, 'lora_alpha': 48, 'num_beams': 8, 'temperature': 0.9366959708151242, 'warmup_ratio': 0.1897718410727453, 'weight_decay': 0.08988844456227443, 'top_p': 0.9523343429982721}
[2025-10-10 14:13:10] 
Trial 75: {'learning_rate': 3.638432782013378e-05, 'batch_size': 8, 'lora_r': 28, 'lora_alpha': 56, 'num_beams': 5, 'temperature': 0.9746497094206743, 'warmup_ratio': 0.19567923447948413, 'weight_decay': 0.09557422148706157, 'top_p': 0.9636972293804607}
[2025-10-10 14:13:10] 
Trial 76: {'learning_rate': 4.608829412160302e-05, 'batch_size': 8, 'lora_r': 28, 'lora_alpha': 64, 'num_beams': 5, 'temperature': 0.9709475535293153, 'warmup_ratio': 0.1979998733817951, 'weight_decay': 0.09467399590850993, 'top_p': 0.9611038305453892}
[2025-10-10 14:13:11] 
Trial 77: {'learning_rate': 9.652668428003109e-05, 'batch_size': 8, 'lora_r': 24, 'lora_alpha': 56, 'num_beams': 5, 'temperature': 0.9988348098772691, 'warmup_ratio': 0.1882947777140229, 'weight_decay': 0.07765320717342675, 'top_p': 0.9669237975874776}
[2025-10-10 14:13:11] 
Trial 78: {'learning_rate': 2.968897770780771e-05, 'batch_size': 8, 'lora_r': 20, 'lora_alpha': 56, 'num_beams': 5, 'temperature': 0.9497034303513996, 'warmup_ratio': 0.19299686742068306, 'weight_decay': 0.08492345997241127, 'top_p': 0.9855883742120124}
[2025-10-10 14:13:11] 
Trial 79: {'learning_rate': 3.909728616416156e-05, 'batch_size': 8, 'lora_r': 32, 'lora_alpha': 8, 'num_beams': 7, 'temperature': 0.3951347199443692, 'warmup_ratio': 0.1806918965507273, 'weight_decay': 0.061084858931586994, 'top_p': 0.9439937483382654}
[2025-10-10 14:13:11] 
Trial 80: {'learning_rate': 7.789720951786598e-05, 'batch_size': 8, 'lora_r': 32, 'lora_alpha': 8, 'num_beams': 7, 'temperature': 0.3973604025620078, 'warmup_ratio': 0.17618970969515096, 'weight_decay': 0.05812146348602899, 'top_p': 0.9445322024719884}
[2025-10-10 14:13:11] 
Trial 81: {'learning_rate': 3.9221695276266285e-05, 'batch_size': 8, 'lora_r': 28, 'lora_alpha': 16, 'num_beams': 7, 'temperature': 0.5007312475738278, 'warmup_ratio': 0.16924250923731132, 'weight_decay': 0.063019275347785, 'top_p': 0.9558431051783929}
[2025-10-10 14:13:11] 
Trial 82: {'learning_rate': 5.9115652309739446e-05, 'batch_size': 8, 'lora_r': 32, 'lora_alpha': 8, 'num_beams': 7, 'temperature': 0.9192417963313206, 'warmup_ratio': 0.1841377361756087, 'weight_decay': 0.051892390016540016, 'top_p': 0.9679597591302849}
[2025-10-10 14:13:11] 
Trial 83: {'learning_rate': 4.939512667996023e-05, 'batch_size': 8, 'lora_r': 24, 'lora_alpha': 24, 'num_beams': 5, 'temperature': 0.32255675057671046, 'warmup_ratio': 0.19391089169813291, 'weight_decay': 0.06788419573059398, 'top_p': 0.9242997872230462}
[2025-10-10 14:13:11] 
Trial 84: {'learning_rate': 2.7691354169476607e-05, 'batch_size': 8, 'lora_r': 28, 'lora_alpha': 16, 'num_beams': 7, 'temperature': 0.9703856400316003, 'warmup_ratio': 0.1877877008624984, 'weight_decay': 0.08824569272063955, 'top_p': 0.9505389290895634}
[2025-10-10 14:13:11] 
Trial 85: {'learning_rate': 3.877247010887482e-05, 'batch_size': 8, 'lora_r': 36, 'lora_alpha': 72, 'num_beams': 8, 'temperature': 0.40567210072504095, 'warmup_ratio': 0.1809703573962522, 'weight_decay': 0.04655645004868988, 'top_p': 0.9955752927679362}
[2025-10-10 14:13:11] 
Trial 86: {'learning_rate': 2.5752647199589684e-05, 'batch_size': 8, 'lora_r': 32, 'lora_alpha': 8, 'num_beams': 6, 'temperature': 0.8824499396930677, 'warmup_ratio': 0.1985287238814445, 'weight_decay': 0.07480886872742218, 'top_p': 0.9196321171688843}
[2025-10-10 14:13:11] 
Trial 87: {'learning_rate': 3.230332601922003e-05, 'batch_size': 8, 'lora_r': 20, 'lora_alpha': 40, 'num_beams': 7, 'temperature': 0.3678597505820828, 'warmup_ratio': 0.1633459798288922, 'weight_decay': 0.006048302841078303, 'top_p': 0.9865622951177843}
[2025-10-10 14:13:11] 
Trial 88: {'learning_rate': 6.827429647737142e-05, 'batch_size': 8, 'lora_r': 24, 'lora_alpha': 24, 'num_beams': 5, 'temperature': 0.4429526650724764, 'warmup_ratio': 0.1752907006386822, 'weight_decay': 0.08323938788983887, 'top_p': 0.9727861439859015}
[2025-10-10 14:13:11] 
Trial 89: {'learning_rate': 5.5242913131921975e-05, 'batch_size': 8, 'lora_r': 28, 'lora_alpha': 48, 'num_beams': 5, 'temperature': 0.9014876649919153, 'warmup_ratio': 0.18661618117686418, 'weight_decay': 0.09250647883227497, 'top_p': 0.9640827916107749}
[2025-10-10 14:13:11] 
Trial 90: {'learning_rate': 2.207406343556741e-05, 'batch_size': 8, 'lora_r': 24, 'lora_alpha': 16, 'num_beams': 8, 'temperature': 0.9360769620020873, 'warmup_ratio': 0.19352560870494853, 'weight_decay': 0.09604713014858746, 'top_p': 0.8927485023575634}
[2025-10-10 14:13:11] 
Trial 91: {'learning_rate': 3.6454174580318775e-05, 'batch_size': 8, 'lora_r': 36, 'lora_alpha': 32, 'num_beams': 6, 'temperature': 0.9860301689870961, 'warmup_ratio': 0.19057708895055717, 'weight_decay': 0.0960448822902308, 'top_p': 0.9430392851311293}
[2025-10-10 14:13:11] 
Trial 92: {'learning_rate': 4.286276493212558e-05, 'batch_size': 8, 'lora_r': 40, 'lora_alpha': 40, 'num_beams': 6, 'temperature': 0.8776690051919971, 'warmup_ratio': 0.05794519570194171, 'weight_decay': 0.09221553652192702, 'top_p': 0.9360254406638684}
[2025-10-10 14:13:11] 
Trial 93: {'learning_rate': 3.793744401487242e-05, 'batch_size': 8, 'lora_r': 36, 'lora_alpha': 32, 'num_beams': 6, 'temperature': 0.9591054689055768, 'warmup_ratio': 0.07660872039430545, 'weight_decay': 0.09730870464671343, 'top_p': 0.9546512504722253}
[2025-10-10 14:13:11] 
Trial 94: {'learning_rate': 3.081383848463056e-05, 'batch_size': 8, 'lora_r': 32, 'lora_alpha': 24, 'num_beams': 7, 'temperature': 0.9437860711918159, 'warmup_ratio': 0.1806630756431437, 'weight_decay': 0.014621765315230737, 'top_p': 0.9322375888881105}
[2025-10-10 14:13:11] 
Trial 95: {'learning_rate': 2.6717167498946525e-05, 'batch_size': 8, 'lora_r': 44, 'lora_alpha': 32, 'num_beams': 6, 'temperature': 0.9200596157366376, 'warmup_ratio': 0.09259566602282177, 'weight_decay': 0.08804741963986687, 'top_p': 0.9263909179700256}
[2025-10-10 14:13:11] 
Trial 96: {'learning_rate': 1.8468677511040353e-05, 'batch_size': 8, 'lora_r': 32, 'lora_alpha': 64, 'num_beams': 6, 'temperature': 0.24644959838795472, 'warmup_ratio': 0.19597671685680904, 'weight_decay': 0.08383045107099782, 'top_p': 0.9483906584083966}
[2025-10-10 14:13:11] 
Trial 97: {'learning_rate': 3.495824067143677e-05, 'batch_size': 8, 'lora_r': 36, 'lora_alpha': 8, 'num_beams': 7, 'temperature': 0.485188036515082, 'warmup_ratio': 0.10577250981363996, 'weight_decay': 0.09382344027136359, 'top_p': 0.9100702766574127}
[2025-10-10 14:13:11] 
Trial 98: {'learning_rate': 4.8237403559259434e-05, 'batch_size': 8, 'lora_r': 40, 'lora_alpha': 24, 'num_beams': 6, 'temperature': 0.8280078532060334, 'warmup_ratio': 0.19987981095092316, 'weight_decay': 0.09088401071362563, 'top_p': 0.9178596129996865}
[2025-10-10 14:13:11] 
Trial 99: {'learning_rate': 4.169798321895205e-05, 'batch_size': 8, 'lora_r': 28, 'lora_alpha': 40, 'num_beams': 2, 'temperature': 0.5917323763186556, 'warmup_ratio': 0.03505705253508234, 'weight_decay': 0.05916414457238167, 'top_p': 0.9431060794763777}
[2025-10-10 14:13:11] 
============================================================
[2025-10-10 14:13:11] ✅ OPTIMIZATION COMPLETED!
[2025-10-10 14:13:11] ============================================================
[2025-10-10 14:13:11] Best score: 0.8946
[2025-10-10 14:13:11] Best parameters:
[2025-10-10 14:13:11]   - learning_rate: 4.392006683548822e-05
[2025-10-10 14:13:11]   - batch_size: 8
[2025-10-10 14:13:11]   - lora_r: 36
[2025-10-10 14:13:11]   - lora_alpha: 32
[2025-10-10 14:13:11]   - num_beams: 6
[2025-10-10 14:13:11]   - temperature: 0.9086822440713155
[2025-10-10 14:13:11]   - warmup_ratio: 0.19914985679220534
[2025-10-10 14:13:11]   - weight_decay: 0.08817868336931864
[2025-10-10 14:13:11]   - top_p: 0.9450666640869297
[2025-10-10 14:13:11] 
📊 Top 5 trials:
[2025-10-10 14:13:11] 1. Score: 0.8946
[2025-10-10 14:13:11] 
✅ Config updated with optimal hyperparameters!
[2025-10-10 14:13:11] 
📁 Optimization results saved:
[2025-10-10 14:13:11]   - Study: logs/full_pipeline/optuna/optuna_study_20251010_141307.pkl
[2025-10-10 14:13:11]   - CSV: logs/full_pipeline/optuna/optuna_results_20251010_141307.csv
[2025-10-10 14:13:11]   - Best params: logs/full_pipeline/optuna/best_params_20251010_141307.json
[2025-10-10 14:13:11] 
✅ Config has been updated with optimal hyperparameters!
[2025-10-10 14:13:11] [hyperparameter_optimization] Status: completed
[2025-10-10 14:13:11] ✅ Solar API initialized for cross-validation
[2025-10-10 14:13:11] [model_training] Status: running
[2025-10-10 14:13:11] 
=== Model Training (GPU Optimized) ===
[2025-10-10 14:13:12] ✅ Mixed Precision (FP16) Training ENABLED - 40% memory reduction
[2025-10-10 14:13:12] 
🧹 GPU 메모리 완전 정리 중...
[2025-10-10 14:13:12] Training primary model: gogamza/kobart-summarization
[2025-10-10 14:13:15] ✅ Tokenizer loaded
[2025-10-10 14:13:16] ✅ Model loaded to CPU
[2025-10-10 14:13:16] ✅ Gradient Checkpointing ENABLED - 50% memory reduction
[2025-10-10 14:13:16] Model moved to cuda
[2025-10-10 14:13:16] GPU Memory - Total: 23.99GB, Reserved: 0.52GB, Allocated: 0.46GB
[2025-10-10 14:13:16] ✅ Gradient Accumulation: 8 steps
[2025-10-10 14:13:16]    Physical batch size: 8
[2025-10-10 14:13:16]    Effective batch size: 64
[2025-10-10 14:13:16] 
⚙️ Optimizer 초기화 중...
[2025-10-10 14:13:16] ✅ Optimizer initialized successfully
[2025-10-10 14:13:16] 
======================================================================
[2025-10-10 14:13:16] 🚀 TRAINING START - GPU Optimized
[2025-10-10 14:13:16] ======================================================================
[2025-10-10 14:13:16] Epochs: 3
[2025-10-10 14:13:16] Gradient Accumulation: 8
[2025-10-10 14:13:16] Mixed Precision (FP16): True
[2025-10-10 14:13:16] Gradient Checkpointing: True
[2025-10-10 14:13:16] ======================================================================

[2025-10-10 14:14:35]   Epoch 1: Train Loss = 1.9574
[2025-10-10 14:14:35]   GPU Memory: Allocated=1.90GB, Reserved=2.85GB
[2025-10-10 14:14:35]   ✅ Best model saved (loss: 1.9574)
[2025-10-10 14:15:57]   Epoch 2: Train Loss = 1.3022
[2025-10-10 14:15:57]   GPU Memory: Allocated=1.91GB, Reserved=2.85GB
[2025-10-10 14:15:57]   ✅ Best model saved (loss: 1.3022)
[2025-10-10 14:17:20]   Epoch 3: Train Loss = 1.1609
[2025-10-10 14:17:20]   GPU Memory: Allocated=1.91GB, Reserved=2.85GB
[2025-10-10 14:17:20]   ✅ Best model saved (loss: 1.1609)
[2025-10-10 14:17:20] 
======================================================================
[2025-10-10 14:17:20] ✅ Training completed successfully!
[2025-10-10 14:17:20] Best loss: 1.1609
[2025-10-10 14:17:20] Total training steps: 582
[2025-10-10 14:17:20] ======================================================================

[2025-10-10 14:17:20] [model_training] Status: completed
[2025-10-10 14:17:20] [final_prediction] Status: running
[2025-10-10 14:17:20] 
=== Final Prediction ===
[2025-10-10 14:17:20] Generating predictions for test set...
[2025-10-10 14:18:42] Generated 499 predictions
[2025-10-10 14:18:43] Submission file saved: /home/ieyeppo/AI_Lab/natural-language-processing-competition/notebooks/team/CHH/submissions/full_pipeline/full_pipeline_submission_20251010_141307.csv
[2025-10-10 14:18:43] Shape: (499, 2)
[2025-10-10 14:18:43] [final_prediction] Status: completed
