2025-10-13 20:50:42 | >> ν‘μ¤€ μ¶λ ¥ λ° μ¤λ¥λ¥Ό λ΅κ·Έ νμΌλ΅ λ¦¬λ””λ ‰μ… μ‹μ‘
2025-10-13 20:50:46 | π“ FULL λ¨λ“ μ‹¤ν–‰ μ¤‘...
2025-10-13 20:50:46 | ============================================================
2025-10-13 20:50:46 | = FULL PIPELINE μ‹¤ν–‰ μ‹μ‘
2025-10-13 20:50:46 | =λ€μƒ λ¨λΈ: kobart
2025-10-13 20:50:46 | =μ•™μƒλΈ” μ•™μƒλΈ” μ „λµ: weighted_avg
2025-10-13 20:50:46 | = TTA μ‚¬μ©: True
2025-10-13 20:50:46 | ============================================================
2025-10-13 20:50:46 | [1/6] λ°μ΄ν„° λ΅λ”©...
2025-10-13 20:50:46 | β… ν•™μµ λ°μ΄ν„°: 12457κ°
2025-10-13 20:50:46 | β… κ²€μ¦ λ°μ΄ν„°: 499κ°
2025-10-13 20:50:46 | [2/6] λ‹¤μ¤‘ λ¨λΈ ν•™μµ (1 λ¨λΈ)...
2025-10-13 20:50:46 | ==================================================
2025-10-13 20:50:46 | λ¨λΈ 1/1: kobart
2025-10-13 20:50:46 | ==================================================
2025-10-13 20:50:46 | λ¨λΈ νƒ€μ…: encoder_decoder
2025-10-13 20:50:46 | ============================================================
2025-10-13 20:50:46 | λ¨λΈ λ° ν† ν¬λ‚μ΄μ € λ΅λ”© μ‹μ‘
2025-10-13 20:50:46 | ============================================================
2025-10-13 20:50:46 | ν† ν¬λ‚μ΄μ € λ΅λ”©: digit82/kobart-summarization
2025-10-13 20:50:48 | λ¨λΈ λ΅λ”©: digit82/kobart-summarization
2025-10-13 20:50:49 | You passed `num_labels=3` which is incompatible to the `id2label` map of length `2`.
2025-10-13 20:50:58 | β†’ λ””λ°”μ΄μ¤: cuda
2025-10-13 20:50:58 | β†’ μ „μ²΄ νλΌλ―Έν„°: 123,859,968
2025-10-13 20:50:58 | β†’ ν•™μµ κ°€λ¥ νλΌλ―Έν„°: 123,859,968
2025-10-13 20:50:58 | ============================================================
2025-10-13 20:50:58 | β… λ¨λΈ λ° ν† ν¬λ‚μ΄μ € λ΅λ”© μ™„λ£
2025-10-13 20:50:58 | ============================================================
2025-10-13 20:50:58 | ============================================================
2025-10-13 20:50:58 | λ¨λΈ ν•™μµ μ‹μ‘
2025-10-13 20:50:58 | ============================================================
2025-10-13 20:50:58 | /home/ieyeppo/AI_Lab/natural-language-processing-competition/src/training/trainer.py:253: FutureWarning: `tokenizer` is deprecated and will be removed in version 5.0.0 for `Seq2SeqTrainer.__init__`. Use `processing_class` instead.
  trainer = Seq2SeqTrainer(
2025-10-13 20:50:58 | ν•™μµ μ§„ν–‰ μ¤‘...
2025-10-13 20:50:58 | 0%|          | 0/15580 [00:00<?, ?it/s]
2025-10-13 20:51:17 | 1%|          | 78/15580 [00:19<1:00:16,  4.29it/s]
2025-10-13 20:51:22 | {'loss': 2.164, 'grad_norm': 4.631292343139648, 'learning_rate': 9.900000000000002e-06, 'epoch': 0.13}
2025-10-13 20:51:22 | 1%|          | 100/15580 [00:24<56:46,  4.54it/s]
2025-10-13 20:51:45 | {'loss': 1.6766, 'grad_norm': 4.042107582092285, 'learning_rate': 1.9900000000000003e-05, 'epoch': 0.26}
2025-10-13 20:51:45 | 1%|β–         | 200/15580 [00:46<56:33,  4.53it/s]
2025-10-13 20:51:53 | 2%|β–         | 234/15580 [00:54<59:00,  4.33it/s]
2025-10-13 20:52:08 | {'loss': 1.5511, 'grad_norm': 4.285348415374756, 'learning_rate': 2.9900000000000002e-05, 'epoch': 0.39}
2025-10-13 20:52:08 | 2%|β–         | 300/15580 [01:09<58:19,  4.37it/s]
2025-10-13 20:52:30 | 3%|β–         | 390/15580 [01:31<1:03:36,  3.98it/s]
2025-10-13 20:52:32 | {'loss': 1.5043, 'grad_norm': 4.629837989807129, 'learning_rate': 3.99e-05, 'epoch': 0.51}
2025-10-13 20:52:32 | 3%|β–         | 400/15580 [01:33<1:00:10,  4.20it/s]
2025-10-13 20:52:55 | {'loss': 1.4974, 'grad_norm': 3.9038522243499756, 'learning_rate': 4.99e-05, 'epoch': 0.64}
2025-10-13 20:52:55 | 3%|β–         | 500/15580 [01:56<1:01:34,  4.08it/s]
2025-10-13 20:53:06 | 4%|β–         | 546/15580 [02:07<59:13,  4.23it/s]
2025-10-13 20:53:19 | {'loss': 1.4639, 'grad_norm': 3.3320260047912598, 'learning_rate': 4.9671750663129976e-05, 'epoch': 0.77}
2025-10-13 20:53:19 | 4%|β–         | 600/15580 [02:20<57:22,  4.35it/s]
2025-10-13 20:53:42 | {'loss': 1.4437, 'grad_norm': 3.597412586212158, 'learning_rate': 4.9340185676392574e-05, 'epoch': 0.9}
2025-10-13 20:53:42 | 4%|β–         | 700/15580 [02:44<59:35,  4.16it/s]
2025-10-13 20:53:43 | 5%|β–         | 702/15580 [02:44<59:55,  4.14it/s]
2025-10-13 20:54:04 | 0%|          | 0/32 [00:00<?, ?it/s]
2025-10-13 20:54:04 | [A
2025-10-13 20:54:07 | 6%|β–‹         | 2/32 [00:02<00:36,  1.21s/it]
2025-10-13 20:54:07 | [A
2025-10-13 20:54:09 | 9%|β–‰         | 3/32 [00:04<00:49,  1.72s/it]
2025-10-13 20:54:09 | [A
2025-10-13 20:54:12 | 12%|β–β–        | 4/32 [00:07<00:56,  2.02s/it]
2025-10-13 20:54:12 | [A
2025-10-13 20:54:14 | 16%|β–β–        | 5/32 [00:10<01:00,  2.24s/it]
2025-10-13 20:54:14 | [A
2025-10-13 20:54:17 | 19%|β–β–‰        | 6/32 [00:12<01:03,  2.44s/it]
2025-10-13 20:54:17 | [A
2025-10-13 20:54:20 | 22%|β–β–β–       | 7/32 [00:15<01:03,  2.55s/it]
2025-10-13 20:54:20 | [A
2025-10-13 20:54:23 | 25%|β–β–β–       | 8/32 [00:18<01:01,  2.57s/it]
2025-10-13 20:54:23 | [A
2025-10-13 20:54:25 | 28%|β–β–β–       | 9/32 [00:20<01:00,  2.62s/it]
2025-10-13 20:54:25 | [A
2025-10-13 20:54:28 | 31%|β–β–β–β–      | 10/32 [00:23<00:57,  2.63s/it]
2025-10-13 20:54:28 | [A
2025-10-13 20:54:31 | 34%|β–β–β–β–      | 11/32 [00:26<00:55,  2.67s/it]
2025-10-13 20:54:31 | [A
2025-10-13 20:54:33 | 38%|β–β–β–β–      | 12/32 [00:29<00:53,  2.68s/it]
2025-10-13 20:54:33 | [A
2025-10-13 20:54:36 | 41%|β–β–β–β–      | 13/32 [00:31<00:49,  2.62s/it]
2025-10-13 20:54:36 | [A
2025-10-13 20:54:38 | 44%|β–β–β–β–β–     | 14/32 [00:33<00:45,  2.53s/it]
2025-10-13 20:54:38 | [A
2025-10-13 20:54:41 | 47%|β–β–β–β–β–‹     | 15/32 [00:36<00:42,  2.50s/it]
2025-10-13 20:54:41 | [A
2025-10-13 20:54:43 | 50%|β–β–β–β–β–     | 16/32 [00:38<00:40,  2.54s/it]
2025-10-13 20:54:43 | [A
2025-10-13 20:54:46 | 53%|β–β–β–β–β–β–    | 17/32 [00:41<00:38,  2.58s/it]
2025-10-13 20:54:46 | [A
2025-10-13 20:54:49 | 56%|β–β–β–β–β–β–‹    | 18/32 [00:44<00:37,  2.66s/it]
2025-10-13 20:54:49 | [A
2025-10-13 20:54:51 | 59%|β–β–β–β–β–β–‰    | 19/32 [00:46<00:33,  2.60s/it]
2025-10-13 20:54:51 | [A
2025-10-13 20:54:54 | 62%|β–β–β–β–β–β–β–   | 20/32 [00:49<00:32,  2.68s/it]
2025-10-13 20:54:54 | [A
2025-10-13 20:54:57 | 66%|β–β–β–β–β–β–β–   | 21/32 [00:52<00:30,  2.78s/it]
2025-10-13 20:54:57 | [A
2025-10-13 20:55:00 | 69%|β–β–β–β–β–β–β–‰   | 22/32 [00:55<00:26,  2.70s/it]
2025-10-13 20:55:00 | [A
2025-10-13 20:55:03 | 72%|β–β–β–β–β–β–β–β–  | 23/32 [00:58<00:25,  2.82s/it]
2025-10-13 20:55:03 | [A
2025-10-13 20:55:05 | 75%|β–β–β–β–β–β–β–β–  | 24/32 [01:01<00:21,  2.74s/it]
2025-10-13 20:55:05 | [A
2025-10-13 20:55:08 | 78%|β–β–β–β–β–β–β–β–  | 25/32 [01:03<00:18,  2.59s/it]
2025-10-13 20:55:08 | [A
2025-10-13 20:55:10 | 81%|β–β–β–β–β–β–β–β–β– | 26/32 [01:05<00:14,  2.48s/it]
2025-10-13 20:55:10 | [A
2025-10-13 20:55:12 | 84%|β–β–β–β–β–β–β–β–β– | 27/32 [01:07<00:12,  2.41s/it]
2025-10-13 20:55:12 | [A
2025-10-13 20:55:14 | 88%|β–β–β–β–β–β–β–β–β– | 28/32 [01:10<00:09,  2.41s/it]
2025-10-13 20:55:14 | [A
2025-10-13 20:55:17 | 91%|β–β–β–β–β–β–β–β–β– | 29/32 [01:12<00:07,  2.51s/it]
2025-10-13 20:55:17 | [A
2025-10-13 20:55:20 | 94%|β–β–β–β–β–β–β–β–β–β–| 30/32 [01:15<00:05,  2.55s/it]
2025-10-13 20:55:20 | [A
2025-10-13 20:55:22 | 97%|β–β–β–β–β–β–β–β–β–β–‹| 31/32 [01:18<00:02,  2.55s/it]
2025-10-13 20:55:22 | [A
2025-10-13 20:55:25 | 100%|β–β–β–β–β–β–β–β–β–β–| 32/32 [01:20<00:00,  2.45s/it]
2025-10-13 20:55:25 | [A
2025-10-13 20:55:25 | [A
2025-10-13 20:55:25 | {'eval_loss': 1.3642864227294922, 'eval_rouge1': 0.381477720362766, 'eval_rouge2': 0.2422106038313686, 'eval_rougeL': 0.3769394289631358, 'eval_rouge_sum': 1.0006277531572705, 'eval_runtime': 83.5088, 'eval_samples_per_second': 5.975, 'eval_steps_per_second': 0.383, 'epoch': 1.0}
2025-10-13 20:55:25 | 5%|β–         | 779/15580 [04:26<59:23,  4.15it/s]
2025-10-13 20:55:25 | 100%|β–β–β–β–β–β–β–β–β–β–| 32/32 [01:20<00:00,  2.45s/it]
2025-10-13 20:55:25 | [A
2025-10-13 20:55:25 | [A
2025-10-13 20:55:29 | 5%|β–         | 780/15580 [04:30<108:41:38, 26.44s/it]
2025-10-13 20:55:34 | {'loss': 1.4027, 'grad_norm': 3.246021270751953, 'learning_rate': 4.900862068965518e-05, 'epoch': 1.03}
2025-10-13 20:55:34 | 5%|β–         | 800/15580 [04:35<1:06:20,  3.71it/s]
2025-10-13 20:55:47 | 6%|β–         | 857/15580 [04:48<58:47,  4.17it/s]
2025-10-13 20:55:58 | {'loss': 1.2214, 'grad_norm': 3.8590660095214844, 'learning_rate': 4.867705570291777e-05, 'epoch': 1.16}
2025-10-13 20:55:58 | 6%|β–         | 900/15580 [04:59<1:03:29,  3.85it/s]
2025-10-13 20:56:21 | {'loss': 1.2277, 'grad_norm': 3.348543643951416, 'learning_rate': 4.8345490716180376e-05, 'epoch': 1.28}
2025-10-13 20:56:21 | 6%|β–‹         | 1000/15580 [05:22<55:45,  4.36it/s]
2025-10-13 20:56:24 | 7%|β–‹         | 1013/15580 [05:25<54:55,  4.42it/s]
2025-10-13 20:56:45 | {'loss': 1.2207, 'grad_norm': 3.744199514389038, 'learning_rate': 4.8013925729442974e-05, 'epoch': 1.41}
2025-10-13 20:56:45 | 7%|β–‹         | 1100/15580 [05:46<56:03,  4.31it/s]
2025-10-13 20:57:01 | 8%|β–         | 1169/15580 [06:02<55:17,  4.34it/s]
2025-10-13 20:57:08 | {'loss': 1.2151, 'grad_norm': 3.491506338119507, 'learning_rate': 4.768236074270557e-05, 'epoch': 1.54}
2025-10-13 20:57:08 | 8%|β–         | 1200/15580 [06:09<54:26,  4.40it/s]
2025-10-13 20:57:32 | {'loss': 1.2234, 'grad_norm': 3.210364580154419, 'learning_rate': 4.735079575596818e-05, 'epoch': 1.67}
2025-10-13 20:57:32 | 8%|β–         | 1300/15580 [06:33<55:56,  4.25it/s]
2025-10-13 20:57:38 | 9%|β–         | 1325/15580 [06:39<55:38,  4.27it/s]
2025-10-13 20:57:55 | {'loss': 1.2096, 'grad_norm': 3.1842825412750244, 'learning_rate': 4.701923076923077e-05, 'epoch': 1.8}
2025-10-13 20:57:55 | 9%|β–‰         | 1400/15580 [06:56<56:02,  4.22it/s]
2025-10-13 20:58:15 | 10%|β–‰         | 1481/15580 [07:16<56:22,  4.17it/s]
2025-10-13 20:58:20 | {'loss': 1.2134, 'grad_norm': 3.4442343711853027, 'learning_rate': 4.6687665782493375e-05, 'epoch': 1.93}
2025-10-13 20:58:20 | 10%|β–‰         | 1500/15580 [07:21<1:01:05,  3.84it/s]
2025-10-13 20:58:37 | 0%|          | 0/32 [00:00<?, ?it/s]
2025-10-13 20:58:37 | [A
2025-10-13 20:58:40 | 6%|β–‹         | 2/32 [00:02<00:41,  1.37s/it]
2025-10-13 20:58:40 | [A
2025-10-13 20:58:42 | 9%|β–‰         | 3/32 [00:05<00:53,  1.84s/it]
2025-10-13 20:58:42 | [A
2025-10-13 20:58:45 | 12%|β–β–        | 4/32 [00:07<00:59,  2.13s/it]
2025-10-13 20:58:45 | [A
2025-10-13 20:58:47 | 16%|β–β–        | 5/32 [00:10<01:00,  2.24s/it]
2025-10-13 20:58:47 | [A
2025-10-13 20:58:50 | 19%|β–β–‰        | 6/32 [00:13<01:02,  2.40s/it]
2025-10-13 20:58:50 | [A
2025-10-13 20:58:53 | 22%|β–β–β–       | 7/32 [00:16<01:04,  2.60s/it]
2025-10-13 20:58:53 | [A
2025-10-13 20:58:56 | 25%|β–β–β–       | 8/32 [00:18<01:01,  2.57s/it]
2025-10-13 20:58:56 | [A
2025-10-13 20:58:59 | 28%|β–β–β–       | 9/32 [00:21<01:00,  2.64s/it]
2025-10-13 20:58:59 | [A
2025-10-13 20:59:01 | 31%|β–β–β–β–      | 10/32 [00:23<00:57,  2.61s/it]
2025-10-13 20:59:01 | [A
2025-10-13 20:59:04 | 34%|β–β–β–β–      | 11/32 [00:26<00:56,  2.68s/it]
2025-10-13 20:59:04 | [A
2025-10-13 20:59:07 | 38%|β–β–β–β–      | 12/32 [00:29<00:55,  2.78s/it]
2025-10-13 20:59:07 | [A
2025-10-13 20:59:10 | 41%|β–β–β–β–      | 13/32 [00:32<00:51,  2.72s/it]
2025-10-13 20:59:10 | [A
2025-10-13 20:59:12 | 44%|β–β–β–β–β–     | 14/32 [00:34<00:46,  2.61s/it]
2025-10-13 20:59:12 | [A
2025-10-13 20:59:15 | 47%|β–β–β–β–β–‹     | 15/32 [00:37<00:44,  2.62s/it]
2025-10-13 20:59:15 | [A
2025-10-13 20:59:17 | 50%|β–β–β–β–β–     | 16/32 [00:40<00:42,  2.65s/it]
2025-10-13 20:59:17 | [A
2025-10-13 20:59:20 | 53%|β–β–β–β–β–β–    | 17/32 [00:42<00:39,  2.63s/it]
2025-10-13 20:59:20 | [A
2025-10-13 20:59:23 | 56%|β–β–β–β–β–β–‹    | 18/32 [00:45<00:38,  2.71s/it]
2025-10-13 20:59:23 | [A
2025-10-13 20:59:25 | 59%|β–β–β–β–β–β–‰    | 19/32 [00:48<00:34,  2.65s/it]
2025-10-13 20:59:25 | [A
2025-10-13 20:59:28 | 62%|β–β–β–β–β–β–β–   | 20/32 [00:50<00:32,  2.70s/it]
2025-10-13 20:59:28 | [A
2025-10-13 20:59:31 | 66%|β–β–β–β–β–β–β–   | 21/32 [00:53<00:29,  2.67s/it]
2025-10-13 20:59:31 | [A
2025-10-13 20:59:33 | 69%|β–β–β–β–β–β–β–‰   | 22/32 [00:55<00:25,  2.59s/it]
2025-10-13 20:59:33 | [A
2025-10-13 20:59:36 | 72%|β–β–β–β–β–β–β–β–  | 23/32 [00:58<00:24,  2.67s/it]
2025-10-13 20:59:36 | [A
2025-10-13 20:59:39 | 75%|β–β–β–β–β–β–β–β–  | 24/32 [01:01<00:21,  2.73s/it]
2025-10-13 20:59:39 | [A
2025-10-13 20:59:42 | 78%|β–β–β–β–β–β–β–β–  | 25/32 [01:04<00:19,  2.75s/it]
2025-10-13 20:59:42 | [A
2025-10-13 20:59:44 | 81%|β–β–β–β–β–β–β–β–β– | 26/32 [01:06<00:16,  2.71s/it]
2025-10-13 20:59:44 | [A
2025-10-13 20:59:47 | 84%|β–β–β–β–β–β–β–β–β– | 27/32 [01:09<00:13,  2.74s/it]
2025-10-13 20:59:47 | [A
2025-10-13 20:59:50 | 88%|β–β–β–β–β–β–β–β–β– | 28/32 [01:12<00:11,  2.77s/it]
2025-10-13 20:59:50 | [A
2025-10-13 20:59:53 | 91%|β–β–β–β–β–β–β–β–β– | 29/32 [01:15<00:08,  2.81s/it]
2025-10-13 20:59:53 | [A
2025-10-13 20:59:55 | 94%|β–β–β–β–β–β–β–β–β–β–| 30/32 [01:18<00:05,  2.78s/it]
2025-10-13 20:59:55 | [A
2025-10-13 20:59:58 | 97%|β–β–β–β–β–β–β–β–β–β–‹| 31/32 [01:21<00:02,  2.83s/it]
2025-10-13 20:59:58 | [A
2025-10-13 21:00:01 | 100%|β–β–β–β–β–β–β–β–β–β–| 32/32 [01:23<00:00,  2.68s/it]
2025-10-13 21:00:01 | [A
2025-10-13 21:00:01 | [A
2025-10-13 21:00:01 | {'eval_loss': 1.3045692443847656, 'eval_rouge1': 0.42900913702113624, 'eval_rouge2': 0.2777330531563456, 'eval_rougeL': 0.42252801230121195, 'eval_rouge_sum': 1.1292702024786938, 'eval_runtime': 86.77, 'eval_samples_per_second': 5.751, 'eval_steps_per_second': 0.369, 'epoch': 2.0}
2025-10-13 21:00:01 | 10%|β–         | 1558/15580 [09:02<59:19,  3.94it/s]
2025-10-13 21:00:01 | 100%|β–β–β–β–β–β–β–β–β–β–| 32/32 [01:23<00:00,  2.68s/it]
2025-10-13 21:00:01 | [A
2025-10-13 21:00:01 | [A
2025-10-13 21:00:04 | 10%|β–         | 1559/15580 [09:05<106:07:40, 27.25s/it]
2025-10-13 21:00:14 | {'loss': 1.0903, 'grad_norm': 3.216625690460205, 'learning_rate': 4.6356100795755966e-05, 'epoch': 2.05}
2025-10-13 21:00:14 | 10%|β–         | 1600/15580 [09:15<54:32,  4.27it/s]
2025-10-13 21:00:22 | 11%|β–         | 1636/15580 [09:24<56:15,  4.13it/s]
2025-10-13 21:00:38 | {'loss': 0.9395, 'grad_norm': 3.17866587638855, 'learning_rate': 4.602453580901857e-05, 'epoch': 2.18}
2025-10-13 21:00:38 | 11%|β–         | 1700/15580 [09:39<55:52,  4.14it/s]
2025-10-13 21:01:00 | 12%|β–β–        | 1792/15580 [10:01<56:15,  4.08it/s]
2025-10-13 21:01:02 | {'loss': 0.9539, 'grad_norm': 3.1760380268096924, 'learning_rate': 4.569297082228117e-05, 'epoch': 2.31}
2025-10-13 21:01:02 | 12%|β–β–        | 1800/15580 [10:03<55:26,  4.14it/s]
2025-10-13 21:01:27 | {'loss': 0.9567, 'grad_norm': 3.0551741123199463, 'learning_rate': 4.536140583554377e-05, 'epoch': 2.44}
2025-10-13 21:01:27 | 12%|β–β–        | 1900/15580 [10:28<57:42,  3.95it/s]
2025-10-13 21:01:39 | 13%|β–β–        | 1948/15580 [10:40<55:06,  4.12it/s]
2025-10-13 21:01:51 | {'loss': 0.97, 'grad_norm': 3.4899656772613525, 'learning_rate': 4.502984084880637e-05, 'epoch': 2.57}
2025-10-13 21:01:51 | 13%|β–β–        | 2000/15580 [10:53<57:20,  3.95it/s]
2025-10-13 21:02:17 | {'loss': 0.9559, 'grad_norm': 3.2759222984313965, 'learning_rate': 4.4698275862068965e-05, 'epoch': 2.7}
2025-10-13 21:02:17 | 13%|β–β–        | 2100/15580 [11:18<54:16,  4.14it/s]
2025-10-13 21:02:18 | 14%|β–β–        | 2104/15580 [11:19<55:36,  4.04it/s]
2025-10-13 21:02:41 | {'loss': 0.9625, 'grad_norm': 3.274012804031372, 'learning_rate': 4.436671087533157e-05, 'epoch': 2.82}
2025-10-13 21:02:41 | 14%|β–β–        | 2200/15580 [11:42<55:55,  3.99it/s]
2025-10-13 21:02:57 | 15%|β–β–        | 2260/15580 [11:58<57:02,  3.89it/s]
2025-10-13 21:03:08 | {'loss': 0.9689, 'grad_norm': 3.484875440597534, 'learning_rate': 4.403514588859416e-05, 'epoch': 2.95}
2025-10-13 21:03:08 | 15%|β–β–        | 2300/15580 [12:09<58:59,  3.75it/s]
2025-10-13 21:03:22 | 0%|          | 0/32 [00:00<?, ?it/s]
2025-10-13 21:03:22 | [A
2025-10-13 21:03:25 | 6%|β–‹         | 2/32 [00:02<00:44,  1.49s/it]
2025-10-13 21:03:25 | [A
2025-10-13 21:03:28 | 9%|β–‰         | 3/32 [00:06<01:03,  2.20s/it]
2025-10-13 21:03:28 | [A
2025-10-13 21:03:32 | 12%|β–β–        | 4/32 [00:09<01:17,  2.75s/it]
2025-10-13 21:03:32 | [A
2025-10-13 21:03:35 | 16%|β–β–        | 5/32 [00:13<01:18,  2.92s/it]
2025-10-13 21:03:35 | [A
2025-10-13 21:03:38 | 19%|β–β–‰        | 6/32 [00:16<01:20,  3.11s/it]
2025-10-13 21:03:38 | [A
2025-10-13 21:03:42 | 22%|β–β–β–       | 7/32 [00:19<01:18,  3.12s/it]
2025-10-13 21:03:42 | [A
2025-10-13 21:03:45 | 25%|β–β–β–       | 8/32 [00:23<01:16,  3.21s/it]
2025-10-13 21:03:45 | [A
2025-10-13 21:03:48 | 28%|β–β–β–       | 9/32 [00:26<01:14,  3.25s/it]
2025-10-13 21:03:48 | [A
2025-10-13 21:03:53 | 31%|β–β–β–β–      | 10/32 [00:30<01:19,  3.60s/it]
2025-10-13 21:03:53 | [A
2025-10-13 21:03:56 | 34%|β–β–β–β–      | 11/32 [00:34<01:15,  3.59s/it]
2025-10-13 21:03:56 | [A
2025-10-13 21:04:00 | 38%|β–β–β–β–      | 12/32 [00:38<01:12,  3.61s/it]
2025-10-13 21:04:00 | [A
2025-10-13 21:04:04 | 41%|β–β–β–β–      | 13/32 [00:42<01:13,  3.86s/it]
2025-10-13 21:04:04 | [A
2025-10-13 21:04:08 | 44%|β–β–β–β–β–     | 14/32 [00:46<01:09,  3.88s/it]
2025-10-13 21:04:08 | [A
2025-10-13 21:04:11 | 47%|β–β–β–β–β–‹     | 15/32 [00:49<01:02,  3.66s/it]
2025-10-13 21:04:11 | [A
2025-10-13 21:04:15 | 50%|β–β–β–β–β–     | 16/32 [00:53<00:58,  3.66s/it]
2025-10-13 21:04:15 | [A
2025-10-13 21:04:19 | 53%|β–β–β–β–β–β–    | 17/32 [00:57<00:55,  3.70s/it]
2025-10-13 21:04:19 | [A
2025-10-13 21:04:22 | 56%|β–β–β–β–β–β–‹    | 18/32 [01:00<00:51,  3.66s/it]
2025-10-13 21:04:22 | [A
2025-10-13 21:04:26 | 59%|β–β–β–β–β–β–‰    | 19/32 [01:03<00:45,  3.52s/it]
2025-10-13 21:04:26 | [A
2025-10-13 21:04:29 | 62%|β–β–β–β–β–β–β–   | 20/32 [01:07<00:42,  3.57s/it]
2025-10-13 21:04:29 | [A
2025-10-13 21:04:33 | 66%|β–β–β–β–β–β–β–   | 21/32 [01:11<00:39,  3.57s/it]
2025-10-13 21:04:33 | [A
2025-10-13 21:04:36 | 69%|β–β–β–β–β–β–β–‰   | 22/32 [01:14<00:33,  3.39s/it]
2025-10-13 21:04:36 | [A
2025-10-13 21:04:39 | 72%|β–β–β–β–β–β–β–β–  | 23/32 [01:16<00:28,  3.21s/it]
2025-10-13 21:04:39 | [A
2025-10-13 21:04:42 | 75%|β–β–β–β–β–β–β–β–  | 24/32 [01:19<00:25,  3.16s/it]
2025-10-13 21:04:42 | [A
2025-10-13 21:04:45 | 78%|β–β–β–β–β–β–β–β–  | 25/32 [01:22<00:21,  3.10s/it]
2025-10-13 21:04:45 | [A
2025-10-13 21:04:48 | 81%|β–β–β–β–β–β–β–β–β– | 26/32 [01:25<00:18,  3.02s/it]
2025-10-13 21:04:48 | [A
2025-10-13 21:04:50 | 84%|β–β–β–β–β–β–β–β–β– | 27/32 [01:28<00:14,  2.97s/it]
2025-10-13 21:04:50 | [A
2025-10-13 21:04:53 | 88%|β–β–β–β–β–β–β–β–β– | 28/32 [01:31<00:11,  2.89s/it]
2025-10-13 21:04:53 | [A
2025-10-13 21:04:57 | 91%|β–β–β–β–β–β–β–β–β– | 29/32 [01:35<00:09,  3.21s/it]
2025-10-13 21:04:57 | [A
2025-10-13 21:05:01 | 94%|β–β–β–β–β–β–β–β–β–β–| 30/32 [01:39<00:07,  3.57s/it]
2025-10-13 21:05:01 | [A
2025-10-13 21:05:05 | 97%|β–β–β–β–β–β–β–β–β–β–‹| 31/32 [01:43<00:03,  3.55s/it]
2025-10-13 21:05:05 | [A
2025-10-13 21:05:07 | 100%|β–β–β–β–β–β–β–β–β–β–| 32/32 [01:45<00:00,  3.24s/it]
2025-10-13 21:05:07 | [A
2025-10-13 21:05:08 | [A
2025-10-13 21:05:08 | {'eval_loss': 1.3311055898666382, 'eval_rouge1': 0.4400614847367351, 'eval_rouge2': 0.28354927583431033, 'eval_rougeL': 0.43148017954977413, 'eval_rouge_sum': 1.1550909401208196, 'eval_runtime': 109.6352, 'eval_samples_per_second': 4.551, 'eval_steps_per_second': 0.292, 'epoch': 3.0}
2025-10-13 21:05:08 | 15%|β–β–        | 2337/15580 [14:09<53:43,  4.11it/s]
2025-10-13 21:05:08 | 100%|β–β–β–β–β–β–β–β–β–β–| 32/32 [01:45<00:00,  3.24s/it]
2025-10-13 21:05:08 | [A
2025-10-13 21:05:08 | [A
2025-10-13 21:05:12 | 15%|β–β–        | 2338/15580 [14:13<126:23:03, 34.36s/it]
2025-10-13 21:05:27 | {'loss': 0.8307, 'grad_norm': 3.0020954608917236, 'learning_rate': 4.3703580901856767e-05, 'epoch': 3.08}
2025-10-13 21:05:27 | 15%|β–β–        | 2400/15580 [14:28<56:09,  3.91it/s]
2025-10-13 21:05:31 | 16%|β–β–        | 2415/15580 [14:32<53:49,  4.08it/s]
2025-10-13 21:05:52 | {'loss': 0.7295, 'grad_norm': 3.2883212566375732, 'learning_rate': 4.3372015915119365e-05, 'epoch': 3.21}
2025-10-13 21:05:52 | 16%|β–β–        | 2500/15580 [14:53<50:39,  4.30it/s]
2025-10-13 21:06:09 | 17%|β–β–‹        | 2571/15580 [15:10<53:14,  4.07it/s]
2025-10-13 21:06:16 | {'loss': 0.7486, 'grad_norm': 3.3629343509674072, 'learning_rate': 4.304045092838196e-05, 'epoch': 3.34}
2025-10-13 21:06:16 | 17%|β–β–‹        | 2600/15580 [15:17<52:06,  4.15it/s]
2025-10-13 21:06:41 | {'loss': 0.7571, 'grad_norm': 3.480257987976074, 'learning_rate': 4.270888594164457e-05, 'epoch': 3.47}
2025-10-13 21:06:41 | 17%|β–β–‹        | 2700/15580 [15:42<51:19,  4.18it/s]
2025-10-13 21:06:48 | 18%|β–β–        | 2727/15580 [15:49<52:14,  4.10it/s]
2025-10-13 21:07:06 | {'loss': 0.7739, 'grad_norm': 3.150460720062256, 'learning_rate': 4.237732095490716e-05, 'epoch': 3.59}
2025-10-13 21:07:06 | 18%|β–β–        | 2800/15580 [16:07<54:51,  3.88it/s]
2025-10-13 21:07:26 | 19%|β–β–        | 2883/15580 [16:27<52:11,  4.05it/s]
2025-10-13 21:07:30 | {'loss': 0.7697, 'grad_norm': 3.45585560798645, 'learning_rate': 4.2045755968169765e-05, 'epoch': 3.72}
2025-10-13 21:07:30 | 19%|β–β–        | 2900/15580 [16:31<51:24,  4.11it/s]
2025-10-13 21:07:55 | {'loss': 0.7675, 'grad_norm': 3.638627529144287, 'learning_rate': 4.1714190981432363e-05, 'epoch': 3.85}
2025-10-13 21:07:55 | 19%|β–β–‰        | 3000/15580 [16:56<54:55,  3.82it/s]
2025-10-13 21:08:04 | 20%|β–β–‰        | 3039/15580 [17:05<48:18,  4.33it/s]
2025-10-13 21:08:19 | {'loss': 0.775, 'grad_norm': 3.3546979427337646, 'learning_rate': 4.138262599469496e-05, 'epoch': 3.98}
2025-10-13 21:08:19 | 20%|β–β–‰        | 3100/15580 [17:20<46:31,  4.47it/s]
2025-10-13 21:08:26 | 0%|          | 0/32 [00:00<?, ?it/s]
2025-10-13 21:08:26 | [A
2025-10-13 21:08:29 | 6%|β–‹         | 2/32 [00:03<00:48,  1.63s/it]
2025-10-13 21:08:29 | [A
2025-10-13 21:08:32 | 9%|β–‰         | 3/32 [00:05<00:59,  2.07s/it]
2025-10-13 21:08:32 | [A
2025-10-13 21:08:35 | 12%|β–β–        | 4/32 [00:08<01:04,  2.31s/it]
2025-10-13 21:08:35 | [A
2025-10-13 21:08:38 | 16%|β–β–        | 5/32 [00:11<01:07,  2.51s/it]
2025-10-13 21:08:38 | [A
2025-10-13 21:08:41 | 19%|β–β–‰        | 6/32 [00:14<01:08,  2.63s/it]
2025-10-13 21:08:41 | [A
2025-10-13 21:08:44 | 22%|β–β–β–       | 7/32 [00:17<01:11,  2.84s/it]
2025-10-13 21:08:44 | [A
2025-10-13 21:08:47 | 25%|β–β–β–       | 8/32 [00:20<01:10,  2.93s/it]
2025-10-13 21:08:47 | [A
2025-10-13 21:08:51 | 28%|β–β–β–       | 9/32 [00:24<01:13,  3.21s/it]
2025-10-13 21:08:51 | [A
2025-10-13 21:08:54 | 31%|β–β–β–β–      | 10/32 [00:28<01:12,  3.28s/it]
2025-10-13 21:08:54 | [A
2025-10-13 21:08:58 | 34%|β–β–β–β–      | 11/32 [00:31<01:10,  3.36s/it]
2025-10-13 21:08:58 | [A
2025-10-13 21:09:01 | 38%|β–β–β–β–      | 12/32 [00:34<01:06,  3.30s/it]
2025-10-13 21:09:01 | [A
2025-10-13 21:09:04 | 41%|β–β–β–β–      | 13/32 [00:37<00:59,  3.11s/it]
2025-10-13 21:09:04 | [A
2025-10-13 21:09:06 | 44%|β–β–β–β–β–     | 14/32 [00:40<00:54,  3.00s/it]
2025-10-13 21:09:06 | [A
2025-10-13 21:09:09 | 47%|β–β–β–β–β–‹     | 15/32 [00:42<00:49,  2.88s/it]
2025-10-13 21:09:09 | [A
2025-10-13 21:09:12 | 50%|β–β–β–β–β–     | 16/32 [00:45<00:46,  2.89s/it]
2025-10-13 21:09:12 | [A
2025-10-13 21:09:15 | 53%|β–β–β–β–β–β–    | 17/32 [00:48<00:44,  2.97s/it]
2025-10-13 21:09:15 | [A
2025-10-13 21:09:18 | 56%|β–β–β–β–β–β–‹    | 18/32 [00:51<00:41,  2.96s/it]
2025-10-13 21:09:18 | [A
2025-10-13 21:09:21 | 59%|β–β–β–β–β–β–‰    | 19/32 [00:54<00:37,  2.89s/it]
2025-10-13 21:09:21 | [A
2025-10-13 21:09:24 | 62%|β–β–β–β–β–β–β–   | 20/32 [00:57<00:34,  2.89s/it]
2025-10-13 21:09:24 | [A
2025-10-13 21:09:27 | 66%|β–β–β–β–β–β–β–   | 21/32 [01:00<00:33,  3.03s/it]
2025-10-13 21:09:27 | [A
2025-10-13 21:09:30 | 69%|β–β–β–β–β–β–β–‰   | 22/32 [01:03<00:30,  3.01s/it]
2025-10-13 21:09:30 | [A
2025-10-13 21:09:33 | 72%|β–β–β–β–β–β–β–β–  | 23/32 [01:06<00:26,  2.97s/it]
2025-10-13 21:09:33 | [A
2025-10-13 21:09:36 | 75%|β–β–β–β–β–β–β–β–  | 24/32 [01:09<00:23,  2.90s/it]
2025-10-13 21:09:36 | [A
2025-10-13 21:09:38 | 78%|β–β–β–β–β–β–β–β–  | 25/32 [01:12<00:20,  2.86s/it]
2025-10-13 21:09:38 | [A
2025-10-13 21:09:41 | 81%|β–β–β–β–β–β–β–β–β– | 26/32 [01:14<00:16,  2.83s/it]
2025-10-13 21:09:41 | [A
2025-10-13 21:09:45 | 84%|β–β–β–β–β–β–β–β–β– | 27/32 [01:18<00:15,  3.04s/it]
2025-10-13 21:09:45 | [A
2025-10-13 21:09:48 | 88%|β–β–β–β–β–β–β–β–β– | 28/32 [01:21<00:12,  3.06s/it]
2025-10-13 21:09:48 | [A
2025-10-13 21:09:51 | 91%|β–β–β–β–β–β–β–β–β– | 29/32 [01:24<00:09,  3.07s/it]
2025-10-13 21:09:51 | [A
2025-10-13 21:09:54 | 94%|β–β–β–β–β–β–β–β–β–β–| 30/32 [01:27<00:06,  3.03s/it]
2025-10-13 21:09:54 | [A
2025-10-13 21:09:57 | 97%|β–β–β–β–β–β–β–β–β–β–‹| 31/32 [01:30<00:03,  3.12s/it]
2025-10-13 21:09:57 | [A
2025-10-13 21:10:01 | 100%|β–β–β–β–β–β–β–β–β–β–| 32/32 [01:34<00:00,  3.26s/it]
2025-10-13 21:10:01 | [A
2025-10-13 21:10:01 | [A
2025-10-13 21:10:01 | {'eval_loss': 1.3925511837005615, 'eval_rouge1': 0.4530794868421785, 'eval_rouge2': 0.28840471112075833, 'eval_rougeL': 0.4447375588805157, 'eval_rouge_sum': 1.1862217568434525, 'eval_runtime': 98.0539, 'eval_samples_per_second': 5.089, 'eval_steps_per_second': 0.326, 'epoch': 4.0}
2025-10-13 21:10:01 | 20%|β–β–        | 3116/15580 [19:02<47:28,  4.38it/s]
2025-10-13 21:10:01 | 100%|β–β–β–β–β–β–β–β–β–β–| 32/32 [01:34<00:00,  3.26s/it]
2025-10-13 21:10:01 | [A
2025-10-13 21:10:01 | [A
2025-10-13 21:10:06 | 20%|β–β–        | 3117/15580 [19:07<107:17:05, 30.99s/it]
2025-10-13 21:10:24 | 21%|β–β–        | 3194/15580 [19:25<50:32,  4.08it/s]
2025-10-13 21:10:26 | {'loss': 0.6029, 'grad_norm': 3.4406509399414062, 'learning_rate': 4.105106100795757e-05, 'epoch': 4.11}
2025-10-13 21:10:26 | 21%|β–β–        | 3200/15580 [19:27<51:21,  4.02it/s]
2025-10-13 21:10:50 | {'loss': 0.5768, 'grad_norm': 3.5438125133514404, 'learning_rate': 4.071949602122016e-05, 'epoch': 4.24}
2025-10-13 21:10:50 | 21%|β–β–        | 3300/15580 [19:52<50:11,  4.08it/s]
2025-10-13 21:11:03 | 22%|β–β–β–       | 3350/15580 [20:04<54:59,  3.71it/s]
2025-10-13 21:11:15 | {'loss': 0.5901, 'grad_norm': 3.65683913230896, 'learning_rate': 4.0387931034482764e-05, 'epoch': 4.36}
2025-10-13 21:11:15 | 22%|β–β–β–       | 3400/15580 [20:16<52:33,  3.86it/s]
2025-10-13 21:11:41 | {'loss': 0.5965, 'grad_norm': 3.0305206775665283, 'learning_rate': 4.0056366047745355e-05, 'epoch': 4.49}
2025-10-13 21:11:41 | 22%|β–β–β–       | 3500/15580 [20:42<48:51,  4.12it/s]
2025-10-13 21:11:43 | 23%|β–β–β–       | 3506/15580 [20:44<49:16,  4.08it/s]
2025-10-13 21:12:06 | {'loss': 0.6067, 'grad_norm': 3.381796360015869, 'learning_rate': 3.972480106100796e-05, 'epoch': 4.62}
2025-10-13 21:12:06 | 23%|β–β–β–       | 3600/15580 [21:07<50:13,  3.98it/s]
2025-10-13 21:12:21 | 24%|β–β–β–       | 3662/15580 [21:22<46:34,  4.26it/s]
2025-10-13 21:12:31 | {'loss': 0.6142, 'grad_norm': 3.611222743988037, 'learning_rate': 3.939323607427056e-05, 'epoch': 4.75}
2025-10-13 21:12:31 | 24%|β–β–β–       | 3700/15580 [21:32<48:58,  4.04it/s]
2025-10-13 21:12:56 | {'loss': 0.6119, 'grad_norm': 3.5624425411224365, 'learning_rate': 3.906167108753316e-05, 'epoch': 4.88}
2025-10-13 21:12:56 | 24%|β–β–β–       | 3800/15580 [21:57<50:31,  3.89it/s]
2025-10-13 21:13:01 | 25%|β–β–β–       | 3818/15580 [22:02<47:48,  4.10it/s]
2025-10-13 21:13:22 | 0%|          | 0/32 [00:00<?, ?it/s]
2025-10-13 21:13:22 | [A
2025-10-13 21:13:25 | 6%|β–‹         | 2/32 [00:02<00:44,  1.49s/it]
2025-10-13 21:13:25 | [A
2025-10-13 21:13:29 | 9%|β–‰         | 3/32 [00:06<01:09,  2.39s/it]
2025-10-13 21:13:29 | [A
2025-10-13 21:13:32 | 12%|β–β–        | 4/32 [00:09<01:16,  2.74s/it]
2025-10-13 21:13:32 | [A
2025-10-13 21:13:36 | 16%|β–β–        | 5/32 [00:13<01:25,  3.18s/it]
2025-10-13 21:13:36 | [A
2025-10-13 21:13:40 | 19%|β–β–‰        | 6/32 [00:17<01:22,  3.19s/it]
2025-10-13 21:13:40 | [A
2025-10-13 21:13:42 | 22%|β–β–β–       | 7/32 [00:20<01:17,  3.09s/it]
2025-10-13 21:13:42 | [A
2025-10-13 21:13:46 | 25%|β–β–β–       | 8/32 [00:23<01:16,  3.19s/it]
2025-10-13 21:13:46 | [A
2025-10-13 21:13:49 | 28%|β–β–β–       | 9/32 [00:26<01:14,  3.25s/it]
2025-10-13 21:13:49 | [A
2025-10-13 21:13:53 | 31%|β–β–β–β–      | 10/32 [00:30<01:17,  3.51s/it]
2025-10-13 21:13:53 | [A
2025-10-13 21:13:56 | 34%|β–β–β–β–      | 11/32 [00:33<01:10,  3.34s/it]
2025-10-13 21:13:56 | [A
2025-10-13 21:14:00 | 38%|β–β–β–β–      | 12/32 [00:37<01:10,  3.51s/it]
2025-10-13 21:14:00 | [A
2025-10-13 21:14:04 | 41%|β–β–β–β–      | 13/32 [00:41<01:06,  3.50s/it]
2025-10-13 21:14:04 | [A
2025-10-13 21:14:07 | 44%|β–β–β–β–β–     | 14/32 [00:44<00:59,  3.32s/it]
2025-10-13 21:14:07 | [A
2025-10-13 21:14:09 | 47%|β–β–β–β–β–‹     | 15/32 [00:46<00:52,  3.10s/it]
2025-10-13 21:14:09 | [A
2025-10-13 21:14:12 | 50%|β–β–β–β–β–     | 16/32 [00:49<00:48,  3.05s/it]
2025-10-13 21:14:12 | [A
2025-10-13 21:14:15 | 53%|β–β–β–β–β–β–    | 17/32 [00:52<00:44,  2.97s/it]
2025-10-13 21:14:15 | [A
2025-10-13 21:14:18 | 56%|β–β–β–β–β–β–‹    | 18/32 [00:55<00:42,  3.04s/it]
2025-10-13 21:14:18 | [A
2025-10-13 21:14:21 | 59%|β–β–β–β–β–β–‰    | 19/32 [00:58<00:39,  3.07s/it]
2025-10-13 21:14:21 | [A
2025-10-13 21:14:24 | 62%|β–β–β–β–β–β–β–   | 20/32 [01:01<00:36,  3.01s/it]
2025-10-13 21:14:24 | [A
2025-10-13 21:14:27 | 66%|β–β–β–β–β–β–β–   | 21/32 [01:04<00:33,  3.05s/it]
2025-10-13 21:14:27 | [A
2025-10-13 21:14:31 | 69%|β–β–β–β–β–β–β–‰   | 22/32 [01:08<00:32,  3.23s/it]
2025-10-13 21:14:31 | [A
2025-10-13 21:14:35 | 72%|β–β–β–β–β–β–β–β–  | 23/32 [01:12<00:30,  3.37s/it]
2025-10-13 21:14:35 | [A
2025-10-13 21:14:38 | 75%|β–β–β–β–β–β–β–β–  | 24/32 [01:16<00:28,  3.51s/it]
2025-10-13 21:14:38 | [A
2025-10-13 21:14:41 | 78%|β–β–β–β–β–β–β–β–  | 25/32 [01:18<00:23,  3.32s/it]
2025-10-13 21:14:41 | [A
2025-10-13 21:14:44 | 81%|β–β–β–β–β–β–β–β–β– | 26/32 [01:21<00:18,  3.14s/it]
2025-10-13 21:14:44 | [A
2025-10-13 21:14:48 | 84%|β–β–β–β–β–β–β–β–β– | 27/32 [01:25<00:17,  3.40s/it]
2025-10-13 21:14:48 | [A
2025-10-13 21:14:51 | 88%|β–β–β–β–β–β–β–β–β– | 28/32 [01:28<00:13,  3.38s/it]
2025-10-13 21:14:51 | [A
2025-10-13 21:14:54 | 91%|β–β–β–β–β–β–β–β–β– | 29/32 [01:31<00:09,  3.15s/it]
2025-10-13 21:14:54 | [A
2025-10-13 21:14:57 | 94%|β–β–β–β–β–β–β–β–β–β–| 30/32 [01:34<00:06,  3.13s/it]
2025-10-13 21:14:57 | [A
2025-10-13 21:15:00 | 97%|β–β–β–β–β–β–β–β–β–β–‹| 31/32 [01:37<00:03,  3.16s/it]
2025-10-13 21:15:00 | [A
2025-10-13 21:15:03 | 100%|β–β–β–β–β–β–β–β–β–β–| 32/32 [01:40<00:00,  2.94s/it]
2025-10-13 21:15:03 | [A
2025-10-13 21:15:03 | [A
2025-10-13 21:15:03 | {'eval_loss': 1.4511322975158691, 'eval_rouge1': 0.4661836950132116, 'eval_rouge2': 0.3083040106996352, 'eval_rougeL': 0.45999048239662593, 'eval_rouge_sum': 1.2344781881094726, 'eval_runtime': 103.6251, 'eval_samples_per_second': 4.815, 'eval_steps_per_second': 0.309, 'epoch': 5.0}
2025-10-13 21:15:03 | 25%|β–β–β–       | 3895/15580 [24:04<45:43,  4.26it/s]
2025-10-13 21:15:03 | 100%|β–β–β–β–β–β–β–β–β–β–| 32/32 [01:40<00:00,  2.94s/it]
2025-10-13 21:15:03 | [A
2025-10-13 21:15:03 | [A
2025-10-13 21:15:08 | 25%|β–β–β–       | 3896/15580 [24:09<106:48:22, 32.91s/it]
2025-10-13 21:15:09 | {'loss': 0.6168, 'grad_norm': 3.141443967819214, 'learning_rate': 3.873010610079576e-05, 'epoch': 5.01}
2025-10-13 21:15:09 | 25%|β–β–β–       | 3900/15580 [24:10<26:11:42,  8.07s/it]
2025-10-13 21:15:27 | 26%|β–β–β–       | 3973/15580 [24:28<45:57,  4.21it/s]
2025-10-13 21:15:33 | {'loss': 0.4527, 'grad_norm': 2.690131187438965, 'learning_rate': 3.8398541114058354e-05, 'epoch': 5.13}
2025-10-13 21:15:33 | 26%|β–β–β–       | 4000/15580 [24:34<45:53,  4.21it/s]
2025-10-13 21:15:58 | {'loss': 0.4552, 'grad_norm': 3.579554319381714, 'learning_rate': 3.806697612732096e-05, 'epoch': 5.26}
2025-10-13 21:15:58 | 26%|β–β–β–‹       | 4100/15580 [24:59<52:24,  3.65it/s]
2025-10-13 21:16:05 | 27%|β–β–β–‹       | 4129/15580 [25:06<46:55,  4.07it/s]
2025-10-13 21:16:22 | {'loss': 0.4673, 'grad_norm': 2.927783966064453, 'learning_rate': 3.773541114058356e-05, 'epoch': 5.39}
2025-10-13 21:16:22 | 27%|β–β–β–‹       | 4200/15580 [25:23<43:43,  4.34it/s]
2025-10-13 21:16:43 | 28%|β–β–β–       | 4285/15580 [25:44<47:29,  3.96it/s]
2025-10-13 21:16:46 | {'loss': 0.4699, 'grad_norm': 3.1301796436309814, 'learning_rate': 3.7403846153846156e-05, 'epoch': 5.52}
2025-10-13 21:16:46 | 28%|β–β–β–       | 4300/15580 [25:47<47:08,  3.99it/s]
2025-10-13 21:17:10 | {'loss': 0.4853, 'grad_norm': 3.657320261001587, 'learning_rate': 3.707228116710876e-05, 'epoch': 5.65}
2025-10-13 21:17:10 | 28%|β–β–β–       | 4400/15580 [26:12<46:25,  4.01it/s]
2025-10-13 21:17:20 | 29%|β–β–β–       | 4441/15580 [26:22<46:40,  3.98it/s]
2025-10-13 21:17:35 | {'loss': 0.4907, 'grad_norm': 3.4227991104125977, 'learning_rate': 3.674071618037135e-05, 'epoch': 5.78}
2025-10-13 21:17:35 | 29%|β–β–β–‰       | 4500/15580 [26:36<43:48,  4.21it/s]
2025-10-13 21:17:58 | 30%|β–β–β–‰       | 4597/15580 [26:59<44:13,  4.14it/s]
2025-10-13 21:17:58 | {'loss': 0.4845, 'grad_norm': 3.2099037170410156, 'learning_rate': 3.640915119363396e-05, 'epoch': 5.91}
2025-10-13 21:17:58 | 30%|β–β–β–‰       | 4600/15580 [26:59<43:40,  4.19it/s]
2025-10-13 21:18:21 | 0%|          | 0/32 [00:00<?, ?it/s]
2025-10-13 21:18:21 | [A
2025-10-13 21:18:24 | 6%|β–‹         | 2/32 [00:02<00:41,  1.39s/it]
2025-10-13 21:18:24 | [A
2025-10-13 21:18:27 | 9%|β–‰         | 3/32 [00:05<00:59,  2.05s/it]
2025-10-13 21:18:27 | [A
2025-10-13 21:18:30 | 12%|β–β–        | 4/32 [00:08<01:07,  2.42s/it]
2025-10-13 21:18:30 | [A
2025-10-13 21:18:33 | 16%|β–β–        | 5/32 [00:11<01:11,  2.64s/it]
2025-10-13 21:18:33 | [A
2025-10-13 21:18:36 | 19%|β–β–‰        | 6/32 [00:15<01:14,  2.86s/it]
2025-10-13 21:18:36 | [A
2025-10-13 21:18:39 | 22%|β–β–β–       | 7/32 [00:18<01:14,  2.96s/it]
2025-10-13 21:18:39 | [A
2025-10-13 21:18:42 | 25%|β–β–β–       | 8/32 [00:21<01:11,  2.98s/it]
2025-10-13 21:18:42 | [A
2025-10-13 21:18:45 | 28%|β–β–β–       | 9/32 [00:23<01:05,  2.85s/it]
2025-10-13 21:18:45 | [A
2025-10-13 21:18:47 | 31%|β–β–β–β–      | 10/32 [00:26<01:01,  2.77s/it]
2025-10-13 21:18:47 | [A
2025-10-13 21:18:50 | 34%|β–β–β–β–      | 11/32 [00:29<00:58,  2.81s/it]
2025-10-13 21:18:50 | [A
2025-10-13 21:18:53 | 38%|β–β–β–β–      | 12/32 [00:32<00:56,  2.84s/it]
2025-10-13 21:18:53 | [A
2025-10-13 21:18:56 | 41%|β–β–β–β–      | 13/32 [00:35<00:53,  2.83s/it]
2025-10-13 21:18:56 | [A
2025-10-13 21:19:00 | 44%|β–β–β–β–β–     | 14/32 [00:38<00:56,  3.11s/it]
2025-10-13 21:19:00 | [A
2025-10-13 21:19:03 | 47%|β–β–β–β–β–‹     | 15/32 [00:42<00:53,  3.13s/it]
2025-10-13 21:19:03 | [A
2025-10-13 21:19:06 | 50%|β–β–β–β–β–     | 16/32 [00:45<00:50,  3.18s/it]
2025-10-13 21:19:06 | [A
2025-10-13 21:19:10 | 53%|β–β–β–β–β–β–    | 17/32 [00:48<00:49,  3.29s/it]
2025-10-13 21:19:10 | [A
2025-10-13 21:19:13 | 56%|β–β–β–β–β–β–‹    | 18/32 [00:51<00:44,  3.14s/it]
2025-10-13 21:19:13 | [A
2025-10-13 21:19:16 | 59%|β–β–β–β–β–β–‰    | 19/32 [00:54<00:40,  3.09s/it]
2025-10-13 21:19:16 | [A
2025-10-13 21:19:19 | 62%|β–β–β–β–β–β–β–   | 20/32 [00:57<00:36,  3.05s/it]
2025-10-13 21:19:19 | [A
2025-10-13 21:19:22 | 66%|β–β–β–β–β–β–β–   | 21/32 [01:00<00:33,  3.07s/it]
2025-10-13 21:19:22 | [A
2025-10-13 21:19:25 | 69%|β–β–β–β–β–β–β–‰   | 22/32 [01:03<00:30,  3.10s/it]
2025-10-13 21:19:25 | [A
2025-10-13 21:19:28 | 72%|β–β–β–β–β–β–β–β–  | 23/32 [01:06<00:27,  3.09s/it]
2025-10-13 21:19:28 | [A
2025-10-13 21:19:31 | 75%|β–β–β–β–β–β–β–β–  | 24/32 [01:09<00:23,  2.99s/it]
2025-10-13 21:19:31 | [A
2025-10-13 21:19:33 | 78%|β–β–β–β–β–β–β–β–  | 25/32 [01:12<00:20,  2.91s/it]
2025-10-13 21:19:33 | [A
2025-10-13 21:19:36 | 81%|β–β–β–β–β–β–β–β–β– | 26/32 [01:15<00:17,  2.89s/it]
2025-10-13 21:19:36 | [A
2025-10-13 21:19:39 | 84%|β–β–β–β–β–β–β–β–β– | 27/32 [01:18<00:14,  2.98s/it]
2025-10-13 21:19:39 | [A
2025-10-13 21:19:42 | 88%|β–β–β–β–β–β–β–β–β– | 28/32 [01:21<00:11,  2.90s/it]
2025-10-13 21:19:42 | [A
2025-10-13 21:19:45 | 91%|β–β–β–β–β–β–β–β–β– | 29/32 [01:23<00:08,  2.78s/it]
2025-10-13 21:19:45 | [A
2025-10-13 21:19:47 | 94%|β–β–β–β–β–β–β–β–β–β–| 30/32 [01:26<00:05,  2.76s/it]
2025-10-13 21:19:47 | [A
2025-10-13 21:19:50 | 97%|β–β–β–β–β–β–β–β–β–β–‹| 31/32 [01:29<00:02,  2.75s/it]
2025-10-13 21:19:50 | [A
2025-10-13 21:19:53 | 100%|β–β–β–β–β–β–β–β–β–β–| 32/32 [01:31<00:00,  2.70s/it]
2025-10-13 21:19:53 | [A
2025-10-13 21:19:53 | [A
2025-10-13 21:19:53 | {'eval_loss': 1.5182985067367554, 'eval_rouge1': 0.4515139337314648, 'eval_rouge2': 0.29122060505865266, 'eval_rougeL': 0.44129240908402945, 'eval_rouge_sum': 1.184026947874147, 'eval_runtime': 96.3181, 'eval_samples_per_second': 5.181, 'eval_steps_per_second': 0.332, 'epoch': 6.0}
2025-10-13 21:19:53 | 30%|β–β–β–       | 4674/15580 [28:54<45:34,  3.99it/s]
2025-10-13 21:19:53 | 100%|β–β–β–β–β–β–β–β–β–β–| 32/32 [01:31<00:00,  2.70s/it]
2025-10-13 21:19:53 | [A
2025-10-13 21:19:53 | [A
2025-10-13 21:19:57 | 30%|β–β–β–       | 4675/15580 [28:58<92:05:31, 30.40s/it]
2025-10-13 21:20:03 | {'loss': 0.4516, 'grad_norm': 2.8149216175079346, 'learning_rate': 3.607758620689655e-05, 'epoch': 6.03}
2025-10-13 21:20:03 | 30%|β–β–β–       | 4700/15580 [29:05<45:13,  4.01it/s]
2025-10-13 21:20:16 | 31%|β–β–β–       | 4752/15580 [29:17<43:46,  4.12it/s]
2025-10-13 21:20:28 | {'loss': 0.3526, 'grad_norm': 2.9400277137756348, 'learning_rate': 3.5746021220159154e-05, 'epoch': 6.16}
2025-10-13 21:20:28 | 31%|β–β–β–       | 4800/15580 [29:29<44:14,  4.06it/s]
2025-10-13 21:20:52 | {'loss': 0.3636, 'grad_norm': 3.3128480911254883, 'learning_rate': 3.541445623342175e-05, 'epoch': 6.29}
2025-10-13 21:20:52 | 31%|β–β–β–β–      | 4900/15580 [29:53<40:40,  4.38it/s]
2025-10-13 21:20:54 | 32%|β–β–β–β–      | 4908/15580 [29:55<43:01,  4.13it/s]
2025-10-13 21:21:17 | {'loss': 0.37, 'grad_norm': 3.203845739364624, 'learning_rate': 3.508289124668435e-05, 'epoch': 6.42}
2025-10-13 21:21:17 | 32%|β–β–β–β–      | 5000/15580 [30:18<45:20,  3.89it/s]
2025-10-13 21:21:33 | 33%|β–β–β–β–      | 5064/15580 [30:34<43:46,  4.00it/s]
2025-10-13 21:21:42 | {'loss': 0.3762, 'grad_norm': 2.946666955947876, 'learning_rate': 3.4751326259946956e-05, 'epoch': 6.55}
2025-10-13 21:21:42 | 33%|β–β–β–β–      | 5100/15580 [30:43<44:40,  3.91it/s]
2025-10-13 21:22:07 | {'loss': 0.3792, 'grad_norm': 3.4626100063323975, 'learning_rate': 3.441976127320955e-05, 'epoch': 6.68}
2025-10-13 21:22:07 | 33%|β–β–β–β–      | 5200/15580 [31:08<42:02,  4.12it/s]
2025-10-13 21:22:11 | 34%|β–β–β–β–      | 5220/15580 [31:12<40:53,  4.22it/s]
2025-10-13 21:22:31 | {'loss': 0.3839, 'grad_norm': 2.918203115463257, 'learning_rate': 3.408819628647215e-05, 'epoch': 6.8}
2025-10-13 21:22:31 | 34%|β–β–β–β–      | 5300/15580 [31:32<39:30,  4.34it/s]
2025-10-13 21:22:49 | 35%|β–β–β–β–      | 5376/15580 [31:51<41:25,  4.11it/s]
2025-10-13 21:22:55 | {'loss': 0.3845, 'grad_norm': 3.3322196006774902, 'learning_rate': 3.375663129973475e-05, 'epoch': 6.93}
2025-10-13 21:22:55 | 35%|β–β–β–β–      | 5400/15580 [31:56<40:12,  4.22it/s]
2025-10-13 21:23:13 | 0%|          | 0/32 [00:00<?, ?it/s]
2025-10-13 21:23:13 | [A
2025-10-13 21:23:16 | 6%|β–‹         | 2/32 [00:03<00:51,  1.73s/it]
2025-10-13 21:23:16 | [A
2025-10-13 21:23:19 | 9%|β–‰         | 3/32 [00:06<01:05,  2.27s/it]
2025-10-13 21:23:19 | [A
2025-10-13 21:23:22 | 12%|β–β–        | 4/32 [00:09<01:10,  2.52s/it]
2025-10-13 21:23:22 | [A
2025-10-13 21:23:25 | 16%|β–β–        | 5/32 [00:12<01:11,  2.65s/it]
2025-10-13 21:23:25 | [A
2025-10-13 21:23:29 | 19%|β–β–‰        | 6/32 [00:15<01:16,  2.95s/it]
2025-10-13 21:23:29 | [A
2025-10-13 21:23:32 | 22%|β–β–β–       | 7/32 [00:19<01:18,  3.14s/it]
2025-10-13 21:23:32 | [A
2025-10-13 21:23:35 | 25%|β–β–β–       | 8/32 [00:22<01:15,  3.15s/it]
2025-10-13 21:23:35 | [A
2025-10-13 21:23:38 | 28%|β–β–β–       | 9/32 [00:25<01:11,  3.12s/it]
2025-10-13 21:23:38 | [A
2025-10-13 21:23:41 | 31%|β–β–β–β–      | 10/32 [00:28<01:07,  3.08s/it]
2025-10-13 21:23:41 | [A
2025-10-13 21:23:44 | 34%|β–β–β–β–      | 11/32 [00:31<01:02,  2.97s/it]
2025-10-13 21:23:44 | [A
2025-10-13 21:23:47 | 38%|β–β–β–β–      | 12/32 [00:33<00:56,  2.85s/it]
2025-10-13 21:23:47 | [A
2025-10-13 21:23:50 | 41%|β–β–β–β–      | 13/32 [00:37<00:56,  2.96s/it]
2025-10-13 21:23:50 | [A
2025-10-13 21:23:53 | 44%|β–β–β–β–β–     | 14/32 [00:40<00:54,  3.01s/it]
2025-10-13 21:23:53 | [A
2025-10-13 21:23:56 | 47%|β–β–β–β–β–‹     | 15/32 [00:43<00:52,  3.06s/it]
2025-10-13 21:23:56 | [A
2025-10-13 21:24:00 | 50%|β–β–β–β–β–     | 16/32 [00:47<00:54,  3.38s/it]
2025-10-13 21:24:00 | [A
2025-10-13 21:24:04 | 53%|β–β–β–β–β–β–    | 17/32 [00:51<00:51,  3.46s/it]
2025-10-13 21:24:04 | [A
2025-10-13 21:24:07 | 56%|β–β–β–β–β–β–‹    | 18/32 [00:54<00:47,  3.36s/it]
2025-10-13 21:24:07 | [A
2025-10-13 21:24:10 | 59%|β–β–β–β–β–β–‰    | 19/32 [00:57<00:43,  3.34s/it]
2025-10-13 21:24:10 | [A
2025-10-13 21:24:14 | 62%|β–β–β–β–β–β–β–   | 20/32 [01:00<00:39,  3.30s/it]
2025-10-13 21:24:14 | [A
2025-10-13 21:24:17 | 66%|β–β–β–β–β–β–β–   | 21/32 [01:04<00:36,  3.28s/it]
2025-10-13 21:24:17 | [A
2025-10-13 21:24:20 | 69%|β–β–β–β–β–β–β–‰   | 22/32 [01:07<00:32,  3.28s/it]
2025-10-13 21:24:20 | [A
2025-10-13 21:24:23 | 72%|β–β–β–β–β–β–β–β–  | 23/32 [01:10<00:29,  3.30s/it]
2025-10-13 21:24:23 | [A
2025-10-13 21:24:27 | 75%|β–β–β–β–β–β–β–β–  | 24/32 [01:13<00:26,  3.28s/it]
2025-10-13 21:24:27 | [A
2025-10-13 21:24:31 | 78%|β–β–β–β–β–β–β–β–  | 25/32 [01:18<00:24,  3.55s/it]
2025-10-13 21:24:31 | [A
2025-10-13 21:24:35 | 81%|β–β–β–β–β–β–β–β–β– | 26/32 [01:21<00:21,  3.60s/it]
2025-10-13 21:24:35 | [A
2025-10-13 21:24:38 | 84%|β–β–β–β–β–β–β–β–β– | 27/32 [01:25<00:17,  3.53s/it]
2025-10-13 21:24:38 | [A
2025-10-13 21:24:41 | 88%|β–β–β–β–β–β–β–β–β– | 28/32 [01:28<00:13,  3.42s/it]
2025-10-13 21:24:41 | [A
2025-10-13 21:24:44 | 91%|β–β–β–β–β–β–β–β–β– | 29/32 [01:31<00:09,  3.29s/it]
2025-10-13 21:24:44 | [A
2025-10-13 21:24:47 | 94%|β–β–β–β–β–β–β–β–β–β–| 30/32 [01:34<00:06,  3.27s/it]
2025-10-13 21:24:47 | [A
2025-10-13 21:24:51 | 97%|β–β–β–β–β–β–β–β–β–β–‹| 31/32 [01:37<00:03,  3.28s/it]
2025-10-13 21:24:51 | [A
2025-10-13 21:24:53 | 100%|β–β–β–β–β–β–β–β–β–β–| 32/32 [01:40<00:00,  2.99s/it]
2025-10-13 21:24:53 | [A
2025-10-13 21:24:53 | [A
2025-10-13 21:24:53 | {'eval_loss': 1.6001688241958618, 'eval_rouge1': 0.4676934518738803, 'eval_rouge2': 0.30310834450615565, 'eval_rougeL': 0.460194418492587, 'eval_rouge_sum': 1.230996214872623, 'eval_runtime': 104.7528, 'eval_samples_per_second': 4.764, 'eval_steps_per_second': 0.305, 'epoch': 7.0}
2025-10-13 21:24:53 | 35%|β–β–β–β–      | 5453/15580 [33:54<42:44,  3.95it/s]
2025-10-13 21:24:53 | 100%|β–β–β–β–β–β–β–β–β–β–| 32/32 [01:40<00:00,  2.99s/it]
2025-10-13 21:24:53 | [A
2025-10-13 21:24:53 | [A
2025-10-13 21:24:57 | 35%|β–β–β–β–      | 5454/15580 [33:58<92:21:04, 32.83s/it]
2025-10-13 21:25:09 | {'loss': 0.3354, 'grad_norm': 2.6709890365600586, 'learning_rate': 3.342506631299735e-05, 'epoch': 7.06}
2025-10-13 21:25:09 | 35%|β–β–β–β–      | 5500/15580 [34:10<41:23,  4.06it/s]
2025-10-13 21:25:16 | 36%|β–β–β–β–      | 5531/15580 [34:17<38:54,  4.30it/s]
2025-10-13 21:25:32 | {'loss': 0.2813, 'grad_norm': 2.466341018676758, 'learning_rate': 3.309350132625995e-05, 'epoch': 7.19}
2025-10-13 21:25:32 | 36%|β–β–β–β–      | 5600/15580 [34:34<38:25,  4.33it/s]
2025-10-13 21:25:53 | 37%|β–β–β–β–‹      | 5687/15580 [34:55<43:31,  3.79it/s]
2025-10-13 21:25:57 | {'loss': 0.2885, 'grad_norm': 2.3727524280548096, 'learning_rate': 3.2761936339522546e-05, 'epoch': 7.32}
2025-10-13 21:25:57 | 37%|β–β–β–β–‹      | 5700/15580 [34:58<39:09,  4.21it/s]
2025-10-13 21:26:21 | {'loss': 0.2936, 'grad_norm': 3.1259281635284424, 'learning_rate': 3.243037135278515e-05, 'epoch': 7.45}
2025-10-13 21:26:21 | 37%|β–β–β–β–‹      | 5800/15580 [35:22<38:25,  4.24it/s]
2025-10-13 21:26:31 | 38%|β–β–β–β–      | 5843/15580 [35:32<36:41,  4.42it/s]
2025-10-13 21:26:45 | {'loss': 0.2957, 'grad_norm': 3.130387544631958, 'learning_rate': 3.209880636604774e-05, 'epoch': 7.57}
2025-10-13 21:26:45 | 38%|β–β–β–β–      | 5900/15580 [35:46<37:24,  4.31it/s]
2025-10-13 21:27:09 | 39%|β–β–β–β–      | 5999/15580 [36:10<37:34,  4.25it/s]
2025-10-13 21:27:09 | {'loss': 0.3017, 'grad_norm': 2.6530158519744873, 'learning_rate': 3.176724137931035e-05, 'epoch': 7.7}
2025-10-13 21:27:09 | 39%|β–β–β–β–      | 6000/15580 [36:10<37:55,  4.21it/s]
2025-10-13 21:27:34 | {'loss': 0.3046, 'grad_norm': 3.1376852989196777, 'learning_rate': 3.1435676392572946e-05, 'epoch': 7.83}
2025-10-13 21:27:34 | 39%|β–β–β–β–‰      | 6100/15580 [36:35<36:01,  4.39it/s]
2025-10-13 21:27:47 | 40%|β–β–β–β–‰      | 6155/15580 [36:48<37:14,  4.22it/s]
2025-10-13 21:27:58 | {'loss': 0.3061, 'grad_norm': 2.709254026412964, 'learning_rate': 3.1104111405835544e-05, 'epoch': 7.96}
2025-10-13 21:27:58 | 40%|β–β–β–β–‰      | 6200/15580 [36:59<42:36,  3.67it/s]
2025-10-13 21:28:10 | 0%|          | 0/32 [00:00<?, ?it/s]
2025-10-13 21:28:10 | [A
2025-10-13 21:28:13 | 6%|β–‹         | 2/32 [00:02<00:40,  1.35s/it]
2025-10-13 21:28:13 | [A
2025-10-13 21:28:16 | 9%|β–‰         | 3/32 [00:06<01:03,  2.20s/it]
2025-10-13 21:28:16 | [A
2025-10-13 21:28:19 | 12%|β–β–        | 4/32 [00:09<01:12,  2.60s/it]
2025-10-13 21:28:19 | [A
2025-10-13 21:28:22 | 16%|β–β–        | 5/32 [00:12<01:13,  2.72s/it]
2025-10-13 21:28:22 | [A
2025-10-13 21:28:26 | 19%|β–β–‰        | 6/32 [00:15<01:17,  2.96s/it]
2025-10-13 21:28:26 | [A
2025-10-13 21:28:30 | 22%|β–β–β–       | 7/32 [00:19<01:22,  3.30s/it]
2025-10-13 21:28:30 | [A
2025-10-13 21:28:33 | 25%|β–β–β–       | 8/32 [00:23<01:19,  3.32s/it]
2025-10-13 21:28:33 | [A
2025-10-13 21:28:36 | 28%|β–β–β–       | 9/32 [00:26<01:16,  3.34s/it]
2025-10-13 21:28:36 | [A
2025-10-13 21:28:39 | 31%|β–β–β–β–      | 10/32 [00:29<01:09,  3.17s/it]
2025-10-13 21:28:39 | [A
2025-10-13 21:28:42 | 34%|β–β–β–β–      | 11/32 [00:32<01:05,  3.14s/it]
2025-10-13 21:28:42 | [A
2025-10-13 21:28:45 | 38%|β–β–β–β–      | 12/32 [00:35<01:02,  3.12s/it]
2025-10-13 21:28:45 | [A
2025-10-13 21:28:49 | 41%|β–β–β–β–      | 13/32 [00:38<01:01,  3.24s/it]
2025-10-13 21:28:49 | [A
2025-10-13 21:28:52 | 44%|β–β–β–β–β–     | 14/32 [00:42<01:00,  3.34s/it]
2025-10-13 21:28:52 | [A
2025-10-13 21:28:55 | 47%|β–β–β–β–β–‹     | 15/32 [00:45<00:54,  3.22s/it]
2025-10-13 21:28:55 | [A
2025-10-13 21:28:58 | 50%|β–β–β–β–β–     | 16/32 [00:48<00:49,  3.11s/it]
2025-10-13 21:28:58 | [A
2025-10-13 21:29:01 | 53%|β–β–β–β–β–β–    | 17/32 [00:51<00:46,  3.10s/it]
2025-10-13 21:29:01 | [A
2025-10-13 21:29:04 | 56%|β–β–β–β–β–β–‹    | 18/32 [00:54<00:43,  3.10s/it]
2025-10-13 21:29:04 | [A
2025-10-13 21:29:08 | 59%|β–β–β–β–β–β–‰    | 19/32 [00:57<00:41,  3.18s/it]
2025-10-13 21:29:08 | [A
2025-10-13 21:29:11 | 62%|β–β–β–β–β–β–β–   | 20/32 [01:01<00:38,  3.17s/it]
2025-10-13 21:29:11 | [A
2025-10-13 21:29:15 | 66%|β–β–β–β–β–β–β–   | 21/32 [01:05<00:37,  3.43s/it]
2025-10-13 21:29:15 | [A
2025-10-13 21:29:19 | 69%|β–β–β–β–β–β–β–‰   | 22/32 [01:08<00:34,  3.48s/it]
2025-10-13 21:29:19 | [A
2025-10-13 21:29:22 | 72%|β–β–β–β–β–β–β–β–  | 23/32 [01:12<00:31,  3.45s/it]
2025-10-13 21:29:22 | [A
2025-10-13 21:29:25 | 75%|β–β–β–β–β–β–β–β–  | 24/32 [01:15<00:27,  3.44s/it]
2025-10-13 21:29:25 | [A
2025-10-13 21:29:28 | 78%|β–β–β–β–β–β–β–β–  | 25/32 [01:18<00:23,  3.33s/it]
2025-10-13 21:29:28 | [A
2025-10-13 21:29:31 | 81%|β–β–β–β–β–β–β–β–β– | 26/32 [01:21<00:19,  3.21s/it]
2025-10-13 21:29:31 | [A
2025-10-13 21:29:34 | 84%|β–β–β–β–β–β–β–β–β– | 27/32 [01:24<00:15,  3.14s/it]
2025-10-13 21:29:34 | [A
2025-10-13 21:29:38 | 88%|β–β–β–β–β–β–β–β–β– | 28/32 [01:27<00:12,  3.23s/it]
2025-10-13 21:29:38 | [A
2025-10-13 21:29:41 | 91%|β–β–β–β–β–β–β–β–β– | 29/32 [01:30<00:09,  3.16s/it]
2025-10-13 21:29:41 | [A
2025-10-13 21:29:44 | 94%|β–β–β–β–β–β–β–β–β–β–| 30/32 [01:33<00:06,  3.08s/it]
2025-10-13 21:29:44 | [A
2025-10-13 21:29:46 | 97%|β–β–β–β–β–β–β–β–β–β–‹| 31/32 [01:36<00:02,  2.94s/it]
2025-10-13 21:29:46 | [A
2025-10-13 21:29:49 | 100%|β–β–β–β–β–β–β–β–β–β–| 32/32 [01:38<00:00,  2.75s/it]
2025-10-13 21:29:49 | [A
2025-10-13 21:29:49 | [A
2025-10-13 21:29:49 | {'eval_loss': 1.6550486087799072, 'eval_rouge1': 0.46123591452670665, 'eval_rouge2': 0.3006376535143046, 'eval_rougeL': 0.4509651903405355, 'eval_rouge_sum': 1.2128387583815468, 'eval_runtime': 102.1915, 'eval_samples_per_second': 4.883, 'eval_steps_per_second': 0.313, 'epoch': 8.0}
2025-10-13 21:29:49 | 40%|β–β–β–β–      | 6232/15580 [38:50<38:19,  4.07it/s]
2025-10-13 21:29:49 | 100%|β–β–β–β–β–β–β–β–β–β–| 32/32 [01:38<00:00,  2.75s/it]
2025-10-13 21:29:49 | [A
2025-10-13 21:29:49 | [A
2025-10-13 21:29:52 | There were missing keys in the checkpoint model loaded: ['model.encoder.embed_tokens.weight', 'model.decoder.embed_tokens.weight', 'lm_head.weight'].
2025-10-13 21:29:52 | {'train_runtime': 2333.799, 'train_samples_per_second': 106.753, 'train_steps_per_second': 6.676, 'train_loss': 0.7842588805723864, 'epoch': 8.0}
2025-10-13 21:29:52 | 40%|β–β–β–β–      | 6232/15580 [38:53<38:19,  4.07it/s]
2025-10-13 21:29:52 | μµμΆ… λ¨λΈ μ €μ¥ μ¤‘...
2025-10-13 21:29:53 | β†’ λ¨λΈ μ €μ¥ μ„μΉ: experiments/20251013/20251013_205042_strategy6_kobart_solar_api/model_0_kobart/default/final_model
2025-10-13 21:29:53 | μµμΆ… ν‰κ°€ μ¤‘...
2025-10-13 21:29:57 | 0%|          | 0/32 [00:00<?, ?it/s]
2025-10-13 21:30:01 | 6%|β–‹         | 2/32 [00:03<00:53,  1.80s/it]
2025-10-13 21:30:04 | 9%|β–‰         | 3/32 [00:07<01:11,  2.47s/it]
2025-10-13 21:30:07 | 12%|β–β–        | 4/32 [00:10<01:17,  2.75s/it]
2025-10-13 21:30:10 | 16%|β–β–        | 5/32 [00:13<01:18,  2.90s/it]
2025-10-13 21:30:14 | 19%|β–β–‰        | 6/32 [00:17<01:21,  3.14s/it]
2025-10-13 21:30:17 | 22%|β–β–β–       | 7/32 [00:20<01:19,  3.18s/it]
2025-10-13 21:30:20 | 25%|β–β–β–       | 8/32 [00:23<01:12,  3.04s/it]
2025-10-13 21:30:23 | 28%|β–β–β–       | 9/32 [00:26<01:09,  3.03s/it]
2025-10-13 21:30:26 | 31%|β–β–β–β–      | 10/32 [00:29<01:06,  3.02s/it]
2025-10-13 21:30:29 | 34%|β–β–β–β–      | 11/32 [00:32<01:06,  3.15s/it]
2025-10-13 21:30:32 | 38%|β–β–β–β–      | 12/32 [00:35<01:01,  3.10s/it]
2025-10-13 21:30:35 | 41%|β–β–β–β–      | 13/32 [00:38<00:56,  2.95s/it]
2025-10-13 21:30:38 | 44%|β–β–β–β–β–     | 14/32 [00:40<00:50,  2.81s/it]
2025-10-13 21:30:40 | 47%|β–β–β–β–β–‹     | 15/32 [00:43<00:46,  2.73s/it]
2025-10-13 21:30:43 | 50%|β–β–β–β–β–     | 16/32 [00:46<00:44,  2.80s/it]
2025-10-13 21:30:46 | 53%|β–β–β–β–β–β–    | 17/32 [00:49<00:44,  2.97s/it]
2025-10-13 21:30:49 | 56%|β–β–β–β–β–β–‹    | 18/32 [00:52<00:41,  2.97s/it]
2025-10-13 21:30:52 | 59%|β–β–β–β–β–β–‰    | 19/32 [00:55<00:38,  2.94s/it]
2025-10-13 21:30:55 | 62%|β–β–β–β–β–β–β–   | 20/32 [00:58<00:35,  2.95s/it]
2025-10-13 21:30:59 | 66%|β–β–β–β–β–β–β–   | 21/32 [01:01<00:33,  3.05s/it]
2025-10-13 21:31:02 | 69%|β–β–β–β–β–β–β–‰   | 22/32 [01:04<00:31,  3.13s/it]
2025-10-13 21:31:05 | 72%|β–β–β–β–β–β–β–β–  | 23/32 [01:07<00:27,  3.07s/it]
2025-10-13 21:31:07 | 75%|β–β–β–β–β–β–β–β–  | 24/32 [01:10<00:22,  2.85s/it]
2025-10-13 21:31:10 | 78%|β–β–β–β–β–β–β–β–  | 25/32 [01:12<00:19,  2.80s/it]
2025-10-13 21:31:12 | 81%|β–β–β–β–β–β–β–β–β– | 26/32 [01:15<00:16,  2.74s/it]
2025-10-13 21:31:16 | 84%|β–β–β–β–β–β–β–β–β– | 27/32 [01:18<00:14,  2.85s/it]
2025-10-13 21:31:19 | 88%|β–β–β–β–β–β–β–β–β– | 28/32 [01:22<00:12,  3.09s/it]
2025-10-13 21:31:22 | 91%|β–β–β–β–β–β–β–β–β– | 29/32 [01:24<00:09,  3.00s/it]
2025-10-13 21:31:25 | 94%|β–β–β–β–β–β–β–β–β–β–| 30/32 [01:28<00:06,  3.04s/it]
2025-10-13 21:31:29 | 97%|β–β–β–β–β–β–β–β–β–β–‹| 31/32 [01:31<00:03,  3.19s/it]
2025-10-13 21:31:32 | 100%|β–β–β–β–β–β–β–β–β–β–| 32/32 [01:35<00:00,  3.37s/it]
2025-10-13 21:31:33 | μµμΆ… ν‰κ°€ κ²°κ³Ό:
2025-10-13 21:31:33 | eval_rouge1: 0.4662
2025-10-13 21:31:33 | eval_rouge2: 0.3083
2025-10-13 21:31:33 | eval_rougeL: 0.4600
2025-10-13 21:31:33 | eval_rouge_sum: 1.2345
2025-10-13 21:31:33 | ============================================================
2025-10-13 21:31:33 | β… ν•™μµ μ™„λ£!
2025-10-13 21:31:33 | ============================================================
2025-10-13 21:31:33 | β… kobart ν•™μµ μ™„λ£
2025-10-13 21:31:33 | ==================================================
2025-10-13 21:31:33 | λ¨λΈ ν•™μµ κ²°κ³Ό μ”μ•½
2025-10-13 21:31:33 | ==================================================
2025-10-13 21:31:33 | β… μ„±κ³µ: 1/1 λ¨λΈ
2025-10-13 21:31:33 | β μ‹¤ν¨: 0/1 λ¨λΈ
2025-10-13 21:31:33 | [3/6] μ•™μƒλΈ” μƒμ„±...
2025-10-13 21:31:33 | You passed `num_labels=3` which is incompatible to the `id2label` map of length `2`.
2025-10-13 21:31:33 | You passed `num_labels=3` which is incompatible to the `id2label` map of length `2`.
2025-10-13 21:31:33 | ModelManager μ΄κΈ°ν™”
2025-10-13 21:31:33 | μ•™μƒλΈ” μƒμ„±: weighted
2025-10-13 21:31:33 | WeightedEnsemble μ΄κΈ°ν™”: 1κ° λ¨λΈ
2025-10-13 21:31:33 | - κ°€μ¤‘μΉ: ['1.000']
2025-10-13 21:31:33 | κ°€μ¤‘ μ•™μƒλΈ” μμΈ΅ μ‹μ‘
2025-10-13 21:31:33 | - μ…λ ¥ λ°μ΄ν„°: 100κ°
2025-10-13 21:31:33 | - λ¨λΈ μ: 1κ°
2025-10-13 21:31:33 | μ•™μƒλΈ” ν‰κ°€ μ¤λ¥ λ°μƒ: The following `model_kwargs` are not used by the model: ['token_type_ids'] (note: typos in the generate arguments will also show up in this list)
2025-10-13 21:31:33 | [4/6] Solar API ν†µν•©...
2025-10-13 21:31:33 | Solar API processing 50 samples ...
2025-10-13 21:32:14 | [5/6] TTA μ μ©...
2025-10-13 21:32:14 | TTA μ „λµ: paraphrase, reorder
2025-10-13 21:32:14 | μ¦κ°• νμ: 3
2025-10-13 21:32:14 | TTA κΈ°λ¥μ€ μ•„μ§ κµ¬ν„ μ¤‘μ…λ‹λ‹¤.
2025-10-13 21:32:14 | [6/6] μ¶”λ΅  λ° μ μ¶ νμΌ μƒμ„±...
2025-10-13 21:32:14 | ν…μ¤νΈ λ°μ΄ν„° λ΅λ“: data/raw/test.csv
2025-10-13 21:32:14 | ν…μ¤νΈ μƒν” μ: 499
2025-10-13 21:32:14 | μ‚¬μ© λ¨λΈ: experiments/20251013/20251013_205042_strategy6_kobart_solar_api/model_0_kobart/default/final_model
2025-10-13 21:32:14 | You passed `num_labels=3` which is incompatible to the `id2label` map of length `2`.
2025-10-13 21:32:14 | λ¨λΈ νƒ€μ…: Encoder-Decoder (Seq2Seq)
2025-10-13 21:32:14 | You passed `num_labels=3` which is incompatible to the `id2label` map of length `2`.
2025-10-13 21:32:15 | λ°°μΉ ν¬κΈ°: 32
2025-10-13 21:34:29 | μ§„ν–‰: 320/499
2025-10-13 21:35:48 | β… μ μ¶ νμΌ μ €μ¥ (1): experiments/20251013/20251013_205042_strategy6_kobart_solar_api/submissions/20251013_205042_strategy6_kobart_solar_api.csv
2025-10-13 21:35:48 | β… μ μ¶ νμΌ μ €μ¥ (2): submissions/20251013/20251013_205042_strategy6_kobart_solar_api.csv
2025-10-13 21:35:48 | μμΈ΅ κ°μ: 499
2025-10-13 21:35:48 | ============================================================
2025-10-13 21:35:48 | FULL PIPELINE μ™„λ£!
2025-10-13 21:35:48 | =μ”μ•½ κ°λ³„ λ¨λΈ κ²°κ³Ό:
2025-10-13 21:35:48 | kobart:
2025-10-13 21:35:48 | eval_rouge1: 0.4662
2025-10-13 21:35:48 | eval_rouge2: 0.3083
2025-10-13 21:35:48 | eval_rougeL: 0.4600
2025-10-13 21:35:48 | eval_rouge_sum: 1.2345
2025-10-13 21:35:48 | =μ”μ•½ μ•™μƒλΈ” κ²°κ³Ό:
2025-10-13 21:35:48 | =μ”μ•½ Solar API κ²°κ³Ό:
2025-10-13 21:35:48 | solar_rouge_1_f1: 0.2257
2025-10-13 21:35:48 | solar_rouge_2_f1: 0.0824
2025-10-13 21:35:48 | solar_rouge_l_f1: 0.2175
2025-10-13 21:35:48 | n_samples: 50.0000
2025-10-13 21:35:48 | ============================================================
2025-10-13 21:35:48 | =μ €μ¥ κ²°κ³Ό μ €μ¥: experiments/20251013/20251013_205042_strategy6_kobart_solar_api/full_pipeline_results.json
2025-10-13 21:35:48 | =μ €μ¥ μ μ¶ νμΌ: experiments/20251013/20251013_205042_strategy6_kobart_solar_api/submissions/20251013_205042_strategy6_kobart_solar_api.csv
2025-10-13 21:35:48 | π“‹ ν•™μµ λ΅κ·Έ λ°±μ—…: logs/20251013/train/20251013_213548_full_kobart_bs16_ep20_aug_tta.log
2025-10-13 21:35:48 | π“ μ‹κ°ν™” μƒμ„± μ¤‘...
2025-10-13 21:35:49 | β οΈ μ‹κ°ν™” λ¨λ“ μ—†μ (μ¶”ν›„ κµ¬ν„ μμ •)
2025-10-13 21:35:49 | ============================================================
2025-10-13 21:35:49 | β… ν•™μµ μ™„λ£!
2025-10-13 21:35:49 | π“ κ²°κ³Ό μ €μ¥: experiments/20251013/20251013_205042_strategy6_kobart_solar_api
2025-10-13 21:35:49 | ============================================================
2025-10-13 21:35:49 | >> λ΅κ·Έ λ¦¬λ””λ ‰μ… μ¤‘λ£.
