2025-10-15 15:52:07 | >> í‘œì¤€ ì¶œë ¥ ë° ì˜¤ë¥˜ë¥¼ ë¡œê·¸ íŒŒì¼ë¡œ ë¦¬ë””ë ‰ì…˜ ì‹œìž‘
2025-10-15 15:52:07 | ============================================================
2025-10-15 15:52:07 | K-Fold ì•™ìƒë¸” ì¶”ë¡  ì‹œìž‘
2025-10-15 15:52:07 | ============================================================
2025-10-15 15:52:07 | [GPU ì •ë³´]
2025-10-15 15:52:07 | available: True
2025-10-15 15:52:07 | device_count: 1
2025-10-15 15:52:07 | current_device: 0
2025-10-15 15:52:07 | gpu_0: {'name': 'NVIDIA GeForce RTX 4090', 'total_memory_gb': 23.98779296875, 'major': 8, 'minor': 9, 'multi_processor_count': 128, 'allocated_memory_gb': 0.0, 'reserved_memory_gb': 0.0}
2025-10-15 15:52:07 | GPU Tier: LOW
2025-10-15 15:52:07 | [1/4] Fold ëª¨ë¸ íƒìƒ‰: experiments/20251014/20251014_183206_kobart_ultimate_kfold
2025-10-15 15:52:07 | âœ… fold_1: experiments/20251014/20251014_183206_kobart_ultimate_kfold/fold_1/kfold/final_model
2025-10-15 15:52:07 | âœ… fold_2: experiments/20251014/20251014_183206_kobart_ultimate_kfold/fold_2/kfold/final_model
2025-10-15 15:52:07 | âœ… fold_3: experiments/20251014/20251014_183206_kobart_ultimate_kfold/fold_3/kfold/final_model
2025-10-15 15:52:07 | âœ… fold_4: experiments/20251014/20251014_183206_kobart_ultimate_kfold/fold_4/kfold/final_model
2025-10-15 15:52:07 | âœ… fold_5: experiments/20251014/20251014_183206_kobart_ultimate_kfold/fold_5/kfold/final_model
2025-10-15 15:52:07 | ðŸ“Š ë°œê²¬ëœ Fold ìˆ˜: 5
2025-10-15 15:52:07 | [2/4] í…ŒìŠ¤íŠ¸ ë°ì´í„° ë¡œë”©: data/raw/test.csv
2025-10-15 15:52:07 | âœ… í…ŒìŠ¤íŠ¸ ìƒ˜í”Œ: 499ê°œ
2025-10-15 15:52:07 | [3/6] ðŸ“‚ ì™¸ë¶€ K-Fold ì²´í¬í¬ì¸íŠ¸ ë¡œë“œ: experiments/20251015/20251015_130751_inference_kobart_kfold_soft_voting_bs32_maxnew110_hf_solar/checkpoints/kfold_checkpoint.pkl
2025-10-15 15:52:07 | âœ… ë¡œë“œ ì„±ê³µ: 499ê°œ ìš”ì•½
2025-10-15 15:52:07 | [3/6] â­ï¸  K-Fold ì•™ìƒë¸” ê±´ë„ˆë›°ê¸° (ì™¸ë¶€ ì²´í¬í¬ì¸íŠ¸ ì‚¬ìš©)
2025-10-15 15:52:07 | [4/6] â­ï¸  HuggingFace ë³´ì • ê±´ë„ˆë›°ê¸° (ë¹„í™œì„±í™”)
2025-10-15 15:52:07 | [5/6] ðŸŒž Solar API ì•™ìƒë¸” ì‹œìž‘
2025-10-15 15:52:07 | - ëª¨ë¸: solar-pro2
2025-10-15 15:52:07 | - Temperature: 0.1
2025-10-15 15:52:07 | - ë°°ì¹˜ í¬ê¸°: 10
2025-10-15 15:52:07 | - ëŒ€ê¸° ì‹œê°„: 3.0ì´ˆ
2025-10-15 15:52:08 | Solar API í´ë¼ì´ì–¸íŠ¸ ì´ˆê¸°í™” ì„±ê³µ
2025-10-15 15:52:08 | Solar API ë°°ì¹˜ ìš”ì•½ ìƒì„± ì¤‘...
2025-10-15 15:52:08 | ë°°ì¹˜ ìš”ì•½ ì‹œìž‘: 499ê°œ ëŒ€í™”
2025-10-15 15:52:08 | - ë°°ì¹˜ í¬ê¸°: 10
2025-10-15 15:52:08 | - Rate limit ëŒ€ê¸°: 3.0ì´ˆ
2025-10-15 15:52:08 | [ë°°ì¹˜ 1-10/499] ì²˜ë¦¬ ì¤‘...
2025-10-15 15:52:14 | âœ… ì™„ë£Œ (ëˆ„ì : 10/499)
2025-10-15 15:52:17 | [ë°°ì¹˜ 11-20/499] ì²˜ë¦¬ ì¤‘...
2025-10-15 15:52:24 | âœ… ì™„ë£Œ (ëˆ„ì : 20/499)
2025-10-15 15:52:27 | [ë°°ì¹˜ 21-30/499] ì²˜ë¦¬ ì¤‘...
2025-10-15 15:52:34 | âœ… ì™„ë£Œ (ëˆ„ì : 30/499)
2025-10-15 15:52:37 | [ë°°ì¹˜ 31-40/499] ì²˜ë¦¬ ì¤‘...
2025-10-15 15:52:44 | âœ… ì™„ë£Œ (ëˆ„ì : 40/499)
2025-10-15 15:52:48 | [ë°°ì¹˜ 41-50/499] ì²˜ë¦¬ ì¤‘...
2025-10-15 15:52:55 | âœ… ì™„ë£Œ (ëˆ„ì : 50/499)
2025-10-15 15:52:58 | [ë°°ì¹˜ 51-60/499] ì²˜ë¦¬ ì¤‘...
2025-10-15 15:53:04 | âœ… ì™„ë£Œ (ëˆ„ì : 60/499)
2025-10-15 15:53:07 | [ë°°ì¹˜ 61-70/499] ì²˜ë¦¬ ì¤‘...
2025-10-15 15:53:13 | âœ… ì™„ë£Œ (ëˆ„ì : 70/499)
2025-10-15 15:53:16 | [ë°°ì¹˜ 71-80/499] ì²˜ë¦¬ ì¤‘...
2025-10-15 15:53:23 | âœ… ì™„ë£Œ (ëˆ„ì : 80/499)
2025-10-15 15:53:26 | [ë°°ì¹˜ 81-90/499] ì²˜ë¦¬ ì¤‘...
2025-10-15 15:53:32 | âœ… ì™„ë£Œ (ëˆ„ì : 90/499)
2025-10-15 15:53:35 | [ë°°ì¹˜ 91-100/499] ì²˜ë¦¬ ì¤‘...
2025-10-15 15:53:41 | âœ… ì™„ë£Œ (ëˆ„ì : 100/499)
2025-10-15 15:53:44 | [ë°°ì¹˜ 101-110/499] ì²˜ë¦¬ ì¤‘...
2025-10-15 15:53:51 | âœ… ì™„ë£Œ (ëˆ„ì : 110/499)
2025-10-15 15:53:54 | [ë°°ì¹˜ 111-120/499] ì²˜ë¦¬ ì¤‘...
2025-10-15 15:54:01 | âœ… ì™„ë£Œ (ëˆ„ì : 120/499)
2025-10-15 15:54:04 | [ë°°ì¹˜ 121-130/499] ì²˜ë¦¬ ì¤‘...
2025-10-15 15:54:11 | âœ… ì™„ë£Œ (ëˆ„ì : 130/499)
2025-10-15 15:54:14 | [ë°°ì¹˜ 131-140/499] ì²˜ë¦¬ ì¤‘...
2025-10-15 15:54:20 | âœ… ì™„ë£Œ (ëˆ„ì : 140/499)
2025-10-15 15:54:23 | [ë°°ì¹˜ 141-150/499] ì²˜ë¦¬ ì¤‘...
2025-10-15 15:54:30 | âœ… ì™„ë£Œ (ëˆ„ì : 150/499)
2025-10-15 15:54:33 | [ë°°ì¹˜ 151-160/499] ì²˜ë¦¬ ì¤‘...
2025-10-15 15:54:40 | âœ… ì™„ë£Œ (ëˆ„ì : 160/499)
2025-10-15 15:54:43 | [ë°°ì¹˜ 161-170/499] ì²˜ë¦¬ ì¤‘...
2025-10-15 15:54:50 | âœ… ì™„ë£Œ (ëˆ„ì : 170/499)
2025-10-15 15:54:53 | [ë°°ì¹˜ 171-180/499] ì²˜ë¦¬ ì¤‘...
2025-10-15 15:55:00 | âœ… ì™„ë£Œ (ëˆ„ì : 180/499)
2025-10-15 15:55:03 | [ë°°ì¹˜ 181-190/499] ì²˜ë¦¬ ì¤‘...
2025-10-15 15:55:10 | âœ… ì™„ë£Œ (ëˆ„ì : 190/499)
2025-10-15 15:55:13 | [ë°°ì¹˜ 191-200/499] ì²˜ë¦¬ ì¤‘...
2025-10-15 15:55:20 | âœ… ì™„ë£Œ (ëˆ„ì : 200/499)
2025-10-15 15:55:23 | [ë°°ì¹˜ 201-210/499] ì²˜ë¦¬ ì¤‘...
2025-10-15 15:55:31 | âœ… ì™„ë£Œ (ëˆ„ì : 210/499)
2025-10-15 15:55:35 | [ë°°ì¹˜ 211-220/499] ì²˜ë¦¬ ì¤‘...
2025-10-15 15:55:42 | âœ… ì™„ë£Œ (ëˆ„ì : 220/499)
2025-10-15 15:55:45 | [ë°°ì¹˜ 221-230/499] ì²˜ë¦¬ ì¤‘...
2025-10-15 15:55:51 | âœ… ì™„ë£Œ (ëˆ„ì : 230/499)
2025-10-15 15:55:54 | [ë°°ì¹˜ 231-240/499] ì²˜ë¦¬ ì¤‘...
2025-10-15 15:56:01 | âœ… ì™„ë£Œ (ëˆ„ì : 240/499)
2025-10-15 15:56:04 | [ë°°ì¹˜ 241-250/499] ì²˜ë¦¬ ì¤‘...
2025-10-15 15:56:11 | âœ… ì™„ë£Œ (ëˆ„ì : 250/499)
2025-10-15 15:56:14 | [ë°°ì¹˜ 251-260/499] ì²˜ë¦¬ ì¤‘...
2025-10-15 15:56:21 | âœ… ì™„ë£Œ (ëˆ„ì : 260/499)
2025-10-15 15:56:24 | [ë°°ì¹˜ 261-270/499] ì²˜ë¦¬ ì¤‘...
2025-10-15 15:56:30 | âœ… ì™„ë£Œ (ëˆ„ì : 270/499)
2025-10-15 15:56:33 | [ë°°ì¹˜ 271-280/499] ì²˜ë¦¬ ì¤‘...
2025-10-15 15:56:40 | âœ… ì™„ë£Œ (ëˆ„ì : 280/499)
2025-10-15 15:56:43 | [ë°°ì¹˜ 281-290/499] ì²˜ë¦¬ ì¤‘...
2025-10-15 15:56:50 | âœ… ì™„ë£Œ (ëˆ„ì : 290/499)
2025-10-15 15:56:53 | [ë°°ì¹˜ 291-300/499] ì²˜ë¦¬ ì¤‘...
2025-10-15 15:57:00 | âœ… ì™„ë£Œ (ëˆ„ì : 300/499)
2025-10-15 15:57:03 | [ë°°ì¹˜ 301-310/499] ì²˜ë¦¬ ì¤‘...
2025-10-15 15:57:09 | âœ… ì™„ë£Œ (ëˆ„ì : 310/499)
2025-10-15 15:57:13 | [ë°°ì¹˜ 311-320/499] ì²˜ë¦¬ ì¤‘...
2025-10-15 15:57:20 | âœ… ì™„ë£Œ (ëˆ„ì : 320/499)
2025-10-15 15:57:23 | [ë°°ì¹˜ 321-330/499] ì²˜ë¦¬ ì¤‘...
2025-10-15 15:57:30 | âœ… ì™„ë£Œ (ëˆ„ì : 330/499)
2025-10-15 15:57:33 | [ë°°ì¹˜ 331-340/499] ì²˜ë¦¬ ì¤‘...
2025-10-15 15:57:39 | âœ… ì™„ë£Œ (ëˆ„ì : 340/499)
2025-10-15 15:57:42 | [ë°°ì¹˜ 341-350/499] ì²˜ë¦¬ ì¤‘...
2025-10-15 15:57:50 | âœ… ì™„ë£Œ (ëˆ„ì : 350/499)
2025-10-15 15:57:53 | [ë°°ì¹˜ 351-360/499] ì²˜ë¦¬ ì¤‘...
2025-10-15 15:58:00 | âœ… ì™„ë£Œ (ëˆ„ì : 360/499)
2025-10-15 15:58:03 | [ë°°ì¹˜ 361-370/499] ì²˜ë¦¬ ì¤‘...
2025-10-15 15:58:09 | âœ… ì™„ë£Œ (ëˆ„ì : 370/499)
2025-10-15 15:58:12 | [ë°°ì¹˜ 371-380/499] ì²˜ë¦¬ ì¤‘...
2025-10-15 15:58:20 | âœ… ì™„ë£Œ (ëˆ„ì : 380/499)
2025-10-15 15:58:23 | [ë°°ì¹˜ 381-390/499] ì²˜ë¦¬ ì¤‘...
2025-10-15 15:58:30 | âœ… ì™„ë£Œ (ëˆ„ì : 390/499)
2025-10-15 15:58:33 | [ë°°ì¹˜ 391-400/499] ì²˜ë¦¬ ì¤‘...
2025-10-15 15:58:39 | âœ… ì™„ë£Œ (ëˆ„ì : 400/499)
2025-10-15 15:58:42 | [ë°°ì¹˜ 401-410/499] ì²˜ë¦¬ ì¤‘...
2025-10-15 15:58:44 | âš ï¸  í”Œë ˆì´ìŠ¤í™€ë” ìž”ì¡´: ì†ë‹˜ì´ í„°ë„ˆ ì¸í…Œë¦¬ì–´ì—ì„œ L/C ìˆ˜ë ¹í•˜ëŸ¬ ë°©ë¬¸í•¨. ê°„ë‹¨í•œ ì„œëª… í›„ ì™„ë£Œë¨....
2025-10-15 15:58:49 | âœ… ì™„ë£Œ (ëˆ„ì : 410/499)
2025-10-15 15:58:52 | [ë°°ì¹˜ 411-420/499] ì²˜ë¦¬ ì¤‘...
2025-10-15 15:58:59 | âœ… ì™„ë£Œ (ëˆ„ì : 420/499)
2025-10-15 15:59:02 | [ë°°ì¹˜ 421-430/499] ì²˜ë¦¬ ì¤‘...
2025-10-15 15:59:08 | âœ… ì™„ë£Œ (ëˆ„ì : 430/499)
2025-10-15 15:59:11 | [ë°°ì¹˜ 431-440/499] ì²˜ë¦¬ ì¤‘...
2025-10-15 15:59:18 | âœ… ì™„ë£Œ (ëˆ„ì : 440/499)
2025-10-15 15:59:21 | [ë°°ì¹˜ 441-450/499] ì²˜ë¦¬ ì¤‘...
2025-10-15 15:59:29 | âœ… ì™„ë£Œ (ëˆ„ì : 450/499)
2025-10-15 15:59:32 | [ë°°ì¹˜ 451-460/499] ì²˜ë¦¬ ì¤‘...
2025-10-15 15:59:38 | âœ… ì™„ë£Œ (ëˆ„ì : 460/499)
2025-10-15 15:59:41 | [ë°°ì¹˜ 461-470/499] ì²˜ë¦¬ ì¤‘...
2025-10-15 15:59:47 | âœ… ì™„ë£Œ (ëˆ„ì : 470/499)
2025-10-15 15:59:50 | [ë°°ì¹˜ 471-480/499] ì²˜ë¦¬ ì¤‘...
2025-10-15 15:59:59 | âœ… ì™„ë£Œ (ëˆ„ì : 480/499)
2025-10-15 16:00:02 | [ë°°ì¹˜ 481-490/499] ì²˜ë¦¬ ì¤‘...
2025-10-15 16:00:09 | âœ… ì™„ë£Œ (ëˆ„ì : 490/499)
2025-10-15 16:00:12 | [ë°°ì¹˜ 491-499/499] ì²˜ë¦¬ ì¤‘...
2025-10-15 16:00:17 | âœ… ì™„ë£Œ (ëˆ„ì : 499/499)
2025-10-15 16:00:17 | ë°°ì¹˜ ìš”ì•½ ì™„ë£Œ: 499ê°œ
2025-10-15 16:00:17 | KoBARTì™€ Solar ì•™ìƒë¸” ìˆ˜í–‰ ì¤‘...
2025-10-15 16:00:17 | âœ… Solar API ì•™ìƒë¸” ì™„ë£Œ
2025-10-15 16:00:17 | ðŸ’¾ ì²´í¬í¬ì¸íŠ¸ ì €ìž¥: experiments/20251015/20251015_155207_inference_kobart_kfold_soft_voting_bs64_maxnew110_solar/checkpoints/solar_api_checkpoint.pkl
2025-10-15 16:00:17 | ðŸ’¾ Solar API CSV ì²´í¬í¬ì¸íŠ¸ ì €ìž¥: experiments/20251015/20251015_155207_inference_kobart_kfold_soft_voting_bs64_maxnew110_solar/checkpoints/solar_api_summaries.csv
2025-10-15 16:00:17 | [6/6] ì œì¶œ íŒŒì¼ ì €ìž¥ ì¤‘...
2025-10-15 16:00:17 | âœ… ì œì¶œ íŒŒì¼ ìƒì„± (1): experiments/20251015/20251015_155207_inference_kobart_kfold_soft_voting_bs64_maxnew110_solar/submission/20251015_155207_inference_kobart_kfold_soft_voting_bs64_maxnew110_solar.csv
2025-10-15 16:00:17 | âœ… ì œì¶œ íŒŒì¼ ìƒì„± (2): submissions/20251015/20251015_155207_inference_kobart_kfold_soft_voting_bs64_maxnew110_solar.csv
2025-10-15 16:00:17 | ============================================================
2025-10-15 16:00:17 | ðŸ“Š ì¶”ë¡  íŒŒì´í”„ë¼ì¸ ì™„ë£Œ!
2025-10-15 16:00:17 | ============================================================
2025-10-15 16:00:17 | âœ… ì‹¤í–‰ëœ ë‹¨ê³„:
2025-10-15 16:00:17 | 1. K-Fold ì•™ìƒë¸” (5ê°œ ëª¨ë¸, soft_voting)
2025-10-15 16:00:17 | 3. Solar API ì•™ìƒë¸” (solar-pro2)
2025-10-15 16:00:17 | 4. í›„ì²˜ë¦¬ (Predictor ë‚´ìž¥)
2025-10-15 16:00:17 | 5. ì œì¶œ íŒŒì¼ ìƒì„±
2025-10-15 16:00:17 | ðŸ“ˆ ê²°ê³¼ í†µê³„:
2025-10-15 16:00:17 | - ì´ ìƒ˜í”Œ ìˆ˜: 499
2025-10-15 16:00:17 | - í‰ê·  ìš”ì•½ ê¸¸ì´: 51.1ìž
2025-10-15 16:00:17 | ðŸ“ ìƒ˜í”Œ ì˜ˆì¸¡ ê²°ê³¼ (ì²˜ìŒ 3ê°œ):
2025-10-15 16:00:17 | [test_0]: ìƒì‚¬ê°€ Ms. Dawsonì—ê²Œ ì¦‰ì‹œ ë©”ì‹œì§€ ì‚¬ìš© ê¸ˆì§€ ì •ì±… ë©”ëª¨ ìž‘ì„±ì„ ì§€ì‹œí•¨....
2025-10-15 16:00:17 | [test_1]: ë‘ ë™ë£Œê°€ êµí†µì²´ì¦ê³¼ í™˜ê²½ ë¬¸ì œì— ëŒ€í•´ ë…¼ì˜í•˜ê³ , ëŒ€ì¤‘êµí†µê³¼ ìžì „ê±° íƒ€ê¸°ë¡œ ì¶œí‡´ê·¼ ë°©ì‹ì„ ë°”ê¾¸ê¸°ë¡œ í•¨....
2025-10-15 16:00:17 | [test_2]: Kateì™€ Tomì´ Mashaì™€ Heroì˜ ì´í˜¼ì— ëŒ€í•´ ì´ì•¼ê¸°í•¨. ë‘ ë‹¬ê°„ ë³„ê±° í›„ ì´í˜¼ ì‹ ì²­, Mashaê°€ ì–‘ìœ¡ê¶Œ íšë“, ì›ë§Œí•œ í•´ê²° ê³¼ì •, ...
2025-10-15 16:00:17 | ============================================================
2025-10-15 16:00:17 | ðŸŽ‰ K-Fold ì•™ìƒë¸” ì¶”ë¡  ì™„ë£Œ!
2025-10-15 16:00:17 | ðŸ“ ì œì¶œ íŒŒì¼: experiments/20251015/20251015_155207_inference_kobart_kfold_soft_voting_bs64_maxnew110_solar/submission/20251015_155207_inference_kobart_kfold_soft_voting_bs64_maxnew110_solar.csv
2025-10-15 16:00:17 | ============================================================
2025-10-15 16:00:17 | >> ë¡œê·¸ ë¦¬ë””ë ‰ì…˜ ì¤‘ë£Œ.
