2025-10-15 02:55:29 | >> í‘œì¤€ ì¶œë ¥ ë° ì˜¤ë¥˜ë¥¼ ë¡œê·¸ íŒŒì¼ë¡œ ë¦¬ë””ë ‰ì…˜ ì‹œìž‘
2025-10-15 02:55:29 | ============================================================
2025-10-15 02:55:29 | K-Fold ì•™ìƒë¸” ì¶”ë¡  ì‹œìž‘
2025-10-15 02:55:29 | ============================================================
2025-10-15 02:55:29 | [GPU ì •ë³´]
2025-10-15 02:55:30 | available: True
2025-10-15 02:55:30 | device_count: 1
2025-10-15 02:55:30 | current_device: 0
2025-10-15 02:55:30 | gpu_0: {'name': 'NVIDIA GeForce RTX 4090', 'total_memory_gb': 23.98779296875, 'major': 8, 'minor': 9, 'multi_processor_count': 128, 'allocated_memory_gb': 0.0, 'reserved_memory_gb': 0.0}
2025-10-15 02:55:30 | GPU Tier: LOW
2025-10-15 02:55:30 | [1/4] Fold ëª¨ë¸ íƒìƒ‰: experiments/20251014/20251014_183206_kobart_ultimate_kfold
2025-10-15 02:55:30 | âœ… fold_1: experiments/20251014/20251014_183206_kobart_ultimate_kfold/fold_1/kfold/final_model
2025-10-15 02:55:30 | âœ… fold_2: experiments/20251014/20251014_183206_kobart_ultimate_kfold/fold_2/kfold/final_model
2025-10-15 02:55:30 | âœ… fold_3: experiments/20251014/20251014_183206_kobart_ultimate_kfold/fold_3/kfold/final_model
2025-10-15 02:55:30 | âœ… fold_4: experiments/20251014/20251014_183206_kobart_ultimate_kfold/fold_4/kfold/final_model
2025-10-15 02:55:30 | âœ… fold_5: experiments/20251014/20251014_183206_kobart_ultimate_kfold/fold_5/kfold/final_model
2025-10-15 02:55:30 | ðŸ“Š ë°œê²¬ëœ Fold ìˆ˜: 5
2025-10-15 02:55:30 | [2/4] í…ŒìŠ¤íŠ¸ ë°ì´í„° ë¡œë”©: data/raw/test.csv
2025-10-15 02:55:30 | âœ… í…ŒìŠ¤íŠ¸ ìƒ˜í”Œ: 499ê°œ
2025-10-15 02:55:30 | [3/6] K-Fold ì•™ìƒë¸” ì¶”ë¡  ì‹¤í–‰...
2025-10-15 02:55:30 | - ì•™ìƒë¸” ë°©ë²•: soft_voting
2025-10-15 02:55:30 | - ë°°ì¹˜ í¬ê¸°: 32
2025-10-15 02:55:30 | ðŸ”„ 5ê°œ Fold ëª¨ë¸ ë¡œë”© ì¤‘...
2025-10-15 02:55:30 | [Fold 1/5] ë¡œë”©: experiments/20251014/20251014_183206_kobart_ultimate_kfold/fold_1/kfold/final_model
2025-10-15 02:55:30 | âœ… ì™„ë£Œ
2025-10-15 02:55:30 | [Fold 2/5] ë¡œë”©: experiments/20251014/20251014_183206_kobart_ultimate_kfold/fold_2/kfold/final_model
2025-10-15 02:55:31 | âœ… ì™„ë£Œ
2025-10-15 02:55:31 | [Fold 3/5] ë¡œë”©: experiments/20251014/20251014_183206_kobart_ultimate_kfold/fold_3/kfold/final_model
2025-10-15 02:55:31 | âœ… ì™„ë£Œ
2025-10-15 02:55:31 | [Fold 4/5] ë¡œë”©: experiments/20251014/20251014_183206_kobart_ultimate_kfold/fold_4/kfold/final_model
2025-10-15 02:55:32 | âœ… ì™„ë£Œ
2025-10-15 02:55:32 | [Fold 5/5] ë¡œë”©: experiments/20251014/20251014_183206_kobart_ultimate_kfold/fold_5/kfold/final_model
2025-10-15 02:55:32 | âœ… ì™„ë£Œ
2025-10-15 02:55:32 | âœ… ì „ì²´ 5ê°œ ëª¨ë¸ ë¡œë“œ ì™„ë£Œ
2025-10-15 02:55:32 | ðŸ”® K-Fold ì•™ìƒë¸” ì¶”ë¡  ì‹œìž‘ (soft_voting)
2025-10-15 02:55:32 | - ìƒ˜í”Œ ìˆ˜: 499
2025-10-15 02:55:32 | - Fold ìˆ˜: 5
2025-10-15 02:55:32 | - ë°°ì¹˜ í¬ê¸°: 32
2025-10-15 02:55:32 | [Fold 1/5] ì˜ˆì¸¡ ì¤‘...
2025-10-15 02:56:10 | âœ… Fold 1 ì˜ˆì¸¡ ì™„ë£Œ (499ê°œ)
2025-10-15 02:56:10 | [Fold 2/5] ì˜ˆì¸¡ ì¤‘...
2025-10-15 02:56:47 | âœ… Fold 2 ì˜ˆì¸¡ ì™„ë£Œ (499ê°œ)
2025-10-15 02:56:47 | [Fold 3/5] ì˜ˆì¸¡ ì¤‘...
2025-10-15 02:57:25 | âœ… Fold 3 ì˜ˆì¸¡ ì™„ë£Œ (499ê°œ)
2025-10-15 02:57:25 | [Fold 4/5] ì˜ˆì¸¡ ì¤‘...
2025-10-15 02:58:02 | âœ… Fold 4 ì˜ˆì¸¡ ì™„ë£Œ (499ê°œ)
2025-10-15 02:58:02 | [Fold 5/5] ì˜ˆì¸¡ ì¤‘...
2025-10-15 02:58:40 | âœ… Fold 5 ì˜ˆì¸¡ ì™„ë£Œ (499ê°œ)
2025-10-15 02:58:40 | ðŸ”„ ì•™ìƒë¸” ìˆ˜í–‰ ì¤‘ (soft_voting)...
2025-10-15 02:58:40 | âœ… ì•™ìƒë¸” ì™„ë£Œ
2025-10-15 02:58:40 | ðŸ’¾ ì²´í¬í¬ì¸íŠ¸ ì €ìž¥: experiments/20251015/20251015_025529_inference_kobart_kfold_soft_voting_bs32_maxnew60_hf_solar/checkpoints/kfold_checkpoint.pkl
2025-10-15 02:58:40 | [4/6] ðŸ”§ HuggingFace ì‚¬ì „í•™ìŠµ ëª¨ë¸ ë³´ì • ì‹œìž‘
2025-10-15 02:58:40 | - ë³´ì • ëª¨ë¸: gogamza/kobart-base-v2, digit82/kobart-summarization
2025-10-15 02:58:40 | - ë³´ì • ì „ëžµ: quality_based
2025-10-15 02:58:40 | - í’ˆì§ˆ ìž„ê³„ê°’: 0.3
2025-10-15 02:58:40 | ëª¨ë¸ ë¡œë“œ ì¤‘: gogamza/kobart-base-v2
2025-10-15 02:58:43 | âœ… ë¡œë“œ ì™„ë£Œ: gogamza/kobart-base-v2
2025-10-15 02:58:43 | ëª¨ë¸ ë¡œë“œ ì¤‘: digit82/kobart-summarization
2025-10-15 02:58:45 | âœ… ë¡œë“œ ì™„ë£Œ: digit82/kobart-summarization
2025-10-15 02:58:45 | ============================================================
2025-10-15 02:58:45 | ì‚¬ì „í•™ìŠµ ëª¨ë¸ ë³´ì • ì‹œìž‘
2025-10-15 02:58:45 | - ìƒ˜í”Œ ìˆ˜: 499
2025-10-15 02:58:45 | - ì°¸ì¡° ëª¨ë¸ ìˆ˜: 2
2025-10-15 02:58:45 | - ë³´ì • ì „ëžµ: quality_based
2025-10-15 02:58:45 | - í’ˆì§ˆ ìž„ê³„ê°’: 0.3
2025-10-15 02:58:45 | ============================================================
2025-10-15 02:58:45 | [1/3] ì°¸ì¡° ìš”ì•½ ìƒì„± ì¤‘: gogamza/kobart-base-v2
2025-10-15 02:59:23 | âš ï¸  425ê°œ ìƒ˜í”Œì´ dialogue ë³µì‚¬ë¡œ ê°ì§€ë˜ì–´ í•„í„°ë§ë¨
2025-10-15 02:59:23 | âœ… ì™„ë£Œ: 499ê°œ ìš”ì•½ ìƒì„±
2025-10-15 02:59:23 | [1/3] ì°¸ì¡° ìš”ì•½ ìƒì„± ì¤‘: digit82/kobart-summarization
2025-10-15 02:59:59 | âš ï¸  175ê°œ ìƒ˜í”Œì´ dialogue ë³µì‚¬ë¡œ ê°ì§€ë˜ì–´ í•„í„°ë§ë¨
2025-10-15 02:59:59 | âœ… ì™„ë£Œ: 499ê°œ ìš”ì•½ ìƒì„±
2025-10-15 02:59:59 | [2/3] í’ˆì§ˆ í‰ê°€ ì¤‘...
2025-10-15 02:59:59 | í’ˆì§ˆ í‰ê°€ ì‹œìž‘...
2025-10-15 02:59:59 | [1/3] Self-ROUGE ê³„ì‚° ì¤‘...
2025-10-15 02:59:59 | [2/3] ëª¨ë¸ë³„ í’ˆì§ˆ ê³„ì‚° ì¤‘...
2025-10-15 02:59:59 | [3/3] Candidate í’ˆì§ˆ ê³„ì‚° ì¤‘...
2025-10-15 03:00:00 | [4/4] dialogue ìœ ì‚¬ë„ íŽ˜ë„í‹° ì ìš© ì¤‘...
2025-10-15 03:00:00 | âœ… í‰ê°€ ì™„ë£Œ
2025-10-15 03:00:00 | âœ… í‰ê°€ ì™„ë£Œ
2025-10-15 03:00:00 | [3/3] ë³´ì • ì „ëžµ ì ìš© ì¤‘: quality_based
2025-10-15 03:00:00 | âœ… ë³´ì • ì™„ë£Œ
2025-10-15 03:00:00 | ðŸ“Š ë³´ì • í†µê³„:
2025-10-15 03:00:00 | - ì „ì²´: 499ê°œ
2025-10-15 03:00:00 | - ë³´ì •ë¨: 8ê°œ (1.6%)
2025-10-15 03:00:00 | - ìœ ì§€ë¨: 491ê°œ
2025-10-15 03:00:00 | ============================================================
2025-10-15 03:00:00 | âœ… HuggingFace ë³´ì • ì™„ë£Œ
2025-10-15 03:00:00 | ðŸ’¾ ì²´í¬í¬ì¸íŠ¸ ì €ìž¥: experiments/20251015/20251015_025529_inference_kobart_kfold_soft_voting_bs32_maxnew60_hf_solar/checkpoints/hf_correction_checkpoint.pkl
2025-10-15 03:00:00 | [5/6] ðŸŒž Solar API ì•™ìƒë¸” ì‹œìž‘
2025-10-15 03:00:00 | - ëª¨ë¸: solar-1-chat
2025-10-15 03:00:00 | - Temperature: 0.2
2025-10-15 03:00:00 | - ë°°ì¹˜ í¬ê¸°: 5
2025-10-15 03:00:00 | - ëŒ€ê¸° ì‹œê°„: 2.0ì´ˆ
2025-10-15 03:00:00 | Solar API í´ë¼ì´ì–¸íŠ¸ ì´ˆê¸°í™” ì„±ê³µ
2025-10-15 03:00:00 | Solar API ë°°ì¹˜ ìš”ì•½ ìƒì„± ì¤‘...
2025-10-15 03:00:00 | ë°°ì¹˜ ìš”ì•½ ì‹œìž‘: 499ê°œ ëŒ€í™”
2025-10-15 03:00:00 | - ë°°ì¹˜ í¬ê¸°: 5
2025-10-15 03:00:00 | - Rate limit ëŒ€ê¸°: 2.0ì´ˆ
2025-10-15 03:00:00 | [ë°°ì¹˜ 1-5/499] ì²˜ë¦¬ ì¤‘...
2025-10-15 03:00:07 | âœ… ì™„ë£Œ (ëˆ„ì : 5/499)
2025-10-15 03:00:09 | [ë°°ì¹˜ 6-10/499] ì²˜ë¦¬ ì¤‘...
2025-10-15 03:00:17 | âœ… ì™„ë£Œ (ëˆ„ì : 10/499)
2025-10-15 03:00:19 | [ë°°ì¹˜ 11-15/499] ì²˜ë¦¬ ì¤‘...
2025-10-15 03:00:24 | âœ… ì™„ë£Œ (ëˆ„ì : 15/499)
2025-10-15 03:00:26 | [ë°°ì¹˜ 16-20/499] ì²˜ë¦¬ ì¤‘...
2025-10-15 03:00:32 | âœ… ì™„ë£Œ (ëˆ„ì : 20/499)
2025-10-15 03:00:34 | [ë°°ì¹˜ 21-25/499] ì²˜ë¦¬ ì¤‘...
2025-10-15 03:00:40 | âœ… ì™„ë£Œ (ëˆ„ì : 25/499)
2025-10-15 03:00:42 | [ë°°ì¹˜ 26-30/499] ì²˜ë¦¬ ì¤‘...
2025-10-15 03:00:50 | âœ… ì™„ë£Œ (ëˆ„ì : 30/499)
2025-10-15 03:00:52 | [ë°°ì¹˜ 31-35/499] ì²˜ë¦¬ ì¤‘...
2025-10-15 03:00:58 | âœ… ì™„ë£Œ (ëˆ„ì : 35/499)
2025-10-15 03:01:00 | [ë°°ì¹˜ 36-40/499] ì²˜ë¦¬ ì¤‘...
2025-10-15 03:01:07 | âœ… ì™„ë£Œ (ëˆ„ì : 40/499)
2025-10-15 03:01:09 | [ë°°ì¹˜ 41-45/499] ì²˜ë¦¬ ì¤‘...
2025-10-15 03:01:14 | âœ… ì™„ë£Œ (ëˆ„ì : 45/499)
2025-10-15 03:01:17 | [ë°°ì¹˜ 46-50/499] ì²˜ë¦¬ ì¤‘...
2025-10-15 03:01:25 | âœ… ì™„ë£Œ (ëˆ„ì : 50/499)
2025-10-15 03:01:27 | [ë°°ì¹˜ 51-55/499] ì²˜ë¦¬ ì¤‘...
2025-10-15 03:01:33 | âœ… ì™„ë£Œ (ëˆ„ì : 55/499)
2025-10-15 03:01:35 | [ë°°ì¹˜ 56-60/499] ì²˜ë¦¬ ì¤‘...
2025-10-15 03:01:41 | âœ… ì™„ë£Œ (ëˆ„ì : 60/499)
2025-10-15 03:01:43 | [ë°°ì¹˜ 61-65/499] ì²˜ë¦¬ ì¤‘...
2025-10-15 03:01:50 | âœ… ì™„ë£Œ (ëˆ„ì : 65/499)
2025-10-15 03:01:52 | [ë°°ì¹˜ 66-70/499] ì²˜ë¦¬ ì¤‘...
2025-10-15 03:01:57 | âœ… ì™„ë£Œ (ëˆ„ì : 70/499)
2025-10-15 03:01:59 | [ë°°ì¹˜ 71-75/499] ì²˜ë¦¬ ì¤‘...
2025-10-15 03:02:07 | âœ… ì™„ë£Œ (ëˆ„ì : 75/499)
2025-10-15 03:02:09 | [ë°°ì¹˜ 76-80/499] ì²˜ë¦¬ ì¤‘...
2025-10-15 03:02:15 | âœ… ì™„ë£Œ (ëˆ„ì : 80/499)
2025-10-15 03:02:17 | [ë°°ì¹˜ 81-85/499] ì²˜ë¦¬ ì¤‘...
2025-10-15 03:02:25 | âœ… ì™„ë£Œ (ëˆ„ì : 85/499)
2025-10-15 03:02:27 | [ë°°ì¹˜ 86-90/499] ì²˜ë¦¬ ì¤‘...
2025-10-15 03:02:34 | âœ… ì™„ë£Œ (ëˆ„ì : 90/499)
2025-10-15 03:02:36 | [ë°°ì¹˜ 91-95/499] ì²˜ë¦¬ ì¤‘...
2025-10-15 03:02:42 | âœ… ì™„ë£Œ (ëˆ„ì : 95/499)
2025-10-15 03:02:44 | [ë°°ì¹˜ 96-100/499] ì²˜ë¦¬ ì¤‘...
2025-10-15 03:02:50 | âœ… ì™„ë£Œ (ëˆ„ì : 100/499)
2025-10-15 03:02:52 | [ë°°ì¹˜ 101-105/499] ì²˜ë¦¬ ì¤‘...
2025-10-15 03:02:58 | âœ… ì™„ë£Œ (ëˆ„ì : 105/499)
2025-10-15 03:03:00 | [ë°°ì¹˜ 106-110/499] ì²˜ë¦¬ ì¤‘...
2025-10-15 03:03:05 | âœ… ì™„ë£Œ (ëˆ„ì : 110/499)
2025-10-15 03:03:07 | [ë°°ì¹˜ 111-115/499] ì²˜ë¦¬ ì¤‘...
2025-10-15 03:03:13 | âœ… ì™„ë£Œ (ëˆ„ì : 115/499)
2025-10-15 03:03:15 | [ë°°ì¹˜ 116-120/499] ì²˜ë¦¬ ì¤‘...
2025-10-15 03:03:21 | âœ… ì™„ë£Œ (ëˆ„ì : 120/499)
2025-10-15 03:03:23 | [ë°°ì¹˜ 121-125/499] ì²˜ë¦¬ ì¤‘...
2025-10-15 03:03:31 | âœ… ì™„ë£Œ (ëˆ„ì : 125/499)
2025-10-15 03:03:33 | [ë°°ì¹˜ 126-130/499] ì²˜ë¦¬ ì¤‘...
2025-10-15 03:03:39 | âœ… ì™„ë£Œ (ëˆ„ì : 130/499)
2025-10-15 03:03:41 | [ë°°ì¹˜ 131-135/499] ì²˜ë¦¬ ì¤‘...
2025-10-15 03:03:47 | âœ… ì™„ë£Œ (ëˆ„ì : 135/499)
2025-10-15 03:03:49 | [ë°°ì¹˜ 136-140/499] ì²˜ë¦¬ ì¤‘...
2025-10-15 03:03:54 | âœ… ì™„ë£Œ (ëˆ„ì : 140/499)
2025-10-15 03:03:56 | [ë°°ì¹˜ 141-145/499] ì²˜ë¦¬ ì¤‘...
2025-10-15 03:04:03 | âœ… ì™„ë£Œ (ëˆ„ì : 145/499)
2025-10-15 03:04:05 | [ë°°ì¹˜ 146-150/499] ì²˜ë¦¬ ì¤‘...
2025-10-15 03:04:11 | âœ… ì™„ë£Œ (ëˆ„ì : 150/499)
2025-10-15 03:04:13 | [ë°°ì¹˜ 151-155/499] ì²˜ë¦¬ ì¤‘...
2025-10-15 03:04:18 | âœ… ì™„ë£Œ (ëˆ„ì : 155/499)
2025-10-15 03:04:20 | [ë°°ì¹˜ 156-160/499] ì²˜ë¦¬ ì¤‘...
2025-10-15 03:04:26 | âœ… ì™„ë£Œ (ëˆ„ì : 160/499)
2025-10-15 03:04:28 | [ë°°ì¹˜ 161-165/499] ì²˜ë¦¬ ì¤‘...
2025-10-15 03:04:35 | âœ… ì™„ë£Œ (ëˆ„ì : 165/499)
2025-10-15 03:04:37 | [ë°°ì¹˜ 166-170/499] ì²˜ë¦¬ ì¤‘...
2025-10-15 03:04:42 | âœ… ì™„ë£Œ (ëˆ„ì : 170/499)
2025-10-15 03:04:44 | [ë°°ì¹˜ 171-175/499] ì²˜ë¦¬ ì¤‘...
2025-10-15 03:04:51 | âœ… ì™„ë£Œ (ëˆ„ì : 175/499)
2025-10-15 03:04:53 | [ë°°ì¹˜ 176-180/499] ì²˜ë¦¬ ì¤‘...
2025-10-15 03:05:00 | âœ… ì™„ë£Œ (ëˆ„ì : 180/499)
2025-10-15 03:05:02 | [ë°°ì¹˜ 181-185/499] ì²˜ë¦¬ ì¤‘...
2025-10-15 03:05:09 | âœ… ì™„ë£Œ (ëˆ„ì : 185/499)
2025-10-15 03:05:11 | [ë°°ì¹˜ 186-190/499] ì²˜ë¦¬ ì¤‘...
2025-10-15 03:05:16 | âœ… ì™„ë£Œ (ëˆ„ì : 190/499)
2025-10-15 03:05:18 | [ë°°ì¹˜ 191-195/499] ì²˜ë¦¬ ì¤‘...
2025-10-15 03:05:23 | âœ… ì™„ë£Œ (ëˆ„ì : 195/499)
2025-10-15 03:05:25 | [ë°°ì¹˜ 196-200/499] ì²˜ë¦¬ ì¤‘...
2025-10-15 03:05:32 | âœ… ì™„ë£Œ (ëˆ„ì : 200/499)
2025-10-15 03:05:34 | [ë°°ì¹˜ 201-205/499] ì²˜ë¦¬ ì¤‘...
2025-10-15 03:05:41 | âœ… ì™„ë£Œ (ëˆ„ì : 205/499)
2025-10-15 03:05:43 | [ë°°ì¹˜ 206-210/499] ì²˜ë¦¬ ì¤‘...
2025-10-15 03:05:49 | âœ… ì™„ë£Œ (ëˆ„ì : 210/499)
2025-10-15 03:05:51 | [ë°°ì¹˜ 211-215/499] ì²˜ë¦¬ ì¤‘...
2025-10-15 03:05:57 | âœ… ì™„ë£Œ (ëˆ„ì : 215/499)
2025-10-15 03:05:59 | [ë°°ì¹˜ 216-220/499] ì²˜ë¦¬ ì¤‘...
2025-10-15 03:06:04 | âœ… ì™„ë£Œ (ëˆ„ì : 220/499)
2025-10-15 03:06:06 | [ë°°ì¹˜ 221-225/499] ì²˜ë¦¬ ì¤‘...
2025-10-15 03:06:12 | âœ… ì™„ë£Œ (ëˆ„ì : 225/499)
2025-10-15 03:06:14 | [ë°°ì¹˜ 226-230/499] ì²˜ë¦¬ ì¤‘...
2025-10-15 03:06:23 | âœ… ì™„ë£Œ (ëˆ„ì : 230/499)
2025-10-15 03:06:25 | [ë°°ì¹˜ 231-235/499] ì²˜ë¦¬ ì¤‘...
2025-10-15 03:06:31 | âœ… ì™„ë£Œ (ëˆ„ì : 235/499)
2025-10-15 03:06:33 | [ë°°ì¹˜ 236-240/499] ì²˜ë¦¬ ì¤‘...
2025-10-15 03:06:40 | âœ… ì™„ë£Œ (ëˆ„ì : 240/499)
2025-10-15 03:06:42 | [ë°°ì¹˜ 241-245/499] ì²˜ë¦¬ ì¤‘...
2025-10-15 03:06:50 | âœ… ì™„ë£Œ (ëˆ„ì : 245/499)
2025-10-15 03:06:52 | [ë°°ì¹˜ 246-250/499] ì²˜ë¦¬ ì¤‘...
2025-10-15 03:06:58 | âœ… ì™„ë£Œ (ëˆ„ì : 250/499)
2025-10-15 03:07:00 | [ë°°ì¹˜ 251-255/499] ì²˜ë¦¬ ì¤‘...
2025-10-15 03:07:05 | âœ… ì™„ë£Œ (ëˆ„ì : 255/499)
2025-10-15 03:07:07 | [ë°°ì¹˜ 256-260/499] ì²˜ë¦¬ ì¤‘...
2025-10-15 03:07:13 | âœ… ì™„ë£Œ (ëˆ„ì : 260/499)
2025-10-15 03:07:15 | [ë°°ì¹˜ 261-265/499] ì²˜ë¦¬ ì¤‘...
2025-10-15 03:07:22 | âœ… ì™„ë£Œ (ëˆ„ì : 265/499)
2025-10-15 03:07:24 | [ë°°ì¹˜ 266-270/499] ì²˜ë¦¬ ì¤‘...
2025-10-15 03:07:30 | âœ… ì™„ë£Œ (ëˆ„ì : 270/499)
2025-10-15 03:07:32 | [ë°°ì¹˜ 271-275/499] ì²˜ë¦¬ ì¤‘...
2025-10-15 03:07:37 | âœ… ì™„ë£Œ (ëˆ„ì : 275/499)
2025-10-15 03:07:39 | [ë°°ì¹˜ 276-280/499] ì²˜ë¦¬ ì¤‘...
2025-10-15 03:07:44 | âœ… ì™„ë£Œ (ëˆ„ì : 280/499)
2025-10-15 03:07:46 | [ë°°ì¹˜ 281-285/499] ì²˜ë¦¬ ì¤‘...
2025-10-15 03:07:52 | âœ… ì™„ë£Œ (ëˆ„ì : 285/499)
2025-10-15 03:07:54 | [ë°°ì¹˜ 286-290/499] ì²˜ë¦¬ ì¤‘...
2025-10-15 03:08:01 | âœ… ì™„ë£Œ (ëˆ„ì : 290/499)
2025-10-15 03:08:03 | [ë°°ì¹˜ 291-295/499] ì²˜ë¦¬ ì¤‘...
2025-10-15 03:08:10 | âœ… ì™„ë£Œ (ëˆ„ì : 295/499)
2025-10-15 03:08:12 | [ë°°ì¹˜ 296-300/499] ì²˜ë¦¬ ì¤‘...
2025-10-15 03:08:18 | âœ… ì™„ë£Œ (ëˆ„ì : 300/499)
2025-10-15 03:08:20 | [ë°°ì¹˜ 301-305/499] ì²˜ë¦¬ ì¤‘...
2025-10-15 03:08:25 | âœ… ì™„ë£Œ (ëˆ„ì : 305/499)
2025-10-15 03:08:27 | [ë°°ì¹˜ 306-310/499] ì²˜ë¦¬ ì¤‘...
2025-10-15 03:08:33 | âœ… ì™„ë£Œ (ëˆ„ì : 310/499)
2025-10-15 03:08:35 | [ë°°ì¹˜ 311-315/499] ì²˜ë¦¬ ì¤‘...
2025-10-15 03:08:40 | âœ… ì™„ë£Œ (ëˆ„ì : 315/499)
2025-10-15 03:08:42 | [ë°°ì¹˜ 316-320/499] ì²˜ë¦¬ ì¤‘...
2025-10-15 03:08:47 | âœ… ì™„ë£Œ (ëˆ„ì : 320/499)
2025-10-15 03:08:49 | [ë°°ì¹˜ 321-325/499] ì²˜ë¦¬ ì¤‘...
2025-10-15 03:08:54 | âœ… ì™„ë£Œ (ëˆ„ì : 325/499)
2025-10-15 03:08:56 | [ë°°ì¹˜ 326-330/499] ì²˜ë¦¬ ì¤‘...
2025-10-15 03:09:03 | âœ… ì™„ë£Œ (ëˆ„ì : 330/499)
2025-10-15 03:09:05 | [ë°°ì¹˜ 331-335/499] ì²˜ë¦¬ ì¤‘...
2025-10-15 03:09:10 | âœ… ì™„ë£Œ (ëˆ„ì : 335/499)
2025-10-15 03:09:12 | [ë°°ì¹˜ 336-340/499] ì²˜ë¦¬ ì¤‘...
2025-10-15 03:09:17 | âœ… ì™„ë£Œ (ëˆ„ì : 340/499)
2025-10-15 03:09:19 | [ë°°ì¹˜ 341-345/499] ì²˜ë¦¬ ì¤‘...
2025-10-15 03:09:25 | âœ… ì™„ë£Œ (ëˆ„ì : 345/499)
2025-10-15 03:09:27 | [ë°°ì¹˜ 346-350/499] ì²˜ë¦¬ ì¤‘...
2025-10-15 03:09:34 | âœ… ì™„ë£Œ (ëˆ„ì : 350/499)
2025-10-15 03:09:36 | [ë°°ì¹˜ 351-355/499] ì²˜ë¦¬ ì¤‘...
2025-10-15 03:09:41 | âœ… ì™„ë£Œ (ëˆ„ì : 355/499)
2025-10-15 03:09:43 | [ë°°ì¹˜ 356-360/499] ì²˜ë¦¬ ì¤‘...
2025-10-15 03:09:48 | âœ… ì™„ë£Œ (ëˆ„ì : 360/499)
2025-10-15 03:09:50 | [ë°°ì¹˜ 361-365/499] ì²˜ë¦¬ ì¤‘...
2025-10-15 03:09:55 | âœ… ì™„ë£Œ (ëˆ„ì : 365/499)
2025-10-15 03:09:57 | [ë°°ì¹˜ 366-370/499] ì²˜ë¦¬ ì¤‘...
2025-10-15 03:10:03 | âœ… ì™„ë£Œ (ëˆ„ì : 370/499)
2025-10-15 03:10:05 | [ë°°ì¹˜ 371-375/499] ì²˜ë¦¬ ì¤‘...
2025-10-15 03:10:10 | âœ… ì™„ë£Œ (ëˆ„ì : 375/499)
2025-10-15 03:10:12 | [ë°°ì¹˜ 376-380/499] ì²˜ë¦¬ ì¤‘...
2025-10-15 03:10:19 | âœ… ì™„ë£Œ (ëˆ„ì : 380/499)
2025-10-15 03:10:21 | [ë°°ì¹˜ 381-385/499] ì²˜ë¦¬ ì¤‘...
2025-10-15 03:10:29 | âœ… ì™„ë£Œ (ëˆ„ì : 385/499)
2025-10-15 03:10:31 | [ë°°ì¹˜ 386-390/499] ì²˜ë¦¬ ì¤‘...
2025-10-15 03:10:38 | âœ… ì™„ë£Œ (ëˆ„ì : 390/499)
2025-10-15 03:10:40 | [ë°°ì¹˜ 391-395/499] ì²˜ë¦¬ ì¤‘...
2025-10-15 03:10:46 | âœ… ì™„ë£Œ (ëˆ„ì : 395/499)
2025-10-15 03:10:48 | [ë°°ì¹˜ 396-400/499] ì²˜ë¦¬ ì¤‘...
2025-10-15 03:10:53 | âœ… ì™„ë£Œ (ëˆ„ì : 400/499)
2025-10-15 03:10:55 | [ë°°ì¹˜ 401-405/499] ì²˜ë¦¬ ì¤‘...
2025-10-15 03:11:00 | âœ… ì™„ë£Œ (ëˆ„ì : 405/499)
2025-10-15 03:11:02 | [ë°°ì¹˜ 406-410/499] ì²˜ë¦¬ ì¤‘...
2025-10-15 03:11:09 | âœ… ì™„ë£Œ (ëˆ„ì : 410/499)
2025-10-15 03:11:11 | [ë°°ì¹˜ 411-415/499] ì²˜ë¦¬ ì¤‘...
2025-10-15 03:11:17 | âœ… ì™„ë£Œ (ëˆ„ì : 415/499)
2025-10-15 03:11:19 | [ë°°ì¹˜ 416-420/499] ì²˜ë¦¬ ì¤‘...
2025-10-15 03:11:24 | âœ… ì™„ë£Œ (ëˆ„ì : 420/499)
2025-10-15 03:11:26 | [ë°°ì¹˜ 421-425/499] ì²˜ë¦¬ ì¤‘...
2025-10-15 03:11:32 | âœ… ì™„ë£Œ (ëˆ„ì : 425/499)
2025-10-15 03:11:34 | [ë°°ì¹˜ 426-430/499] ì²˜ë¦¬ ì¤‘...
2025-10-15 03:11:39 | âœ… ì™„ë£Œ (ëˆ„ì : 430/499)
2025-10-15 03:11:42 | [ë°°ì¹˜ 431-435/499] ì²˜ë¦¬ ì¤‘...
2025-10-15 03:11:47 | âœ… ì™„ë£Œ (ëˆ„ì : 435/499)
2025-10-15 03:11:49 | [ë°°ì¹˜ 436-440/499] ì²˜ë¦¬ ì¤‘...
2025-10-15 03:11:55 | âœ… ì™„ë£Œ (ëˆ„ì : 440/499)
2025-10-15 03:11:57 | [ë°°ì¹˜ 441-445/499] ì²˜ë¦¬ ì¤‘...
2025-10-15 03:12:04 | âœ… ì™„ë£Œ (ëˆ„ì : 445/499)
2025-10-15 03:12:06 | [ë°°ì¹˜ 446-450/499] ì²˜ë¦¬ ì¤‘...
2025-10-15 03:12:12 | âœ… ì™„ë£Œ (ëˆ„ì : 450/499)
2025-10-15 03:12:14 | [ë°°ì¹˜ 451-455/499] ì²˜ë¦¬ ì¤‘...
2025-10-15 03:12:19 | âœ… ì™„ë£Œ (ëˆ„ì : 455/499)
2025-10-15 03:12:21 | [ë°°ì¹˜ 456-460/499] ì²˜ë¦¬ ì¤‘...
2025-10-15 03:12:27 | âœ… ì™„ë£Œ (ëˆ„ì : 460/499)
2025-10-15 03:12:29 | [ë°°ì¹˜ 461-465/499] ì²˜ë¦¬ ì¤‘...
2025-10-15 03:12:34 | âœ… ì™„ë£Œ (ëˆ„ì : 465/499)
2025-10-15 03:12:36 | [ë°°ì¹˜ 466-470/499] ì²˜ë¦¬ ì¤‘...
2025-10-15 03:12:42 | âœ… ì™„ë£Œ (ëˆ„ì : 470/499)
2025-10-15 03:12:44 | [ë°°ì¹˜ 471-475/499] ì²˜ë¦¬ ì¤‘...
2025-10-15 03:12:52 | âœ… ì™„ë£Œ (ëˆ„ì : 475/499)
2025-10-15 03:12:54 | [ë°°ì¹˜ 476-480/499] ì²˜ë¦¬ ì¤‘...
2025-10-15 03:13:00 | âœ… ì™„ë£Œ (ëˆ„ì : 480/499)
2025-10-15 03:13:02 | [ë°°ì¹˜ 481-485/499] ì²˜ë¦¬ ì¤‘...
2025-10-15 03:13:08 | âœ… ì™„ë£Œ (ëˆ„ì : 485/499)
2025-10-15 03:13:10 | [ë°°ì¹˜ 486-490/499] ì²˜ë¦¬ ì¤‘...
2025-10-15 03:13:18 | âœ… ì™„ë£Œ (ëˆ„ì : 490/499)
2025-10-15 03:13:20 | [ë°°ì¹˜ 491-495/499] ì²˜ë¦¬ ì¤‘...
2025-10-15 03:13:27 | âœ… ì™„ë£Œ (ëˆ„ì : 495/499)
2025-10-15 03:13:29 | [ë°°ì¹˜ 496-499/499] ì²˜ë¦¬ ì¤‘...
2025-10-15 03:13:34 | âœ… ì™„ë£Œ (ëˆ„ì : 499/499)
2025-10-15 03:13:34 | ë°°ì¹˜ ìš”ì•½ ì™„ë£Œ: 499ê°œ
2025-10-15 03:13:34 | KoBARTì™€ Solar ì•™ìƒë¸” ìˆ˜í–‰ ì¤‘...
2025-10-15 03:13:34 | âœ… Solar API ì•™ìƒë¸” ì™„ë£Œ
2025-10-15 03:13:34 | ðŸ’¾ ì²´í¬í¬ì¸íŠ¸ ì €ìž¥: experiments/20251015/20251015_025529_inference_kobart_kfold_soft_voting_bs32_maxnew60_hf_solar/checkpoints/solar_api_checkpoint.pkl
2025-10-15 03:13:34 | [6/6] ì œì¶œ íŒŒì¼ ì €ìž¥ ì¤‘...
2025-10-15 03:13:34 | âœ… ì œì¶œ íŒŒì¼ ìƒì„± (1): experiments/20251015/20251015_025529_inference_kobart_kfold_soft_voting_bs32_maxnew60_hf_solar/submission/20251015_025529_inference_kobart_kfold_soft_voting_bs32_maxnew60_hf_solar.csv
2025-10-15 03:13:34 | âœ… ì œì¶œ íŒŒì¼ ìƒì„± (2): submissions/20251015/20251015_025529_inference_kobart_kfold_soft_voting_bs32_maxnew60_hf_solar.csv
2025-10-15 03:13:34 | ============================================================
2025-10-15 03:13:34 | ðŸ“Š ì¶”ë¡  íŒŒì´í”„ë¼ì¸ ì™„ë£Œ!
2025-10-15 03:13:34 | ============================================================
2025-10-15 03:13:34 | âœ… ì‹¤í–‰ëœ ë‹¨ê³„:
2025-10-15 03:13:34 | 1. K-Fold ì•™ìƒë¸” (5ê°œ ëª¨ë¸, soft_voting)
2025-10-15 03:13:34 | 2. HuggingFace ë³´ì • (gogamza/kobart-base-v2, digit82/kobart-summarization)
2025-10-15 03:13:34 | 3. Solar API ì•™ìƒë¸” (solar-1-chat)
2025-10-15 03:13:34 | 4. í›„ì²˜ë¦¬ (Predictor ë‚´ìž¥)
2025-10-15 03:13:34 | 5. ì œì¶œ íŒŒì¼ ìƒì„±
2025-10-15 03:13:34 | ðŸ“ˆ ê²°ê³¼ í†µê³„:
2025-10-15 03:13:34 | - ì´ ìƒ˜í”Œ ìˆ˜: 499
2025-10-15 03:13:34 | - í‰ê·  ìš”ì•½ ê¸¸ì´: 179.7ìž
2025-10-15 03:13:34 | ðŸ“ ìƒ˜í”Œ ì˜ˆì¸¡ ê²°ê³¼ (ì²˜ìŒ 3ê°œ):
2025-10-15 03:13:34 | [test_0]: íšŒì‚¬ì—ì„œ ëª¨ë“  í†µì‹ ì€ ì´ë©”ì¼ê³¼ ê³µì‹ ë©”ëª¨ë¡œë§Œ ì œí•œë˜ë©°, ê·¼ë¬´ ì‹œê°„ ë™ì•ˆ ì¦‰ì‹œ ë©”ì‹œì§€ í”„ë¡œê·¸ëž¨ ì‚¬ìš©ì€ ê¸ˆì§€ëœë‹¤. ì´ ì •ì±…ì€ ì‚¬ë¬´ì‹¤ ë‚´ ì§ì› ê°„ í†µ...
2025-10-15 03:13:34 | [test_1]: ëŒ€í™”ì—ì„œëŠ” ì¶œí‡´ê·¼ ì‹œê°„ì˜ êµí†µì²´ì¦ ë¬¸ì œë¡œ ì¸í•´ ëŒ€ì¤‘êµí†µì´ë‚˜ ìžì „ê±° ì´ìš©ì— ëŒ€í•œ ì´ì•¼ê¸°ê°€ ë‚˜ì˜µë‹ˆë‹¤. BëŠ” êµí†µì²´ì¦ìœ¼ë¡œ ì¸í•´ ì¶œí‡´ê·¼ì— ì‹œê°„ì´ ì˜¤ëž˜ ...
2025-10-15 03:13:34 | [test_2]: Kateì—ê²Œ Mashaì™€ Heroê°€ ë‘ ë‹¬ ê°„ì˜ ë³„ê±° ëì— ì´í˜¼ ì‹ ì²­ì„ í–ˆë‹¤ëŠ” ì†Œì‹ì„ ì „í•œë‹¤. ì•„ì´ë“¤ì€ Mashaê°€ ì–‘ìœ¡í•˜ë©°, ìž¬ì‚° ë° ì£¼ì‹ ë¬¸...
2025-10-15 03:13:34 | ============================================================
2025-10-15 03:13:34 | ðŸŽ‰ K-Fold ì•™ìƒë¸” ì¶”ë¡  ì™„ë£Œ!
2025-10-15 03:13:34 | ðŸ“ ì œì¶œ íŒŒì¼: experiments/20251015/20251015_025529_inference_kobart_kfold_soft_voting_bs32_maxnew60_hf_solar/submission/20251015_025529_inference_kobart_kfold_soft_voting_bs32_maxnew60_hf_solar.csv
2025-10-15 03:13:34 | ============================================================
2025-10-15 03:13:34 | >> ë¡œê·¸ ë¦¬ë””ë ‰ì…˜ ì¤‘ë£Œ.
