[2025-10-10 09:55:39] === Baseline Experiment Started ===
[2025-10-10 09:55:39] GPU Tier: LOW
[2025-10-10 09:55:39] GPU: NVIDIA GeForce RTX 4090
[2025-10-10 09:55:39] Loading data from config paths:
[2025-10-10 09:55:39]   - Train: /home/ieyeppo/AI_Lab/natural-language-processing-competition/notebooks/team/CHH/../../../data/raw/train.csv
[2025-10-10 09:55:39]   - Dev: /home/ieyeppo/AI_Lab/natural-language-processing-competition/notebooks/team/CHH/../../../data/raw/dev.csv
[2025-10-10 09:55:39]   - Test: /home/ieyeppo/AI_Lab/natural-language-processing-competition/notebooks/team/CHH/../../../data/raw/test.csv
[2025-10-10 09:55:39] Data loaded successfully!
[2025-10-10 09:55:39] Train samples: 12457
[2025-10-10 09:55:39] Dev samples: 499
[2025-10-10 09:55:39] Test samples: 499
[2025-10-10 09:55:43] Model loaded: digit82/kobart-summarization
[2025-10-10 09:55:43] Data preprocessing completed
[2025-10-10 09:55:43] Dataset created - Train: 12457, Val: 499, Test: 499
[2025-10-10 09:55:43] Using device: cuda
[2025-10-10 09:55:43] Optimizer and scheduler initialized
[2025-10-10 09:55:43] Learning rate: 5e-05
[2025-10-10 09:55:43] Total training steps: 7790
[2025-10-10 09:55:43] Warmup steps: 779
[2025-10-10 09:55:43] ==================================================
[2025-10-10 09:55:43] Starting training...
[2025-10-10 09:55:43] ==================================================
[2025-10-10 09:55:43] 
Epoch 1/10
[2025-10-10 09:55:43] ------------------------------
[2025-10-10 09:57:28] Average training loss: 1.5061
[2025-10-10 09:58:42] Validation loss: 0.5410
[2025-10-10 09:58:42] ROUGE-1 F1: 0.1548
[2025-10-10 09:58:42] ROUGE-2 F1: 0.0446
[2025-10-10 09:58:42] ROUGE-L F1: 0.1490
[2025-10-10 09:58:42] 
Sample predictions:
[2025-10-10 09:58:42]   Sample 1: #Person1#은 감기에 걸렸다고 말하며, 천식 검사를 위해 폐 전문의에게 가보라고 제안합니다.
세요?
어.
!
㗡까요?
...
[2025-10-10 09:58:42]   Sample 2: #Person1#은 Jimmy에게 운동하러 가자고 제안하고, Jammi는 토요일에 운동하자고 제안한다. 그들은 오후 3시 30분에 체육관에서 만나기로 한다. 그들은 체육관 운동에 ...
[2025-10-10 09:58:43] ✓ New best model saved! (ROUGE-L: 0.1490)
[2025-10-10 09:58:57] 
Epoch 2/10
[2025-10-10 09:58:57] ------------------------------
[2025-10-10 10:00:44] Average training loss: 0.5021
[2025-10-10 10:01:56] Validation loss: 0.5106
[2025-10-10 10:01:56] ROUGE-1 F1: 0.1448
[2025-10-10 10:01:56] ROUGE-2 F1: 0.0416
[2025-10-10 10:01:56] ROUGE-L F1: 0.1372
[2025-10-10 10:01:56] 
Sample predictions:
[2025-10-10 10:01:56]   Sample 1: #Person2#는 숨쉬기 힘들다고 호소하며, 천식 검사를 위해 폐 전문의에게 가볼 것을 권장합니다.
어.
세요?
!
어요?
까요?
 
예요.
어요.
겠습니다.
습니다.
죠?
㗡더...
[2025-10-10 10:01:56]   Sample 2: #Person1#이 Jimmy에게 운동 날짜를 물어보고, 그들은 오후 3시 30분에 체육관에서 운동하기로 결정한다.
어.
세요?
!
어요?
까요?
예요.
겠습니다.
 
어요.
죠?...
[2025-10-10 10:02:06] 
Epoch 3/10
[2025-10-10 10:02:06] ------------------------------
[2025-10-10 10:03:52] Average training loss: 0.3884
[2025-10-10 10:05:06] Validation loss: 0.5182
[2025-10-10 10:05:06] ROUGE-1 F1: 0.1382
[2025-10-10 10:05:06] ROUGE-2 F1: 0.0389
[2025-10-10 10:05:06] ROUGE-L F1: 0.1315
[2025-10-10 10:05:06] 
Sample predictions:
[2025-10-10 10:05:06]   Sample 1: #Person2#는 최근 숨쉬기 어려움을 겪고 있으며, 천식 검사를 위해 폐 전문의에게 방문할 것을 권장하고 있습니다. 의사는 천식을 검사하기 위해 의사를 방문해야 한다고 안내합니...
[2025-10-10 10:05:06]   Sample 2: #Person1#이 Jimmy에게 운동을 하자고 제안하지만, 그녀는 다리가 아파서 거절한다. #My는 주간 일정을 변경하자고 제안하고, Jammi는 이를 수락한다. 결국 그들은 3...
[2025-10-10 10:05:17] 
Epoch 4/10
[2025-10-10 10:05:17] ------------------------------
[2025-10-10 10:07:02] Average training loss: 0.3052
[2025-10-10 10:08:14] Validation loss: 0.5443
[2025-10-10 10:08:14] ROUGE-1 F1: 0.1215
[2025-10-10 10:08:14] ROUGE-2 F1: 0.0329
[2025-10-10 10:08:14] ROUGE-L F1: 0.1162
[2025-10-10 10:08:14] 
Sample predictions:
[2025-10-10 10:08:14]   Sample 1: #Person2#는 최근 숨쉬기 어려움을 겪고 있으며, 천식 검사를 위해 폐 전문의에게 가볼 것을 권장합니다.세요?
어요?
어.
까요?
 
!
어요.
겠습니다.
예요.
.
더라.
...
[2025-10-10 10:08:14]   Sample 2: #Person1#이 Jimmy에게 운동 일정에 대해 물어보고, 결국 그들은 3시 30분에 체육관에서 함께 운동하기로 결정한다.세요?
어요?
 
까요?
겠습니다.
어.
어요.
!
....
[2025-10-10 10:08:14] Early stopping triggered after 4 epochs
[2025-10-10 10:08:14] 
==================================================
[2025-10-10 10:08:14] Training completed!
[2025-10-10 10:08:14] Best ROUGE-L: 0.1490
[2025-10-10 10:08:14] ==================================================
[2025-10-10 10:08:14] Best model loaded from epoch 1
[2025-10-10 10:08:14] Best ROUGE scores: {'rouge-1': 0.154792565273082, 'rouge-2': 0.04464649129948705, 'rouge-l': 0.1490111431801561}
[2025-10-10 10:08:14] 
Generating predictions for test set...
[2025-10-10 10:09:27] Generated 499 predictions
[2025-10-10 10:13:36] 
Submission file saved: /home/ieyeppo/AI_Lab/natural-language-processing-competition/notebooks/team/CHH/submissions/baseline/baseline_submission_20251010_101336.csv
[2025-10-10 10:13:37] 
✅ Baseline experiment completed successfully!
[2025-10-10 10:13:37] Log file: /home/ieyeppo/AI_Lab/natural-language-processing-competition/notebooks/team/CHH/logs/baseline/baseline.log
[2025-10-10 10:18:23] 
Submission file saved: /home/ieyeppo/AI_Lab/natural-language-processing-competition/notebooks/team/CHH/submissions/baseline/baseline_submission_20251010_101823.csv
[2025-10-10 10:18:23] 
✅ Baseline experiment completed successfully!
[2025-10-10 10:18:23] Log file: /home/ieyeppo/AI_Lab/natural-language-processing-competition/notebooks/team/CHH/logs/baseline/baseline.log
