[2025-10-10 10:52:43] === Baseline Experiment Started ===
[2025-10-10 10:52:43] GPU Tier: LOW
[2025-10-10 10:52:43] GPU: NVIDIA GeForce RTX 4090
[2025-10-10 10:52:43] Loading data from config paths:
[2025-10-10 10:52:43]   - Train: /home/ieyeppo/AI_Lab/natural-language-processing-competition/notebooks/team/CHH/../../../data/raw/train.csv
[2025-10-10 10:52:43]   - Dev: /home/ieyeppo/AI_Lab/natural-language-processing-competition/notebooks/team/CHH/../../../data/raw/dev.csv
[2025-10-10 10:52:43]   - Test: /home/ieyeppo/AI_Lab/natural-language-processing-competition/notebooks/team/CHH/../../../data/raw/test.csv
[2025-10-10 10:52:43] Data loaded successfully!
[2025-10-10 10:52:43] Train samples: 12457
[2025-10-10 10:52:43] Dev samples: 499
[2025-10-10 10:52:43] Test samples: 499
[2025-10-10 10:52:43] 
=== Data Quality Validation ===
[2025-10-10 10:52:43] Structure validation:
[2025-10-10 10:52:43]   - null_values: 0
[2025-10-10 10:52:43]   - duplicates: 0
[2025-10-10 10:52:43]   - empty_dialogues: 0
[2025-10-10 10:52:43]   - empty_summaries: 0
[2025-10-10 10:52:43] Content validation:
[2025-10-10 10:52:43]   - Avg dialogue length: 406.1
[2025-10-10 10:52:43]   - Summary ratio: 23.23%
[2025-10-10 10:52:43] Consistency validation:
[2025-10-10 10:52:43]   - Person tags consistent: True
[2025-10-10 10:52:43]   - Encoding issues: 1
[2025-10-10 10:52:43] Solar API key not found in config
[2025-10-10 10:52:48] Model loaded: digit82/kobart-summarization
[2025-10-10 10:52:48] Data preprocessing completed
[2025-10-10 10:52:48] Dataset created - Train: 12457, Val: 499, Test: 499
[2025-10-10 10:52:48] Using device: cuda
[2025-10-10 10:52:48] Optimizer and scheduler initialized
[2025-10-10 10:52:48] Learning rate: 5e-05
[2025-10-10 10:52:48] Total training steps: 2337
[2025-10-10 10:52:48] Warmup steps: 233
[2025-10-10 10:52:48] ==================================================
[2025-10-10 10:52:48] Starting training...
[2025-10-10 10:52:48] ==================================================
[2025-10-10 10:52:48] 
Epoch 1/3
[2025-10-10 10:52:48] ------------------------------
[2025-10-10 10:54:33] Average training loss: 1.1158
[2025-10-10 10:55:48] Validation loss: 0.5205
[2025-10-10 10:55:48] ROUGE-1 F1: 0.1430
[2025-10-10 10:55:48] ROUGE-2 F1: 0.0420
[2025-10-10 10:55:48] ROUGE-L F1: 0.1374
[2025-10-10 10:55:48] 
Sample predictions:
[2025-10-10 10:55:48]   Sample 1: #Person2#는 감기에 걸렸지만, 천식 검사를 위해 폐 전문의에게 방문할 것을 권장합니다.어.

!
세요?
까요?
어요?
 
죠?
예요.
더라.
겠습니다.
㗡어요.
...
[2025-10-10 10:55:48]   Sample 2: #Person1#은 Jimmy에게 이따 운동하러 가자고 제안하지만, Jammi는 농구 때문에 다리가 아파서 거절합니다. 그들은 3시 30분에 체육관에서 만나기로 합니다.
어.
!
...
[2025-10-10 10:55:49] ✓ New best model saved! (ROUGE-L: 0.1374)
[2025-10-10 10:55:59] 
Epoch 2/3
[2025-10-10 10:55:59] ------------------------------
[2025-10-10 10:57:44] Average training loss: 0.4562
[2025-10-10 10:59:01] Validation loss: 0.5062
[2025-10-10 10:59:01] ROUGE-1 F1: 0.1356
[2025-10-10 10:59:01] ROUGE-2 F1: 0.0378
[2025-10-10 10:59:01] ROUGE-L F1: 0.1287
[2025-10-10 10:59:01] 
Sample predictions:
[2025-10-10 10:59:01]   Sample 1: #Person1#은 숨쉬기 힘들다고 느끼고 있으며, #Anson2#는 천식 검사를 위해 폐 전문의에게 방문할 것을 권장합니다.
어.
세요?
!
어요?
까요?
 
죠?
예요.
어요....
[2025-10-10 10:59:01]   Sample 2: #Person1#은 농구 때문에 다리가 아파서 Jimmy와 함께 운동하기로 했습니다. 그들은 오후 3시 30분에 체육관에서 운동할 예정입니다.
!
어.
세요?
까요?
어요?
 
 ...
[2025-10-10 10:59:14] 
Epoch 3/3
[2025-10-10 10:59:14] ------------------------------
[2025-10-10 11:00:56] Average training loss: 0.3680
[2025-10-10 11:02:14] Validation loss: 0.5149
[2025-10-10 11:02:14] ROUGE-1 F1: 0.1369
[2025-10-10 11:02:14] ROUGE-2 F1: 0.0389
[2025-10-10 11:02:14] ROUGE-L F1: 0.1302
[2025-10-10 11:02:14] 
Sample predictions:
[2025-10-10 11:02:14]   Sample 1: #Person2#는 감기와 알레르기가 있지만 천식 검사를 위해 폐 전문의에게 가볼 것을 권장합니다.어.
까요?
세요?
!
어요?

 
예요.
어요.
죠?
더라.
습니다.
 해요.
...
[2025-10-10 11:02:14]   Sample 2: #Person1#이 Jimmy에게 운동 날짜를 알려주고, 그들은 오후 3시 30분에 체육관에서 운동하기로 결정한다.세요?
어.
까요?
!
어요?

예요.
 
죠?
어요.
 해요.
...
[2025-10-10 11:02:24] 
==================================================
[2025-10-10 11:02:24] Training completed!
[2025-10-10 11:02:24] Best ROUGE-L: 0.1374
[2025-10-10 11:02:24] ==================================================
[2025-10-10 11:02:25] Best model loaded from epoch 1
[2025-10-10 11:02:25] Best ROUGE scores: {'rouge-1': 0.1430321791403159, 'rouge-2': 0.041994684495943374, 'rouge-l': 0.13738257046862812}
[2025-10-10 11:02:25] 
Generating predictions for test set...
[2025-10-10 11:03:28] Generated 499 predictions
[2025-10-10 11:03:28] 
Submission file saved: /home/ieyeppo/AI_Lab/natural-language-processing-competition/notebooks/team/CHH/submissions/baseline/baseline_submission_20251010_110328.csv
[2025-10-10 11:03:29] 
✅ Baseline experiment completed successfully!
[2025-10-10 11:03:29] Log file: /home/ieyeppo/AI_Lab/natural-language-processing-competition/notebooks/team/CHH/logs/baseline/baseline.log
