2025-10-15 03:15:03 | >> í‘œì¤€ ì¶œë ¥ ë° ì˜¤ë¥˜ë¥¼ ë¡œê·¸ íŒŒì¼ë¡œ ë¦¬ë””ë ‰ì…˜ ì‹œìž‘
2025-10-15 03:15:03 | ============================================================
2025-10-15 03:15:03 | K-Fold ì•™ìƒë¸” ì¶”ë¡  ì‹œìž‘
2025-10-15 03:15:03 | ============================================================
2025-10-15 03:15:03 | [GPU ì •ë³´]
2025-10-15 03:15:03 | available: True
2025-10-15 03:15:03 | device_count: 1
2025-10-15 03:15:03 | current_device: 0
2025-10-15 03:15:03 | gpu_0: {'name': 'NVIDIA GeForce RTX 4090', 'total_memory_gb': 23.98779296875, 'major': 8, 'minor': 9, 'multi_processor_count': 128, 'allocated_memory_gb': 0.0, 'reserved_memory_gb': 0.0}
2025-10-15 03:15:03 | GPU Tier: LOW
2025-10-15 03:15:03 | [1/4] Fold ëª¨ë¸ íƒìƒ‰: experiments/20251014/20251014_183206_kobart_ultimate_kfold
2025-10-15 03:15:03 | âœ… fold_1: experiments/20251014/20251014_183206_kobart_ultimate_kfold/fold_1/kfold/final_model
2025-10-15 03:15:03 | âœ… fold_2: experiments/20251014/20251014_183206_kobart_ultimate_kfold/fold_2/kfold/final_model
2025-10-15 03:15:03 | âœ… fold_3: experiments/20251014/20251014_183206_kobart_ultimate_kfold/fold_3/kfold/final_model
2025-10-15 03:15:03 | âœ… fold_4: experiments/20251014/20251014_183206_kobart_ultimate_kfold/fold_4/kfold/final_model
2025-10-15 03:15:03 | âœ… fold_5: experiments/20251014/20251014_183206_kobart_ultimate_kfold/fold_5/kfold/final_model
2025-10-15 03:15:03 | ðŸ“Š ë°œê²¬ëœ Fold ìˆ˜: 5
2025-10-15 03:15:03 | [2/4] í…ŒìŠ¤íŠ¸ ë°ì´í„° ë¡œë”©: data/raw/test.csv
2025-10-15 03:15:03 | âœ… í…ŒìŠ¤íŠ¸ ìƒ˜í”Œ: 499ê°œ
2025-10-15 03:15:03 | [3/6] K-Fold ì•™ìƒë¸” ì¶”ë¡  ì‹¤í–‰...
2025-10-15 03:15:03 | - ì•™ìƒë¸” ë°©ë²•: soft_voting
2025-10-15 03:15:03 | - ë°°ì¹˜ í¬ê¸°: 32
2025-10-15 03:15:03 | ðŸ”„ 5ê°œ Fold ëª¨ë¸ ë¡œë”© ì¤‘...
2025-10-15 03:15:03 | [Fold 1/5] ë¡œë”©: experiments/20251014/20251014_183206_kobart_ultimate_kfold/fold_1/kfold/final_model
2025-10-15 03:15:04 | âœ… ì™„ë£Œ
2025-10-15 03:15:04 | [Fold 2/5] ë¡œë”©: experiments/20251014/20251014_183206_kobart_ultimate_kfold/fold_2/kfold/final_model
2025-10-15 03:15:04 | âœ… ì™„ë£Œ
2025-10-15 03:15:04 | [Fold 3/5] ë¡œë”©: experiments/20251014/20251014_183206_kobart_ultimate_kfold/fold_3/kfold/final_model
2025-10-15 03:15:05 | âœ… ì™„ë£Œ
2025-10-15 03:15:05 | [Fold 4/5] ë¡œë”©: experiments/20251014/20251014_183206_kobart_ultimate_kfold/fold_4/kfold/final_model
2025-10-15 03:15:05 | âœ… ì™„ë£Œ
2025-10-15 03:15:05 | [Fold 5/5] ë¡œë”©: experiments/20251014/20251014_183206_kobart_ultimate_kfold/fold_5/kfold/final_model
2025-10-15 03:15:06 | âœ… ì™„ë£Œ
2025-10-15 03:15:06 | âœ… ì „ì²´ 5ê°œ ëª¨ë¸ ë¡œë“œ ì™„ë£Œ
2025-10-15 03:15:06 | ðŸ”® K-Fold ì•™ìƒë¸” ì¶”ë¡  ì‹œìž‘ (soft_voting)
2025-10-15 03:15:06 | - ìƒ˜í”Œ ìˆ˜: 499
2025-10-15 03:15:06 | - Fold ìˆ˜: 5
2025-10-15 03:15:06 | - ë°°ì¹˜ í¬ê¸°: 32
2025-10-15 03:15:06 | [Fold 1/5] ì˜ˆì¸¡ ì¤‘...
2025-10-15 03:15:46 | âœ… Fold 1 ì˜ˆì¸¡ ì™„ë£Œ (499ê°œ)
2025-10-15 03:15:46 | [Fold 2/5] ì˜ˆì¸¡ ì¤‘...
2025-10-15 03:16:25 | âœ… Fold 2 ì˜ˆì¸¡ ì™„ë£Œ (499ê°œ)
2025-10-15 03:16:25 | [Fold 3/5] ì˜ˆì¸¡ ì¤‘...
2025-10-15 03:17:04 | âœ… Fold 3 ì˜ˆì¸¡ ì™„ë£Œ (499ê°œ)
2025-10-15 03:17:04 | [Fold 4/5] ì˜ˆì¸¡ ì¤‘...
2025-10-15 03:17:41 | âœ… Fold 4 ì˜ˆì¸¡ ì™„ë£Œ (499ê°œ)
2025-10-15 03:17:41 | [Fold 5/5] ì˜ˆì¸¡ ì¤‘...
2025-10-15 03:18:19 | âœ… Fold 5 ì˜ˆì¸¡ ì™„ë£Œ (499ê°œ)
2025-10-15 03:18:19 | ðŸ”„ ì•™ìƒë¸” ìˆ˜í–‰ ì¤‘ (soft_voting)...
2025-10-15 03:18:19 | âœ… ì•™ìƒë¸” ì™„ë£Œ
2025-10-15 03:18:19 | ðŸ’¾ ì²´í¬í¬ì¸íŠ¸ ì €ìž¥: experiments/20251015/20251015_031503_inference_kobart_kfold_soft_voting_bs32_maxnew60_hf_solar/checkpoints/kfold_checkpoint.pkl
2025-10-15 03:18:19 | [4/6] ðŸ”§ HuggingFace ì‚¬ì „í•™ìŠµ ëª¨ë¸ ë³´ì • ì‹œìž‘
2025-10-15 03:18:19 | - ë³´ì • ëª¨ë¸: gogamza/kobart-base-v2, digit82/kobart-summarization
2025-10-15 03:18:19 | - ë³´ì • ì „ëžµ: quality_based
2025-10-15 03:18:19 | - í’ˆì§ˆ ìž„ê³„ê°’: 0.3
2025-10-15 03:18:19 | ëª¨ë¸ ë¡œë“œ ì¤‘: gogamza/kobart-base-v2
2025-10-15 03:18:22 | âœ… ë¡œë“œ ì™„ë£Œ: gogamza/kobart-base-v2
2025-10-15 03:18:22 | ëª¨ë¸ ë¡œë“œ ì¤‘: digit82/kobart-summarization
2025-10-15 03:18:24 | âœ… ë¡œë“œ ì™„ë£Œ: digit82/kobart-summarization
2025-10-15 03:18:24 | ============================================================
2025-10-15 03:18:24 | ì‚¬ì „í•™ìŠµ ëª¨ë¸ ë³´ì • ì‹œìž‘
2025-10-15 03:18:24 | - ìƒ˜í”Œ ìˆ˜: 499
2025-10-15 03:18:24 | - ì°¸ì¡° ëª¨ë¸ ìˆ˜: 2
2025-10-15 03:18:24 | - ë³´ì • ì „ëžµ: quality_based
2025-10-15 03:18:24 | - í’ˆì§ˆ ìž„ê³„ê°’: 0.3
2025-10-15 03:18:24 | ============================================================
2025-10-15 03:18:24 | [1/3] ì°¸ì¡° ìš”ì•½ ìƒì„± ì¤‘: gogamza/kobart-base-v2
2025-10-15 03:19:02 | âš ï¸  425ê°œ ìƒ˜í”Œì´ dialogue ë³µì‚¬ë¡œ ê°ì§€ë˜ì–´ í•„í„°ë§ë¨
2025-10-15 03:19:02 | âœ… ì™„ë£Œ: 499ê°œ ìš”ì•½ ìƒì„±
2025-10-15 03:19:02 | [1/3] ì°¸ì¡° ìš”ì•½ ìƒì„± ì¤‘: digit82/kobart-summarization
2025-10-15 03:19:38 | âš ï¸  175ê°œ ìƒ˜í”Œì´ dialogue ë³µì‚¬ë¡œ ê°ì§€ë˜ì–´ í•„í„°ë§ë¨
2025-10-15 03:19:38 | âœ… ì™„ë£Œ: 499ê°œ ìš”ì•½ ìƒì„±
2025-10-15 03:19:38 | [2/3] í’ˆì§ˆ í‰ê°€ ì¤‘...
2025-10-15 03:19:38 | í’ˆì§ˆ í‰ê°€ ì‹œìž‘...
2025-10-15 03:19:38 | [1/3] Self-ROUGE ê³„ì‚° ì¤‘...
2025-10-15 03:19:38 | [2/3] ëª¨ë¸ë³„ í’ˆì§ˆ ê³„ì‚° ì¤‘...
2025-10-15 03:19:38 | [3/3] Candidate í’ˆì§ˆ ê³„ì‚° ì¤‘...
2025-10-15 03:19:38 | [4/4] dialogue ìœ ì‚¬ë„ íŽ˜ë„í‹° ì ìš© ì¤‘...
2025-10-15 03:19:39 | âœ… í‰ê°€ ì™„ë£Œ
2025-10-15 03:19:39 | âœ… í‰ê°€ ì™„ë£Œ
2025-10-15 03:19:39 | [3/3] ë³´ì • ì „ëžµ ì ìš© ì¤‘: quality_based
2025-10-15 03:19:39 | âœ… ë³´ì • ì™„ë£Œ
2025-10-15 03:19:39 | ðŸ“Š ë³´ì • í†µê³„:
2025-10-15 03:19:39 | - ì „ì²´: 499ê°œ
2025-10-15 03:19:39 | - ë³´ì •ë¨: 8ê°œ (1.6%)
2025-10-15 03:19:39 | - ìœ ì§€ë¨: 491ê°œ
2025-10-15 03:19:39 | ============================================================
2025-10-15 03:19:39 | âœ… HuggingFace ë³´ì • ì™„ë£Œ
2025-10-15 03:19:39 | ðŸ’¾ ì²´í¬í¬ì¸íŠ¸ ì €ìž¥: experiments/20251015/20251015_031503_inference_kobart_kfold_soft_voting_bs32_maxnew60_hf_solar/checkpoints/hf_correction_checkpoint.pkl
2025-10-15 03:19:39 | [5/6] ðŸŒž Solar API ì•™ìƒë¸” ì‹œìž‘
2025-10-15 03:19:39 | - ëª¨ë¸: solar-1-chat
2025-10-15 03:19:39 | - Temperature: 0.2
2025-10-15 03:19:39 | - ë°°ì¹˜ í¬ê¸°: 5
2025-10-15 03:19:39 | - ëŒ€ê¸° ì‹œê°„: 2.0ì´ˆ
2025-10-15 03:19:39 | Solar API í´ë¼ì´ì–¸íŠ¸ ì´ˆê¸°í™” ì„±ê³µ
2025-10-15 03:19:39 | Solar API ë°°ì¹˜ ìš”ì•½ ìƒì„± ì¤‘...
2025-10-15 03:19:39 | ë°°ì¹˜ ìš”ì•½ ì‹œìž‘: 499ê°œ ëŒ€í™”
2025-10-15 03:19:39 | - ë°°ì¹˜ í¬ê¸°: 5
2025-10-15 03:19:39 | - Rate limit ëŒ€ê¸°: 2.0ì´ˆ
2025-10-15 03:19:39 | [ë°°ì¹˜ 1-5/499] ì²˜ë¦¬ ì¤‘...
2025-10-15 03:19:44 | âœ… ì™„ë£Œ (ëˆ„ì : 5/499)
2025-10-15 03:19:46 | [ë°°ì¹˜ 6-10/499] ì²˜ë¦¬ ì¤‘...
2025-10-15 03:19:51 | âœ… ì™„ë£Œ (ëˆ„ì : 10/499)
2025-10-15 03:19:53 | [ë°°ì¹˜ 11-15/499] ì²˜ë¦¬ ì¤‘...
2025-10-15 03:19:59 | âœ… ì™„ë£Œ (ëˆ„ì : 15/499)
2025-10-15 03:20:01 | [ë°°ì¹˜ 16-20/499] ì²˜ë¦¬ ì¤‘...
2025-10-15 03:20:05 | âœ… ì™„ë£Œ (ëˆ„ì : 20/499)
2025-10-15 03:20:07 | [ë°°ì¹˜ 21-25/499] ì²˜ë¦¬ ì¤‘...
2025-10-15 03:20:12 | âœ… ì™„ë£Œ (ëˆ„ì : 25/499)
2025-10-15 03:20:14 | [ë°°ì¹˜ 26-30/499] ì²˜ë¦¬ ì¤‘...
2025-10-15 03:20:18 | âœ… ì™„ë£Œ (ëˆ„ì : 30/499)
2025-10-15 03:20:20 | [ë°°ì¹˜ 31-35/499] ì²˜ë¦¬ ì¤‘...
2025-10-15 03:20:24 | âœ… ì™„ë£Œ (ëˆ„ì : 35/499)
2025-10-15 03:20:26 | [ë°°ì¹˜ 36-40/499] ì²˜ë¦¬ ì¤‘...
2025-10-15 03:20:31 | âœ… ì™„ë£Œ (ëˆ„ì : 40/499)
2025-10-15 03:20:33 | [ë°°ì¹˜ 41-45/499] ì²˜ë¦¬ ì¤‘...
2025-10-15 03:20:38 | âœ… ì™„ë£Œ (ëˆ„ì : 45/499)
2025-10-15 03:20:40 | [ë°°ì¹˜ 46-50/499] ì²˜ë¦¬ ì¤‘...
2025-10-15 03:20:44 | âœ… ì™„ë£Œ (ëˆ„ì : 50/499)
2025-10-15 03:20:46 | [ë°°ì¹˜ 51-55/499] ì²˜ë¦¬ ì¤‘...
2025-10-15 03:20:51 | âœ… ì™„ë£Œ (ëˆ„ì : 55/499)
2025-10-15 03:20:53 | [ë°°ì¹˜ 56-60/499] ì²˜ë¦¬ ì¤‘...
2025-10-15 03:20:57 | âœ… ì™„ë£Œ (ëˆ„ì : 60/499)
2025-10-15 03:20:59 | [ë°°ì¹˜ 61-65/499] ì²˜ë¦¬ ì¤‘...
2025-10-15 03:21:04 | âœ… ì™„ë£Œ (ëˆ„ì : 65/499)
2025-10-15 03:21:06 | [ë°°ì¹˜ 66-70/499] ì²˜ë¦¬ ì¤‘...
2025-10-15 03:21:10 | âœ… ì™„ë£Œ (ëˆ„ì : 70/499)
2025-10-15 03:21:12 | [ë°°ì¹˜ 71-75/499] ì²˜ë¦¬ ì¤‘...
2025-10-15 03:21:16 | âœ… ì™„ë£Œ (ëˆ„ì : 75/499)
2025-10-15 03:21:18 | [ë°°ì¹˜ 76-80/499] ì²˜ë¦¬ ì¤‘...
2025-10-15 03:21:25 | âœ… ì™„ë£Œ (ëˆ„ì : 80/499)
2025-10-15 03:21:27 | [ë°°ì¹˜ 81-85/499] ì²˜ë¦¬ ì¤‘...
2025-10-15 03:21:31 | âœ… ì™„ë£Œ (ëˆ„ì : 85/499)
2025-10-15 03:21:33 | [ë°°ì¹˜ 86-90/499] ì²˜ë¦¬ ì¤‘...
2025-10-15 03:21:38 | âœ… ì™„ë£Œ (ëˆ„ì : 90/499)
2025-10-15 03:21:40 | [ë°°ì¹˜ 91-95/499] ì²˜ë¦¬ ì¤‘...
2025-10-15 03:21:44 | âœ… ì™„ë£Œ (ëˆ„ì : 95/499)
2025-10-15 03:21:46 | [ë°°ì¹˜ 96-100/499] ì²˜ë¦¬ ì¤‘...
2025-10-15 03:21:51 | âœ… ì™„ë£Œ (ëˆ„ì : 100/499)
2025-10-15 03:21:53 | [ë°°ì¹˜ 101-105/499] ì²˜ë¦¬ ì¤‘...
2025-10-15 03:21:58 | âœ… ì™„ë£Œ (ëˆ„ì : 105/499)
2025-10-15 03:22:00 | [ë°°ì¹˜ 106-110/499] ì²˜ë¦¬ ì¤‘...
2025-10-15 03:22:04 | âœ… ì™„ë£Œ (ëˆ„ì : 110/499)
2025-10-15 03:22:07 | [ë°°ì¹˜ 111-115/499] ì²˜ë¦¬ ì¤‘...
2025-10-15 03:22:11 | âœ… ì™„ë£Œ (ëˆ„ì : 115/499)
2025-10-15 03:22:13 | [ë°°ì¹˜ 116-120/499] ì²˜ë¦¬ ì¤‘...
2025-10-15 03:22:17 | âœ… ì™„ë£Œ (ëˆ„ì : 120/499)
2025-10-15 03:22:19 | [ë°°ì¹˜ 121-125/499] ì²˜ë¦¬ ì¤‘...
2025-10-15 03:22:23 | âœ… ì™„ë£Œ (ëˆ„ì : 125/499)
2025-10-15 03:22:25 | [ë°°ì¹˜ 126-130/499] ì²˜ë¦¬ ì¤‘...
2025-10-15 03:22:30 | âœ… ì™„ë£Œ (ëˆ„ì : 130/499)
2025-10-15 03:22:32 | [ë°°ì¹˜ 131-135/499] ì²˜ë¦¬ ì¤‘...
2025-10-15 03:22:36 | âœ… ì™„ë£Œ (ëˆ„ì : 135/499)
2025-10-15 03:22:38 | [ë°°ì¹˜ 136-140/499] ì²˜ë¦¬ ì¤‘...
2025-10-15 03:22:43 | âœ… ì™„ë£Œ (ëˆ„ì : 140/499)
2025-10-15 03:22:45 | [ë°°ì¹˜ 141-145/499] ì²˜ë¦¬ ì¤‘...
2025-10-15 03:22:50 | âœ… ì™„ë£Œ (ëˆ„ì : 145/499)
2025-10-15 03:22:52 | [ë°°ì¹˜ 146-150/499] ì²˜ë¦¬ ì¤‘...
2025-10-15 03:22:57 | âœ… ì™„ë£Œ (ëˆ„ì : 150/499)
2025-10-15 03:22:59 | [ë°°ì¹˜ 151-155/499] ì²˜ë¦¬ ì¤‘...
2025-10-15 03:23:03 | âœ… ì™„ë£Œ (ëˆ„ì : 155/499)
2025-10-15 03:23:05 | [ë°°ì¹˜ 156-160/499] ì²˜ë¦¬ ì¤‘...
2025-10-15 03:23:10 | âœ… ì™„ë£Œ (ëˆ„ì : 160/499)
2025-10-15 03:23:12 | [ë°°ì¹˜ 161-165/499] ì²˜ë¦¬ ì¤‘...
2025-10-15 03:23:16 | âœ… ì™„ë£Œ (ëˆ„ì : 165/499)
2025-10-15 03:23:18 | [ë°°ì¹˜ 166-170/499] ì²˜ë¦¬ ì¤‘...
2025-10-15 03:23:23 | âœ… ì™„ë£Œ (ëˆ„ì : 170/499)
2025-10-15 03:23:25 | [ë°°ì¹˜ 171-175/499] ì²˜ë¦¬ ì¤‘...
2025-10-15 03:23:28 | âœ… ì™„ë£Œ (ëˆ„ì : 175/499)
2025-10-15 03:23:30 | [ë°°ì¹˜ 176-180/499] ì²˜ë¦¬ ì¤‘...
2025-10-15 03:23:35 | âœ… ì™„ë£Œ (ëˆ„ì : 180/499)
2025-10-15 03:23:37 | [ë°°ì¹˜ 181-185/499] ì²˜ë¦¬ ì¤‘...
2025-10-15 03:23:41 | âœ… ì™„ë£Œ (ëˆ„ì : 185/499)
2025-10-15 03:23:43 | [ë°°ì¹˜ 186-190/499] ì²˜ë¦¬ ì¤‘...
2025-10-15 03:23:49 | âœ… ì™„ë£Œ (ëˆ„ì : 190/499)
2025-10-15 03:23:51 | [ë°°ì¹˜ 191-195/499] ì²˜ë¦¬ ì¤‘...
2025-10-15 03:23:55 | âœ… ì™„ë£Œ (ëˆ„ì : 195/499)
2025-10-15 03:23:57 | [ë°°ì¹˜ 196-200/499] ì²˜ë¦¬ ì¤‘...
2025-10-15 03:24:01 | âœ… ì™„ë£Œ (ëˆ„ì : 200/499)
2025-10-15 03:24:03 | [ë°°ì¹˜ 201-205/499] ì²˜ë¦¬ ì¤‘...
2025-10-15 03:24:07 | âœ… ì™„ë£Œ (ëˆ„ì : 205/499)
2025-10-15 03:24:09 | [ë°°ì¹˜ 206-210/499] ì²˜ë¦¬ ì¤‘...
2025-10-15 03:24:14 | âœ… ì™„ë£Œ (ëˆ„ì : 210/499)
2025-10-15 03:24:16 | [ë°°ì¹˜ 211-215/499] ì²˜ë¦¬ ì¤‘...
2025-10-15 03:24:22 | âœ… ì™„ë£Œ (ëˆ„ì : 215/499)
2025-10-15 03:24:24 | [ë°°ì¹˜ 216-220/499] ì²˜ë¦¬ ì¤‘...
2025-10-15 03:24:28 | âœ… ì™„ë£Œ (ëˆ„ì : 220/499)
2025-10-15 03:24:30 | [ë°°ì¹˜ 221-225/499] ì²˜ë¦¬ ì¤‘...
2025-10-15 03:24:34 | âœ… ì™„ë£Œ (ëˆ„ì : 225/499)
2025-10-15 03:24:36 | [ë°°ì¹˜ 226-230/499] ì²˜ë¦¬ ì¤‘...
2025-10-15 03:24:41 | âœ… ì™„ë£Œ (ëˆ„ì : 230/499)
2025-10-15 03:24:43 | [ë°°ì¹˜ 231-235/499] ì²˜ë¦¬ ì¤‘...
2025-10-15 03:24:49 | âœ… ì™„ë£Œ (ëˆ„ì : 235/499)
2025-10-15 03:24:51 | [ë°°ì¹˜ 236-240/499] ì²˜ë¦¬ ì¤‘...
2025-10-15 03:24:56 | âœ… ì™„ë£Œ (ëˆ„ì : 240/499)
2025-10-15 03:24:58 | [ë°°ì¹˜ 241-245/499] ì²˜ë¦¬ ì¤‘...
2025-10-15 03:25:02 | âœ… ì™„ë£Œ (ëˆ„ì : 245/499)
2025-10-15 03:25:04 | [ë°°ì¹˜ 246-250/499] ì²˜ë¦¬ ì¤‘...
2025-10-15 03:25:08 | âœ… ì™„ë£Œ (ëˆ„ì : 250/499)
2025-10-15 03:25:10 | [ë°°ì¹˜ 251-255/499] ì²˜ë¦¬ ì¤‘...
2025-10-15 03:25:15 | âœ… ì™„ë£Œ (ëˆ„ì : 255/499)
2025-10-15 03:25:17 | [ë°°ì¹˜ 256-260/499] ì²˜ë¦¬ ì¤‘...
2025-10-15 03:25:20 | âœ… ì™„ë£Œ (ëˆ„ì : 260/499)
2025-10-15 03:25:22 | [ë°°ì¹˜ 261-265/499] ì²˜ë¦¬ ì¤‘...
2025-10-15 03:25:27 | âœ… ì™„ë£Œ (ëˆ„ì : 265/499)
2025-10-15 03:25:29 | [ë°°ì¹˜ 266-270/499] ì²˜ë¦¬ ì¤‘...
2025-10-15 03:25:34 | âœ… ì™„ë£Œ (ëˆ„ì : 270/499)
2025-10-15 03:25:36 | [ë°°ì¹˜ 271-275/499] ì²˜ë¦¬ ì¤‘...
2025-10-15 03:25:40 | âœ… ì™„ë£Œ (ëˆ„ì : 275/499)
2025-10-15 03:25:42 | [ë°°ì¹˜ 276-280/499] ì²˜ë¦¬ ì¤‘...
2025-10-15 03:25:48 | âœ… ì™„ë£Œ (ëˆ„ì : 280/499)
2025-10-15 03:25:50 | [ë°°ì¹˜ 281-285/499] ì²˜ë¦¬ ì¤‘...
2025-10-15 03:25:54 | âœ… ì™„ë£Œ (ëˆ„ì : 285/499)
2025-10-15 03:25:56 | [ë°°ì¹˜ 286-290/499] ì²˜ë¦¬ ì¤‘...
2025-10-15 03:26:00 | âœ… ì™„ë£Œ (ëˆ„ì : 290/499)
2025-10-15 03:26:02 | [ë°°ì¹˜ 291-295/499] ì²˜ë¦¬ ì¤‘...
2025-10-15 03:26:07 | âœ… ì™„ë£Œ (ëˆ„ì : 295/499)
2025-10-15 03:26:09 | [ë°°ì¹˜ 296-300/499] ì²˜ë¦¬ ì¤‘...
2025-10-15 03:26:15 | âœ… ì™„ë£Œ (ëˆ„ì : 300/499)
2025-10-15 03:26:17 | [ë°°ì¹˜ 301-305/499] ì²˜ë¦¬ ì¤‘...
2025-10-15 03:26:22 | âœ… ì™„ë£Œ (ëˆ„ì : 305/499)
2025-10-15 03:26:24 | [ë°°ì¹˜ 306-310/499] ì²˜ë¦¬ ì¤‘...
2025-10-15 03:26:28 | âœ… ì™„ë£Œ (ëˆ„ì : 310/499)
2025-10-15 03:26:30 | [ë°°ì¹˜ 311-315/499] ì²˜ë¦¬ ì¤‘...
2025-10-15 03:26:34 | âœ… ì™„ë£Œ (ëˆ„ì : 315/499)
2025-10-15 03:26:36 | [ë°°ì¹˜ 316-320/499] ì²˜ë¦¬ ì¤‘...
2025-10-15 03:26:41 | âœ… ì™„ë£Œ (ëˆ„ì : 320/499)
2025-10-15 03:26:43 | [ë°°ì¹˜ 321-325/499] ì²˜ë¦¬ ì¤‘...
2025-10-15 03:26:47 | âœ… ì™„ë£Œ (ëˆ„ì : 325/499)
2025-10-15 03:26:49 | [ë°°ì¹˜ 326-330/499] ì²˜ë¦¬ ì¤‘...
2025-10-15 03:26:54 | âœ… ì™„ë£Œ (ëˆ„ì : 330/499)
2025-10-15 03:26:56 | [ë°°ì¹˜ 331-335/499] ì²˜ë¦¬ ì¤‘...
2025-10-15 03:27:01 | âœ… ì™„ë£Œ (ëˆ„ì : 335/499)
2025-10-15 03:27:03 | [ë°°ì¹˜ 336-340/499] ì²˜ë¦¬ ì¤‘...
2025-10-15 03:27:07 | âœ… ì™„ë£Œ (ëˆ„ì : 340/499)
2025-10-15 03:27:09 | [ë°°ì¹˜ 341-345/499] ì²˜ë¦¬ ì¤‘...
2025-10-15 03:27:13 | âœ… ì™„ë£Œ (ëˆ„ì : 345/499)
2025-10-15 03:27:15 | [ë°°ì¹˜ 346-350/499] ì²˜ë¦¬ ì¤‘...
2025-10-15 03:27:21 | âœ… ì™„ë£Œ (ëˆ„ì : 350/499)
2025-10-15 03:27:23 | [ë°°ì¹˜ 351-355/499] ì²˜ë¦¬ ì¤‘...
2025-10-15 03:27:28 | âœ… ì™„ë£Œ (ëˆ„ì : 355/499)
2025-10-15 03:27:30 | [ë°°ì¹˜ 356-360/499] ì²˜ë¦¬ ì¤‘...
2025-10-15 03:27:33 | âœ… ì™„ë£Œ (ëˆ„ì : 360/499)
2025-10-15 03:27:35 | [ë°°ì¹˜ 361-365/499] ì²˜ë¦¬ ì¤‘...
2025-10-15 03:27:40 | âœ… ì™„ë£Œ (ëˆ„ì : 365/499)
2025-10-15 03:27:42 | [ë°°ì¹˜ 366-370/499] ì²˜ë¦¬ ì¤‘...
2025-10-15 03:27:48 | âœ… ì™„ë£Œ (ëˆ„ì : 370/499)
2025-10-15 03:27:50 | [ë°°ì¹˜ 371-375/499] ì²˜ë¦¬ ì¤‘...
2025-10-15 03:27:55 | âœ… ì™„ë£Œ (ëˆ„ì : 375/499)
2025-10-15 03:27:57 | [ë°°ì¹˜ 376-380/499] ì²˜ë¦¬ ì¤‘...
2025-10-15 03:28:02 | âœ… ì™„ë£Œ (ëˆ„ì : 380/499)
2025-10-15 03:28:04 | [ë°°ì¹˜ 381-385/499] ì²˜ë¦¬ ì¤‘...
2025-10-15 03:28:10 | âœ… ì™„ë£Œ (ëˆ„ì : 385/499)
2025-10-15 03:28:12 | [ë°°ì¹˜ 386-390/499] ì²˜ë¦¬ ì¤‘...
2025-10-15 03:28:16 | âœ… ì™„ë£Œ (ëˆ„ì : 390/499)
2025-10-15 03:28:18 | [ë°°ì¹˜ 391-395/499] ì²˜ë¦¬ ì¤‘...
2025-10-15 03:28:23 | âœ… ì™„ë£Œ (ëˆ„ì : 395/499)
2025-10-15 03:28:25 | [ë°°ì¹˜ 396-400/499] ì²˜ë¦¬ ì¤‘...
2025-10-15 03:28:30 | âœ… ì™„ë£Œ (ëˆ„ì : 400/499)
2025-10-15 03:28:32 | [ë°°ì¹˜ 401-405/499] ì²˜ë¦¬ ì¤‘...
2025-10-15 03:28:36 | âœ… ì™„ë£Œ (ëˆ„ì : 405/499)
2025-10-15 03:28:38 | [ë°°ì¹˜ 406-410/499] ì²˜ë¦¬ ì¤‘...
2025-10-15 03:28:41 | âœ… ì™„ë£Œ (ëˆ„ì : 410/499)
2025-10-15 03:28:43 | [ë°°ì¹˜ 411-415/499] ì²˜ë¦¬ ì¤‘...
2025-10-15 03:28:49 | âœ… ì™„ë£Œ (ëˆ„ì : 415/499)
2025-10-15 03:28:51 | [ë°°ì¹˜ 416-420/499] ì²˜ë¦¬ ì¤‘...
2025-10-15 03:28:55 | âœ… ì™„ë£Œ (ëˆ„ì : 420/499)
2025-10-15 03:28:57 | [ë°°ì¹˜ 421-425/499] ì²˜ë¦¬ ì¤‘...
2025-10-15 03:29:01 | âœ… ì™„ë£Œ (ëˆ„ì : 425/499)
2025-10-15 03:29:03 | [ë°°ì¹˜ 426-430/499] ì²˜ë¦¬ ì¤‘...
2025-10-15 03:29:08 | âœ… ì™„ë£Œ (ëˆ„ì : 430/499)
2025-10-15 03:29:10 | [ë°°ì¹˜ 431-435/499] ì²˜ë¦¬ ì¤‘...
2025-10-15 03:29:14 | âœ… ì™„ë£Œ (ëˆ„ì : 435/499)
2025-10-15 03:29:16 | [ë°°ì¹˜ 436-440/499] ì²˜ë¦¬ ì¤‘...
2025-10-15 03:29:21 | âœ… ì™„ë£Œ (ëˆ„ì : 440/499)
2025-10-15 03:29:23 | [ë°°ì¹˜ 441-445/499] ì²˜ë¦¬ ì¤‘...
2025-10-15 03:29:28 | âœ… ì™„ë£Œ (ëˆ„ì : 445/499)
2025-10-15 03:29:30 | [ë°°ì¹˜ 446-450/499] ì²˜ë¦¬ ì¤‘...
2025-10-15 03:29:35 | âœ… ì™„ë£Œ (ëˆ„ì : 450/499)
2025-10-15 03:29:37 | [ë°°ì¹˜ 451-455/499] ì²˜ë¦¬ ì¤‘...
2025-10-15 03:29:41 | âœ… ì™„ë£Œ (ëˆ„ì : 455/499)
2025-10-15 03:29:43 | [ë°°ì¹˜ 456-460/499] ì²˜ë¦¬ ì¤‘...
2025-10-15 03:29:47 | âœ… ì™„ë£Œ (ëˆ„ì : 460/499)
2025-10-15 03:29:49 | [ë°°ì¹˜ 461-465/499] ì²˜ë¦¬ ì¤‘...
2025-10-15 03:29:53 | âœ… ì™„ë£Œ (ëˆ„ì : 465/499)
2025-10-15 03:29:55 | [ë°°ì¹˜ 466-470/499] ì²˜ë¦¬ ì¤‘...
2025-10-15 03:30:00 | âœ… ì™„ë£Œ (ëˆ„ì : 470/499)
2025-10-15 03:30:02 | [ë°°ì¹˜ 471-475/499] ì²˜ë¦¬ ì¤‘...
2025-10-15 03:30:06 | âœ… ì™„ë£Œ (ëˆ„ì : 475/499)
2025-10-15 03:30:08 | [ë°°ì¹˜ 476-480/499] ì²˜ë¦¬ ì¤‘...
2025-10-15 03:30:13 | âœ… ì™„ë£Œ (ëˆ„ì : 480/499)
2025-10-15 03:30:15 | [ë°°ì¹˜ 481-485/499] ì²˜ë¦¬ ì¤‘...
2025-10-15 03:30:19 | âœ… ì™„ë£Œ (ëˆ„ì : 485/499)
2025-10-15 03:30:21 | [ë°°ì¹˜ 486-490/499] ì²˜ë¦¬ ì¤‘...
2025-10-15 03:30:26 | âœ… ì™„ë£Œ (ëˆ„ì : 490/499)
2025-10-15 03:30:28 | [ë°°ì¹˜ 491-495/499] ì²˜ë¦¬ ì¤‘...
2025-10-15 03:30:32 | âœ… ì™„ë£Œ (ëˆ„ì : 495/499)
2025-10-15 03:30:35 | [ë°°ì¹˜ 496-499/499] ì²˜ë¦¬ ì¤‘...
2025-10-15 03:30:38 | âœ… ì™„ë£Œ (ëˆ„ì : 499/499)
2025-10-15 03:30:38 | ë°°ì¹˜ ìš”ì•½ ì™„ë£Œ: 499ê°œ
2025-10-15 03:30:38 | KoBARTì™€ Solar ì•™ìƒë¸” ìˆ˜í–‰ ì¤‘...
2025-10-15 03:30:38 | âœ… Solar API ì•™ìƒë¸” ì™„ë£Œ
2025-10-15 03:30:38 | ðŸ’¾ ì²´í¬í¬ì¸íŠ¸ ì €ìž¥: experiments/20251015/20251015_031503_inference_kobart_kfold_soft_voting_bs32_maxnew60_hf_solar/checkpoints/solar_api_checkpoint.pkl
2025-10-15 03:30:38 | [6/6] ì œì¶œ íŒŒì¼ ì €ìž¥ ì¤‘...
2025-10-15 03:30:38 | âœ… ì œì¶œ íŒŒì¼ ìƒì„± (1): experiments/20251015/20251015_031503_inference_kobart_kfold_soft_voting_bs32_maxnew60_hf_solar/submission/20251015_031503_inference_kobart_kfold_soft_voting_bs32_maxnew60_hf_solar.csv
2025-10-15 03:30:38 | âœ… ì œì¶œ íŒŒì¼ ìƒì„± (2): submissions/20251015/20251015_031503_inference_kobart_kfold_soft_voting_bs32_maxnew60_hf_solar.csv
2025-10-15 03:30:38 | ============================================================
2025-10-15 03:30:38 | ðŸ“Š ì¶”ë¡  íŒŒì´í”„ë¼ì¸ ì™„ë£Œ!
2025-10-15 03:30:38 | ============================================================
2025-10-15 03:30:38 | âœ… ì‹¤í–‰ëœ ë‹¨ê³„:
2025-10-15 03:30:38 | 1. K-Fold ì•™ìƒë¸” (5ê°œ ëª¨ë¸, soft_voting)
2025-10-15 03:30:38 | 2. HuggingFace ë³´ì • (gogamza/kobart-base-v2, digit82/kobart-summarization)
2025-10-15 03:30:38 | 3. Solar API ì•™ìƒë¸” (solar-1-chat)
2025-10-15 03:30:38 | 4. í›„ì²˜ë¦¬ (Predictor ë‚´ìž¥)
2025-10-15 03:30:38 | 5. ì œì¶œ íŒŒì¼ ìƒì„±
2025-10-15 03:30:38 | ðŸ“ˆ ê²°ê³¼ í†µê³„:
2025-10-15 03:30:38 | - ì´ ìƒ˜í”Œ ìˆ˜: 499
2025-10-15 03:30:38 | - í‰ê·  ìš”ì•½ ê¸¸ì´: 116.5ìž
2025-10-15 03:30:38 | ðŸ“ ìƒ˜í”Œ ì˜ˆì¸¡ ê²°ê³¼ (ì²˜ìŒ 3ê°œ):
2025-10-15 03:30:38 | [test_0]: Ms. Dawsonì€ Aë¡œë¶€í„° ëª¨ë“  í†µì‹ ì„ ì´ë©”ì¼ê³¼ ê³µì‹ ë©”ëª¨ë¡œë§Œ ì œí•œí•˜ëŠ” ì‚¬ë‚´ ë©”ëª¨ ìž‘ì„±ì„ ìš”ì²­ë°›ì•˜ìŠµë‹ˆë‹¤. ì´ ì •ì±…ì€ ì‚¬ë¬´ì‹¤ ë‚´ ì§ì› ê°„ ë° ...
2025-10-15 03:30:38 | [test_1]: ê³ ê° BëŠ” êµí†µì²´ì¦ê³¼ í™˜ê²½ ë¬¸ì œë¡œ ì¸í•´ ì¶œí‡´ê·¼ ì‹œ ìžë™ì°¨ ëŒ€ì‹  ëŒ€ì¤‘êµí†µì´ë‚˜ ìžì „ê±°ë¥¼ ì´ìš©í•˜ê¸°ë¡œ ê²°ì •í–ˆìœ¼ë©°, ê³ ê° AëŠ” ì´ëŸ¬í•œ ë³€í™”ë¥¼ ì§€ì§€í•˜ê³  ìžˆ...
2025-10-15 03:30:38 | [test_2]: Kateì™€ ì¹œêµ¬ëŠ” Mashaì™€ Heroì˜ ì˜ˆìƒì¹˜ ëª»í•œ ì´í˜¼ ì†Œì‹ì— ëŒ€í•´ ì´ì•¼ê¸°í•©ë‹ˆë‹¤. ë‘ ì‚¬ëžŒì€ ë‘ ë‹¬ê°„ ë³„ê±° í›„ ì´í˜¼ ì‹ ì²­ì„ í–ˆìœ¼ë©°, Mash...
2025-10-15 03:30:38 | ============================================================
2025-10-15 03:30:38 | ðŸŽ‰ K-Fold ì•™ìƒë¸” ì¶”ë¡  ì™„ë£Œ!
2025-10-15 03:30:38 | ðŸ“ ì œì¶œ íŒŒì¼: experiments/20251015/20251015_031503_inference_kobart_kfold_soft_voting_bs32_maxnew60_hf_solar/submission/20251015_031503_inference_kobart_kfold_soft_voting_bs32_maxnew60_hf_solar.csv
2025-10-15 03:30:38 | ============================================================
2025-10-15 03:30:38 | >> ë¡œê·¸ ë¦¬ë””ë ‰ì…˜ ì¤‘ë£Œ.
