2025-10-15 16:37:28 | >> í‘œì¤€ ì¶œë ¥ ë° ì˜¤ë¥˜ë¥¼ ë¡œê·¸ íŒŒì¼ë¡œ ë¦¬ë””ë ‰ì…˜ ì‹œìž‘
2025-10-15 16:37:28 | ============================================================
2025-10-15 16:37:28 | K-Fold ì•™ìƒë¸” ì¶”ë¡  ì‹œìž‘
2025-10-15 16:37:28 | ============================================================
2025-10-15 16:37:28 | [GPU ì •ë³´]
2025-10-15 16:37:28 | available: True
2025-10-15 16:37:28 | device_count: 1
2025-10-15 16:37:28 | current_device: 0
2025-10-15 16:37:28 | gpu_0: {'name': 'NVIDIA GeForce RTX 4090', 'total_memory_gb': 23.98779296875, 'major': 8, 'minor': 9, 'multi_processor_count': 128, 'allocated_memory_gb': 0.0, 'reserved_memory_gb': 0.0}
2025-10-15 16:37:28 | GPU Tier: LOW
2025-10-15 16:37:28 | [1/4] Fold ëª¨ë¸ íƒìƒ‰: experiments/20251014/20251014_183206_kobart_ultimate_kfold
2025-10-15 16:37:28 | âœ… fold_1: experiments/20251014/20251014_183206_kobart_ultimate_kfold/fold_1/kfold/final_model
2025-10-15 16:37:28 | âœ… fold_2: experiments/20251014/20251014_183206_kobart_ultimate_kfold/fold_2/kfold/final_model
2025-10-15 16:37:28 | âœ… fold_3: experiments/20251014/20251014_183206_kobart_ultimate_kfold/fold_3/kfold/final_model
2025-10-15 16:37:28 | âœ… fold_4: experiments/20251014/20251014_183206_kobart_ultimate_kfold/fold_4/kfold/final_model
2025-10-15 16:37:28 | âœ… fold_5: experiments/20251014/20251014_183206_kobart_ultimate_kfold/fold_5/kfold/final_model
2025-10-15 16:37:28 | ðŸ“Š ë°œê²¬ëœ Fold ìˆ˜: 5
2025-10-15 16:37:28 | [2/4] í…ŒìŠ¤íŠ¸ ë°ì´í„° ë¡œë”©: data/raw/test.csv
2025-10-15 16:37:28 | âœ… í…ŒìŠ¤íŠ¸ ìƒ˜í”Œ: 499ê°œ
2025-10-15 16:37:28 | [3/6] ðŸ“‚ ì™¸ë¶€ K-Fold ì²´í¬í¬ì¸íŠ¸ ë¡œë“œ: experiments/20251015/20251015_130751_inference_kobart_kfold_soft_voting_bs32_maxnew110_hf_solar/checkpoints/kfold_checkpoint.pkl
2025-10-15 16:37:28 | âœ… ë¡œë“œ ì„±ê³µ: 499ê°œ ìš”ì•½
2025-10-15 16:37:28 | [3/6] â­ï¸  K-Fold ì•™ìƒë¸” ê±´ë„ˆë›°ê¸° (ì™¸ë¶€ ì²´í¬í¬ì¸íŠ¸ ì‚¬ìš©)
2025-10-15 16:37:28 | [4/6] â­ï¸  HuggingFace ë³´ì • ê±´ë„ˆë›°ê¸° (ë¹„í™œì„±í™”)
2025-10-15 16:37:28 | [5/6] ðŸŒž Solar API ì•™ìƒë¸” ì‹œìž‘
2025-10-15 16:37:28 | - ëª¨ë¸: solar-pro2
2025-10-15 16:37:28 | - Temperature: 0.1
2025-10-15 16:37:28 | - ë°°ì¹˜ í¬ê¸°: 10
2025-10-15 16:37:28 | - ëŒ€ê¸° ì‹œê°„: 3.0ì´ˆ
2025-10-15 16:37:28 | Solar API í´ë¼ì´ì–¸íŠ¸ ì´ˆê¸°í™” ì„±ê³µ
2025-10-15 16:37:28 | Solar API ë°°ì¹˜ ìš”ì•½ ìƒì„± ì¤‘ (ðŸ”„ K-Fold ë°©ì‹ 3íšŒ ìƒ˜í”Œë§)...
2025-10-15 16:37:28 | ë°°ì¹˜ ìš”ì•½ ì‹œìž‘: 499ê°œ ëŒ€í™”
2025-10-15 16:37:28 | - ë°°ì¹˜ í¬ê¸°: 10
2025-10-15 16:37:28 | - Rate limit ëŒ€ê¸°: 3.0ì´ˆ
2025-10-15 16:37:28 | - ðŸ”„ K-Fold ë°©ì‹ ìƒ˜í”Œë§: 3íšŒ
2025-10-15 16:37:28 | [ë°°ì¹˜ 1-10/499] ì²˜ë¦¬ ì¤‘...
2025-10-15 16:37:28 | [1/499] ëŒ€í™”: #Person1#: Ms. Dawson, ë°›ì•„ì“°ê¸° ì¢€ ë¶€íƒë“œë ¤ì•¼ê² ì–´ìš”.  #Person2#: ë„¤, ë§ì”€í•˜ì„¸ìš”...  #Person1#: ì´ê±¸ ì˜¤ëŠ˜ ì˜¤í›„ê¹Œì§€ ëª¨ë“  ì§ì›ë“¤ì—ê²Œ ì‚¬ë‚´ ë©”...
2025-10-15 16:37:28 | ðŸ”„ Solar API 3íšŒ ìƒ˜í”Œë§ ì‹œìž‘...
2025-10-15 16:37:30 | ìƒ˜í”Œ 1/3: 85.0ì  | ìƒì‚¬ê°€ Ms. Dawsonì—ê²Œ ì¦‰ì‹œ ë©”ì‹œì§€ ì‚¬ìš© ê¸ˆì§€ ì •ì±… ë©”ëª¨ ìž‘ì„±ì„ ì§€ì‹œí•¨....
2025-10-15 16:37:35 | ìƒ˜í”Œ 2/3: 85.0ì  | ìƒì‚¬ê°€ Ms. Dawsonì—ê²Œ ì¦‰ì‹œ ë©”ì‹œì§€ ì‚¬ìš© ê¸ˆì§€ ì •ì±… ë©”ëª¨ ìž‘ì„±ì„ ì§€ì‹œí•¨....
2025-10-15 16:37:37 | >> ë¡œê·¸ ë¦¬ë””ë ‰ì…˜ ì¤‘ë£Œ.
