2025-10-14 18:56:18 | >> í‘œì¤€ ì¶œë ¥ ë° ì˜¤ë¥˜ë¥¼ ë¡œê·¸ íŒŒì¼ë¡œ ë¦¬ë””ë ‰ì…˜ ì‹œìž‘
2025-10-14 18:56:18 | ============================================================
2025-10-14 18:56:18 | ì¶”ë¡  ì‹œìž‘
2025-10-14 18:56:18 | ============================================================
2025-10-14 18:56:18 | [GPU ì •ë³´]
2025-10-14 18:56:19 | available: True
2025-10-14 18:56:19 | device_count: 1
2025-10-14 18:56:19 | current_device: 0
2025-10-14 18:56:19 | gpu_0: {'name': 'NVIDIA GeForce RTX 3080 Ti Laptop GPU', 'total_memory_gb': 15.99951171875, 'major': 8, 'minor': 6, 'multi_processor_count': 58, 'allocated_memory_gb': 0.0, 'reserved_memory_gb': 0.0}
2025-10-14 18:56:19 | GPU Tier: LOW
2025-10-14 18:56:19 | [1/5] Config ë¡œë”©...
2025-10-14 18:56:19 | âœ… Config ë¡œë“œ ì™„ë£Œ: baseline_kobart
2025-10-14 18:56:19 | ðŸ“ ìžë™ ìƒì„±ëœ ì œì¶œ íŒŒì¼ ê²½ë¡œ: experiments/20251014/20251014_185618_inference_kobart_beam5_maxnew100_minnew30_rep1.5_ngram3_hf/submissions/20251014_185618_inference_kobart_beam5_maxnew100_minnew30_rep1.5_ngram3_hf.csv
2025-10-14 18:56:19 | [2/5] ëª¨ë¸ ë¡œë”©: experiments/20251014/20251014_090813_kobart_balanced/fold_4/default/final_model
2025-10-14 18:56:19 | âœ… ëª¨ë¸ ë¡œë“œ ì™„ë£Œ
2025-10-14 18:56:19 | ë””ë°”ì´ìŠ¤: cuda
2025-10-14 18:56:19 | ëª¨ë¸ íŒŒë¼ë¯¸í„°: 123,859,968
2025-10-14 18:56:19 | [3/5] í…ŒìŠ¤íŠ¸ ë°ì´í„° ë¡œë”©: data/raw/test.csv
2025-10-14 18:56:19 | âœ… í…ŒìŠ¤íŠ¸ ìƒ˜í”Œ: 499ê°œ
2025-10-14 18:56:19 | [4/5] ì¶”ë¡  ì‹¤í–‰...
2025-10-14 18:56:19 | ðŸ”§ HuggingFace ì‚¬ì „í•™ìŠµ ëª¨ë¸ ë³´ì • í™œì„±í™”
2025-10-14 18:56:19 | - ë³´ì • ëª¨ë¸: gogamza/kobart-base-v2, digit82/kobart-summarization
2025-10-14 18:56:19 | - ë³´ì • ì „ëžµ: quality_based
2025-10-14 18:56:19 | - í’ˆì§ˆ ìž„ê³„ê°’: 0.3
2025-10-14 18:56:19 | ì¶”ë¡ ìš© ë°ì´í„°ì…‹ ìƒì„± ì¤‘...
2025-10-14 18:56:19 | âœ… ë°ì´í„°ì…‹ ìƒì„± ì™„ë£Œ (ìƒ˜í”Œ ìˆ˜: 499)
2025-10-14 18:56:19 | DataLoader ìƒì„± ì¤‘ (batch_size=32)...
2025-10-14 18:56:19 | âœ… DataLoader ìƒì„± ì™„ë£Œ (ì´ ë°°ì¹˜ ìˆ˜: 16)
2025-10-14 18:56:19 | ìƒì„± íŒŒë¼ë¯¸í„° ì„¤ì • ì™„ë£Œ
2025-10-14 18:56:19 | - max_new_tokens=100, num_beams=5, repetition_penalty=1.5, no_repeat_ngram_size=3, min_new_tokens=30
2025-10-14 18:56:19 | ë°°ì¹˜ ì¶”ë¡  ì‹œìž‘ (ì´ 16ê°œ ë°°ì¹˜)
2025-10-14 18:56:19 | [ë°°ì¹˜ 1/16] ì¶”ë¡  ì‹œìž‘...
2025-10-14 18:56:19 | [ë°°ì¹˜ 1/16] ìž…ë ¥ ë°ì´í„°ë¥¼ cudaë¡œ ì „ì†¡ ì¤‘...
2025-10-14 18:56:19 | [ë°°ì¹˜ 1/16] ëª¨ë¸ ìƒì„±(generate) ì‹¤í–‰ ì¤‘...
2025-10-14 18:56:30 | [ë°°ì¹˜ 1/16] ìƒì„± ì™„ë£Œ, ë””ì½”ë”© ì¤‘...
2025-10-14 18:56:30 | [ë°°ì¹˜ 1/16] í›„ì²˜ë¦¬ ì ìš© ì¤‘...
2025-10-14 18:56:30 | âœ… [ë°°ì¹˜ 1/16] ì™„ë£Œ (ëˆ„ì  ìš”ì•½ ìˆ˜: 32)
2025-10-14 18:56:30 | [ë°°ì¹˜ 2/16] ì¶”ë¡  ì‹œìž‘...
2025-10-14 18:56:30 | [ë°°ì¹˜ 2/16] ìž…ë ¥ ë°ì´í„°ë¥¼ cudaë¡œ ì „ì†¡ ì¤‘...
2025-10-14 18:56:30 | [ë°°ì¹˜ 2/16] ëª¨ë¸ ìƒì„±(generate) ì‹¤í–‰ ì¤‘...
2025-10-14 18:56:39 | [ë°°ì¹˜ 2/16] ìƒì„± ì™„ë£Œ, ë””ì½”ë”© ì¤‘...
2025-10-14 18:56:39 | [ë°°ì¹˜ 2/16] í›„ì²˜ë¦¬ ì ìš© ì¤‘...
2025-10-14 18:56:39 | âœ… [ë°°ì¹˜ 2/16] ì™„ë£Œ (ëˆ„ì  ìš”ì•½ ìˆ˜: 64)
2025-10-14 18:56:39 | [ë°°ì¹˜ 3/16] ì¶”ë¡  ì‹œìž‘...
2025-10-14 18:56:39 | [ë°°ì¹˜ 3/16] ìž…ë ¥ ë°ì´í„°ë¥¼ cudaë¡œ ì „ì†¡ ì¤‘...
2025-10-14 18:56:39 | [ë°°ì¹˜ 3/16] ëª¨ë¸ ìƒì„±(generate) ì‹¤í–‰ ì¤‘...
2025-10-14 18:56:49 | [ë°°ì¹˜ 3/16] ìƒì„± ì™„ë£Œ, ë””ì½”ë”© ì¤‘...
2025-10-14 18:56:49 | [ë°°ì¹˜ 3/16] í›„ì²˜ë¦¬ ì ìš© ì¤‘...
2025-10-14 18:56:49 | âœ… [ë°°ì¹˜ 3/16] ì™„ë£Œ (ëˆ„ì  ìš”ì•½ ìˆ˜: 96)
2025-10-14 18:56:49 | [ë°°ì¹˜ 4/16] ì¶”ë¡  ì‹œìž‘...
2025-10-14 18:56:49 | [ë°°ì¹˜ 4/16] ìž…ë ¥ ë°ì´í„°ë¥¼ cudaë¡œ ì „ì†¡ ì¤‘...
2025-10-14 18:56:49 | [ë°°ì¹˜ 4/16] ëª¨ë¸ ìƒì„±(generate) ì‹¤í–‰ ì¤‘...
2025-10-14 18:56:59 | [ë°°ì¹˜ 4/16] ìƒì„± ì™„ë£Œ, ë””ì½”ë”© ì¤‘...
2025-10-14 18:56:59 | [ë°°ì¹˜ 4/16] í›„ì²˜ë¦¬ ì ìš© ì¤‘...
2025-10-14 18:56:59 | âœ… [ë°°ì¹˜ 4/16] ì™„ë£Œ (ëˆ„ì  ìš”ì•½ ìˆ˜: 128)
2025-10-14 18:56:59 | [ë°°ì¹˜ 5/16] ì¶”ë¡  ì‹œìž‘...
2025-10-14 18:56:59 | [ë°°ì¹˜ 5/16] ìž…ë ¥ ë°ì´í„°ë¥¼ cudaë¡œ ì „ì†¡ ì¤‘...
2025-10-14 18:56:59 | [ë°°ì¹˜ 5/16] ëª¨ë¸ ìƒì„±(generate) ì‹¤í–‰ ì¤‘...
2025-10-14 18:57:08 | [ë°°ì¹˜ 5/16] ìƒì„± ì™„ë£Œ, ë””ì½”ë”© ì¤‘...
2025-10-14 18:57:08 | [ë°°ì¹˜ 5/16] í›„ì²˜ë¦¬ ì ìš© ì¤‘...
2025-10-14 18:57:08 | âœ… [ë°°ì¹˜ 5/16] ì™„ë£Œ (ëˆ„ì  ìš”ì•½ ìˆ˜: 160)
2025-10-14 18:57:08 | [ë°°ì¹˜ 6/16] ì¶”ë¡  ì‹œìž‘...
2025-10-14 18:57:08 | [ë°°ì¹˜ 6/16] ìž…ë ¥ ë°ì´í„°ë¥¼ cudaë¡œ ì „ì†¡ ì¤‘...
2025-10-14 18:57:08 | [ë°°ì¹˜ 6/16] ëª¨ë¸ ìƒì„±(generate) ì‹¤í–‰ ì¤‘...
2025-10-14 18:57:19 | [ë°°ì¹˜ 6/16] ìƒì„± ì™„ë£Œ, ë””ì½”ë”© ì¤‘...
2025-10-14 18:57:19 | [ë°°ì¹˜ 6/16] í›„ì²˜ë¦¬ ì ìš© ì¤‘...
2025-10-14 18:57:19 | âœ… [ë°°ì¹˜ 6/16] ì™„ë£Œ (ëˆ„ì  ìš”ì•½ ìˆ˜: 192)
2025-10-14 18:57:19 | [ë°°ì¹˜ 7/16] ì¶”ë¡  ì‹œìž‘...
2025-10-14 18:57:19 | [ë°°ì¹˜ 7/16] ìž…ë ¥ ë°ì´í„°ë¥¼ cudaë¡œ ì „ì†¡ ì¤‘...
2025-10-14 18:57:19 | [ë°°ì¹˜ 7/16] ëª¨ë¸ ìƒì„±(generate) ì‹¤í–‰ ì¤‘...
2025-10-14 18:57:28 | [ë°°ì¹˜ 7/16] ìƒì„± ì™„ë£Œ, ë””ì½”ë”© ì¤‘...
2025-10-14 18:57:28 | [ë°°ì¹˜ 7/16] í›„ì²˜ë¦¬ ì ìš© ì¤‘...
2025-10-14 18:57:28 | âœ… [ë°°ì¹˜ 7/16] ì™„ë£Œ (ëˆ„ì  ìš”ì•½ ìˆ˜: 224)
2025-10-14 18:57:28 | [ë°°ì¹˜ 8/16] ì¶”ë¡  ì‹œìž‘...
2025-10-14 18:57:28 | [ë°°ì¹˜ 8/16] ìž…ë ¥ ë°ì´í„°ë¥¼ cudaë¡œ ì „ì†¡ ì¤‘...
2025-10-14 18:57:28 | [ë°°ì¹˜ 8/16] ëª¨ë¸ ìƒì„±(generate) ì‹¤í–‰ ì¤‘...
2025-10-14 18:57:38 | [ë°°ì¹˜ 8/16] ìƒì„± ì™„ë£Œ, ë””ì½”ë”© ì¤‘...
2025-10-14 18:57:38 | [ë°°ì¹˜ 8/16] í›„ì²˜ë¦¬ ì ìš© ì¤‘...
2025-10-14 18:57:38 | âœ… [ë°°ì¹˜ 8/16] ì™„ë£Œ (ëˆ„ì  ìš”ì•½ ìˆ˜: 256)
2025-10-14 18:57:38 | [ë°°ì¹˜ 9/16] ì¶”ë¡  ì‹œìž‘...
2025-10-14 18:57:38 | [ë°°ì¹˜ 9/16] ìž…ë ¥ ë°ì´í„°ë¥¼ cudaë¡œ ì „ì†¡ ì¤‘...
2025-10-14 18:57:38 | [ë°°ì¹˜ 9/16] ëª¨ë¸ ìƒì„±(generate) ì‹¤í–‰ ì¤‘...
2025-10-14 18:57:48 | [ë°°ì¹˜ 9/16] ìƒì„± ì™„ë£Œ, ë””ì½”ë”© ì¤‘...
2025-10-14 18:57:48 | [ë°°ì¹˜ 9/16] í›„ì²˜ë¦¬ ì ìš© ì¤‘...
2025-10-14 18:57:48 | âœ… [ë°°ì¹˜ 9/16] ì™„ë£Œ (ëˆ„ì  ìš”ì•½ ìˆ˜: 288)
2025-10-14 18:57:48 | [ë°°ì¹˜ 10/16] ì¶”ë¡  ì‹œìž‘...
2025-10-14 18:57:48 | [ë°°ì¹˜ 10/16] ìž…ë ¥ ë°ì´í„°ë¥¼ cudaë¡œ ì „ì†¡ ì¤‘...
2025-10-14 18:57:48 | [ë°°ì¹˜ 10/16] ëª¨ë¸ ìƒì„±(generate) ì‹¤í–‰ ì¤‘...
2025-10-14 18:57:58 | [ë°°ì¹˜ 10/16] ìƒì„± ì™„ë£Œ, ë””ì½”ë”© ì¤‘...
2025-10-14 18:57:58 | [ë°°ì¹˜ 10/16] í›„ì²˜ë¦¬ ì ìš© ì¤‘...
2025-10-14 18:57:58 | âœ… [ë°°ì¹˜ 10/16] ì™„ë£Œ (ëˆ„ì  ìš”ì•½ ìˆ˜: 320)
2025-10-14 18:57:58 | [ë°°ì¹˜ 11/16] ì¶”ë¡  ì‹œìž‘...
2025-10-14 18:57:58 | [ë°°ì¹˜ 11/16] ìž…ë ¥ ë°ì´í„°ë¥¼ cudaë¡œ ì „ì†¡ ì¤‘...
2025-10-14 18:57:58 | [ë°°ì¹˜ 11/16] ëª¨ë¸ ìƒì„±(generate) ì‹¤í–‰ ì¤‘...
2025-10-14 18:58:08 | [ë°°ì¹˜ 11/16] ìƒì„± ì™„ë£Œ, ë””ì½”ë”© ì¤‘...
2025-10-14 18:58:08 | [ë°°ì¹˜ 11/16] í›„ì²˜ë¦¬ ì ìš© ì¤‘...
2025-10-14 18:58:08 | âœ… [ë°°ì¹˜ 11/16] ì™„ë£Œ (ëˆ„ì  ìš”ì•½ ìˆ˜: 352)
2025-10-14 18:58:08 | [ë°°ì¹˜ 12/16] ì¶”ë¡  ì‹œìž‘...
2025-10-14 18:58:08 | [ë°°ì¹˜ 12/16] ìž…ë ¥ ë°ì´í„°ë¥¼ cudaë¡œ ì „ì†¡ ì¤‘...
2025-10-14 18:58:08 | [ë°°ì¹˜ 12/16] ëª¨ë¸ ìƒì„±(generate) ì‹¤í–‰ ì¤‘...
2025-10-14 18:58:18 | [ë°°ì¹˜ 12/16] ìƒì„± ì™„ë£Œ, ë””ì½”ë”© ì¤‘...
2025-10-14 18:58:18 | [ë°°ì¹˜ 12/16] í›„ì²˜ë¦¬ ì ìš© ì¤‘...
2025-10-14 18:58:18 | âœ… [ë°°ì¹˜ 12/16] ì™„ë£Œ (ëˆ„ì  ìš”ì•½ ìˆ˜: 384)
2025-10-14 18:58:18 | [ë°°ì¹˜ 13/16] ì¶”ë¡  ì‹œìž‘...
2025-10-14 18:58:18 | [ë°°ì¹˜ 13/16] ìž…ë ¥ ë°ì´í„°ë¥¼ cudaë¡œ ì „ì†¡ ì¤‘...
2025-10-14 18:58:18 | [ë°°ì¹˜ 13/16] ëª¨ë¸ ìƒì„±(generate) ì‹¤í–‰ ì¤‘...
2025-10-14 18:58:28 | [ë°°ì¹˜ 13/16] ìƒì„± ì™„ë£Œ, ë””ì½”ë”© ì¤‘...
2025-10-14 18:58:28 | [ë°°ì¹˜ 13/16] í›„ì²˜ë¦¬ ì ìš© ì¤‘...
2025-10-14 18:58:28 | âœ… [ë°°ì¹˜ 13/16] ì™„ë£Œ (ëˆ„ì  ìš”ì•½ ìˆ˜: 416)
2025-10-14 18:58:28 | [ë°°ì¹˜ 14/16] ì¶”ë¡  ì‹œìž‘...
2025-10-14 18:58:28 | [ë°°ì¹˜ 14/16] ìž…ë ¥ ë°ì´í„°ë¥¼ cudaë¡œ ì „ì†¡ ì¤‘...
2025-10-14 18:58:28 | [ë°°ì¹˜ 14/16] ëª¨ë¸ ìƒì„±(generate) ì‹¤í–‰ ì¤‘...
2025-10-14 18:58:38 | [ë°°ì¹˜ 14/16] ìƒì„± ì™„ë£Œ, ë””ì½”ë”© ì¤‘...
2025-10-14 18:58:38 | [ë°°ì¹˜ 14/16] í›„ì²˜ë¦¬ ì ìš© ì¤‘...
2025-10-14 18:58:38 | âœ… [ë°°ì¹˜ 14/16] ì™„ë£Œ (ëˆ„ì  ìš”ì•½ ìˆ˜: 448)
2025-10-14 18:58:38 | [ë°°ì¹˜ 15/16] ì¶”ë¡  ì‹œìž‘...
2025-10-14 18:58:38 | [ë°°ì¹˜ 15/16] ìž…ë ¥ ë°ì´í„°ë¥¼ cudaë¡œ ì „ì†¡ ì¤‘...
2025-10-14 18:58:38 | [ë°°ì¹˜ 15/16] ëª¨ë¸ ìƒì„±(generate) ì‹¤í–‰ ì¤‘...
2025-10-14 18:58:48 | [ë°°ì¹˜ 15/16] ìƒì„± ì™„ë£Œ, ë””ì½”ë”© ì¤‘...
2025-10-14 18:58:48 | [ë°°ì¹˜ 15/16] í›„ì²˜ë¦¬ ì ìš© ì¤‘...
2025-10-14 18:58:48 | âœ… [ë°°ì¹˜ 15/16] ì™„ë£Œ (ëˆ„ì  ìš”ì•½ ìˆ˜: 480)
2025-10-14 18:58:48 | [ë°°ì¹˜ 16/16] ì¶”ë¡  ì‹œìž‘...
2025-10-14 18:58:48 | [ë°°ì¹˜ 16/16] ìž…ë ¥ ë°ì´í„°ë¥¼ cudaë¡œ ì „ì†¡ ì¤‘...
2025-10-14 18:58:48 | [ë°°ì¹˜ 16/16] ëª¨ë¸ ìƒì„±(generate) ì‹¤í–‰ ì¤‘...
2025-10-14 18:58:54 | [ë°°ì¹˜ 16/16] ìƒì„± ì™„ë£Œ, ë””ì½”ë”© ì¤‘...
2025-10-14 18:58:54 | [ë°°ì¹˜ 16/16] í›„ì²˜ë¦¬ ì ìš© ì¤‘...
2025-10-14 18:58:54 | âœ… [ë°°ì¹˜ 16/16] ì™„ë£Œ (ëˆ„ì  ìš”ì•½ ìˆ˜: 499)
2025-10-14 18:58:54 | ðŸŽ‰ ì „ì²´ ë°°ì¹˜ ì¶”ë¡  ì™„ë£Œ (ì´ ìš”ì•½ ìˆ˜: 499)
2025-10-14 18:58:54 | ============================================================
2025-10-14 18:58:54 | ðŸ”§ HuggingFace ì‚¬ì „í•™ìŠµ ëª¨ë¸ ë³´ì • ì‹œìž‘
2025-10-14 18:58:54 | ëª¨ë¸ ë¡œë“œ ì¤‘: gogamza/kobart-base-v2
2025-10-14 18:59:05 | âœ… ë¡œë“œ ì™„ë£Œ: gogamza/kobart-base-v2
2025-10-14 18:59:05 | ëª¨ë¸ ë¡œë“œ ì¤‘: digit82/kobart-summarization
2025-10-14 18:59:07 | âœ… ë¡œë“œ ì™„ë£Œ: digit82/kobart-summarization
2025-10-14 18:59:07 | ============================================================
2025-10-14 18:59:07 | ì‚¬ì „í•™ìŠµ ëª¨ë¸ ë³´ì • ì‹œìž‘
2025-10-14 18:59:07 | - ìƒ˜í”Œ ìˆ˜: 499
2025-10-14 18:59:07 | - ì°¸ì¡° ëª¨ë¸ ìˆ˜: 2
2025-10-14 18:59:07 | - ë³´ì • ì „ëžµ: quality_based
2025-10-14 18:59:07 | - í’ˆì§ˆ ìž„ê³„ê°’: 0.3
2025-10-14 18:59:07 | ============================================================
2025-10-14 18:59:07 | [1/3] ì°¸ì¡° ìš”ì•½ ìƒì„± ì¤‘: gogamza/kobart-base-v2
2025-10-14 19:02:06 | âœ… ì™„ë£Œ: 499ê°œ ìš”ì•½ ìƒì„±
2025-10-14 19:02:06 | [1/3] ì°¸ì¡° ìš”ì•½ ìƒì„± ì¤‘: digit82/kobart-summarization
2025-10-14 19:04:02 | âœ… ì™„ë£Œ: 499ê°œ ìš”ì•½ ìƒì„±
2025-10-14 19:04:02 | [2/3] í’ˆì§ˆ í‰ê°€ ì¤‘...
2025-10-14 19:04:02 | í’ˆì§ˆ í‰ê°€ ì‹œìž‘...
2025-10-14 19:04:02 | [1/3] Self-ROUGE ê³„ì‚° ì¤‘...
2025-10-14 19:04:03 | [2/3] ëª¨ë¸ë³„ í’ˆì§ˆ ê³„ì‚° ì¤‘...
2025-10-14 19:04:04 | [3/3] Candidate í’ˆì§ˆ ê³„ì‚° ì¤‘...
2025-10-14 19:04:05 | âœ… í‰ê°€ ì™„ë£Œ
2025-10-14 19:04:05 | âœ… í‰ê°€ ì™„ë£Œ
2025-10-14 19:04:05 | [3/3] ë³´ì • ì „ëžµ ì ìš© ì¤‘: quality_based
2025-10-14 19:04:05 | âœ… ë³´ì • ì™„ë£Œ
2025-10-14 19:04:05 | ðŸ“Š ë³´ì • í†µê³„:
2025-10-14 19:04:05 | - ì „ì²´: 499ê°œ
2025-10-14 19:04:05 | - ë³´ì •ë¨: 493ê°œ (98.8%)
2025-10-14 19:04:05 | - ìœ ì§€ë¨: 6ê°œ
2025-10-14 19:04:05 | ============================================================
2025-10-14 19:04:05 | âœ… HuggingFace ì‚¬ì „í•™ìŠµ ëª¨ë¸ ë³´ì • ì™„ë£Œ
2025-10-14 19:04:05 | ============================================================
2025-10-14 19:04:05 | [5/5] ì œì¶œ íŒŒì¼ ì €ìž¥ ì¤‘...
2025-10-14 19:04:05 | âœ… ì œì¶œ íŒŒì¼ ìƒì„± (1): experiments/20251014/20251014_185618_inference_kobart_beam5_maxnew100_minnew30_rep1.5_ngram3_hf/submissions/20251014_185618_inference_kobart_beam5_maxnew100_minnew30_rep1.5_ngram3_hf.csv
2025-10-14 19:04:05 | âœ… ì œì¶œ íŒŒì¼ ìƒì„± (2): submissions/20251014/20251014_185618_inference_kobart_beam5_maxnew100_minnew30_rep1.5_ngram3_hf.csv
2025-10-14 19:04:05 | ì¶”ë¡  ì™„ë£Œ!
2025-10-14 19:04:05 | ìƒ˜í”Œ ìˆ˜: 499
2025-10-14 19:04:05 | ìƒ˜í”Œ ì˜ˆì¸¡ ê²°ê³¼ (ì²˜ìŒ 3ê°œ):
2025-10-14 19:04:05 | [test_0]: ? 
Person1#: Ms. Dawson, ë°›ì•„ì“°ê¸° ì¢€ ë¶€íƒë“œë ¤ì•¼ê² ì–´ìš”. 
#Persoo...
2025-10-14 19:04:05 | [test_1]: ì •ë§ ì™”ë„¤! ë­ê°€ ì´ë ‡ê²Œ ì˜¤ëž˜ ê±¸ë ¸ì–´ì–´?
#Person2#: ì°¨ê°€ ë˜ ë§‰í˜”ì–´. Carref...
2025-10-14 19:04:05 | [test_2]: Mashaëž‘ Heroê°€ ë‘ ë‹¬ ë™ì•ˆ ë³„ê±° ì¤‘ì´ë”ë‹ˆ ê²°êµ­ ì´í˜¼ ì‹ ì²­ì„ í–ˆëŒ€ë²•ì›ì—ì„œëŠ” ë‘ ë‹¬ê°„...
2025-10-14 19:04:05 | ============================================================
2025-10-14 19:04:05 | ðŸŽ‰ ì¶”ë¡  ì™„ë£Œ!
2025-10-14 19:04:05 | ============================================================
2025-10-14 19:04:05 | >> ë¡œê·¸ ë¦¬ë””ë ‰ì…˜ ì¤‘ë£Œ.
