2025-10-12 12:36:58 | >> 표준 출력 및 오류를 로그 파일로 리디렉션 시작
2025-10-12 12:36:58 | ============================================================
2025-10-12 12:36:58 | 추론 시작
2025-10-12 12:36:58 | ============================================================
2025-10-12 12:36:58 | [GPU 정보]
2025-10-12 12:36:58 | available: True
2025-10-12 12:36:58 | device_count: 1
2025-10-12 12:36:58 | current_device: 0
2025-10-12 12:36:58 | gpu_0: {'name': 'NVIDIA GeForce RTX 4090', 'total_memory_gb': 23.98779296875, 'major': 8, 'minor': 9, 'multi_processor_count': 128, 'allocated_memory_gb': 0.0, 'reserved_memory_gb': 0.0}
2025-10-12 12:36:58 | GPU Tier: LOW
2025-10-12 12:36:58 | [1/5] Config 로딩...
2025-10-12 12:36:58 | ✅ Config 로드 완료: baseline_kobart
2025-10-12 12:36:58 | [2/5] 모델 로딩: experiments/20251012/20251012_101219_test_full_pipeline_quick/model_0_kobart/default/final_model
2025-10-12 12:36:58 | ✅ 모델 로드 완료
2025-10-12 12:36:58 | 모델 파라미터: 123,859,968
2025-10-12 12:36:58 | [3/5] 테스트 데이터 로딩: data/raw/test.csv
2025-10-12 12:36:58 | ✅ 테스트 샘플: 499개
2025-10-12 12:36:58 | [4/5] 추론 실행...
2025-10-12 12:36:58 | ============================================================
2025-10-12 12:36:58 | 제출 파일 생성 시작
2025-10-12 12:36:58 | ============================================================
2025-10-12 12:36:58 | 샘플 수: 499
2025-10-12 12:36:59 | Predicting:   0%|          | 0/32 [00:00<?, ?it/s]
2025-10-12 12:37:29 | Predicting:   3%|▎         | 1/32 [00:30<15:43, 30.42s/it]
2025-10-12 12:37:58 | Predicting:   6%|▋         | 2/32 [00:59<14:56, 29.87s/it]
2025-10-12 12:38:29 | Predicting:   9%|▉         | 3/32 [01:30<14:37, 30.26s/it]
2025-10-12 12:39:00 | Predicting:  12%|█▎        | 4/32 [02:01<14:17, 30.63s/it]
2025-10-12 12:39:32 | Predicting:  16%|█▌        | 5/32 [02:33<13:56, 30.96s/it]
2025-10-12 12:40:04 | Predicting:  19%|█▉        | 6/32 [03:05<13:31, 31.20s/it]
2025-10-12 12:40:34 | Predicting:  22%|██▏       | 7/32 [03:35<12:53, 30.94s/it]
2025-10-12 12:41:05 | Predicting:  25%|██▌       | 8/32 [04:06<12:20, 30.85s/it]
2025-10-12 12:41:36 | Predicting:  28%|██▊       | 9/32 [04:37<11:54, 31.05s/it]
2025-10-12 12:42:08 | Predicting:  31%|███▏      | 10/32 [05:09<11:25, 31.17s/it]
2025-10-12 12:42:39 | Predicting:  34%|███▍      | 11/32 [05:40<10:58, 31.34s/it]
2025-10-12 12:43:11 | Predicting:  38%|███▊      | 12/32 [06:12<10:29, 31.45s/it]
2025-10-12 12:43:43 | Predicting:  41%|████      | 13/32 [06:44<09:58, 31.50s/it]
