2025-10-12 12:09:45 | >> 표준 출력 및 오류를 로그 파일로 리디렉션 시작
2025-10-12 12:09:45 | ============================================================
2025-10-12 12:09:45 | 추론 시작
2025-10-12 12:09:45 | ============================================================
2025-10-12 12:09:45 | [GPU 정보]
2025-10-12 12:09:45 | available: True
2025-10-12 12:09:45 | device_count: 1
2025-10-12 12:09:45 | current_device: 0
2025-10-12 12:09:45 | gpu_0: {'name': 'NVIDIA GeForce RTX 4090', 'total_memory_gb': 23.98779296875, 'major': 8, 'minor': 9, 'multi_processor_count': 128, 'allocated_memory_gb': 0.0, 'reserved_memory_gb': 0.0}
2025-10-12 12:09:45 | GPU Tier: LOW
2025-10-12 12:09:45 | [1/5] Config 로딩...
2025-10-12 12:09:45 | ✅ Config 로드 완료: baseline_kobart
2025-10-12 12:09:45 | [2/5] 모델 로딩: experiments/20251012/20251012_101219_test_full_pipeline_quick/model_0_kobart/default/final_model
2025-10-12 12:09:46 | ✅ 모델 로드 완료
2025-10-12 12:09:46 | 모델 파라미터: 123,859,968
2025-10-12 12:09:46 | [3/5] 테스트 데이터 로딩: data/raw/test.csv
2025-10-12 12:09:46 | ✅ 테스트 샘플: 499개
2025-10-12 12:09:46 | [4/5] 추론 실행...
2025-10-12 12:09:46 | ============================================================
2025-10-12 12:09:46 | 제출 파일 생성 시작
2025-10-12 12:09:46 | ============================================================
2025-10-12 12:09:46 | 샘플 수: 499
2025-10-12 12:09:46 | Predicting:   0%|          | 0/16 [00:00<?, ?it/s]
2025-10-12 12:10:43 | Predicting:   6%|▋         | 1/16 [00:57<14:25, 57.68s/it]
2025-10-12 12:11:41 | Predicting:  12%|█▎        | 2/16 [01:55<13:27, 57.70s/it]
2025-10-12 12:12:38 | Predicting:  19%|█▉        | 3/16 [02:52<12:27, 57.54s/it]
2025-10-12 12:13:37 | Predicting:  25%|██▌       | 4/16 [03:50<11:33, 57.78s/it]
2025-10-12 12:14:40 | Predicting:  31%|███▏      | 5/16 [04:53<10:56, 59.65s/it]
