2025-10-12 05:56:40 | >> 표준 출력 및 오류를 로그 파일로 리디렉션 시작
2025-10-12 05:56:40 | ============================================================
2025-10-12 05:56:40 | 추론 시작
2025-10-12 05:56:40 | ============================================================
2025-10-12 05:56:40 | [GPU 정보]
2025-10-12 05:56:40 | available: True
2025-10-12 05:56:40 | device_count: 1
2025-10-12 05:56:40 | current_device: 0
2025-10-12 05:56:40 | gpu_0: {'name': 'NVIDIA GeForce RTX 4090', 'total_memory_gb': 23.98779296875, 'major': 8, 'minor': 9, 'multi_processor_count': 128, 'allocated_memory_gb': 0.0, 'reserved_memory_gb': 0.0}
2025-10-12 05:56:40 | GPU Tier: LOW
2025-10-12 05:56:40 | [1/5] Config 로딩...
2025-10-12 05:56:40 | ✅ Config 로드 완료: baseline_kobart
2025-10-12 05:56:40 | [2/5] 모델 로딩: experiments/test_command_validation/model_0_kobart/default/final_model
2025-10-12 05:56:40 | ✅ 모델 로드 완료
2025-10-12 05:56:40 | 모델 파라미터: 123,859,968
2025-10-12 05:56:40 | [3/5] 테스트 데이터 로딩: data/raw/test.csv
2025-10-12 05:56:40 | ✅ 테스트 샘플: 499개
2025-10-12 05:56:40 | [4/5] 추론 실행...
2025-10-12 05:56:40 | ============================================================
2025-10-12 05:56:40 | 제출 파일 생성 시작
2025-10-12 05:56:40 | ============================================================
2025-10-12 05:56:40 | 샘플 수: 499
2025-10-12 05:56:40 | Predicting:   0%|          | 0/63 [00:00<?, ?it/s]
2025-10-12 05:56:53 | Predicting:   2%|▏         | 1/63 [00:13<13:59, 13.54s/it]
2025-10-12 05:57:00 | Predicting:   3%|▎         | 2/63 [00:20<09:47,  9.63s/it]
2025-10-12 05:57:07 | Predicting:   5%|▍         | 3/63 [00:27<08:29,  8.50s/it]
2025-10-12 05:57:16 | Predicting:   6%|▋         | 4/63 [00:35<08:13,  8.36s/it]
2025-10-12 05:57:27 | Predicting:   8%|▊         | 5/63 [00:47<09:07,  9.43s/it]
