2025-10-12 04:05:03 | >> 표준 출력 및 오류를 로그 파일로 리디렉션 시작
2025-10-12 04:05:03 | ============================================================
2025-10-12 04:05:03 | 추론 시작
2025-10-12 04:05:03 | ============================================================
2025-10-12 04:05:03 | [GPU 정보]
2025-10-12 04:05:03 | available: True
2025-10-12 04:05:03 | device_count: 1
2025-10-12 04:05:03 | current_device: 0
2025-10-12 04:05:03 | gpu_0: {'name': 'NVIDIA GeForce RTX 4090', 'total_memory_gb': 23.98779296875, 'major': 8, 'minor': 9, 'multi_processor_count': 128, 'allocated_memory_gb': 0.0, 'reserved_memory_gb': 0.0}
2025-10-12 04:05:03 | GPU Tier: LOW
2025-10-12 04:05:03 | [1/5] Config 로딩...
2025-10-12 04:05:03 | ✅ Config 로드 완료: baseline_kobart
2025-10-12 04:05:03 | [2/5] 모델 로딩: experiments/test_command_validation/model_0_kobart/default/final_model
2025-10-12 04:05:03 | ✅ 모델 로드 완료
2025-10-12 04:05:03 | 모델 파라미터: 123,859,968
2025-10-12 04:05:03 | [3/5] 테스트 데이터 로딩: data/raw/test.csv
2025-10-12 04:05:03 | ✅ 테스트 샘플: 499개
2025-10-12 04:05:03 | [4/5] 추론 실행...
2025-10-12 04:05:03 | ============================================================
2025-10-12 04:05:03 | 제출 파일 생성 시작
2025-10-12 04:05:03 | ============================================================
2025-10-12 04:05:03 | 샘플 수: 499
2025-10-12 04:05:03 | Predicting:   0%|          | 0/63 [00:00<?, ?it/s]
2025-10-12 04:05:18 | Predicting:   2%|▏         | 1/63 [00:15<15:30, 15.02s/it]
2025-10-12 04:05:34 | Predicting:   3%|▎         | 2/63 [00:31<15:56, 15.68s/it]
2025-10-12 04:05:49 | Predicting:   5%|▍         | 3/63 [00:46<15:25, 15.42s/it]
2025-10-12 04:06:06 | Predicting:   6%|▋         | 4/63 [01:03<15:49, 16.09s/it]
2025-10-12 04:06:21 | Predicting:   8%|▊         | 5/63 [01:18<15:12, 15.73s/it]
2025-10-12 04:06:38 | Predicting:  10%|▉         | 6/63 [01:35<15:12, 16.00s/it]
2025-10-12 04:06:53 | Predicting:  11%|█         | 7/63 [01:50<14:45, 15.81s/it]
2025-10-12 04:07:09 | Predicting:  13%|█▎        | 8/63 [02:05<14:24, 15.72s/it]
2025-10-12 04:07:25 | Predicting:  14%|█▍        | 9/63 [02:22<14:20, 15.93s/it]
2025-10-12 04:07:41 | Predicting:  16%|█▌        | 10/63 [02:38<14:01, 15.88s/it]
2025-10-12 04:07:57 | Predicting:  17%|█▋        | 11/63 [02:54<13:53, 16.03s/it]
2025-10-12 04:08:13 | Predicting:  19%|█▉        | 12/63 [03:10<13:37, 16.03s/it]
2025-10-12 04:08:30 | Predicting:  21%|██        | 13/63 [03:27<13:35, 16.30s/it]
2025-10-12 04:08:46 | Predicting:  22%|██▏       | 14/63 [03:43<13:10, 16.14s/it]
2025-10-12 04:09:03 | Predicting:  24%|██▍       | 15/63 [03:59<13:03, 16.32s/it]
2025-10-12 04:09:19 | Predicting:  25%|██▌       | 16/63 [04:15<12:42, 16.22s/it]
2025-10-12 04:09:36 | Predicting:  27%|██▋       | 17/63 [04:32<12:33, 16.38s/it]
2025-10-12 04:09:52 | Predicting:  29%|██▊       | 18/63 [04:48<12:13, 16.30s/it]
2025-10-12 04:10:09 | Predicting:  30%|███       | 19/63 [05:05<12:04, 16.46s/it]
2025-10-12 04:10:25 | Predicting:  32%|███▏      | 20/63 [05:21<11:43, 16.36s/it]
2025-10-12 04:10:41 | Predicting:  33%|███▎      | 21/63 [05:38<11:31, 16.47s/it]
2025-10-12 04:10:57 | Predicting:  35%|███▍      | 22/63 [05:54<11:09, 16.32s/it]
2025-10-12 04:11:14 | Predicting:  37%|███▋      | 23/63 [06:11<10:56, 16.40s/it]
2025-10-12 04:11:30 | Predicting:  38%|███▊      | 24/63 [06:27<10:34, 16.27s/it]
2025-10-12 04:11:47 | Predicting:  40%|███▉      | 25/63 [06:43<10:22, 16.37s/it]
2025-10-12 04:12:03 | Predicting:  41%|████▏     | 26/63 [06:59<10:03, 16.31s/it]
2025-10-12 04:12:20 | Predicting:  43%|████▎     | 27/63 [07:16<09:53, 16.48s/it]
2025-10-12 04:12:36 | Predicting:  44%|████▍     | 28/63 [07:32<09:34, 16.42s/it]
2025-10-12 04:12:53 | Predicting:  46%|████▌     | 29/63 [07:50<09:26, 16.67s/it]
2025-10-12 04:13:09 | Predicting:  48%|████▊     | 30/63 [08:06<09:04, 16.50s/it]
2025-10-12 04:13:26 | Predicting:  49%|████▉     | 31/63 [08:23<08:53, 16.66s/it]
2025-10-12 04:13:43 | Predicting:  51%|█████     | 32/63 [08:39<08:33, 16.55s/it]
2025-10-12 04:14:00 | Predicting:  52%|█████▏    | 33/63 [08:56<08:21, 16.72s/it]
2025-10-12 04:14:16 | Predicting:  54%|█████▍    | 34/63 [09:13<08:01, 16.60s/it]
2025-10-12 04:14:33 | Predicting:  56%|█████▌    | 35/63 [09:30<07:47, 16.70s/it]
2025-10-12 04:14:49 | Predicting:  57%|█████▋    | 36/63 [09:46<07:28, 16.61s/it]
2025-10-12 04:15:06 | Predicting:  59%|█████▊    | 37/63 [10:03<07:15, 16.74s/it]
