2025-10-12 04:15:45 | >> 표준 출력 및 오류를 로그 파일로 리디렉션 시작
2025-10-12 04:15:45 | ============================================================
2025-10-12 04:15:45 | 추론 시작
2025-10-12 04:15:45 | ============================================================
2025-10-12 04:15:45 | [GPU 정보]
2025-10-12 04:15:45 | available: True
2025-10-12 04:15:45 | device_count: 1
2025-10-12 04:15:45 | current_device: 0
2025-10-12 04:15:45 | gpu_0: {'name': 'NVIDIA GeForce RTX 4090', 'total_memory_gb': 23.98779296875, 'major': 8, 'minor': 9, 'multi_processor_count': 128, 'allocated_memory_gb': 0.0, 'reserved_memory_gb': 0.0}
2025-10-12 04:15:45 | GPU Tier: LOW
2025-10-12 04:15:45 | [1/5] Config 로딩...
2025-10-12 04:15:45 | ✅ Config 로드 완료: baseline_kobart
2025-10-12 04:15:45 | [2/5] 모델 로딩: experiments/test_command_validation/model_0_kobart/default/final_model
2025-10-12 04:15:45 | ✅ 모델 로드 완료
2025-10-12 04:15:45 | 모델 파라미터: 123,859,968
2025-10-12 04:15:45 | [3/5] 테스트 데이터 로딩: data/raw/test.csv
2025-10-12 04:15:45 | ✅ 테스트 샘플: 499개
2025-10-12 04:15:45 | [4/5] 추론 실행...
2025-10-12 04:15:45 | ============================================================
2025-10-12 04:15:45 | 제출 파일 생성 시작
2025-10-12 04:15:45 | ============================================================
2025-10-12 04:15:45 | 샘플 수: 499
2025-10-12 04:15:45 | Predicting:   0%|          | 0/63 [00:00<?, ?it/s]
2025-10-12 04:16:02 | Predicting:   2%|▏         | 1/63 [00:16<17:24, 16.84s/it]
2025-10-12 04:16:18 | Predicting:   3%|▎         | 2/63 [00:32<16:29, 16.22s/it]
2025-10-12 04:16:34 | Predicting:   5%|▍         | 3/63 [00:49<16:18, 16.30s/it]
2025-10-12 04:16:50 | Predicting:   6%|▋         | 4/63 [01:04<15:43, 16.00s/it]
2025-10-12 04:17:07 | Predicting:   8%|▊         | 5/63 [01:21<15:44, 16.28s/it]
2025-10-12 04:17:23 | Predicting:  10%|▉         | 6/63 [01:37<15:23, 16.20s/it]
2025-10-12 04:17:40 | Predicting:  11%|█         | 7/63 [01:54<15:18, 16.41s/it]
2025-10-12 04:17:56 | Predicting:  13%|█▎        | 8/63 [02:10<14:55, 16.28s/it]
2025-10-12 04:18:12 | Predicting:  14%|█▍        | 9/63 [02:26<14:47, 16.43s/it]
2025-10-12 04:18:28 | Predicting:  16%|█▌        | 10/63 [02:43<14:26, 16.34s/it]
2025-10-12 04:18:44 | Predicting:  17%|█▋        | 11/63 [02:58<13:59, 16.15s/it]
2025-10-12 04:19:01 | Predicting:  19%|█▉        | 12/63 [03:15<13:51, 16.30s/it]
2025-10-12 04:19:17 | Predicting:  21%|██        | 13/63 [03:31<13:30, 16.21s/it]
2025-10-12 04:19:33 | Predicting:  22%|██▏       | 14/63 [03:47<13:18, 16.30s/it]
2025-10-12 04:19:49 | Predicting:  24%|██▍       | 15/63 [04:04<12:59, 16.23s/it]
2025-10-12 04:20:07 | Predicting:  25%|██▌       | 16/63 [04:21<12:56, 16.52s/it]
2025-10-12 04:20:23 | Predicting:  27%|██▋       | 17/63 [04:37<12:34, 16.40s/it]
2025-10-12 04:20:40 | Predicting:  29%|██▊       | 18/63 [04:54<12:30, 16.67s/it]
2025-10-12 04:20:56 | Predicting:  30%|███       | 19/63 [05:10<12:05, 16.48s/it]
2025-10-12 04:21:13 | Predicting:  32%|███▏      | 20/63 [05:27<11:58, 16.70s/it]
2025-10-12 04:21:29 | Predicting:  33%|███▎      | 21/63 [05:43<11:29, 16.41s/it]
2025-10-12 04:21:46 | Predicting:  35%|███▍      | 22/63 [06:00<11:21, 16.63s/it]
2025-10-12 04:22:02 | Predicting:  37%|███▋      | 23/63 [06:16<10:57, 16.44s/it]
2025-10-12 04:22:19 | Predicting:  38%|███▊      | 24/63 [06:33<10:46, 16.58s/it]
2025-10-12 04:22:35 | Predicting:  40%|███▉      | 25/63 [06:49<10:24, 16.43s/it]
2025-10-12 04:22:52 | Predicting:  41%|████▏     | 26/63 [07:06<10:14, 16.62s/it]
2025-10-12 04:23:08 | Predicting:  43%|████▎     | 27/63 [07:22<09:52, 16.45s/it]
2025-10-12 04:23:25 | Predicting:  44%|████▍     | 28/63 [07:39<09:42, 16.63s/it]
2025-10-12 04:23:42 | Predicting:  46%|████▌     | 29/63 [07:56<09:26, 16.66s/it]
2025-10-12 04:23:59 | Predicting:  48%|████▊     | 30/63 [08:14<09:16, 16.86s/it]
2025-10-12 04:24:16 | Predicting:  49%|████▉     | 31/63 [08:30<08:58, 16.83s/it]
2025-10-12 04:24:33 | Predicting:  51%|█████     | 32/63 [08:47<08:42, 16.84s/it]
2025-10-12 04:24:49 | Predicting:  52%|█████▏    | 33/63 [09:03<08:18, 16.63s/it]
2025-10-12 04:25:06 | Predicting:  54%|█████▍    | 34/63 [09:20<08:06, 16.76s/it]
2025-10-12 04:25:24 | Predicting:  56%|█████▌    | 35/63 [09:38<07:54, 16.94s/it]
2025-10-12 04:25:40 | Predicting:  57%|█████▋    | 36/63 [09:54<07:31, 16.74s/it]
2025-10-12 04:25:58 | Predicting:  59%|█████▊    | 37/63 [10:12<07:23, 17.04s/it]
