2025-10-12 05:53:30 | >> 표준 출력 및 오류를 로그 파일로 리디렉션 시작
2025-10-12 05:53:30 | ============================================================
2025-10-12 05:53:30 | 추론 시작
2025-10-12 05:53:30 | ============================================================
2025-10-12 05:53:30 | [GPU 정보]
2025-10-12 05:53:30 | available: True
2025-10-12 05:53:30 | device_count: 1
2025-10-12 05:53:30 | current_device: 0
2025-10-12 05:53:30 | gpu_0: {'name': 'NVIDIA GeForce RTX 4090', 'total_memory_gb': 23.98779296875, 'major': 8, 'minor': 9, 'multi_processor_count': 128, 'allocated_memory_gb': 0.0, 'reserved_memory_gb': 0.0}
2025-10-12 05:53:30 | GPU Tier: LOW
2025-10-12 05:53:30 | [1/5] Config 로딩...
2025-10-12 05:53:30 | ✅ Config 로드 완료: baseline_kobart
2025-10-12 05:53:30 | [2/5] 모델 로딩: experiments/test_command_validation/model_0_kobart/default/final_model
2025-10-12 05:53:30 | ✅ 모델 로드 완료
2025-10-12 05:53:30 | 모델 파라미터: 123,859,968
2025-10-12 05:53:30 | [3/5] 테스트 데이터 로딩: data/raw/test.csv
2025-10-12 05:53:30 | ✅ 테스트 샘플: 499개
2025-10-12 05:53:30 | [4/5] 추론 실행...
2025-10-12 05:53:30 | ============================================================
2025-10-12 05:53:30 | 제출 파일 생성 시작
2025-10-12 05:53:30 | ============================================================
2025-10-12 05:53:30 | 샘플 수: 499
2025-10-12 05:53:30 | Predicting:   0%|          | 0/63 [00:00<?, ?it/s]
2025-10-12 05:53:30 | Predicting:   0%|          | 0/63 [00:00<?, ?it/s]
2025-10-12 05:53:30 | >> 로그 리디렉션 중료.
