2025-10-12 05:57:39 | >> 표준 출력 및 오류를 로그 파일로 리디렉션 시작
2025-10-12 05:57:39 | ============================================================
2025-10-12 05:57:39 | 추론 시작
2025-10-12 05:57:39 | ============================================================
2025-10-12 05:57:39 | [GPU 정보]
2025-10-12 05:57:39 | available: True
2025-10-12 05:57:39 | device_count: 1
2025-10-12 05:57:39 | current_device: 0
2025-10-12 05:57:39 | gpu_0: {'name': 'NVIDIA GeForce RTX 4090', 'total_memory_gb': 23.98779296875, 'major': 8, 'minor': 9, 'multi_processor_count': 128, 'allocated_memory_gb': 0.0, 'reserved_memory_gb': 0.0}
2025-10-12 05:57:39 | GPU Tier: LOW
2025-10-12 05:57:39 | [1/5] Config 로딩...
2025-10-12 05:57:39 | ✅ Config 로드 완료: baseline_kobart
2025-10-12 05:57:39 | [2/5] 모델 로딩: experiments/test_command_validation/model_0_kobart/default/final_model
2025-10-12 05:57:39 | ✅ 모델 로드 완료
2025-10-12 05:57:39 | 모델 파라미터: 123,859,968
2025-10-12 05:57:39 | [3/5] 테스트 데이터 로딩: data/raw/test.csv
2025-10-12 05:57:39 | ✅ 테스트 샘플: 499개
2025-10-12 05:57:39 | [4/5] 추론 실행...
2025-10-12 05:57:39 | ============================================================
2025-10-12 05:57:39 | 제출 파일 생성 시작
2025-10-12 05:57:39 | ============================================================
2025-10-12 05:57:39 | 샘플 수: 499
2025-10-12 05:57:39 | Predicting:   0%|          | 0/63 [00:00<?, ?it/s]
2025-10-12 05:57:52 | Predicting:   2%|▏         | 1/63 [00:12<13:24, 12.98s/it]
2025-10-12 05:57:59 | Predicting:   3%|▎         | 2/63 [00:20<09:43,  9.57s/it]
2025-10-12 05:58:06 | Predicting:   5%|▍         | 3/63 [00:27<08:23,  8.39s/it]
2025-10-12 05:58:14 | Predicting:   6%|▋         | 4/63 [00:35<08:13,  8.37s/it]
2025-10-12 05:58:28 | Predicting:   8%|▊         | 5/63 [00:49<09:57, 10.30s/it]
2025-10-12 05:58:36 | Predicting:  10%|▉         | 6/63 [00:57<09:05,  9.57s/it]
2025-10-12 05:58:43 | Predicting:  11%|█         | 7/63 [01:04<08:07,  8.71s/it]
2025-10-12 05:58:53 | Predicting:  13%|█▎        | 8/63 [01:14<08:21,  9.11s/it]
2025-10-12 05:59:02 | Predicting:  14%|█▍        | 9/63 [01:22<08:02,  8.94s/it]
2025-10-12 05:59:10 | Predicting:  16%|█▌        | 10/63 [01:30<07:40,  8.68s/it]
2025-10-12 05:59:23 | Predicting:  17%|█▋        | 11/63 [01:43<08:35,  9.91s/it]
2025-10-12 05:59:32 | Predicting:  19%|█▉        | 12/63 [01:52<08:13,  9.67s/it]
