2025-10-12 12:23:35 | >> 표준 출력 및 오류를 로그 파일로 리디렉션 시작
2025-10-12 12:23:35 | ============================================================
2025-10-12 12:23:35 | 추론 시작
2025-10-12 12:23:35 | ============================================================
2025-10-12 12:23:35 | [GPU 정보]
2025-10-12 12:23:35 | available: True
2025-10-12 12:23:35 | device_count: 1
2025-10-12 12:23:35 | current_device: 0
2025-10-12 12:23:35 | gpu_0: {'name': 'NVIDIA GeForce RTX 4090', 'total_memory_gb': 23.98779296875, 'major': 8, 'minor': 9, 'multi_processor_count': 128, 'allocated_memory_gb': 0.0, 'reserved_memory_gb': 0.0}
2025-10-12 12:23:35 | GPU Tier: LOW
2025-10-12 12:23:35 | [1/5] Config 로딩...
2025-10-12 12:23:35 | ✅ Config 로드 완료: baseline_kobart
2025-10-12 12:23:35 | [2/5] 모델 로딩: experiments/20251012/20251012_101219_test_full_pipeline_quick/model_0_kobart/default/final_model
2025-10-12 12:23:35 | ✅ 모델 로드 완료
2025-10-12 12:23:35 | 모델 파라미터: 123,859,968
2025-10-12 12:23:35 | [3/5] 테스트 데이터 로딩: data/raw/test.csv
2025-10-12 12:23:35 | ✅ 테스트 샘플: 499개
2025-10-12 12:23:35 | [4/5] 추론 실행...
2025-10-12 12:23:35 | ============================================================
2025-10-12 12:23:35 | 제출 파일 생성 시작
2025-10-12 12:23:35 | ============================================================
2025-10-12 12:23:35 | 샘플 수: 499
2025-10-12 12:23:35 | Predicting:   0%|          | 0/16 [00:00<?, ?it/s]
2025-10-12 12:24:33 | Predicting:   6%|▋         | 1/16 [00:58<14:36, 58.47s/it]
2025-10-12 12:25:31 | Predicting:  12%|█▎        | 2/16 [01:55<13:30, 57.87s/it]
2025-10-12 12:26:28 | Predicting:  19%|█▉        | 3/16 [02:52<12:27, 57.46s/it]
2025-10-12 12:27:26 | Predicting:  25%|██▌       | 4/16 [03:51<11:35, 57.94s/it]
2025-10-12 12:28:26 | Predicting:  31%|███▏      | 5/16 [04:50<10:42, 58.37s/it]
2025-10-12 12:29:27 | Predicting:  38%|███▊      | 6/16 [05:52<09:54, 59.42s/it]
2025-10-12 12:30:30 | Predicting:  44%|████▍     | 7/16 [06:55<09:04, 60.55s/it]
2025-10-12 12:31:33 | Predicting:  50%|█████     | 8/16 [07:58<08:11, 61.41s/it]
2025-10-12 12:32:38 | Predicting:  56%|█████▋    | 9/16 [09:03<07:17, 62.51s/it]
