2025-10-12 03:42:40 | >> 표준 출력 및 오류를 로그 파일로 리디렉션 시작
2025-10-12 03:42:40 | ============================================================
2025-10-12 03:42:40 | 추론 시작
2025-10-12 03:42:40 | ============================================================
2025-10-12 03:42:40 | [GPU 정보]
2025-10-12 03:42:40 | available: True
2025-10-12 03:42:40 | device_count: 1
2025-10-12 03:42:40 | current_device: 0
2025-10-12 03:42:40 | gpu_0: {'name': 'NVIDIA GeForce RTX 4090', 'total_memory_gb': 23.98779296875, 'major': 8, 'minor': 9, 'multi_processor_count': 128, 'allocated_memory_gb': 0.0, 'reserved_memory_gb': 0.0}
2025-10-12 03:42:40 | GPU Tier: LOW
2025-10-12 03:42:40 | [1/5] Config 로딩...
2025-10-12 03:42:40 | ✅ Config 로드 완료: baseline_kobart
2025-10-12 03:42:40 | [2/5] 모델 로딩: experiments/test_command_validation/model_0_kobart/default/final_model
2025-10-12 03:42:40 | ✅ 모델 로드 완료
2025-10-12 03:42:40 | 모델 파라미터: 123,859,968
2025-10-12 03:42:40 | [3/5] 테스트 데이터 로딩: data/raw/test.csv
2025-10-12 03:42:40 | ✅ 테스트 샘플: 499개
2025-10-12 03:42:40 | [4/5] 추론 실행...
2025-10-12 03:42:40 | ============================================================
2025-10-12 03:42:40 | 제출 파일 생성 시작
2025-10-12 03:42:40 | ============================================================
2025-10-12 03:42:40 | 샘플 수: 499
2025-10-12 03:42:40 | Predicting:   0%|          | 0/63 [00:00<?, ?it/s]
2025-10-12 03:42:58 | Predicting:   2%|1         | 1/63 [00:17<17:51, 17.29s/it]
2025-10-12 03:43:13 | Predicting:   3%|3         | 2/63 [00:32<16:27, 16.20s/it]
2025-10-12 03:43:29 | Predicting:   5%|4         | 3/63 [00:48<16:10, 16.17s/it]
2025-10-12 03:43:45 | Predicting:   6%|6         | 4/63 [01:04<15:43, 16.00s/it]
2025-10-12 03:44:02 | Predicting:   8%|7         | 5/63 [01:21<15:40, 16.21s/it]
2025-10-12 03:44:17 | Predicting:  10%|9         | 6/63 [01:37<15:17, 16.09s/it]
2025-10-12 03:44:34 | Predicting:  11%|#1        | 7/63 [01:53<15:10, 16.27s/it]
2025-10-12 03:44:50 | Predicting:  13%|#2        | 8/63 [02:09<14:46, 16.11s/it]
2025-10-12 03:45:06 | Predicting:  14%|#4        | 9/63 [02:25<14:22, 15.98s/it]
2025-10-12 03:45:22 | Predicting:  16%|#5        | 10/63 [02:41<14:15, 16.14s/it]
2025-10-12 03:45:38 | Predicting:  17%|#7        | 11/63 [02:57<13:51, 16.00s/it]
2025-10-12 03:45:54 | Predicting:  19%|#9        | 12/63 [03:13<13:41, 16.11s/it]
2025-10-12 03:46:10 | Predicting:  21%|##        | 13/63 [03:29<13:22, 16.06s/it]
2025-10-12 03:46:26 | Predicting:  22%|##2       | 14/63 [03:46<13:12, 16.17s/it]
2025-10-12 03:46:42 | Predicting:  24%|##3       | 15/63 [04:01<12:46, 15.97s/it]
2025-10-12 03:46:59 | Predicting:  25%|##5       | 16/63 [04:18<12:42, 16.23s/it]
2025-10-12 03:47:15 | Predicting:  27%|##6       | 17/63 [04:34<12:24, 16.19s/it]
2025-10-12 03:47:32 | Predicting:  29%|##8       | 18/63 [04:51<12:19, 16.43s/it]
