2025-10-12 04:59:51 | >> 표준 출력 및 오류를 로그 파일로 리디렉션 시작
2025-10-12 04:59:51 | ============================================================
2025-10-12 04:59:51 | 추론 시작
2025-10-12 04:59:51 | ============================================================
2025-10-12 04:59:51 | [GPU 정보]
2025-10-12 04:59:51 | available: True
2025-10-12 04:59:51 | device_count: 1
2025-10-12 04:59:51 | current_device: 0
2025-10-12 04:59:51 | gpu_0: {'name': 'NVIDIA GeForce RTX 4090', 'total_memory_gb': 23.98779296875, 'major': 8, 'minor': 9, 'multi_processor_count': 128, 'allocated_memory_gb': 0.0, 'reserved_memory_gb': 0.0}
2025-10-12 04:59:51 | GPU Tier: LOW
2025-10-12 04:59:51 | [1/5] Config 로딩...
2025-10-12 04:59:51 | ✅ Config 로드 완료: baseline_kobart
2025-10-12 04:59:51 | [2/5] 모델 로딩: experiments/test_command_validation/model_0_kobart/default/final_model
2025-10-12 04:59:51 | ✅ 모델 로드 완료
2025-10-12 04:59:51 | 모델 파라미터: 123,859,968
2025-10-12 04:59:51 | [3/5] 테스트 데이터 로딩: data/raw/test.csv
2025-10-12 04:59:51 | ✅ 테스트 샘플: 499개
2025-10-12 04:59:51 | [4/5] 추론 실행...
2025-10-12 04:59:51 | ============================================================
2025-10-12 04:59:51 | 제출 파일 생성 시작
2025-10-12 04:59:51 | ============================================================
2025-10-12 04:59:51 | 샘플 수: 499
2025-10-12 04:59:51 | Predicting:   0%|          | 0/63 [00:00<?, ?it/s]
2025-10-12 05:00:08 | Predicting:   2%|▏         | 1/63 [00:16<16:58, 16.43s/it]
2025-10-12 05:00:24 | Predicting:   3%|▎         | 2/63 [00:32<16:45, 16.49s/it]
2025-10-12 05:00:40 | Predicting:   5%|▍         | 3/63 [00:48<16:06, 16.11s/it]
2025-10-12 05:00:57 | Predicting:   6%|▋         | 4/63 [01:05<16:10, 16.46s/it]
2025-10-12 05:01:12 | Predicting:   8%|▊         | 5/63 [01:21<15:39, 16.20s/it]
2025-10-12 05:01:30 | Predicting:  10%|▉         | 6/63 [01:38<15:43, 16.55s/it]
2025-10-12 05:01:45 | Predicting:  11%|█         | 7/63 [01:54<15:10, 16.26s/it]
2025-10-12 05:02:03 | Predicting:  13%|█▎        | 8/63 [02:11<15:13, 16.62s/it]
2025-10-12 05:02:18 | Predicting:  14%|█▍        | 9/63 [02:27<14:40, 16.31s/it]
2025-10-12 05:02:36 | Predicting:  16%|█▌        | 10/63 [02:44<14:38, 16.58s/it]
2025-10-12 05:02:51 | Predicting:  17%|█▋        | 11/63 [02:59<14:04, 16.25s/it]
2025-10-12 05:03:08 | Predicting:  19%|█▉        | 12/63 [03:17<14:01, 16.51s/it]
2025-10-12 05:03:24 | Predicting:  21%|██        | 13/63 [03:32<13:32, 16.25s/it]
2025-10-12 05:03:41 | Predicting:  22%|██▏       | 14/63 [03:50<13:33, 16.59s/it]
2025-10-12 05:03:57 | Predicting:  24%|██▍       | 15/63 [04:06<13:07, 16.41s/it]
2025-10-12 05:04:14 | Predicting:  25%|██▌       | 16/63 [04:23<13:02, 16.65s/it]
2025-10-12 05:04:31 | Predicting:  27%|██▋       | 17/63 [04:39<12:44, 16.62s/it]
2025-10-12 05:04:49 | Predicting:  29%|██▊       | 18/63 [04:57<12:40, 16.91s/it]
2025-10-12 05:05:05 | Predicting:  30%|███       | 19/63 [05:13<12:19, 16.80s/it]
2025-10-12 05:05:23 | Predicting:  32%|███▏      | 20/63 [05:31<12:11, 17.00s/it]
2025-10-12 05:05:39 | Predicting:  33%|███▎      | 21/63 [05:47<11:45, 16.79s/it]
2025-10-12 05:05:56 | Predicting:  35%|███▍      | 22/63 [06:05<11:35, 16.97s/it]
2025-10-12 05:06:12 | Predicting:  37%|███▋      | 23/63 [06:21<11:09, 16.75s/it]
2025-10-12 05:06:30 | Predicting:  38%|███▊      | 24/63 [06:38<11:00, 16.94s/it]
2025-10-12 05:06:46 | Predicting:  40%|███▉      | 25/63 [06:55<10:36, 16.75s/it]
2025-10-12 05:07:04 | Predicting:  41%|████▏     | 26/63 [07:12<10:28, 17.00s/it]
2025-10-12 05:07:20 | Predicting:  43%|████▎     | 27/63 [07:29<10:08, 16.90s/it]
2025-10-12 05:07:38 | Predicting:  44%|████▍     | 28/63 [07:47<10:01, 17.19s/it]
2025-10-12 05:07:55 | Predicting:  46%|████▌     | 29/63 [08:03<09:39, 17.04s/it]
2025-10-12 05:08:13 | Predicting:  48%|████▊     | 30/63 [08:21<09:30, 17.28s/it]
2025-10-12 05:08:29 | Predicting:  49%|████▉     | 31/63 [08:38<09:06, 17.07s/it]
2025-10-12 05:08:47 | Predicting:  51%|█████     | 32/63 [08:55<08:55, 17.26s/it]
2025-10-12 05:09:04 | Predicting:  52%|█████▏    | 33/63 [09:12<08:32, 17.09s/it]
2025-10-12 05:09:22 | Predicting:  54%|█████▍    | 34/63 [09:30<08:23, 17.36s/it]
2025-10-12 05:09:38 | Predicting:  56%|█████▌    | 35/63 [09:47<07:59, 17.13s/it]
2025-10-12 05:09:56 | Predicting:  57%|█████▋    | 36/63 [10:05<07:49, 17.40s/it]
