2025-10-15 13:07:51 | >> 표준 출력 및 오류를 로그 파일로 리디렉션 시작
2025-10-15 13:07:51 | ============================================================
2025-10-15 13:07:51 | K-Fold 앙상블 추론 시작
2025-10-15 13:07:51 | ============================================================
2025-10-15 13:07:51 | [GPU 정보]
2025-10-15 13:07:51 | available: True
2025-10-15 13:07:51 | device_count: 1
2025-10-15 13:07:51 | current_device: 0
2025-10-15 13:07:51 | gpu_0: {'name': 'NVIDIA GeForce RTX 4090', 'total_memory_gb': 23.98779296875, 'major': 8, 'minor': 9, 'multi_processor_count': 128, 'allocated_memory_gb': 0.0, 'reserved_memory_gb': 0.0}
2025-10-15 13:07:51 | GPU Tier: LOW
2025-10-15 13:07:51 | [1/4] Fold 모델 탐색: experiments/20251014/20251014_183206_kobart_ultimate_kfold
2025-10-15 13:07:51 | ✅ fold_1: experiments/20251014/20251014_183206_kobart_ultimate_kfold/fold_1/kfold/final_model
2025-10-15 13:07:51 | ✅ fold_2: experiments/20251014/20251014_183206_kobart_ultimate_kfold/fold_2/kfold/final_model
2025-10-15 13:07:51 | ✅ fold_3: experiments/20251014/20251014_183206_kobart_ultimate_kfold/fold_3/kfold/final_model
2025-10-15 13:07:51 | ✅ fold_4: experiments/20251014/20251014_183206_kobart_ultimate_kfold/fold_4/kfold/final_model
2025-10-15 13:07:51 | ✅ fold_5: experiments/20251014/20251014_183206_kobart_ultimate_kfold/fold_5/kfold/final_model
2025-10-15 13:07:51 | 📊 발견된 Fold 수: 5
2025-10-15 13:07:51 | [2/4] 테스트 데이터 로딩: data/raw/test.csv
2025-10-15 13:07:51 | ✅ 테스트 샘플: 499개
2025-10-15 13:07:51 | [3/6] K-Fold 앙상블 추론 실행...
2025-10-15 13:07:51 | - 앙상블 방법: soft_voting
2025-10-15 13:07:51 | - 배치 크기: 32
2025-10-15 13:07:51 | 🔄 5개 Fold 모델 로딩 중...
2025-10-15 13:07:51 | [Fold 1/5] 로딩: experiments/20251014/20251014_183206_kobart_ultimate_kfold/fold_1/kfold/final_model
2025-10-15 13:07:51 | ✅ 완료
2025-10-15 13:07:51 | [Fold 2/5] 로딩: experiments/20251014/20251014_183206_kobart_ultimate_kfold/fold_2/kfold/final_model
2025-10-15 13:07:52 | ✅ 완료
2025-10-15 13:07:52 | [Fold 3/5] 로딩: experiments/20251014/20251014_183206_kobart_ultimate_kfold/fold_3/kfold/final_model
2025-10-15 13:07:52 | ✅ 완료
2025-10-15 13:07:52 | [Fold 4/5] 로딩: experiments/20251014/20251014_183206_kobart_ultimate_kfold/fold_4/kfold/final_model
2025-10-15 13:07:53 | ✅ 완료
2025-10-15 13:07:53 | [Fold 5/5] 로딩: experiments/20251014/20251014_183206_kobart_ultimate_kfold/fold_5/kfold/final_model
2025-10-15 13:07:53 | ✅ 완료
2025-10-15 13:07:53 | ✅ 전체 5개 모델 로드 완료
2025-10-15 13:07:53 | 🔮 K-Fold 앙상블 추론 시작 (soft_voting)
2025-10-15 13:07:53 | - 샘플 수: 499
2025-10-15 13:07:53 | - Fold 수: 5
2025-10-15 13:07:53 | - 배치 크기: 32
2025-10-15 13:07:53 | [Fold 1/5] 예측 중...
2025-10-15 13:09:13 | ✅ Fold 1 예측 완료 (499개)
2025-10-15 13:09:13 | [Fold 2/5] 예측 중...
2025-10-15 13:10:33 | ✅ Fold 2 예측 완료 (499개)
2025-10-15 13:10:33 | [Fold 3/5] 예측 중...
2025-10-15 13:11:52 | ✅ Fold 3 예측 완료 (499개)
2025-10-15 13:11:52 | [Fold 4/5] 예측 중...
2025-10-15 13:13:08 | ✅ Fold 4 예측 완료 (499개)
2025-10-15 13:13:08 | [Fold 5/5] 예측 중...
2025-10-15 13:14:25 | ✅ Fold 5 예측 완료 (499개)
2025-10-15 13:14:25 | 🔄 앙상블 수행 중 (soft_voting)...
2025-10-15 13:14:25 | ✅ 앙상블 완료
2025-10-15 13:14:25 | 💾 체크포인트 저장: experiments/20251015/20251015_130751_inference_kobart_kfold_soft_voting_bs32_maxnew110_hf_solar/checkpoints/kfold_checkpoint.pkl
2025-10-15 13:14:25 | 💾 K-Fold CSV 체크포인트 저장: experiments/20251015/20251015_130751_inference_kobart_kfold_soft_voting_bs32_maxnew110_hf_solar/checkpoints/kfold_summaries.csv
2025-10-15 13:14:25 | [4/6] 🔧 HuggingFace 사전학습 모델 보정 시작
2025-10-15 13:14:25 | - 보정 모델: gogamza/kobart-base-v2, digit82/kobart-summarization
2025-10-15 13:14:25 | - 보정 전략: quality_based
2025-10-15 13:14:25 | - 품질 임계값: 0.3
2025-10-15 13:14:25 | 모델 로드 중: gogamza/kobart-base-v2
2025-10-15 13:14:28 | ✅ 로드 완료: gogamza/kobart-base-v2
2025-10-15 13:14:28 | 모델 로드 중: digit82/kobart-summarization
2025-10-15 13:14:30 | ✅ 로드 완료: digit82/kobart-summarization
2025-10-15 13:14:30 | ============================================================
2025-10-15 13:14:30 | 사전학습 모델 보정 시작
2025-10-15 13:14:30 | - 샘플 수: 499
2025-10-15 13:14:30 | - 참조 모델 수: 2
2025-10-15 13:14:30 | - 보정 전략: quality_based
2025-10-15 13:14:30 | - 품질 임계값: 0.3
2025-10-15 13:14:30 | ============================================================
2025-10-15 13:14:30 | [1/3] 참조 요약 생성 중: gogamza/kobart-base-v2
2025-10-15 13:15:49 | ⚠️  407개 샘플이 dialogue 복사로 감지되어 필터링됨
2025-10-15 13:15:49 | ✅ 완료: 499개 요약 생성
2025-10-15 13:15:49 | [1/3] 참조 요약 생성 중: digit82/kobart-summarization
2025-10-15 13:16:42 | ⚠️  144개 샘플이 dialogue 복사로 감지되어 필터링됨
2025-10-15 13:16:42 | ✅ 완료: 499개 요약 생성
2025-10-15 13:16:42 | [2/3] 품질 평가 중...
2025-10-15 13:16:42 | 품질 평가 시작...
2025-10-15 13:16:42 | [1/3] Self-ROUGE 계산 중...
2025-10-15 13:16:42 | [2/3] 모델별 품질 계산 중...
2025-10-15 13:16:43 | [3/3] Candidate 품질 계산 중...
2025-10-15 13:16:43 | [4/4] dialogue 유사도 페널티 적용 중...
2025-10-15 13:16:44 | ✅ 평가 완료
2025-10-15 13:16:44 | ✅ 평가 완료
2025-10-15 13:16:44 | [3/3] 보정 전략 적용 중: quality_based
2025-10-15 13:16:44 | ✅ 보정 완료
2025-10-15 13:16:44 | 📊 보정 통계:
2025-10-15 13:16:44 | - 전체: 499개
2025-10-15 13:16:44 | - 보정됨: 5개 (1.0%)
2025-10-15 13:16:44 | - 유지됨: 494개
2025-10-15 13:16:44 | ============================================================
2025-10-15 13:16:44 | ✅ HuggingFace 보정 완료
2025-10-15 13:16:44 | 💾 체크포인트 저장: experiments/20251015/20251015_130751_inference_kobart_kfold_soft_voting_bs32_maxnew110_hf_solar/checkpoints/hf_correction_checkpoint.pkl
2025-10-15 13:16:44 | 💾 HuggingFace CSV 체크포인트 저장: experiments/20251015/20251015_130751_inference_kobart_kfold_soft_voting_bs32_maxnew110_hf_solar/checkpoints/hf_correction_summaries.csv
2025-10-15 13:16:44 | [5/6] 🌞 Solar API 앙상블 시작
2025-10-15 13:16:44 | - 모델: solar-pro2
2025-10-15 13:16:44 | - Temperature: 0.1
2025-10-15 13:16:44 | - 배치 크기: 10
2025-10-15 13:16:44 | - 대기 시간: 3.0초
2025-10-15 13:16:44 | Solar API 클라이언트 초기화 성공
2025-10-15 13:16:44 | Solar API 배치 요약 생성 중 (🔄 K-Fold 방식 5회 샘플링)...
2025-10-15 13:16:44 | 배치 요약 시작: 499개 대화
2025-10-15 13:16:44 | - 배치 크기: 10
2025-10-15 13:16:44 | - Rate limit 대기: 3.0초
2025-10-15 13:16:44 | - 🔄 K-Fold 방식 샘플링: 5회
2025-10-15 13:16:44 | [배치 1-10/499] 처리 중...
2025-10-15 13:16:44 | 🔄 Solar API 5회 샘플링 시작...
2025-10-15 13:16:46 | 샘플 1/5: 80.0점 | 상사인가 비서인에게 새로운 통신 정책 메모 작성을 지시함. 이 정책은 모든 사내 및 외부 ...
2025-10-15 13:16:52 | 샘플 2/5: 80.0점 | 상사인가 비서인에게 새로운 통신 정책 메모 작성을 지시함. 이 정책은 모든 사내 및 외부 ...
2025-10-15 13:16:57 | 샘플 3/5: 80.0점 | 상사인가 비서인에게 새로운 통신 정책 메모 작성을 지시함. 이 정책은 모든 사내 및 외부 ...
2025-10-15 13:17:03 | 샘플 4/5: 80.0점 | 상사인가 비서인에게 새로운 통신 정책 메모 작성을 지시함. 이 정책은 모든 사내 및 외부 ...
2025-10-15 13:17:09 | 샘플 5/5: 80.0점 | 상사인가 비서인에게 새로운 통신 정책 메모 작성을 지시함. 이 정책은 모든 사내 및 외부 ...
2025-10-15 13:17:09 | ✅ 최종 선택: 샘플 1 (80.0점)
2025-10-15 13:17:09 | 🔄 Solar API 5회 샘플링 시작...
2025-10-15 13:17:09 | 샘플 1/5: 75.0점 | 친구들이 환경과 교통체증 문제를 논의하며, 대중교통이나 자전거 이용을 통해 출퇴근 방식을 ...
2025-10-15 13:17:14 | 샘플 2/5: 75.0점 | 친구들이 환경과 교통체증 문제를 논의하며, 대중교통이나 자전거 이용을 통해 출퇴근 방식을 ...
2025-10-15 13:17:19 | 샘플 3/5: 75.0점 | 친구들이 환경과 교통체증 문제를 논의하며, 대중교통이나 자전거 이용을 통해 출퇴근 방식을 ...
2025-10-15 13:17:23 | 샘플 4/5: 75.0점 | 친구들이 환경과 교통체증 문제를 논의하며, 대중교통이나 자전거 이용을 통해 출퇴근 방식을 ...
2025-10-15 13:17:29 | 샘플 5/5: 75.0점 | 친구들이 환경과 교통체증 문제를 논의하며, 대중교통이나 자전거 이용을 통해 출퇴근 방식을 ...
2025-10-15 13:17:29 | ✅ 최종 선택: 샘플 1 (75.0점)
2025-10-15 13:17:29 | 🔄 Solar API 5회 샘플링 시작...
2025-10-15 13:17:30 | 샘플 1/5: 80.0점 | Kate와 친구는 Masha와 Hero의 이혼 소식에 놀란다. 두 사람은 두 달간 별거 후...
2025-10-15 13:17:35 | 샘플 2/5: 80.0점 | Kate와 친구는 Masha와 Hero의 이혼 소식에 놀란다. 두 사람은 두 달간 별거 후...
2025-10-15 13:17:40 | 샘플 3/5: 80.0점 | Kate와 친구는 Masha와 Hero의 이혼 소식에 놀란다. 두 사람은 두 달간 별거 후...
2025-10-15 13:17:46 | 샘플 4/5: 80.0점 | Kate와 친구는 Masha와 Hero의 이혼 소식에 놀란다. 두 사람은 두 달간 별거 후...
2025-10-15 13:17:51 | 샘플 5/5: 80.0점 | Kate와 친구는 Masha와 Hero의 이혼 소식에 놀란다. 두 사람은 두 달간 별거 후...
2025-10-15 13:17:51 | ✅ 최종 선택: 샘플 1 (80.0점)
2025-10-15 13:17:51 | 🔄 Solar API 5회 샘플링 시작...
2025-10-15 13:17:52 | 샘플 1/5: 80.0점 | Brian의 생일 파티에서는 Brian에게 선물을 주고 함께 춤을 추며 즐거운 시간을 보낸...
2025-10-15 13:17:57 | 샘플 2/5: 80.0점 | Brian의 생일 파티에서는 Brian에게 선물을 주고 함께 춤을 추며 즐거운 시간을 보낸...
2025-10-15 13:18:02 | 샘플 3/5: 80.0점 | Brian의 생일 파티에서는 Brian에게 선물을 주고 함께 춤을 추며 즐거운 시간을 보낸...
2025-10-15 13:18:07 | 샘플 4/5: 80.0점 | Brian의 생일 파티에서는 Brian에게 선물을 주고 함께 춤을 추며 즐거운 시간을 보낸...
2025-10-15 13:18:12 | 샘플 5/5: 80.0점 | Brian의 생일 파티에서는 Brian에게 선물을 주고 함께 춤을 추며 즐거운 시간을 보낸...
2025-10-15 13:18:12 | ✅ 최종 선택: 샘플 1 (80.0점)
2025-10-15 13:18:12 | 🔄 Solar API 5회 샘플링 시작...
2025-10-15 13:18:13 | 샘플 1/5: 70.0점 | 두 친구가 올림픽 공원의 중심인 올림픽 스타디움을 방문하며 대화를 나눈다. 스타디움은 이번...
2025-10-15 13:18:19 | 샘플 2/5: 70.0점 | 두 친구가 올림픽 공원의 중심인 올림픽 스타디움을 방문하며 대화를 나눈다. 스타디움은 이번...
2025-10-15 13:18:24 | 샘플 3/5: 70.0점 | 두 친구가 올림픽 공원의 중심인 올림픽 스타디움을 방문하며 대화를 나눈다. 스타디움은 이번...
2025-10-15 13:18:29 | 샘플 4/5: 70.0점 | 두 친구가 올림픽 공원의 중심인 올림픽 스타디움을 방문하며 대화를 나눈다. 스타디움은 이번...
2025-10-15 13:18:34 | 샘플 5/5: 70.0점 | 두 친구가 올림픽 공원의 중심인 올림픽 스타디움을 방문하며 대화를 나눈다. 스타디움은 이번...
2025-10-15 13:18:34 | ✅ 최종 선택: 샘플 1 (70.0점)
2025-10-15 13:18:34 | 🔄 Solar API 5회 샘플링 시작...
2025-10-15 13:18:36 | 샘플 1/5: 70.0점 | 친구가 회사 생활에 지쳐 자신의 사업을 시작하려 하지만, 친구가 사업 계획서 작성의 복잡성...
2025-10-15 13:18:41 | 샘플 2/5: 70.0점 | 친구가 회사 생활에 지쳐 자신의 사업을 시작하려 하지만, 친구가 사업 계획서 작성의 복잡성...
2025-10-15 13:18:47 | ⚠️  Rate Limit 감지 - 5초 대기 후 재시도 (1/3)...
2025-10-15 13:18:54 | 샘플 3/5: 70.0점 | 친구가 회사 생활에 지쳐 자신의 사업을 시작하려 하지만, 친구가 사업 계획서 작성의 복잡성...
2025-10-15 13:19:00 | 샘플 4/5: 70.0점 | 친구가 회사 생활에 지쳐 자신의 사업을 시작하려 하지만, 친구가 사업 계획서 작성의 복잡성...
2025-10-15 13:19:06 | 샘플 5/5: 70.0점 | 친구가 회사 생활에 지쳐 자신의 사업을 시작하려 하지만, 친구가 사업 계획서 작성의 복잡성...
2025-10-15 13:19:06 | ✅ 최종 선택: 샘플 1 (70.0점)
2025-10-15 13:19:06 | 🔄 Solar API 5회 샘플링 시작...
2025-10-15 13:19:08 | ⚠️  Rate Limit 감지 - 5초 대기 후 재시도 (1/3)...
2025-10-15 13:19:15 | 샘플 1/5: 70.0점 | 친구가 친구의 이상한 행동을 묻자,는 간지러움과 불편함을 호소합니다.는가 수두에 걸린 것 ...
2025-10-15 13:19:20 | 샘플 2/5: 70.0점 | 친구가 친구의 이상한 행동을 묻자,는 간지러움과 불편함을 호소합니다.는가 수두에 걸린 것 ...
2025-10-15 13:19:25 | 샘플 3/5: 70.0점 | 친구가 친구의 이상한 행동을 묻자,는 간지러움과 불편함을 호소합니다.는가 수두에 걸린 것 ...
2025-10-15 13:19:31 | 샘플 4/5: 70.0점 | 친구가 친구의 이상한 행동을 묻자,는 간지러움과 불편함을 호소합니다.는가 수두에 걸린 것 ...
2025-10-15 13:19:36 | 샘플 5/5: 70.0점 | 친구가 친구의 이상한 행동을 묻자,는 간지러움과 불편함을 호소합니다.는가 수두에 걸린 것 ...
2025-10-15 13:19:36 | ✅ 최종 선택: 샘플 1 (70.0점)
2025-10-15 13:19:36 | 🔄 Solar API 5회 샘플링 시작...
2025-10-15 13:19:38 | ⚠️  Rate Limit 감지 - 5초 대기 후 재시도 (1/3)...
2025-10-15 13:19:43 | 샘플 1/5: 78.0점 | 손님이 호텔 직원에게 체크아웃 시 세탁 서비스 요금 착오를 문의하고, 직원이 관련 부서에 ...
2025-10-15 13:19:48 | 샘플 2/5: 78.0점 | 손님이 호텔 직원에게 체크아웃 시 세탁 서비스 요금 착오를 문의하고, 직원이 관련 부서에 ...
2025-10-15 13:19:53 | 샘플 3/5: 78.0점 | 손님이 호텔 직원에게 체크아웃 시 세탁 서비스 요금 착오를 문의하고, 직원이 관련 부서에 ...
2025-10-15 13:19:59 | ⚠️  Rate Limit 감지 - 5초 대기 후 재시도 (1/3)...
2025-10-15 13:20:06 | ⚠️  Rate Limit 감지 - 10초 대기 후 재시도 (2/3)...
2025-10-15 13:20:16 | 샘플 4/5: 78.0점 | 손님이 호텔 직원에게 체크아웃 시 세탁 서비스 요금 착오를 문의하고, 직원이 관련 부서에 ...
2025-10-15 13:20:21 | 샘플 5/5: 78.0점 | 손님이 호텔 직원에게 체크아웃 시 세탁 서비스 요금 착오를 문의하고, 직원이 관련 부서에 ...
2025-10-15 13:20:21 | ✅ 최종 선택: 샘플 1 (78.0점)
2025-10-15 13:20:21 | 🔄 Solar API 5회 샘플링 시작...
2025-10-15 13:20:23 | ⚠️  Rate Limit 감지 - 5초 대기 후 재시도 (1/3)...
2025-10-15 13:20:29 | 샘플 1/5: 90.0점 | 스티븐의 친구가 아내의 불륜 사실을 알게 되어 이혼 위기에 처한 스티븐을 위로하고, 아내를...
2025-10-15 13:20:35 | 샘플 2/5: 90.0점 | 스티븐의 친구가 아내의 불륜 사실을 알게 되어 이혼 위기에 처한 스티븐을 위로하고, 아내를...
2025-10-15 13:20:40 | 샘플 3/5: 90.0점 | 스티븐의 친구가 아내의 불륜 사실을 알게 되어 이혼 위기에 처한 스티븐을 위로하고, 아내를...
2025-10-15 13:20:46 | 샘플 4/5: 90.0점 | 스티븐의 친구가 아내의 불륜 사실을 알게 되어 이혼 위기에 처한 스티븐을 위로하고, 아내를...
2025-10-15 13:20:51 | 샘플 5/5: 90.0점 | 스티븐의 친구가 아내의 불륜 사실을 알게 되어 이혼 위기에 처한 스티븐을 위로하고, 아내를...
2025-10-15 13:20:51 | ✅ 최종 선택: 샘플 1 (90.0점)
2025-10-15 13:20:51 | 🔄 Solar API 5회 샘플링 시작...
2025-10-15 13:20:52 | ⚠️  Rate Limit 감지 - 5초 대기 후 재시도 (1/3)...
2025-10-15 13:20:59 | 샘플 1/5: 75.0점 | 친구들이 아브라함 링컨의 인품과 업적에 대해 존경심을 표현함....
2025-10-15 13:21:05 | 샘플 2/5: 75.0점 | 친구들이 아브라함 링컨의 인품과 업적에 대해 존경심을 표현함....
2025-10-15 13:21:10 | 샘플 3/5: 75.0점 | 친구들이 아브라함 링컨의 인품과 업적에 대해 존경심을 표현함....
2025-10-15 13:21:16 | 샘플 4/5: 75.0점 | 친구들이 아브라함 링컨의 인품과 업적에 대해 존경심을 표현함....
2025-10-15 13:21:22 | 샘플 5/5: 75.0점 | 친구들이 아브라함 링컨의 인품과 업적에 대해 존경심을 표현함....
2025-10-15 13:21:22 | ✅ 최종 선택: 샘플 1 (75.0점)
2025-10-15 13:21:22 | ✅ 완료 (누적: 10/499)
2025-10-15 13:21:25 | [배치 11-20/499] 처리 중...
2025-10-15 13:21:25 | 🔄 Solar API 5회 샘플링 시작...
2025-10-15 13:21:26 | 샘플 1/5: 70.0점 | 친구들이 허베이 여행 계획을 논의하다가 황사의 위험성에 대해 이야기함.는 허베이에서 심한 ...
2025-10-15 13:21:32 | 샘플 2/5: 70.0점 | 친구들이 허베이 여행 계획을 논의하다가 황사의 위험성에 대해 이야기함.는 허베이에서 심한 ...
2025-10-15 13:21:39 | 샘플 3/5: 70.0점 | 친구들이 허베이 여행 계획을 논의하다가 황사의 위험성에 대해 이야기함.는 허베이에서 심한 ...
2025-10-15 13:21:44 | 샘플 4/5: 70.0점 | 친구들이 허베이 여행 계획을 논의하다가 황사의 위험성에 대해 이야기함.는 허베이에서 심한 ...
2025-10-15 13:21:50 | 샘플 5/5: 70.0점 | 친구들이 허베이 여행 계획을 논의하다가 황사의 위험성에 대해 이야기함.는 허베이에서 심한 ...
2025-10-15 13:21:50 | ✅ 최종 선택: 샘플 1 (70.0점)
2025-10-15 13:21:50 | 🔄 Solar API 5회 샘플링 시작...
2025-10-15 13:21:52 | ⚠️  Rate Limit 감지 - 5초 대기 후 재시도 (1/3)...
2025-10-15 13:21:58 | 샘플 1/5: 70.0점 | Francis의 생일 파티에서 친구가 Francis에게 원격 조종 자동차 모델을 선물한다....
2025-10-15 13:22:03 | ⚠️  Rate Limit 감지 - 5초 대기 후 재시도 (1/3)...
2025-10-15 13:22:10 | ⚠️  Rate Limit 감지 - 10초 대기 후 재시도 (2/3)...
2025-10-15 13:22:21 | 샘플 2/5: 70.0점 | Francis의 생일 파티에서 친구가 Francis에게 원격 조종 자동차 모델을 선물한다....
2025-10-15 13:22:27 | ⚠️  Rate Limit 감지 - 5초 대기 후 재시도 (1/3)...
2025-10-15 13:22:33 | 샘플 3/5: 70.0점 | Francis의 생일 파티에서 친구가 Francis에게 원격 조종 자동차 모델을 선물한다....
2025-10-15 13:22:39 | 샘플 4/5: 70.0점 | Francis의 생일 파티에서 친구가 Francis에게 원격 조종 자동차 모델을 선물한다....
2025-10-15 13:22:44 | 샘플 5/5: 70.0점 | Francis의 생일 파티에서 친구가 Francis에게 원격 조종 자동차 모델을 선물한다....
2025-10-15 13:22:44 | ✅ 최종 선택: 샘플 1 (70.0점)
2025-10-15 13:22:44 | 🔄 Solar API 5회 샘플링 시작...
2025-10-15 13:22:46 | ⚠️  Rate Limit 감지 - 5초 대기 후 재시도 (1/3)...
2025-10-15 13:22:53 | 샘플 1/5: 80.0점 | Steven이 Tony에게 부정행위 사실을 고백함. Tony는 Steven이 아빠의 기대에...
2025-10-15 13:22:58 | 샘플 2/5: 80.0점 | Steven이 Tony에게 부정행위 사실을 고백함. Tony는 Steven이 아빠의 기대에...
2025-10-15 13:23:04 | 샘플 3/5: 80.0점 | Steven이 Tony에게 부정행위 사실을 고백함. Tony는 Steven이 아빠의 기대에...
2025-10-15 13:23:09 | 샘플 4/5: 80.0점 | Steven이 Tony에게 부정행위 사실을 고백함. Tony는 Steven이 아빠의 기대에...
2025-10-15 13:23:14 | 샘플 5/5: 80.0점 | Steven이 Tony에게 부정행위 사실을 고백함. Tony는 Steven이 아빠의 기대에...
2025-10-15 13:23:14 | ✅ 최종 선택: 샘플 1 (80.0점)
2025-10-15 13:23:14 | 🔄 Solar API 5회 샘플링 시작...
2025-10-15 13:23:16 | ⚠️  Rate Limit 감지 - 5초 대기 후 재시도 (1/3)...
2025-10-15 13:23:22 | 샘플 1/5: 90.0점 | 톰이 친구에게 기차 시간에 대해 걱정하며 급하다고 말하자, 친구는 아직 시간이 충분하다고 ...
2025-10-15 13:23:27 | ⚠️  Rate Limit 감지 - 5초 대기 후 재시도 (1/3)...
2025-10-15 13:23:33 | 샘플 2/5: 90.0점 | 톰이 친구에게 기차 시간에 대해 걱정하며 급하다고 말하자, 친구는 아직 시간이 충분하다고 ...
2025-10-15 13:23:39 | 샘플 3/5: 90.0점 | 톰이 친구에게 기차 시간에 대해 걱정하며 급하다고 말하자, 친구는 아직 시간이 충분하다고 ...
2025-10-15 13:23:44 | 샘플 4/5: 90.0점 | 톰이 친구에게 기차 시간에 대해 걱정하며 급하다고 말하자, 친구는 아직 시간이 충분하다고 ...
2025-10-15 13:23:50 | 샘플 5/5: 90.0점 | 톰이 친구에게 기차 시간에 대해 걱정하며 급하다고 말하자, 친구는 아직 시간이 충분하다고 ...
2025-10-15 13:23:50 | ✅ 최종 선택: 샘플 1 (90.0점)
2025-10-15 13:23:50 | 🔄 Solar API 5회 샘플링 시작...
2025-10-15 13:23:52 | ⚠️  Rate Limit 감지 - 5초 대기 후 재시도 (1/3)...
2025-10-15 13:23:59 | 샘플 1/5: 90.0점 | 친구가 친구에게 수면 개선, 음주량 줄이기, 아침 운동 시작, 미래에 대한 걱정 그만두기를...
2025-10-15 13:24:05 | 샘플 2/5: 90.0점 | 친구가 친구에게 수면 개선, 음주량 줄이기, 아침 운동 시작, 미래에 대한 걱정 그만두기를...
2025-10-15 13:24:10 | ⚠️  Rate Limit 감지 - 5초 대기 후 재시도 (1/3)...
2025-10-15 13:24:16 | 샘플 3/5: 90.0점 | 친구가 친구에게 수면 개선, 음주량 줄이기, 아침 운동 시작, 미래에 대한 걱정 그만두기를...
2025-10-15 13:24:21 | 샘플 4/5: 90.0점 | 친구가 친구에게 수면 개선, 음주량 줄이기, 아침 운동 시작, 미래에 대한 걱정 그만두기를...
2025-10-15 13:24:26 | ⚠️  Rate Limit 감지 - 5초 대기 후 재시도 (1/3)...
2025-10-15 13:24:32 | 샘플 5/5: 90.0점 | 친구가 친구에게 수면 개선, 음주량 줄이기, 아침 운동 시작, 미래에 대한 걱정 그만두기를...
2025-10-15 13:24:32 | ✅ 최종 선택: 샘플 1 (90.0점)
2025-10-15 13:24:32 | 🔄 Solar API 5회 샘플링 시작...
2025-10-15 13:24:33 | ⚠️  Rate Limit 감지 - 5초 대기 후 재시도 (1/3)...
2025-10-15 13:24:41 | 샘플 1/5: 75.0점 | 친구가 친구에게 Ruojia의 결혼 파티에 초대하며,는 와인잔과 축하 카드를,는 다기 세트...
2025-10-15 13:24:46 | 샘플 2/5: 75.0점 | 친구가 친구에게 Ruojia의 결혼 파티에 초대하며,는 와인잔과 축하 카드를,는 다기 세트...
2025-10-15 13:24:51 | 샘플 3/5: 75.0점 | 친구가 친구에게 Ruojia의 결혼 파티에 초대하며,는 와인잔과 축하 카드를,는 다기 세트...
2025-10-15 13:24:57 | 샘플 4/5: 75.0점 | 친구가 친구에게 Ruojia의 결혼 파티에 초대하며,는 와인잔과 축하 카드를,는 다기 세트...
2025-10-15 13:25:03 | 샘플 5/5: 75.0점 | 친구가 친구에게 Ruojia의 결혼 파티에 초대하며,는 와인잔과 축하 카드를,는 다기 세트...
2025-10-15 13:25:03 | ✅ 최종 선택: 샘플 1 (75.0점)
2025-10-15 13:25:03 | 🔄 Solar API 5회 샘플링 시작...
2025-10-15 13:25:06 | 샘플 1/5: 70.0점 | 두 친구가 스트립을 사용하여 장난을 치며 즐거워하고 있다.는에게 장난을 제안하고,는 처음에...
2025-10-15 13:25:12 | 샘플 2/5: 70.0점 | 두 친구가 스트립을 사용하여 장난을 치며 즐거워하고 있다.는에게 장난을 제안하고,는 처음에...
2025-10-15 13:25:17 | 샘플 3/5: 70.0점 | 두 친구가 스트립을 사용하여 장난을 치며 즐거워하고 있다.는에게 장난을 제안하고,는 처음에...
2025-10-15 13:25:23 | 샘플 4/5: 70.0점 | 두 친구가 스트립을 사용하여 장난을 치며 즐거워하고 있다.는에게 장난을 제안하고,는 처음에...
2025-10-15 13:25:28 | 샘플 5/5: 70.0점 | 두 친구가 스트립을 사용하여 장난을 치며 즐거워하고 있다.는에게 장난을 제안하고,는 처음에...
2025-10-15 13:25:28 | ✅ 최종 선택: 샘플 1 (70.0점)
2025-10-15 13:25:28 | 🔄 Solar API 5회 샘플링 시작...
2025-10-15 13:25:29 | ⚠️  Rate Limit 감지 - 5초 대기 후 재시도 (1/3)...
2025-10-15 13:25:37 | 샘플 1/5: 90.0점 | 형가 동생에게 동생의 외모와 성격에 대해 묻고,는 동생이 키가 크고 예쁘며 가족들이 친절하...
2025-10-15 13:25:42 | 샘플 2/5: 90.0점 | 형가 동생에게 동생의 외모와 성격에 대해 묻고,는 동생이 키가 크고 예쁘며 가족들이 친절하...
2025-10-15 13:25:47 | 샘플 3/5: 90.0점 | 형가 동생에게 동생의 외모와 성격에 대해 묻고,는 동생이 키가 크고 예쁘며 가족들이 친절하...
2025-10-15 13:25:52 | 샘플 4/5: 90.0점 | 형가 동생에게 동생의 외모와 성격에 대해 묻고,는 동생이 키가 크고 예쁘며 가족들이 친절하...
2025-10-15 13:25:58 | 샘플 5/5: 90.0점 | 형가 동생에게 동생의 외모와 성격에 대해 묻고,는 동생이 키가 크고 예쁘며 가족들이 친절하...
2025-10-15 13:25:58 | ✅ 최종 선택: 샘플 1 (90.0점)
2025-10-15 13:25:58 | 🔄 Solar API 5회 샘플링 시작...
2025-10-15 13:26:00 | ⚠️  Rate Limit 감지 - 5초 대기 후 재시도 (1/3)...
2025-10-15 13:26:05 | 샘플 1/5: 90.0점 | 학생이 학교 간호사에게 두통을 호소함. 간호사는 체온을 측정하고 약간의 열이 있음을 확인하...
2025-10-15 13:26:12 | 샘플 2/5: 90.0점 | 학생이 학교 간호사에게 두통을 호소함. 간호사는 체온을 측정하고 약간의 열이 있음을 확인하...
2025-10-15 13:26:17 | 샘플 3/5: 90.0점 | 학생이 학교 간호사에게 두통을 호소함. 간호사는 체온을 측정하고 약간의 열이 있음을 확인하...
2025-10-15 13:26:23 | 샘플 4/5: 90.0점 | 학생이 학교 간호사에게 두통을 호소함. 간호사는 체온을 측정하고 약간의 열이 있음을 확인하...
2025-10-15 13:26:28 | 샘플 5/5: 90.0점 | 학생이 학교 간호사에게 두통을 호소함. 간호사는 체온을 측정하고 약간의 열이 있음을 확인하...
2025-10-15 13:26:28 | ✅ 최종 선택: 샘플 1 (90.0점)
2025-10-15 13:26:28 | 🔄 Solar API 5회 샘플링 시작...
2025-10-15 13:26:29 | ⚠️  Rate Limit 감지 - 5초 대기 후 재시도 (1/3)...
2025-10-15 13:26:36 | ⚠️  Rate Limit 감지 - 10초 대기 후 재시도 (2/3)...
2025-10-15 13:26:46 | 샘플 1/5: 90.0점 | 고객이 직원에게 카메라, MP3 플레이어, 영상 통화 기능이 있는 새 휴대폰을 구매하고자 ...
2025-10-15 13:26:51 | 샘플 2/5: 90.0점 | 고객이 직원에게 카메라, MP3 플레이어, 영상 통화 기능이 있는 새 휴대폰을 구매하고자 ...
2025-10-15 13:26:57 | 샘플 3/5: 90.0점 | 고객이 직원에게 카메라, MP3 플레이어, 영상 통화 기능이 있는 새 휴대폰을 구매하고자 ...
2025-10-15 13:27:03 | 샘플 4/5: 90.0점 | 고객이 직원에게 카메라, MP3 플레이어, 영상 통화 기능이 있는 새 휴대폰을 구매하고자 ...
2025-10-15 13:27:08 | ⚠️  Rate Limit 감지 - 5초 대기 후 재시도 (1/3)...
2025-10-15 13:27:14 | 샘플 5/5: 90.0점 | 고객이 직원에게 카메라, MP3 플레이어, 영상 통화 기능이 있는 새 휴대폰을 구매하고자 ...
2025-10-15 13:27:14 | ✅ 최종 선택: 샘플 1 (90.0점)
2025-10-15 13:27:14 | ✅ 완료 (누적: 20/499)
2025-10-15 13:27:17 | [배치 21-30/499] 처리 중...
2025-10-15 13:27:17 | 🔄 Solar API 5회 샘플링 시작...
2025-10-15 13:27:20 | 샘플 1/5: 70.0점 | 프랭크이 주디에게 우체국에서의 새로운 직장 생활에 대해 이야기합니다. 프랭크은 매일 아침 ...
2025-10-15 13:27:25 | ⚠️  Rate Limit 감지 - 5초 대기 후 재시도 (1/3)...
2025-10-15 13:27:32 | 샘플 2/5: 70.0점 | 프랭크이 주디에게 우체국에서의 새로운 직장 생활에 대해 이야기합니다. 프랭크은 매일 아침 ...
2025-10-15 13:27:38 | 샘플 3/5: 70.0점 | 프랭크이 주디에게 우체국에서의 새로운 직장 생활에 대해 이야기합니다. 프랭크은 매일 아침 ...
2025-10-15 13:27:44 | 샘플 4/5: 70.0점 | 프랭크이 주디에게 우체국에서의 새로운 직장 생활에 대해 이야기합니다. 프랭크은 매일 아침 ...
2025-10-15 13:27:50 | 샘플 5/5: 70.0점 | 프랭크이 주디에게 우체국에서의 새로운 직장 생활에 대해 이야기합니다. 프랭크은 매일 아침 ...
2025-10-15 13:27:50 | ✅ 최종 선택: 샘플 1 (70.0점)
2025-10-15 13:27:50 | 🔄 Solar API 5회 샘플링 시작...
2025-10-15 13:27:52 | 샘플 1/5: 88.0점 | 면접관이 지원자에게 기술, 자격증, 사무 기술 훈련, 관련 경력에 대해 질문함. 지원자는 ...
2025-10-15 13:27:57 | 샘플 2/5: 88.0점 | 면접관이 지원자에게 기술, 자격증, 사무 기술 훈련, 관련 경력에 대해 질문함. 지원자는 ...
2025-10-15 13:28:03 | 샘플 3/5: 88.0점 | 면접관이 지원자에게 기술, 자격증, 사무 기술 훈련, 관련 경력에 대해 질문함. 지원자는 ...
2025-10-15 13:28:08 | 샘플 4/5: 88.0점 | 면접관이 지원자에게 기술, 자격증, 사무 기술 훈련, 관련 경력에 대해 질문함. 지원자는 ...
2025-10-15 13:28:14 | 샘플 5/5: 88.0점 | 면접관이 지원자에게 기술, 자격증, 사무 기술 훈련, 관련 경력에 대해 질문함. 지원자는 ...
2025-10-15 13:28:14 | ✅ 최종 선택: 샘플 1 (88.0점)
2025-10-15 13:28:14 | 🔄 Solar API 5회 샘플링 시작...
2025-10-15 13:28:15 | ⚠️  Rate Limit 감지 - 5초 대기 후 재시도 (1/3)...
2025-10-15 13:28:22 | 샘플 1/5: 80.0점 | 손님이 식당 직원에게 스테이크를 미디엄 레어로 주문했으나, 실제 음식이 너무 잘 익고 질기...
2025-10-15 13:28:28 | 샘플 2/5: 80.0점 | 손님이 식당 직원에게 스테이크를 미디엄 레어로 주문했으나, 실제 음식이 너무 잘 익고 질기...
2025-10-15 13:28:33 | 샘플 3/5: 80.0점 | 손님이 식당 직원에게 스테이크를 미디엄 레어로 주문했으나, 실제 음식이 너무 잘 익고 질기...
2025-10-15 13:28:38 | 샘플 4/5: 80.0점 | 손님이 식당 직원에게 스테이크를 미디엄 레어로 주문했으나, 실제 음식이 너무 잘 익고 질기...
2025-10-15 13:28:45 | 샘플 5/5: 80.0점 | 손님이 식당 직원에게 스테이크를 미디엄 레어로 주문했으나, 실제 음식이 너무 잘 익고 질기...
2025-10-15 13:28:45 | ✅ 최종 선택: 샘플 1 (80.0점)
2025-10-15 13:28:45 | 🔄 Solar API 5회 샘플링 시작...
2025-10-15 13:28:47 | 샘플 1/5: 90.0점 | Tom이 친구에게 그의 소설이 노벨상을 받았다는 기쁜 소식을 전하고, 친구는 놀라움과 기쁨...
2025-10-15 13:28:52 | 샘플 2/5: 90.0점 | Tom이 친구에게 그의 소설이 노벨상을 받았다는 기쁜 소식을 전하고, 친구는 놀라움과 기쁨...
2025-10-15 13:28:58 | 샘플 3/5: 90.0점 | Tom이 친구에게 그의 소설이 노벨상을 받았다는 기쁜 소식을 전하고, 친구는 놀라움과 기쁨...
2025-10-15 13:29:03 | 샘플 4/5: 90.0점 | Tom이 친구에게 그의 소설이 노벨상을 받았다는 기쁜 소식을 전하고, 친구는 놀라움과 기쁨...
2025-10-15 13:29:09 | 샘플 5/5: 90.0점 | Tom이 친구에게 그의 소설이 노벨상을 받았다는 기쁜 소식을 전하고, 친구는 놀라움과 기쁨...
2025-10-15 13:29:09 | ✅ 최종 선택: 샘플 1 (90.0점)
2025-10-15 13:29:09 | 🔄 Solar API 5회 샘플링 시작...
2025-10-15 13:29:11 | ⚠️  Rate Limit 감지 - 5초 대기 후 재시도 (1/3)...
2025-10-15 13:29:17 | 샘플 1/5: 90.0점 | 면접관이 지원자에게 직무 적합성을 묻자, 지원자는 자동차 디자인 전공과 과학 석사 학위를 ...
2025-10-15 13:29:22 | 샘플 2/5: 90.0점 | 면접관이 지원자에게 직무 적합성을 묻자, 지원자는 자동차 디자인 전공과 과학 석사 학위를 ...
2025-10-15 13:29:28 | 샘플 3/5: 90.0점 | 면접관이 지원자에게 직무 적합성을 묻자, 지원자는 자동차 디자인 전공과 과학 석사 학위를 ...
2025-10-15 13:29:33 | 샘플 4/5: 90.0점 | 면접관이 지원자에게 직무 적합성을 묻자, 지원자는 자동차 디자인 전공과 과학 석사 학위를 ...
2025-10-15 13:29:39 | ⚠️  Rate Limit 감지 - 5초 대기 후 재시도 (1/3)...
2025-10-15 13:29:45 | 샘플 5/5: 90.0점 | 면접관이 지원자에게 직무 적합성을 묻자, 지원자는 자동차 디자인 전공과 과학 석사 학위를 ...
2025-10-15 13:29:45 | ✅ 최종 선택: 샘플 1 (90.0점)
2025-10-15 13:29:45 | 🔄 Solar API 5회 샘플링 시작...
2025-10-15 13:29:48 | 샘플 1/5: 80.0점 | 친구들이 술 소비 습관과 비용 절감 방법에 대해 대화함.는 술을 자주 마시지 않고 맥주 두...
2025-10-15 13:29:54 | 샘플 2/5: 80.0점 | 친구들이 술 소비 습관과 비용 절감 방법에 대해 대화함.는 술을 자주 마시지 않고 맥주 두...
2025-10-15 13:29:59 | 샘플 3/5: 80.0점 | 친구들이 술 소비 습관과 비용 절감 방법에 대해 대화함.는 술을 자주 마시지 않고 맥주 두...
2025-10-15 13:30:04 | 샘플 4/5: 80.0점 | 친구들이 술 소비 습관과 비용 절감 방법에 대해 대화함.는 술을 자주 마시지 않고 맥주 두...
2025-10-15 13:30:10 | 샘플 5/5: 80.0점 | 친구들이 술 소비 습관과 비용 절감 방법에 대해 대화함.는 술을 자주 마시지 않고 맥주 두...
2025-10-15 13:30:10 | ✅ 최종 선택: 샘플 1 (80.0점)
2025-10-15 13:30:10 | 🔄 Solar API 5회 샘플링 시작...
2025-10-15 13:30:12 | ⚠️  Rate Limit 감지 - 5초 대기 후 재시도 (1/3)...
2025-10-15 13:30:19 | 샘플 1/5: 80.0점 | 어머니가 딸 메이에게 소풍 준비를 도와달라고 요청함. 메이는 일기예보를 확인하고, 토스트와...
2025-10-15 13:30:25 | 샘플 2/5: 80.0점 | 어머니가 딸 메이에게 소풍 준비를 도와달라고 요청함. 메이는 일기예보를 확인하고, 토스트와...
2025-10-15 13:30:30 | ⚠️  Rate Limit 감지 - 5초 대기 후 재시도 (1/3)...
2025-10-15 13:30:37 | 샘플 3/5: 80.0점 | 어머니가 딸 메이에게 소풍 준비를 도와달라고 요청함. 메이는 일기예보를 확인하고, 토스트와...
2025-10-15 13:30:43 | 샘플 4/5: 80.0점 | 어머니가 딸 메이에게 소풍 준비를 도와달라고 요청함. 메이는 일기예보를 확인하고, 토스트와...
2025-10-15 13:30:49 | 샘플 5/5: 80.0점 | 어머니가 딸 메이에게 소풍 준비를 도와달라고 요청함. 메이는 일기예보를 확인하고, 토스트와...
2025-10-15 13:30:49 | ✅ 최종 선택: 샘플 1 (80.0점)
2025-10-15 13:30:49 | 🔄 Solar API 5회 샘플링 시작...
2025-10-15 13:30:51 | ⚠️  플레이스홀더 잔존 감지: Muriel Douglas가 James에게 새 계정 관련 미팅에서 처음 만나 인사를 나누고, 휴일 계획을 공유한다. James는 Tahoe에서 ...
2025-10-15 13:30:51 | 원본: Muriel Douglas와 James가 새 계정 관련 미팅에서 처음 만나 인사를 나누고, 휴일 계획을 공유한다. James는 Tahoe에서 스...
2025-10-15 13:30:51 | 샘플 1/5: 50.0점 | Muriel Douglas가 James에게 새 계정 관련 미팅에서 처음 만나 인사를 나누고...
2025-10-15 13:30:57 | ⚠️  플레이스홀더 잔존 감지: Muriel Douglas가 James에게 새 계정 관련 미팅에서 처음 만나 인사를 나누고, 휴일 계획을 공유한다. James는 Tahoe에서 ...
2025-10-15 13:30:57 | 원본: Muriel Douglas와 James가 새 계정 관련 미팅에서 처음 만나 인사를 나누고, 휴일 계획을 공유한다. James는 Tahoe에서 스...
2025-10-15 13:30:57 | 샘플 2/5: 50.0점 | Muriel Douglas가 James에게 새 계정 관련 미팅에서 처음 만나 인사를 나누고...
2025-10-15 13:31:02 | ⚠️  플레이스홀더 잔존 감지: Muriel Douglas가 James에게 새 계정 관련 미팅에서 처음 만나 인사를 나누고, 휴일 계획을 공유한다. James는 Tahoe에서 ...
2025-10-15 13:31:02 | 원본: Muriel Douglas와 James가 새 계정 관련 미팅에서 처음 만나 인사를 나누고, 휴일 계획을 공유한다. James는 Tahoe에서 스...
2025-10-15 13:31:02 | 샘플 3/5: 50.0점 | Muriel Douglas가 James에게 새 계정 관련 미팅에서 처음 만나 인사를 나누고...
2025-10-15 13:31:08 | ⚠️  플레이스홀더 잔존 감지: Muriel Douglas가 James에게 새 계정 관련 미팅에서 처음 만나 인사를 나누고, 휴일 계획을 공유한다. James는 Tahoe에서 ...
2025-10-15 13:31:08 | 원본: Muriel Douglas와 James가 새 계정 관련 미팅에서 처음 만나 인사를 나누고, 휴일 계획을 공유한다. James는 Tahoe에서 스...
2025-10-15 13:31:08 | 샘플 4/5: 50.0점 | Muriel Douglas가 James에게 새 계정 관련 미팅에서 처음 만나 인사를 나누고...
2025-10-15 13:31:14 | ⚠️  플레이스홀더 잔존 감지: Muriel Douglas가 James에게 새 계정 관련 미팅에서 처음 만나 인사를 나누고, 휴일 계획을 공유한다. James는 Tahoe에서 ...
2025-10-15 13:31:14 | 원본: Muriel Douglas와 James가 새 계정 관련 미팅에서 처음 만나 인사를 나누고, 휴일 계획을 공유한다. James는 Tahoe에서 스...
2025-10-15 13:31:14 | 샘플 5/5: 50.0점 | Muriel Douglas가 James에게 새 계정 관련 미팅에서 처음 만나 인사를 나누고...
2025-10-15 13:31:14 | ✅ 최종 선택: 샘플 1 (50.0점)
2025-10-15 13:31:14 | 🔄 Solar API 5회 샘플링 시작...
2025-10-15 13:31:15 | ⚠️  Rate Limit 감지 - 5초 대기 후 재시도 (1/3)...
2025-10-15 13:31:21 | 샘플 1/5: 91.0점 | 한 고객이 ATM을 사용하다가 실수로 세계 야생동물 재단에 1만 달러를 송금하게 되고, 취...
2025-10-15 13:31:26 | 샘플 2/5: 91.0점 | 한 고객이 ATM을 사용하다가 실수로 세계 야생동물 재단에 1만 달러를 송금하게 되고, 취...
2025-10-15 13:31:33 | 샘플 3/5: 91.0점 | 한 고객이 ATM을 사용하다가 실수로 세계 야생동물 재단에 1만 달러를 송금하게 되고, 취...
2025-10-15 13:31:39 | 샘플 4/5: 91.0점 | 한 고객이 ATM을 사용하다가 실수로 세계 야생동물 재단에 1만 달러를 송금하게 되고, 취...
2025-10-15 13:31:44 | 샘플 5/5: 91.0점 | 한 고객이 ATM을 사용하다가 실수로 세계 야생동물 재단에 1만 달러를 송금하게 되고, 취...
2025-10-15 13:31:44 | ✅ 최종 선택: 샘플 1 (91.0점)
2025-10-15 13:31:44 | 🔄 Solar API 5회 샘플링 시작...
2025-10-15 13:31:46 | ⚠️  Rate Limit 감지 - 5초 대기 후 재시도 (1/3)...
2025-10-15 13:31:51 | 샘플 1/5: 75.0점 | 사교적인 사람이 직장 동료와 대화할 때 진심을 전하는 전략을 사용함....
2025-10-15 13:31:58 | 샘플 2/5: 75.0점 | 사교적인 사람이 직장 동료와 대화할 때 진심을 전하는 전략을 사용함....
2025-10-15 13:32:03 | 샘플 3/5: 75.0점 | 사교적인 사람이 직장 동료와 대화할 때 진심을 전하는 전략을 사용함....
2025-10-15 13:32:08 | 샘플 4/5: 75.0점 | 사교적인 사람이 직장 동료와 대화할 때 진심을 전하는 전략을 사용함....
2025-10-15 13:32:13 | 샘플 5/5: 75.0점 | 사교적인 사람이 직장 동료와 대화할 때 진심을 전하는 전략을 사용함....
2025-10-15 13:32:13 | ✅ 최종 선택: 샘플 1 (75.0점)
2025-10-15 13:32:13 | ✅ 완료 (누적: 30/499)
2025-10-15 13:32:16 | [배치 31-40/499] 처리 중...
2025-10-15 13:32:16 | 🔄 Solar API 5회 샘플링 시작...
2025-10-15 13:32:17 | 샘플 1/5: 90.0점 | 직원이 상사에게 음료수를 사주려다가 상사가 가게에 있어 직접 가기로 하고, 상사는 지갑에 ...
2025-10-15 13:32:22 | 샘플 2/5: 90.0점 | 직원이 상사에게 음료수를 사주려다가 상사가 가게에 있어 직접 가기로 하고, 상사는 지갑에 ...
2025-10-15 13:32:28 | 샘플 3/5: 90.0점 | 직원이 상사에게 음료수를 사주려다가 상사가 가게에 있어 직접 가기로 하고, 상사는 지갑에 ...
2025-10-15 13:32:34 | 샘플 4/5: 90.0점 | 직원이 상사에게 음료수를 사주려다가 상사가 가게에 있어 직접 가기로 하고, 상사는 지갑에 ...
2025-10-15 13:32:38 | 샘플 5/5: 90.0점 | 직원이 상사에게 음료수를 사주려다가 상사가 가게에 있어 직접 가기로 하고, 상사는 지갑에 ...
2025-10-15 13:32:38 | ✅ 최종 선택: 샘플 1 (90.0점)
2025-10-15 13:32:38 | 🔄 Solar API 5회 샘플링 시작...
2025-10-15 13:32:40 | ⚠️  Rate Limit 감지 - 5초 대기 후 재시도 (1/3)...
2025-10-15 13:32:46 | 샘플 1/5: 80.0점 | 모니카가 프랜시스에게 재무 보고서 작업 일정을 문의함. 프랜시스는 금요일 오전에 불가능하다...
2025-10-15 13:32:51 | 샘플 2/5: 80.0점 | 모니카가 프랜시스에게 재무 보고서 작업 일정을 문의함. 프랜시스는 금요일 오전에 불가능하다...
2025-10-15 13:32:56 | 샘플 3/5: 80.0점 | 모니카가 프랜시스에게 재무 보고서 작업 일정을 문의함. 프랜시스는 금요일 오전에 불가능하다...
2025-10-15 13:33:01 | 샘플 4/5: 80.0점 | 모니카가 프랜시스에게 재무 보고서 작업 일정을 문의함. 프랜시스는 금요일 오전에 불가능하다...
2025-10-15 13:33:07 | 샘플 5/5: 80.0점 | 모니카가 프랜시스에게 재무 보고서 작업 일정을 문의함. 프랜시스는 금요일 오전에 불가능하다...
2025-10-15 13:33:07 | ✅ 최종 선택: 샘플 1 (80.0점)
2025-10-15 13:33:07 | 🔄 Solar API 5회 샘플링 시작...
2025-10-15 13:33:08 | ⚠️  Rate Limit 감지 - 5초 대기 후 재시도 (1/3)...
2025-10-15 13:33:17 | 샘플 1/5: 80.0점 | 인터뷰 수업에서와는 인터뷰 준비에 대해 대화한다.는 다음 주 인터뷰를 위해 워크숍에 참가하...
2025-10-15 13:33:23 | 샘플 2/5: 80.0점 | 인터뷰 수업에서와는 인터뷰 준비에 대해 대화한다.는 다음 주 인터뷰를 위해 워크숍에 참가하...
2025-10-15 13:33:30 | 샘플 3/5: 80.0점 | 인터뷰 수업에서와는 인터뷰 준비에 대해 대화한다.는 다음 주 인터뷰를 위해 워크숍에 참가하...
2025-10-15 13:33:35 | 샘플 4/5: 80.0점 | 인터뷰 수업에서와는 인터뷰 준비에 대해 대화한다.는 다음 주 인터뷰를 위해 워크숍에 참가하...
2025-10-15 13:33:41 | 샘플 5/5: 80.0점 | 인터뷰 수업에서와는 인터뷰 준비에 대해 대화한다.는 다음 주 인터뷰를 위해 워크숍에 참가하...
2025-10-15 13:33:41 | ✅ 최종 선택: 샘플 1 (80.0점)
2025-10-15 13:33:41 | 🔄 Solar API 5회 샘플링 시작...
2025-10-15 13:33:42 | ⚠️  Rate Limit 감지 - 5초 대기 후 재시도 (1/3)...
2025-10-15 13:33:49 | 샘플 1/5: 80.0점 | 감독가 배우에게 캐릭터의 감정 표현을 수정하도록 지시함.는가 연기하는 캐릭터가 Laura의...
2025-10-15 13:33:54 | 샘플 2/5: 80.0점 | 감독가 배우에게 캐릭터의 감정 표현을 수정하도록 지시함.는가 연기하는 캐릭터가 Laura의...
2025-10-15 13:34:00 | 샘플 3/5: 80.0점 | 감독가 배우에게 캐릭터의 감정 표현을 수정하도록 지시함.는가 연기하는 캐릭터가 Laura의...
2025-10-15 13:34:06 | 샘플 4/5: 80.0점 | 감독가 배우에게 캐릭터의 감정 표현을 수정하도록 지시함.는가 연기하는 캐릭터가 Laura의...
2025-10-15 13:34:12 | 샘플 5/5: 80.0점 | 감독가 배우에게 캐릭터의 감정 표현을 수정하도록 지시함.는가 연기하는 캐릭터가 Laura의...
2025-10-15 13:34:12 | ✅ 최종 선택: 샘플 1 (80.0점)
2025-10-15 13:34:12 | 🔄 Solar API 5회 샘플링 시작...
2025-10-15 13:34:14 | 샘플 1/5: 70.0점 | 이웃인와 Mrs. Todd가 주말의 바쁜 일상과 서로의 방문에 대해 대화함.는 아내와 함께...
2025-10-15 13:34:20 | 샘플 2/5: 70.0점 | 이웃인와 Mrs. Todd가 주말의 바쁜 일상과 서로의 방문에 대해 대화함.는 아내와 함께...
2025-10-15 13:34:25 | 샘플 3/5: 70.0점 | 이웃인와 Mrs. Todd가 주말의 바쁜 일상과 서로의 방문에 대해 대화함.는 아내와 함께...
2025-10-15 13:34:30 | 샘플 4/5: 70.0점 | 이웃인와 Mrs. Todd가 주말의 바쁜 일상과 서로의 방문에 대해 대화함.는 아내와 함께...
2025-10-15 13:34:37 | 샘플 5/5: 70.0점 | 이웃인와 Mrs. Todd가 주말의 바쁜 일상과 서로의 방문에 대해 대화함.는 아내와 함께...
2025-10-15 13:34:37 | ✅ 최종 선택: 샘플 1 (70.0점)
2025-10-15 13:34:37 | 🔄 Solar API 5회 샘플링 시작...
2025-10-15 13:34:40 | 샘플 1/5: 80.0점 | 친구가 친구에게 피곤해 보인다고 걱정하며,는 이번 주에 늦게까지 일했다고 설명한다.는에게 ...
2025-10-15 13:34:45 | 샘플 2/5: 80.0점 | 친구가 친구에게 피곤해 보인다고 걱정하며,는 이번 주에 늦게까지 일했다고 설명한다.는에게 ...
2025-10-15 13:34:51 | 샘플 3/5: 80.0점 | 친구가 친구에게 피곤해 보인다고 걱정하며,는 이번 주에 늦게까지 일했다고 설명한다.는에게 ...
2025-10-15 13:34:57 | 샘플 4/5: 80.0점 | 친구가 친구에게 피곤해 보인다고 걱정하며,는 이번 주에 늦게까지 일했다고 설명한다.는에게 ...
2025-10-15 13:35:02 | 샘플 5/5: 80.0점 | 친구가 친구에게 피곤해 보인다고 걱정하며,는 이번 주에 늦게까지 일했다고 설명한다.는에게 ...
2025-10-15 13:35:02 | ✅ 최종 선택: 샘플 1 (80.0점)
2025-10-15 13:35:02 | 🔄 Solar API 5회 샘플링 시작...
2025-10-15 13:35:03 | ⚠️  Rate Limit 감지 - 5초 대기 후 재시도 (1/3)...
2025-10-15 13:35:10 | 샘플 1/5: 83.0점 | Simon과 Cleo는 핵무기 확산 반대 시위에 대해 논의합니다. Simon은 시위가 평화...
2025-10-15 13:35:16 | 샘플 2/5: 83.0점 | Simon과 Cleo는 핵무기 확산 반대 시위에 대해 논의합니다. Simon은 시위가 평화...
2025-10-15 13:35:22 | 샘플 3/5: 83.0점 | Simon과 Cleo는 핵무기 확산 반대 시위에 대해 논의합니다. Simon은 시위가 평화...
2025-10-15 13:35:27 | 샘플 4/5: 83.0점 | Simon과 Cleo는 핵무기 확산 반대 시위에 대해 논의합니다. Simon은 시위가 평화...
2025-10-15 13:35:33 | 샘플 5/5: 83.0점 | Simon과 Cleo는 핵무기 확산 반대 시위에 대해 논의합니다. Simon은 시위가 평화...
2025-10-15 13:35:33 | ✅ 최종 선택: 샘플 1 (83.0점)
2025-10-15 13:35:33 | 🔄 Solar API 5회 샘플링 시작...
2025-10-15 13:35:34 | ⚠️  Rate Limit 감지 - 5초 대기 후 재시도 (1/3)...
2025-10-15 13:35:40 | 샘플 1/5: 90.0점 | 두 친구가 보안 문제에 대해 대화하며, 낯선 사람을 집에 들여보내는 것에 대한 우려를 나눕...
2025-10-15 13:35:47 | 샘플 2/5: 90.0점 | 두 친구가 보안 문제에 대해 대화하며, 낯선 사람을 집에 들여보내는 것에 대한 우려를 나눕...
2025-10-15 13:35:52 | 샘플 3/5: 90.0점 | 두 친구가 보안 문제에 대해 대화하며, 낯선 사람을 집에 들여보내는 것에 대한 우려를 나눕...
2025-10-15 13:35:58 | 샘플 4/5: 90.0점 | 두 친구가 보안 문제에 대해 대화하며, 낯선 사람을 집에 들여보내는 것에 대한 우려를 나눕...
2025-10-15 13:36:03 | 샘플 5/5: 90.0점 | 두 친구가 보안 문제에 대해 대화하며, 낯선 사람을 집에 들여보내는 것에 대한 우려를 나눕...
2025-10-15 13:36:03 | ✅ 최종 선택: 샘플 1 (90.0점)
2025-10-15 13:36:03 | 🔄 Solar API 5회 샘플링 시작...
2025-10-15 13:36:04 | ⚠️  Rate Limit 감지 - 5초 대기 후 재시도 (1/3)...
2025-10-15 13:36:11 | 샘플 1/5: 80.0점 | 마크가 매기에게 역사 노트를 빌려달라고 요청하자, 매기는 도서관에서 복사하라고 제안한다. ...
2025-10-15 13:36:17 | 샘플 2/5: 80.0점 | 마크가 매기에게 역사 노트를 빌려달라고 요청하자, 매기는 도서관에서 복사하라고 제안한다. ...
2025-10-15 13:36:23 | 샘플 3/5: 80.0점 | 마크가 매기에게 역사 노트를 빌려달라고 요청하자, 매기는 도서관에서 복사하라고 제안한다. ...
2025-10-15 13:36:28 | 샘플 4/5: 80.0점 | 마크가 매기에게 역사 노트를 빌려달라고 요청하자, 매기는 도서관에서 복사하라고 제안한다. ...
2025-10-15 13:36:34 | 샘플 5/5: 80.0점 | 마크가 매기에게 역사 노트를 빌려달라고 요청하자, 매기는 도서관에서 복사하라고 제안한다. ...
2025-10-15 13:36:34 | ✅ 최종 선택: 샘플 1 (80.0점)
2025-10-15 13:36:34 | 🔄 Solar API 5회 샘플링 시작...
2025-10-15 13:36:37 | 샘플 1/5: 80.0점 | 학생이 교수에게 고급 지질학 과목 등록을 문의함. 학생은 미국 서부 지질학에 큰 관심을 보...
2025-10-15 13:36:42 | 샘플 2/5: 80.0점 | 학생이 교수에게 고급 지질학 과목 등록을 문의함. 학생은 미국 서부 지질학에 큰 관심을 보...
2025-10-15 13:36:48 | 샘플 3/5: 80.0점 | 학생이 교수에게 고급 지질학 과목 등록을 문의함. 학생은 미국 서부 지질학에 큰 관심을 보...
2025-10-15 13:36:54 | 샘플 4/5: 80.0점 | 학생이 교수에게 고급 지질학 과목 등록을 문의함. 학생은 미국 서부 지질학에 큰 관심을 보...
2025-10-15 13:37:00 | 샘플 5/5: 80.0점 | 학생이 교수에게 고급 지질학 과목 등록을 문의함. 학생은 미국 서부 지질학에 큰 관심을 보...
2025-10-15 13:37:00 | ✅ 최종 선택: 샘플 1 (80.0점)
2025-10-15 13:37:00 | ✅ 완료 (누적: 40/499)
2025-10-15 13:37:03 | [배치 41-50/499] 처리 중...
2025-10-15 13:37:03 | 🔄 Solar API 5회 샘플링 시작...
2025-10-15 13:37:04 | 샘플 1/5: 85.0점 | 손님이 가게 직원에게 구매한 펜던트가 깨졌다고 알리고, 교환을 요청함. 직원은 영수증을 확...
2025-10-15 13:37:09 | 샘플 2/5: 85.0점 | 손님이 가게 직원에게 구매한 펜던트가 깨졌다고 알리고, 교환을 요청함. 직원은 영수증을 확...
2025-10-15 13:37:14 | 샘플 3/5: 85.0점 | 손님이 가게 직원에게 구매한 펜던트가 깨졌다고 알리고, 교환을 요청함. 직원은 영수증을 확...
2025-10-15 13:37:19 | 샘플 4/5: 85.0점 | 손님이 가게 직원에게 구매한 펜던트가 깨졌다고 알리고, 교환을 요청함. 직원은 영수증을 확...
2025-10-15 13:37:24 | 샘플 5/5: 85.0점 | 손님이 가게 직원에게 구매한 펜던트가 깨졌다고 알리고, 교환을 요청함. 직원은 영수증을 확...
2025-10-15 13:37:24 | ✅ 최종 선택: 샘플 1 (85.0점)
2025-10-15 13:37:24 | 🔄 Solar API 5회 샘플링 시작...
2025-10-15 13:37:25 | 샘플 1/5: 90.0점 | 두 친구가 박싱 데이 세일 준비와 스포츠 게임 시청을 두고 대화하며 갈등을 겪음.는 세일에...
2025-10-15 13:37:31 | 샘플 2/5: 90.0점 | 두 친구가 박싱 데이 세일 준비와 스포츠 게임 시청을 두고 대화하며 갈등을 겪음.는 세일에...
2025-10-15 13:37:36 | 샘플 3/5: 90.0점 | 두 친구가 박싱 데이 세일 준비와 스포츠 게임 시청을 두고 대화하며 갈등을 겪음.는 세일에...
2025-10-15 13:37:44 | 샘플 4/5: 90.0점 | 두 친구가 박싱 데이 세일 준비와 스포츠 게임 시청을 두고 대화하며 갈등을 겪음.는 세일에...
2025-10-15 13:37:49 | 샘플 5/5: 90.0점 | 두 친구가 박싱 데이 세일 준비와 스포츠 게임 시청을 두고 대화하며 갈등을 겪음.는 세일에...
2025-10-15 13:37:49 | ✅ 최종 선택: 샘플 1 (90.0점)
2025-10-15 13:37:49 | 🔄 Solar API 5회 샘플링 시작...
2025-10-15 13:37:50 | ⚠️  Rate Limit 감지 - 5초 대기 후 재시도 (1/3)...
2025-10-15 13:37:57 | 샘플 1/5: 90.0점 | 친구들이 미디어 업계에서의 직업 선택에 대해 대화함.는 TV 뉴스 디렉터를 제안하지만,는 ...
2025-10-15 13:38:02 | 샘플 2/5: 90.0점 | 친구들이 미디어 업계에서의 직업 선택에 대해 대화함.는 TV 뉴스 디렉터를 제안하지만,는 ...
2025-10-15 13:38:07 | 샘플 3/5: 90.0점 | 친구들이 미디어 업계에서의 직업 선택에 대해 대화함.는 TV 뉴스 디렉터를 제안하지만,는 ...
2025-10-15 13:38:12 | 샘플 4/5: 90.0점 | 친구들이 미디어 업계에서의 직업 선택에 대해 대화함.는 TV 뉴스 디렉터를 제안하지만,는 ...
2025-10-15 13:38:17 | 샘플 5/5: 90.0점 | 친구들이 미디어 업계에서의 직업 선택에 대해 대화함.는 TV 뉴스 디렉터를 제안하지만,는 ...
2025-10-15 13:38:17 | ✅ 최종 선택: 샘플 1 (90.0점)
2025-10-15 13:38:17 | 🔄 Solar API 5회 샘플링 시작...
2025-10-15 13:38:18 | ⚠️  Rate Limit 감지 - 5초 대기 후 재시도 (1/3)...
2025-10-15 13:38:26 | 샘플 1/5: 85.0점 | 데일리 뉴스에서 일하는는 중요한 자선 단체 수장의 연설을 듣기 위해 지루한 행사에 참석해야...
2025-10-15 13:38:31 | 샘플 2/5: 85.0점 | 데일리 뉴스에서 일하는는 중요한 자선 단체 수장의 연설을 듣기 위해 지루한 행사에 참석해야...
2025-10-15 13:38:37 | 샘플 3/5: 85.0점 | 데일리 뉴스에서 일하는는 중요한 자선 단체 수장의 연설을 듣기 위해 지루한 행사에 참석해야...
2025-10-15 13:38:42 | 샘플 4/5: 85.0점 | 데일리 뉴스에서 일하는는 중요한 자선 단체 수장의 연설을 듣기 위해 지루한 행사에 참석해야...
2025-10-15 13:38:48 | 샘플 5/5: 85.0점 | 데일리 뉴스에서 일하는는 중요한 자선 단체 수장의 연설을 듣기 위해 지루한 행사에 참석해야...
2025-10-15 13:38:48 | ✅ 최종 선택: 샘플 1 (85.0점)
2025-10-15 13:38:48 | 🔄 Solar API 5회 샘플링 시작...
2025-10-15 13:38:49 | ⚠️  Rate Limit 감지 - 5초 대기 후 재시도 (1/3)...
2025-10-15 13:38:56 | 샘플 1/5: 80.0점 | 사라와 그녀의 남편이 회사 근처에 집을 사는 대신 도시 중심에서 떨어진 곳에 더 저렴한 집...
2025-10-15 13:39:02 | 샘플 2/5: 80.0점 | 사라와 그녀의 남편이 회사 근처에 집을 사는 대신 도시 중심에서 떨어진 곳에 더 저렴한 집...
2025-10-15 13:39:08 | 샘플 3/5: 80.0점 | 사라와 그녀의 남편이 회사 근처에 집을 사는 대신 도시 중심에서 떨어진 곳에 더 저렴한 집...
2025-10-15 13:39:13 | 샘플 4/5: 80.0점 | 사라와 그녀의 남편이 회사 근처에 집을 사는 대신 도시 중심에서 떨어진 곳에 더 저렴한 집...
2025-10-15 13:39:18 | 샘플 5/5: 80.0점 | 사라와 그녀의 남편이 회사 근처에 집을 사는 대신 도시 중심에서 떨어진 곳에 더 저렴한 집...
2025-10-15 13:39:18 | ✅ 최종 선택: 샘플 1 (80.0점)
2025-10-15 13:39:18 | 🔄 Solar API 5회 샘플링 시작...
2025-10-15 13:39:20 | ⚠️  Rate Limit 감지 - 5초 대기 후 재시도 (1/3)...
2025-10-15 13:39:27 | 샘플 1/5: 80.0점 | 영국 관광청의 정보 담당관 Mark Leach는 런던 관광 사무소에서 해외 방문객들에게 관...
2025-10-15 13:39:33 | 샘플 2/5: 80.0점 | 영국 관광청의 정보 담당관 Mark Leach는 런던 관광 사무소에서 해외 방문객들에게 관...
2025-10-15 13:39:38 | 샘플 3/5: 80.0점 | 영국 관광청의 정보 담당관 Mark Leach는 런던 관광 사무소에서 해외 방문객들에게 관...
2025-10-15 13:39:44 | 샘플 4/5: 80.0점 | 영국 관광청의 정보 담당관 Mark Leach는 런던 관광 사무소에서 해외 방문객들에게 관...
2025-10-15 13:39:50 | 샘플 5/5: 80.0점 | 영국 관광청의 정보 담당관 Mark Leach는 런던 관광 사무소에서 해외 방문객들에게 관...
2025-10-15 13:39:50 | ✅ 최종 선택: 샘플 1 (80.0점)
2025-10-15 13:39:50 | 🔄 Solar API 5회 샘플링 시작...
2025-10-15 13:39:52 | 샘플 1/5: 80.0점 | Lucy와 Lin Fang이 서로의 좋아하는 과목에 대해 대화함. Lucy는 영어를 가장 ...
2025-10-15 13:39:58 | 샘플 2/5: 80.0점 | Lucy와 Lin Fang이 서로의 좋아하는 과목에 대해 대화함. Lucy는 영어를 가장 ...
2025-10-15 13:40:05 | 샘플 3/5: 80.0점 | Lucy와 Lin Fang이 서로의 좋아하는 과목에 대해 대화함. Lucy는 영어를 가장 ...
2025-10-15 13:40:10 | 샘플 4/5: 80.0점 | Lucy와 Lin Fang이 서로의 좋아하는 과목에 대해 대화함. Lucy는 영어를 가장 ...
2025-10-15 13:40:15 | 샘플 5/5: 80.0점 | Lucy와 Lin Fang이 서로의 좋아하는 과목에 대해 대화함. Lucy는 영어를 가장 ...
2025-10-15 13:40:15 | ✅ 최종 선택: 샘플 1 (80.0점)
2025-10-15 13:40:15 | 🔄 Solar API 5회 샘플링 시작...
2025-10-15 13:40:18 | 샘플 1/5: 80.0점 | James는 Mrs. Thomas의 뜰 청소를 마치고 추가적으로 개 산책 서비스를 제안받았...
2025-10-15 13:40:24 | 샘플 2/5: 80.0점 | James는 Mrs. Thomas의 뜰 청소를 마치고 추가적으로 개 산책 서비스를 제안받았...
2025-10-15 13:40:30 | 샘플 3/5: 80.0점 | James는 Mrs. Thomas의 뜰 청소를 마치고 추가적으로 개 산책 서비스를 제안받았...
2025-10-15 13:40:35 | 샘플 4/5: 80.0점 | James는 Mrs. Thomas의 뜰 청소를 마치고 추가적으로 개 산책 서비스를 제안받았...
2025-10-15 13:40:40 | 샘플 5/5: 80.0점 | James는 Mrs. Thomas의 뜰 청소를 마치고 추가적으로 개 산책 서비스를 제안받았...
2025-10-15 13:40:40 | ✅ 최종 선택: 샘플 1 (80.0점)
2025-10-15 13:40:40 | 🔄 Solar API 5회 샘플링 시작...
2025-10-15 13:40:41 | 샘플 1/5: 90.0점 | 친구들이 봄철 날씨 변화에 대해 대화하며, 밤의 추위와 아파트의 온도 문제를 공유하고, 따...
2025-10-15 13:40:46 | 샘플 2/5: 90.0점 | 친구들이 봄철 날씨 변화에 대해 대화하며, 밤의 추위와 아파트의 온도 문제를 공유하고, 따...
2025-10-15 13:40:52 | 샘플 3/5: 90.0점 | 친구들이 봄철 날씨 변화에 대해 대화하며, 밤의 추위와 아파트의 온도 문제를 공유하고, 따...
2025-10-15 13:40:57 | 샘플 4/5: 90.0점 | 친구들이 봄철 날씨 변화에 대해 대화하며, 밤의 추위와 아파트의 온도 문제를 공유하고, 따...
2025-10-15 13:41:02 | 샘플 5/5: 90.0점 | 친구들이 봄철 날씨 변화에 대해 대화하며, 밤의 추위와 아파트의 온도 문제를 공유하고, 따...
2025-10-15 13:41:02 | ✅ 최종 선택: 샘플 1 (90.0점)
2025-10-15 13:41:02 | 🔄 Solar API 5회 샘플링 시작...
2025-10-15 13:41:03 | 샘플 1/5: 80.0점 | 감독가 배우에게 연기의 감정을 조정하라고 지시함.는가 캐릭터의 화난 감정을 더 강하게 표현...
2025-10-15 13:41:08 | 샘플 2/5: 80.0점 | 감독가 배우에게 연기의 감정을 조정하라고 지시함.는가 캐릭터의 화난 감정을 더 강하게 표현...
2025-10-15 13:41:13 | 샘플 3/5: 80.0점 | 감독가 배우에게 연기의 감정을 조정하라고 지시함.는가 캐릭터의 화난 감정을 더 강하게 표현...
2025-10-15 13:41:18 | 샘플 4/5: 80.0점 | 감독가 배우에게 연기의 감정을 조정하라고 지시함.는가 캐릭터의 화난 감정을 더 강하게 표현...
2025-10-15 13:41:24 | 샘플 5/5: 80.0점 | 감독가 배우에게 연기의 감정을 조정하라고 지시함.는가 캐릭터의 화난 감정을 더 강하게 표현...
2025-10-15 13:41:24 | ✅ 최종 선택: 샘플 1 (80.0점)
2025-10-15 13:41:24 | ✅ 완료 (누적: 50/499)
2025-10-15 13:41:27 | [배치 51-60/499] 처리 중...
2025-10-15 13:41:27 | 🔄 Solar API 5회 샘플링 시작...
2025-10-15 13:41:28 | 샘플 1/5: 90.0점 | 손님이 택시를 타고 프렌드쉽 호텔로 이동하며, 중요한 일정 때문에 빠르게 도착하길 요청함....
2025-10-15 13:41:33 | 샘플 2/5: 90.0점 | 손님이 택시를 타고 프렌드쉽 호텔로 이동하며, 중요한 일정 때문에 빠르게 도착하길 요청함....
2025-10-15 13:41:38 | 샘플 3/5: 90.0점 | 손님이 택시를 타고 프렌드쉽 호텔로 이동하며, 중요한 일정 때문에 빠르게 도착하길 요청함....
2025-10-15 13:41:44 | 샘플 4/5: 90.0점 | 손님이 택시를 타고 프렌드쉽 호텔로 이동하며, 중요한 일정 때문에 빠르게 도착하길 요청함....
2025-10-15 13:41:49 | 샘플 5/5: 90.0점 | 손님이 택시를 타고 프렌드쉽 호텔로 이동하며, 중요한 일정 때문에 빠르게 도착하길 요청함....
2025-10-15 13:41:49 | ✅ 최종 선택: 샘플 1 (90.0점)
2025-10-15 13:41:49 | 🔄 Solar API 5회 샘플링 시작...
2025-10-15 13:41:50 | 샘플 1/5: 90.0점 | 친구가 친구에게 버스 잔돈을 빌리려 하지만,도 돈이 없어 환승권을 추천하고는 이를 통해 집...
2025-10-15 13:41:55 | 샘플 2/5: 90.0점 | 친구가 친구에게 버스 잔돈을 빌리려 하지만,도 돈이 없어 환승권을 추천하고는 이를 통해 집...
2025-10-15 13:42:00 | 샘플 3/5: 90.0점 | 친구가 친구에게 버스 잔돈을 빌리려 하지만,도 돈이 없어 환승권을 추천하고는 이를 통해 집...
2025-10-15 13:42:05 | 샘플 4/5: 90.0점 | 친구가 친구에게 버스 잔돈을 빌리려 하지만,도 돈이 없어 환승권을 추천하고는 이를 통해 집...
2025-10-15 13:42:10 | 샘플 5/5: 90.0점 | 친구가 친구에게 버스 잔돈을 빌리려 하지만,도 돈이 없어 환승권을 추천하고는 이를 통해 집...
2025-10-15 13:42:10 | ✅ 최종 선택: 샘플 1 (90.0점)
2025-10-15 13:42:10 | 🔄 Solar API 5회 샘플링 시작...
2025-10-15 13:42:11 | 샘플 1/5: 85.0점 | 손님이 직원에게 지역 정보와 회사 소속에 대해 문의함. 직원은 시내까지의 거리, 주변 회사...
2025-10-15 13:42:15 | 샘플 2/5: 85.0점 | 손님이 직원에게 지역 정보와 회사 소속에 대해 문의함. 직원은 시내까지의 거리, 주변 회사...
2025-10-15 13:42:19 | >> 로그 리디렉션 중료.
