2025-10-14 23:20:38 | >> í‘œì¤€ ì¶œë ¥ ë° ì˜¤ë¥˜ë¥¼ ë¡œê·¸ íŒŒì¼ë¡œ ë¦¬ë””ë ‰ì…˜ ì‹œìž‘
2025-10-14 23:20:38 | ============================================================
2025-10-14 23:20:38 | ì¶”ë¡  ì‹œìž‘
2025-10-14 23:20:38 | ============================================================
2025-10-14 23:20:38 | [GPU ì •ë³´]
2025-10-14 23:20:38 | available: True
2025-10-14 23:20:38 | device_count: 1
2025-10-14 23:20:38 | current_device: 0
2025-10-14 23:20:38 | gpu_0: {'name': 'NVIDIA GeForce RTX 4090', 'total_memory_gb': 23.98779296875, 'major': 8, 'minor': 9, 'multi_processor_count': 128, 'allocated_memory_gb': 0.0, 'reserved_memory_gb': 0.0}
2025-10-14 23:20:38 | GPU Tier: LOW
2025-10-14 23:20:38 | [1/5] Config ë¡œë”©...
2025-10-14 23:20:38 | âœ… Config ë¡œë“œ ì™„ë£Œ: baseline_kobart
2025-10-14 23:20:38 | [2/5] ëª¨ë¸ ë¡œë”©: experiments/20251014/20251014_183206_kobart_ultimate_kfold/fold_4/kfold/final_model
2025-10-14 23:20:38 | âœ… ëª¨ë¸ ë¡œë“œ ì™„ë£Œ
2025-10-14 23:20:38 | ë””ë°”ì´ìŠ¤: cuda
2025-10-14 23:20:38 | ëª¨ë¸ íŒŒë¼ë¯¸í„°: 123,859,968
2025-10-14 23:20:38 | [3/5] í…ŒìŠ¤íŠ¸ ë°ì´í„° ë¡œë”©: data/raw/test.csv
2025-10-14 23:20:38 | âœ… í…ŒìŠ¤íŠ¸ ìƒ˜í”Œ: 499ê°œ
2025-10-14 23:20:38 | [4/5] ì¶”ë¡  ì‹¤í–‰...
2025-10-14 23:20:38 | ðŸ”§ HuggingFace ì‚¬ì „í•™ìŠµ ëª¨ë¸ ë³´ì • í™œì„±í™”
2025-10-14 23:20:38 | - ë³´ì • ëª¨ë¸: gogamza/kobart-base-v2, digit82/kobart-summarization
2025-10-14 23:20:38 | - ë³´ì • ì „ëžµ: quality_based
2025-10-14 23:20:38 | - í’ˆì§ˆ ìž„ê³„ê°’: 0.3
2025-10-14 23:20:38 | âš ï¸  Solar API ì•™ìƒë¸”ì€ í˜„ìž¬ config íŒŒì¼ì„ í†µí•´ì„œë§Œ ì§€ì›ë©ë‹ˆë‹¤
2025-10-14 23:20:38 | - --use_solar_api í”Œëž˜ê·¸ëŠ” ë¬´ì‹œë©ë‹ˆë‹¤
2025-10-14 23:20:38 | - config íŒŒì¼ì—ì„œ solar_api ì„¹ì…˜ì„ ì„¤ì •í•˜ì„¸ìš”
2025-10-14 23:20:38 | ì¶”ë¡ ìš© ë°ì´í„°ì…‹ ìƒì„± ì¤‘...
2025-10-14 23:20:39 | âœ… ë°ì´í„°ì…‹ ìƒì„± ì™„ë£Œ (ìƒ˜í”Œ ìˆ˜: 499)
2025-10-14 23:20:39 | DataLoader ìƒì„± ì¤‘ (batch_size=16)...
2025-10-14 23:20:39 | âœ… DataLoader ìƒì„± ì™„ë£Œ (ì´ ë°°ì¹˜ ìˆ˜: 32)
2025-10-14 23:20:39 | ìƒì„± íŒŒë¼ë¯¸í„° ì„¤ì • ì™„ë£Œ
2025-10-14 23:20:39 | - max_new_tokens=100, num_beams=4, no_repeat_ngram_size=3
2025-10-14 23:20:39 | ë°°ì¹˜ ì¶”ë¡  ì‹œìž‘ (ì´ 32ê°œ ë°°ì¹˜)
2025-10-14 23:20:39 | [ë°°ì¹˜ 1/32] ì¶”ë¡  ì‹œìž‘...
2025-10-14 23:20:39 | [ë°°ì¹˜ 1/32] ìž…ë ¥ ë°ì´í„°ë¥¼ cudaë¡œ ì „ì†¡ ì¤‘...
2025-10-14 23:20:39 | [ë°°ì¹˜ 1/32] ëª¨ë¸ ìƒì„±(generate) ì‹¤í–‰ ì¤‘...
2025-10-14 23:20:41 | [ë°°ì¹˜ 1/32] ìƒì„± ì™„ë£Œ, ë””ì½”ë”© ì¤‘...
2025-10-14 23:20:41 | [ë°°ì¹˜ 1/32] í›„ì²˜ë¦¬ ì ìš© ì¤‘...
2025-10-14 23:20:41 | âœ… [ë°°ì¹˜ 1/32] ì™„ë£Œ (ëˆ„ì  ìš”ì•½ ìˆ˜: 16)
2025-10-14 23:20:41 | [ë°°ì¹˜ 2/32] ì¶”ë¡  ì‹œìž‘...
2025-10-14 23:20:41 | [ë°°ì¹˜ 2/32] ìž…ë ¥ ë°ì´í„°ë¥¼ cudaë¡œ ì „ì†¡ ì¤‘...
2025-10-14 23:20:41 | [ë°°ì¹˜ 2/32] ëª¨ë¸ ìƒì„±(generate) ì‹¤í–‰ ì¤‘...
2025-10-14 23:20:43 | [ë°°ì¹˜ 2/32] ìƒì„± ì™„ë£Œ, ë””ì½”ë”© ì¤‘...
2025-10-14 23:20:43 | [ë°°ì¹˜ 2/32] í›„ì²˜ë¦¬ ì ìš© ì¤‘...
2025-10-14 23:20:43 | âœ… [ë°°ì¹˜ 2/32] ì™„ë£Œ (ëˆ„ì  ìš”ì•½ ìˆ˜: 32)
2025-10-14 23:20:43 | [ë°°ì¹˜ 3/32] ì¶”ë¡  ì‹œìž‘...
2025-10-14 23:20:43 | [ë°°ì¹˜ 3/32] ìž…ë ¥ ë°ì´í„°ë¥¼ cudaë¡œ ì „ì†¡ ì¤‘...
2025-10-14 23:20:43 | [ë°°ì¹˜ 3/32] ëª¨ë¸ ìƒì„±(generate) ì‹¤í–‰ ì¤‘...
2025-10-14 23:20:45 | [ë°°ì¹˜ 3/32] ìƒì„± ì™„ë£Œ, ë””ì½”ë”© ì¤‘...
2025-10-14 23:20:45 | [ë°°ì¹˜ 3/32] í›„ì²˜ë¦¬ ì ìš© ì¤‘...
2025-10-14 23:20:45 | âœ… [ë°°ì¹˜ 3/32] ì™„ë£Œ (ëˆ„ì  ìš”ì•½ ìˆ˜: 48)
2025-10-14 23:20:45 | [ë°°ì¹˜ 4/32] ì¶”ë¡  ì‹œìž‘...
2025-10-14 23:20:45 | [ë°°ì¹˜ 4/32] ìž…ë ¥ ë°ì´í„°ë¥¼ cudaë¡œ ì „ì†¡ ì¤‘...
2025-10-14 23:20:45 | [ë°°ì¹˜ 4/32] ëª¨ë¸ ìƒì„±(generate) ì‹¤í–‰ ì¤‘...
2025-10-14 23:20:46 | [ë°°ì¹˜ 4/32] ìƒì„± ì™„ë£Œ, ë””ì½”ë”© ì¤‘...
2025-10-14 23:20:46 | [ë°°ì¹˜ 4/32] í›„ì²˜ë¦¬ ì ìš© ì¤‘...
2025-10-14 23:20:46 | âœ… [ë°°ì¹˜ 4/32] ì™„ë£Œ (ëˆ„ì  ìš”ì•½ ìˆ˜: 64)
2025-10-14 23:20:46 | [ë°°ì¹˜ 5/32] ì¶”ë¡  ì‹œìž‘...
2025-10-14 23:20:46 | [ë°°ì¹˜ 5/32] ìž…ë ¥ ë°ì´í„°ë¥¼ cudaë¡œ ì „ì†¡ ì¤‘...
2025-10-14 23:20:46 | [ë°°ì¹˜ 5/32] ëª¨ë¸ ìƒì„±(generate) ì‹¤í–‰ ì¤‘...
2025-10-14 23:20:48 | [ë°°ì¹˜ 5/32] ìƒì„± ì™„ë£Œ, ë””ì½”ë”© ì¤‘...
2025-10-14 23:20:48 | [ë°°ì¹˜ 5/32] í›„ì²˜ë¦¬ ì ìš© ì¤‘...
2025-10-14 23:20:48 | âœ… [ë°°ì¹˜ 5/32] ì™„ë£Œ (ëˆ„ì  ìš”ì•½ ìˆ˜: 80)
2025-10-14 23:20:48 | [ë°°ì¹˜ 6/32] ì¶”ë¡  ì‹œìž‘...
2025-10-14 23:20:48 | [ë°°ì¹˜ 6/32] ìž…ë ¥ ë°ì´í„°ë¥¼ cudaë¡œ ì „ì†¡ ì¤‘...
2025-10-14 23:20:48 | [ë°°ì¹˜ 6/32] ëª¨ë¸ ìƒì„±(generate) ì‹¤í–‰ ì¤‘...
2025-10-14 23:20:50 | [ë°°ì¹˜ 6/32] ìƒì„± ì™„ë£Œ, ë””ì½”ë”© ì¤‘...
2025-10-14 23:20:50 | [ë°°ì¹˜ 6/32] í›„ì²˜ë¦¬ ì ìš© ì¤‘...
2025-10-14 23:20:50 | âœ… [ë°°ì¹˜ 6/32] ì™„ë£Œ (ëˆ„ì  ìš”ì•½ ìˆ˜: 96)
2025-10-14 23:20:50 | [ë°°ì¹˜ 7/32] ì¶”ë¡  ì‹œìž‘...
2025-10-14 23:20:50 | [ë°°ì¹˜ 7/32] ìž…ë ¥ ë°ì´í„°ë¥¼ cudaë¡œ ì „ì†¡ ì¤‘...
2025-10-14 23:20:50 | [ë°°ì¹˜ 7/32] ëª¨ë¸ ìƒì„±(generate) ì‹¤í–‰ ì¤‘...
2025-10-14 23:20:52 | [ë°°ì¹˜ 7/32] ìƒì„± ì™„ë£Œ, ë””ì½”ë”© ì¤‘...
2025-10-14 23:20:52 | [ë°°ì¹˜ 7/32] í›„ì²˜ë¦¬ ì ìš© ì¤‘...
2025-10-14 23:20:52 | âœ… [ë°°ì¹˜ 7/32] ì™„ë£Œ (ëˆ„ì  ìš”ì•½ ìˆ˜: 112)
2025-10-14 23:20:52 | [ë°°ì¹˜ 8/32] ì¶”ë¡  ì‹œìž‘...
2025-10-14 23:20:52 | [ë°°ì¹˜ 8/32] ìž…ë ¥ ë°ì´í„°ë¥¼ cudaë¡œ ì „ì†¡ ì¤‘...
2025-10-14 23:20:52 | [ë°°ì¹˜ 8/32] ëª¨ë¸ ìƒì„±(generate) ì‹¤í–‰ ì¤‘...
2025-10-14 23:20:54 | [ë°°ì¹˜ 8/32] ìƒì„± ì™„ë£Œ, ë””ì½”ë”© ì¤‘...
2025-10-14 23:20:54 | [ë°°ì¹˜ 8/32] í›„ì²˜ë¦¬ ì ìš© ì¤‘...
2025-10-14 23:20:54 | âœ… [ë°°ì¹˜ 8/32] ì™„ë£Œ (ëˆ„ì  ìš”ì•½ ìˆ˜: 128)
2025-10-14 23:20:54 | [ë°°ì¹˜ 9/32] ì¶”ë¡  ì‹œìž‘...
2025-10-14 23:20:54 | [ë°°ì¹˜ 9/32] ìž…ë ¥ ë°ì´í„°ë¥¼ cudaë¡œ ì „ì†¡ ì¤‘...
2025-10-14 23:20:54 | [ë°°ì¹˜ 9/32] ëª¨ë¸ ìƒì„±(generate) ì‹¤í–‰ ì¤‘...
2025-10-14 23:20:56 | [ë°°ì¹˜ 9/32] ìƒì„± ì™„ë£Œ, ë””ì½”ë”© ì¤‘...
2025-10-14 23:20:56 | [ë°°ì¹˜ 9/32] í›„ì²˜ë¦¬ ì ìš© ì¤‘...
2025-10-14 23:20:56 | âœ… [ë°°ì¹˜ 9/32] ì™„ë£Œ (ëˆ„ì  ìš”ì•½ ìˆ˜: 144)
2025-10-14 23:20:56 | [ë°°ì¹˜ 10/32] ì¶”ë¡  ì‹œìž‘...
2025-10-14 23:20:56 | [ë°°ì¹˜ 10/32] ìž…ë ¥ ë°ì´í„°ë¥¼ cudaë¡œ ì „ì†¡ ì¤‘...
2025-10-14 23:20:56 | [ë°°ì¹˜ 10/32] ëª¨ë¸ ìƒì„±(generate) ì‹¤í–‰ ì¤‘...
2025-10-14 23:20:57 | [ë°°ì¹˜ 10/32] ìƒì„± ì™„ë£Œ, ë””ì½”ë”© ì¤‘...
2025-10-14 23:20:57 | [ë°°ì¹˜ 10/32] í›„ì²˜ë¦¬ ì ìš© ì¤‘...
2025-10-14 23:20:57 | âœ… [ë°°ì¹˜ 10/32] ì™„ë£Œ (ëˆ„ì  ìš”ì•½ ìˆ˜: 160)
2025-10-14 23:20:57 | [ë°°ì¹˜ 11/32] ì¶”ë¡  ì‹œìž‘...
2025-10-14 23:20:57 | [ë°°ì¹˜ 11/32] ìž…ë ¥ ë°ì´í„°ë¥¼ cudaë¡œ ì „ì†¡ ì¤‘...
2025-10-14 23:20:57 | [ë°°ì¹˜ 11/32] ëª¨ë¸ ìƒì„±(generate) ì‹¤í–‰ ì¤‘...
2025-10-14 23:20:59 | [ë°°ì¹˜ 11/32] ìƒì„± ì™„ë£Œ, ë””ì½”ë”© ì¤‘...
2025-10-14 23:20:59 | [ë°°ì¹˜ 11/32] í›„ì²˜ë¦¬ ì ìš© ì¤‘...
2025-10-14 23:20:59 | âœ… [ë°°ì¹˜ 11/32] ì™„ë£Œ (ëˆ„ì  ìš”ì•½ ìˆ˜: 176)
2025-10-14 23:20:59 | [ë°°ì¹˜ 12/32] ì¶”ë¡  ì‹œìž‘...
2025-10-14 23:20:59 | [ë°°ì¹˜ 12/32] ìž…ë ¥ ë°ì´í„°ë¥¼ cudaë¡œ ì „ì†¡ ì¤‘...
2025-10-14 23:20:59 | [ë°°ì¹˜ 12/32] ëª¨ë¸ ìƒì„±(generate) ì‹¤í–‰ ì¤‘...
2025-10-14 23:21:01 | [ë°°ì¹˜ 12/32] ìƒì„± ì™„ë£Œ, ë””ì½”ë”© ì¤‘...
2025-10-14 23:21:01 | [ë°°ì¹˜ 12/32] í›„ì²˜ë¦¬ ì ìš© ì¤‘...
2025-10-14 23:21:01 | âœ… [ë°°ì¹˜ 12/32] ì™„ë£Œ (ëˆ„ì  ìš”ì•½ ìˆ˜: 192)
2025-10-14 23:21:01 | [ë°°ì¹˜ 13/32] ì¶”ë¡  ì‹œìž‘...
2025-10-14 23:21:01 | [ë°°ì¹˜ 13/32] ìž…ë ¥ ë°ì´í„°ë¥¼ cudaë¡œ ì „ì†¡ ì¤‘...
2025-10-14 23:21:01 | [ë°°ì¹˜ 13/32] ëª¨ë¸ ìƒì„±(generate) ì‹¤í–‰ ì¤‘...
2025-10-14 23:21:04 | [ë°°ì¹˜ 13/32] ìƒì„± ì™„ë£Œ, ë””ì½”ë”© ì¤‘...
2025-10-14 23:21:04 | [ë°°ì¹˜ 13/32] í›„ì²˜ë¦¬ ì ìš© ì¤‘...
2025-10-14 23:21:04 | âœ… [ë°°ì¹˜ 13/32] ì™„ë£Œ (ëˆ„ì  ìš”ì•½ ìˆ˜: 208)
2025-10-14 23:21:04 | [ë°°ì¹˜ 14/32] ì¶”ë¡  ì‹œìž‘...
2025-10-14 23:21:04 | [ë°°ì¹˜ 14/32] ìž…ë ¥ ë°ì´í„°ë¥¼ cudaë¡œ ì „ì†¡ ì¤‘...
2025-10-14 23:21:04 | [ë°°ì¹˜ 14/32] ëª¨ë¸ ìƒì„±(generate) ì‹¤í–‰ ì¤‘...
2025-10-14 23:21:07 | [ë°°ì¹˜ 14/32] ìƒì„± ì™„ë£Œ, ë””ì½”ë”© ì¤‘...
2025-10-14 23:21:07 | [ë°°ì¹˜ 14/32] í›„ì²˜ë¦¬ ì ìš© ì¤‘...
2025-10-14 23:21:07 | âœ… [ë°°ì¹˜ 14/32] ì™„ë£Œ (ëˆ„ì  ìš”ì•½ ìˆ˜: 224)
2025-10-14 23:21:07 | [ë°°ì¹˜ 15/32] ì¶”ë¡  ì‹œìž‘...
2025-10-14 23:21:07 | [ë°°ì¹˜ 15/32] ìž…ë ¥ ë°ì´í„°ë¥¼ cudaë¡œ ì „ì†¡ ì¤‘...
2025-10-14 23:21:07 | [ë°°ì¹˜ 15/32] ëª¨ë¸ ìƒì„±(generate) ì‹¤í–‰ ì¤‘...
2025-10-14 23:21:08 | [ë°°ì¹˜ 15/32] ìƒì„± ì™„ë£Œ, ë””ì½”ë”© ì¤‘...
2025-10-14 23:21:08 | [ë°°ì¹˜ 15/32] í›„ì²˜ë¦¬ ì ìš© ì¤‘...
2025-10-14 23:21:08 | âœ… [ë°°ì¹˜ 15/32] ì™„ë£Œ (ëˆ„ì  ìš”ì•½ ìˆ˜: 240)
2025-10-14 23:21:08 | [ë°°ì¹˜ 16/32] ì¶”ë¡  ì‹œìž‘...
2025-10-14 23:21:08 | [ë°°ì¹˜ 16/32] ìž…ë ¥ ë°ì´í„°ë¥¼ cudaë¡œ ì „ì†¡ ì¤‘...
2025-10-14 23:21:08 | [ë°°ì¹˜ 16/32] ëª¨ë¸ ìƒì„±(generate) ì‹¤í–‰ ì¤‘...
2025-10-14 23:21:10 | [ë°°ì¹˜ 16/32] ìƒì„± ì™„ë£Œ, ë””ì½”ë”© ì¤‘...
2025-10-14 23:21:10 | [ë°°ì¹˜ 16/32] í›„ì²˜ë¦¬ ì ìš© ì¤‘...
2025-10-14 23:21:10 | âœ… [ë°°ì¹˜ 16/32] ì™„ë£Œ (ëˆ„ì  ìš”ì•½ ìˆ˜: 256)
2025-10-14 23:21:10 | [ë°°ì¹˜ 17/32] ì¶”ë¡  ì‹œìž‘...
2025-10-14 23:21:10 | [ë°°ì¹˜ 17/32] ìž…ë ¥ ë°ì´í„°ë¥¼ cudaë¡œ ì „ì†¡ ì¤‘...
2025-10-14 23:21:10 | [ë°°ì¹˜ 17/32] ëª¨ë¸ ìƒì„±(generate) ì‹¤í–‰ ì¤‘...
2025-10-14 23:21:12 | [ë°°ì¹˜ 17/32] ìƒì„± ì™„ë£Œ, ë””ì½”ë”© ì¤‘...
2025-10-14 23:21:12 | [ë°°ì¹˜ 17/32] í›„ì²˜ë¦¬ ì ìš© ì¤‘...
2025-10-14 23:21:12 | âœ… [ë°°ì¹˜ 17/32] ì™„ë£Œ (ëˆ„ì  ìš”ì•½ ìˆ˜: 272)
2025-10-14 23:21:12 | [ë°°ì¹˜ 18/32] ì¶”ë¡  ì‹œìž‘...
2025-10-14 23:21:12 | [ë°°ì¹˜ 18/32] ìž…ë ¥ ë°ì´í„°ë¥¼ cudaë¡œ ì „ì†¡ ì¤‘...
2025-10-14 23:21:12 | [ë°°ì¹˜ 18/32] ëª¨ë¸ ìƒì„±(generate) ì‹¤í–‰ ì¤‘...
2025-10-14 23:21:14 | [ë°°ì¹˜ 18/32] ìƒì„± ì™„ë£Œ, ë””ì½”ë”© ì¤‘...
2025-10-14 23:21:14 | [ë°°ì¹˜ 18/32] í›„ì²˜ë¦¬ ì ìš© ì¤‘...
2025-10-14 23:21:14 | âœ… [ë°°ì¹˜ 18/32] ì™„ë£Œ (ëˆ„ì  ìš”ì•½ ìˆ˜: 288)
2025-10-14 23:21:14 | [ë°°ì¹˜ 19/32] ì¶”ë¡  ì‹œìž‘...
2025-10-14 23:21:14 | [ë°°ì¹˜ 19/32] ìž…ë ¥ ë°ì´í„°ë¥¼ cudaë¡œ ì „ì†¡ ì¤‘...
2025-10-14 23:21:14 | [ë°°ì¹˜ 19/32] ëª¨ë¸ ìƒì„±(generate) ì‹¤í–‰ ì¤‘...
2025-10-14 23:21:16 | [ë°°ì¹˜ 19/32] ìƒì„± ì™„ë£Œ, ë””ì½”ë”© ì¤‘...
2025-10-14 23:21:16 | [ë°°ì¹˜ 19/32] í›„ì²˜ë¦¬ ì ìš© ì¤‘...
2025-10-14 23:21:16 | âœ… [ë°°ì¹˜ 19/32] ì™„ë£Œ (ëˆ„ì  ìš”ì•½ ìˆ˜: 304)
2025-10-14 23:21:16 | [ë°°ì¹˜ 20/32] ì¶”ë¡  ì‹œìž‘...
2025-10-14 23:21:16 | [ë°°ì¹˜ 20/32] ìž…ë ¥ ë°ì´í„°ë¥¼ cudaë¡œ ì „ì†¡ ì¤‘...
2025-10-14 23:21:16 | [ë°°ì¹˜ 20/32] ëª¨ë¸ ìƒì„±(generate) ì‹¤í–‰ ì¤‘...
2025-10-14 23:21:18 | [ë°°ì¹˜ 20/32] ìƒì„± ì™„ë£Œ, ë””ì½”ë”© ì¤‘...
2025-10-14 23:21:18 | [ë°°ì¹˜ 20/32] í›„ì²˜ë¦¬ ì ìš© ì¤‘...
2025-10-14 23:21:18 | âœ… [ë°°ì¹˜ 20/32] ì™„ë£Œ (ëˆ„ì  ìš”ì•½ ìˆ˜: 320)
2025-10-14 23:21:18 | [ë°°ì¹˜ 21/32] ì¶”ë¡  ì‹œìž‘...
2025-10-14 23:21:18 | [ë°°ì¹˜ 21/32] ìž…ë ¥ ë°ì´í„°ë¥¼ cudaë¡œ ì „ì†¡ ì¤‘...
2025-10-14 23:21:18 | [ë°°ì¹˜ 21/32] ëª¨ë¸ ìƒì„±(generate) ì‹¤í–‰ ì¤‘...
2025-10-14 23:21:20 | [ë°°ì¹˜ 21/32] ìƒì„± ì™„ë£Œ, ë””ì½”ë”© ì¤‘...
2025-10-14 23:21:20 | [ë°°ì¹˜ 21/32] í›„ì²˜ë¦¬ ì ìš© ì¤‘...
2025-10-14 23:21:20 | âœ… [ë°°ì¹˜ 21/32] ì™„ë£Œ (ëˆ„ì  ìš”ì•½ ìˆ˜: 336)
2025-10-14 23:21:20 | [ë°°ì¹˜ 22/32] ì¶”ë¡  ì‹œìž‘...
2025-10-14 23:21:20 | [ë°°ì¹˜ 22/32] ìž…ë ¥ ë°ì´í„°ë¥¼ cudaë¡œ ì „ì†¡ ì¤‘...
2025-10-14 23:21:20 | [ë°°ì¹˜ 22/32] ëª¨ë¸ ìƒì„±(generate) ì‹¤í–‰ ì¤‘...
2025-10-14 23:21:22 | [ë°°ì¹˜ 22/32] ìƒì„± ì™„ë£Œ, ë””ì½”ë”© ì¤‘...
2025-10-14 23:21:22 | [ë°°ì¹˜ 22/32] í›„ì²˜ë¦¬ ì ìš© ì¤‘...
2025-10-14 23:21:22 | âœ… [ë°°ì¹˜ 22/32] ì™„ë£Œ (ëˆ„ì  ìš”ì•½ ìˆ˜: 352)
2025-10-14 23:21:22 | [ë°°ì¹˜ 23/32] ì¶”ë¡  ì‹œìž‘...
2025-10-14 23:21:22 | [ë°°ì¹˜ 23/32] ìž…ë ¥ ë°ì´í„°ë¥¼ cudaë¡œ ì „ì†¡ ì¤‘...
2025-10-14 23:21:22 | [ë°°ì¹˜ 23/32] ëª¨ë¸ ìƒì„±(generate) ì‹¤í–‰ ì¤‘...
2025-10-14 23:21:24 | [ë°°ì¹˜ 23/32] ìƒì„± ì™„ë£Œ, ë””ì½”ë”© ì¤‘...
2025-10-14 23:21:24 | [ë°°ì¹˜ 23/32] í›„ì²˜ë¦¬ ì ìš© ì¤‘...
2025-10-14 23:21:24 | âœ… [ë°°ì¹˜ 23/32] ì™„ë£Œ (ëˆ„ì  ìš”ì•½ ìˆ˜: 368)
2025-10-14 23:21:24 | [ë°°ì¹˜ 24/32] ì¶”ë¡  ì‹œìž‘...
2025-10-14 23:21:24 | [ë°°ì¹˜ 24/32] ìž…ë ¥ ë°ì´í„°ë¥¼ cudaë¡œ ì „ì†¡ ì¤‘...
2025-10-14 23:21:24 | [ë°°ì¹˜ 24/32] ëª¨ë¸ ìƒì„±(generate) ì‹¤í–‰ ì¤‘...
2025-10-14 23:21:26 | [ë°°ì¹˜ 24/32] ìƒì„± ì™„ë£Œ, ë””ì½”ë”© ì¤‘...
2025-10-14 23:21:26 | [ë°°ì¹˜ 24/32] í›„ì²˜ë¦¬ ì ìš© ì¤‘...
2025-10-14 23:21:26 | âœ… [ë°°ì¹˜ 24/32] ì™„ë£Œ (ëˆ„ì  ìš”ì•½ ìˆ˜: 384)
2025-10-14 23:21:26 | [ë°°ì¹˜ 25/32] ì¶”ë¡  ì‹œìž‘...
2025-10-14 23:21:26 | [ë°°ì¹˜ 25/32] ìž…ë ¥ ë°ì´í„°ë¥¼ cudaë¡œ ì „ì†¡ ì¤‘...
2025-10-14 23:21:26 | [ë°°ì¹˜ 25/32] ëª¨ë¸ ìƒì„±(generate) ì‹¤í–‰ ì¤‘...
2025-10-14 23:21:28 | [ë°°ì¹˜ 25/32] ìƒì„± ì™„ë£Œ, ë””ì½”ë”© ì¤‘...
2025-10-14 23:21:28 | [ë°°ì¹˜ 25/32] í›„ì²˜ë¦¬ ì ìš© ì¤‘...
2025-10-14 23:21:28 | âœ… [ë°°ì¹˜ 25/32] ì™„ë£Œ (ëˆ„ì  ìš”ì•½ ìˆ˜: 400)
2025-10-14 23:21:28 | [ë°°ì¹˜ 26/32] ì¶”ë¡  ì‹œìž‘...
2025-10-14 23:21:28 | [ë°°ì¹˜ 26/32] ìž…ë ¥ ë°ì´í„°ë¥¼ cudaë¡œ ì „ì†¡ ì¤‘...
2025-10-14 23:21:28 | [ë°°ì¹˜ 26/32] ëª¨ë¸ ìƒì„±(generate) ì‹¤í–‰ ì¤‘...
2025-10-14 23:21:30 | [ë°°ì¹˜ 26/32] ìƒì„± ì™„ë£Œ, ë””ì½”ë”© ì¤‘...
2025-10-14 23:21:30 | [ë°°ì¹˜ 26/32] í›„ì²˜ë¦¬ ì ìš© ì¤‘...
2025-10-14 23:21:30 | âœ… [ë°°ì¹˜ 26/32] ì™„ë£Œ (ëˆ„ì  ìš”ì•½ ìˆ˜: 416)
2025-10-14 23:21:30 | [ë°°ì¹˜ 27/32] ì¶”ë¡  ì‹œìž‘...
2025-10-14 23:21:30 | [ë°°ì¹˜ 27/32] ìž…ë ¥ ë°ì´í„°ë¥¼ cudaë¡œ ì „ì†¡ ì¤‘...
2025-10-14 23:21:30 | [ë°°ì¹˜ 27/32] ëª¨ë¸ ìƒì„±(generate) ì‹¤í–‰ ì¤‘...
2025-10-14 23:21:32 | [ë°°ì¹˜ 27/32] ìƒì„± ì™„ë£Œ, ë””ì½”ë”© ì¤‘...
2025-10-14 23:21:32 | [ë°°ì¹˜ 27/32] í›„ì²˜ë¦¬ ì ìš© ì¤‘...
2025-10-14 23:21:32 | âœ… [ë°°ì¹˜ 27/32] ì™„ë£Œ (ëˆ„ì  ìš”ì•½ ìˆ˜: 432)
2025-10-14 23:21:32 | [ë°°ì¹˜ 28/32] ì¶”ë¡  ì‹œìž‘...
2025-10-14 23:21:32 | [ë°°ì¹˜ 28/32] ìž…ë ¥ ë°ì´í„°ë¥¼ cudaë¡œ ì „ì†¡ ì¤‘...
2025-10-14 23:21:32 | [ë°°ì¹˜ 28/32] ëª¨ë¸ ìƒì„±(generate) ì‹¤í–‰ ì¤‘...
2025-10-14 23:21:34 | [ë°°ì¹˜ 28/32] ìƒì„± ì™„ë£Œ, ë””ì½”ë”© ì¤‘...
2025-10-14 23:21:34 | [ë°°ì¹˜ 28/32] í›„ì²˜ë¦¬ ì ìš© ì¤‘...
2025-10-14 23:21:34 | âœ… [ë°°ì¹˜ 28/32] ì™„ë£Œ (ëˆ„ì  ìš”ì•½ ìˆ˜: 448)
2025-10-14 23:21:34 | [ë°°ì¹˜ 29/32] ì¶”ë¡  ì‹œìž‘...
2025-10-14 23:21:34 | [ë°°ì¹˜ 29/32] ìž…ë ¥ ë°ì´í„°ë¥¼ cudaë¡œ ì „ì†¡ ì¤‘...
2025-10-14 23:21:34 | [ë°°ì¹˜ 29/32] ëª¨ë¸ ìƒì„±(generate) ì‹¤í–‰ ì¤‘...
2025-10-14 23:21:35 | [ë°°ì¹˜ 29/32] ìƒì„± ì™„ë£Œ, ë””ì½”ë”© ì¤‘...
2025-10-14 23:21:35 | [ë°°ì¹˜ 29/32] í›„ì²˜ë¦¬ ì ìš© ì¤‘...
2025-10-14 23:21:35 | âœ… [ë°°ì¹˜ 29/32] ì™„ë£Œ (ëˆ„ì  ìš”ì•½ ìˆ˜: 464)
2025-10-14 23:21:35 | [ë°°ì¹˜ 30/32] ì¶”ë¡  ì‹œìž‘...
2025-10-14 23:21:35 | [ë°°ì¹˜ 30/32] ìž…ë ¥ ë°ì´í„°ë¥¼ cudaë¡œ ì „ì†¡ ì¤‘...
2025-10-14 23:21:35 | [ë°°ì¹˜ 30/32] ëª¨ë¸ ìƒì„±(generate) ì‹¤í–‰ ì¤‘...
2025-10-14 23:21:38 | [ë°°ì¹˜ 30/32] ìƒì„± ì™„ë£Œ, ë””ì½”ë”© ì¤‘...
2025-10-14 23:21:38 | [ë°°ì¹˜ 30/32] í›„ì²˜ë¦¬ ì ìš© ì¤‘...
2025-10-14 23:21:38 | âœ… [ë°°ì¹˜ 30/32] ì™„ë£Œ (ëˆ„ì  ìš”ì•½ ìˆ˜: 480)
2025-10-14 23:21:38 | [ë°°ì¹˜ 31/32] ì¶”ë¡  ì‹œìž‘...
2025-10-14 23:21:38 | [ë°°ì¹˜ 31/32] ìž…ë ¥ ë°ì´í„°ë¥¼ cudaë¡œ ì „ì†¡ ì¤‘...
2025-10-14 23:21:38 | [ë°°ì¹˜ 31/32] ëª¨ë¸ ìƒì„±(generate) ì‹¤í–‰ ì¤‘...
2025-10-14 23:21:40 | [ë°°ì¹˜ 31/32] ìƒì„± ì™„ë£Œ, ë””ì½”ë”© ì¤‘...
2025-10-14 23:21:40 | [ë°°ì¹˜ 31/32] í›„ì²˜ë¦¬ ì ìš© ì¤‘...
2025-10-14 23:21:40 | âœ… [ë°°ì¹˜ 31/32] ì™„ë£Œ (ëˆ„ì  ìš”ì•½ ìˆ˜: 496)
2025-10-14 23:21:40 | [ë°°ì¹˜ 32/32] ì¶”ë¡  ì‹œìž‘...
2025-10-14 23:21:40 | [ë°°ì¹˜ 32/32] ìž…ë ¥ ë°ì´í„°ë¥¼ cudaë¡œ ì „ì†¡ ì¤‘...
2025-10-14 23:21:40 | [ë°°ì¹˜ 32/32] ëª¨ë¸ ìƒì„±(generate) ì‹¤í–‰ ì¤‘...
2025-10-14 23:21:41 | [ë°°ì¹˜ 32/32] ìƒì„± ì™„ë£Œ, ë””ì½”ë”© ì¤‘...
2025-10-14 23:21:41 | [ë°°ì¹˜ 32/32] í›„ì²˜ë¦¬ ì ìš© ì¤‘...
2025-10-14 23:21:41 | âœ… [ë°°ì¹˜ 32/32] ì™„ë£Œ (ëˆ„ì  ìš”ì•½ ìˆ˜: 499)
2025-10-14 23:21:41 | ðŸŽ‰ ì „ì²´ ë°°ì¹˜ ì¶”ë¡  ì™„ë£Œ (ì´ ìš”ì•½ ìˆ˜: 499)
2025-10-14 23:21:41 | ============================================================
2025-10-14 23:21:41 | ðŸ”§ HuggingFace ì‚¬ì „í•™ìŠµ ëª¨ë¸ ë³´ì • ì‹œìž‘
2025-10-14 23:21:41 | ëª¨ë¸ ë¡œë“œ ì¤‘: gogamza/kobart-base-v2
2025-10-14 23:21:44 | âœ… ë¡œë“œ ì™„ë£Œ: gogamza/kobart-base-v2
2025-10-14 23:21:44 | ëª¨ë¸ ë¡œë“œ ì¤‘: digit82/kobart-summarization
2025-10-14 23:21:46 | âœ… ë¡œë“œ ì™„ë£Œ: digit82/kobart-summarization
2025-10-14 23:21:46 | ============================================================
2025-10-14 23:21:46 | ì‚¬ì „í•™ìŠµ ëª¨ë¸ ë³´ì • ì‹œìž‘
2025-10-14 23:21:46 | - ìƒ˜í”Œ ìˆ˜: 499
2025-10-14 23:21:46 | - ì°¸ì¡° ëª¨ë¸ ìˆ˜: 2
2025-10-14 23:21:46 | - ë³´ì • ì „ëžµ: quality_based
2025-10-14 23:21:46 | - í’ˆì§ˆ ìž„ê³„ê°’: 0.3
2025-10-14 23:21:46 | ============================================================
2025-10-14 23:21:46 | [1/3] ì°¸ì¡° ìš”ì•½ ìƒì„± ì¤‘: gogamza/kobart-base-v2
2025-10-14 23:22:47 | âš ï¸  176ê°œ ìƒ˜í”Œì´ dialogue ë³µì‚¬ë¡œ ê°ì§€ë˜ì–´ í•„í„°ë§ë¨
2025-10-14 23:22:47 | âœ… ì™„ë£Œ: 499ê°œ ìš”ì•½ ìƒì„±
2025-10-14 23:22:47 | [1/3] ì°¸ì¡° ìš”ì•½ ìƒì„± ì¤‘: digit82/kobart-summarization
2025-10-14 23:23:25 | âš ï¸  110ê°œ ìƒ˜í”Œì´ dialogue ë³µì‚¬ë¡œ ê°ì§€ë˜ì–´ í•„í„°ë§ë¨
2025-10-14 23:23:25 | âœ… ì™„ë£Œ: 499ê°œ ìš”ì•½ ìƒì„±
2025-10-14 23:23:25 | [2/3] í’ˆì§ˆ í‰ê°€ ì¤‘...
2025-10-14 23:23:25 | í’ˆì§ˆ í‰ê°€ ì‹œìž‘...
2025-10-14 23:23:25 | [1/3] Self-ROUGE ê³„ì‚° ì¤‘...
2025-10-14 23:23:25 | [2/3] ëª¨ë¸ë³„ í’ˆì§ˆ ê³„ì‚° ì¤‘...
2025-10-14 23:23:25 | [3/3] Candidate í’ˆì§ˆ ê³„ì‚° ì¤‘...
2025-10-14 23:23:25 | [4/4] dialogue ìœ ì‚¬ë„ íŽ˜ë„í‹° ì ìš© ì¤‘...
2025-10-14 23:23:26 | âœ… í‰ê°€ ì™„ë£Œ
2025-10-14 23:23:26 | âœ… í‰ê°€ ì™„ë£Œ
2025-10-14 23:23:26 | [3/3] ë³´ì • ì „ëžµ ì ìš© ì¤‘: quality_based
2025-10-14 23:23:26 | âœ… ë³´ì • ì™„ë£Œ
2025-10-14 23:23:26 | ðŸ“Š ë³´ì • í†µê³„:
2025-10-14 23:23:26 | - ì „ì²´: 499ê°œ
2025-10-14 23:23:26 | - ë³´ì •ë¨: 7ê°œ (1.4%)
2025-10-14 23:23:26 | - ìœ ì§€ë¨: 492ê°œ
2025-10-14 23:23:26 | ============================================================
2025-10-14 23:23:26 | âœ… HuggingFace ì‚¬ì „í•™ìŠµ ëª¨ë¸ ë³´ì • ì™„ë£Œ
2025-10-14 23:23:26 | ============================================================
2025-10-14 23:23:26 | [5/5] ì œì¶œ íŒŒì¼ ì €ìž¥ ì¤‘...
2025-10-14 23:23:26 | âœ… ì œì¶œ íŒŒì¼ ìƒì„± (1): submissions/kobart_fold4_with_hf_correction.csv
2025-10-14 23:23:26 | âœ… ì œì¶œ íŒŒì¼ ìƒì„± (2): submissions/20251014/20251014_232038_inference_kobart_bs16_maxnew100_solar_hf.csv
2025-10-14 23:23:26 | ì¶”ë¡  ì™„ë£Œ!
2025-10-14 23:23:26 | ìƒ˜í”Œ ìˆ˜: 499
2025-10-14 23:23:26 | ìƒ˜í”Œ ì˜ˆì¸¡ ê²°ê³¼ (ì²˜ìŒ 3ê°œ):
2025-10-14 23:23:26 | [test_0]: Ms. Dawsonì€ #Person1#ì—ê²Œ ì‚¬ë‚´ ë©”ëª¨ë¥¼ í†µí•´ ëª¨ë“  ì§ì›ì—ê²Œ ë©”ì‹œì§€ë¥¼ ì „ë‹¬í•˜...
2025-10-14 23:23:26 | [test_1]: #Person2#ì˜ ì°¨ê°€ Carrefour êµì°¨ë¡œ ê·¼ì²˜ì—ì„œ êµí†µì²´ì¦ì„ ì‹¬í•˜ê²Œ ê²ªì—ˆìŠµë‹ˆë‹¤. ...
2025-10-14 23:23:26 | [test_2]: #Person1#ì€ Kateì—ê²Œ Mashaì™€ Heroê°€ ë‘ ë‹¬ ë™ì•ˆ ë³„ê±° ì¤‘ì´ë‹¤ê°€ ê²°êµ­ ì´...
2025-10-14 23:23:26 | ============================================================
2025-10-14 23:23:26 | ðŸŽ‰ ì¶”ë¡  ì™„ë£Œ!
2025-10-14 23:23:26 | ============================================================
2025-10-14 23:23:26 | >> ë¡œê·¸ ë¦¬ë””ë ‰ì…˜ ì¤‘ë£Œ.
