2025-10-13 11:15:25 | >> ν‘μ¤€ μ¶λ ¥ λ° μ¤λ¥λ¥Ό λ΅κ·Έ νμΌλ΅ λ¦¬λ””λ ‰μ… μ‹μ‘
2025-10-13 11:15:27 | π“ FULL λ¨λ“ μ‹¤ν–‰ μ¤‘...
2025-10-13 11:15:27 | ============================================================
2025-10-13 11:15:27 | = FULL PIPELINE μ‹¤ν–‰ μ‹μ‘
2025-10-13 11:15:27 | =λ€μƒ λ¨λΈ: kobart
2025-10-13 11:15:27 | =μ•™μƒλΈ” μ•™μƒλΈ” μ „λµ: weighted_avg
2025-10-13 11:15:27 | = TTA μ‚¬μ©: True
2025-10-13 11:15:27 | ============================================================
2025-10-13 11:15:27 | [1/6] λ°μ΄ν„° λ΅λ”©...
2025-10-13 11:15:27 | β… ν•™μµ λ°μ΄ν„°: 12457κ°
2025-10-13 11:15:27 | β… κ²€μ¦ λ°μ΄ν„°: 499κ°
2025-10-13 11:15:27 | [2/6] λ‹¤μ¤‘ λ¨λΈ ν•™μµ (1 λ¨λΈ)...
2025-10-13 11:15:27 | ==================================================
2025-10-13 11:15:27 | λ¨λΈ 1/1: kobart
2025-10-13 11:15:27 | ==================================================
2025-10-13 11:15:28 | λ¨λΈ νƒ€μ…: encoder_decoder
2025-10-13 11:15:28 | ============================================================
2025-10-13 11:15:28 | λ¨λΈ λ° ν† ν¬λ‚μ΄μ € λ΅λ”© μ‹μ‘
2025-10-13 11:15:28 | ============================================================
2025-10-13 11:15:28 | ν† ν¬λ‚μ΄μ € λ΅λ”©: digit82/kobart-summarization
2025-10-13 11:15:28 | λ¨λΈ λ΅λ”©: digit82/kobart-summarization
2025-10-13 11:15:29 | You passed `num_labels=3` which is incompatible to the `id2label` map of length `2`.
2025-10-13 11:15:30 | β†’ λ””λ°”μ΄μ¤: cuda
2025-10-13 11:15:30 | β†’ μ „μ²΄ νλΌλ―Έν„°: 123,859,968
2025-10-13 11:15:30 | β†’ ν•™μµ κ°€λ¥ νλΌλ―Έν„°: 123,859,968
2025-10-13 11:15:30 | ============================================================
2025-10-13 11:15:30 | β… λ¨λΈ λ° ν† ν¬λ‚μ΄μ € λ΅λ”© μ™„λ£
2025-10-13 11:15:30 | ============================================================
2025-10-13 11:15:30 | ============================================================
2025-10-13 11:15:30 | λ¨λΈ ν•™μµ μ‹μ‘
2025-10-13 11:15:30 | ============================================================
2025-10-13 11:15:30 | /home/ieyeppo/AI_Lab/natural-language-processing-competition/src/training/trainer.py:218: FutureWarning: `tokenizer` is deprecated and will be removed in version 5.0.0 for `Seq2SeqTrainer.__init__`. Use `processing_class` instead.
  trainer = Seq2SeqTrainer(
2025-10-13 11:15:30 | ν•™μµ μ§„ν–‰ μ¤‘...
2025-10-13 11:15:30 | 0%|          | 0/6232 [00:00<?, ?it/s]
2025-10-13 11:15:33 | 1%|          | 33/6232 [00:02<05:47, 17.85it/s]
2025-10-13 11:15:36 | 2%|β–         | 95/6232 [00:05<05:55, 17.27it/s]
2025-10-13 11:15:36 | {'loss': 2.1642, 'grad_norm': 4.910407066345215, 'learning_rate': 9.900000000000002e-06, 'epoch': 0.13}
2025-10-13 11:15:36 | 2%|β–         | 100/6232 [00:06<05:51, 17.44it/s]
2025-10-13 11:15:40 | 3%|β–         | 157/6232 [00:09<05:39, 17.88it/s]
2025-10-13 11:15:42 | {'loss': 1.6761, 'grad_norm': 4.00030517578125, 'learning_rate': 1.9900000000000003e-05, 'epoch': 0.26}
2025-10-13 11:15:42 | 3%|β–         | 200/6232 [00:11<05:38, 17.84it/s]
2025-10-13 11:15:43 | 4%|β–         | 219/6232 [00:12<05:42, 17.58it/s]
2025-10-13 11:15:47 | 5%|β–         | 281/6232 [00:17<09:50, 10.07it/s]
2025-10-13 11:15:49 | {'loss': 1.5537, 'grad_norm': 4.072445392608643, 'learning_rate': 2.9900000000000002e-05, 'epoch': 0.39}
2025-10-13 11:15:49 | 5%|β–         | 300/6232 [00:18<05:55, 16.67it/s]
2025-10-13 11:15:51 | 6%|β–         | 343/6232 [00:20<05:41, 17.25it/s]
2025-10-13 11:15:54 | {'loss': 1.5038, 'grad_norm': 3.905674934387207, 'learning_rate': 3.99e-05, 'epoch': 0.51}
2025-10-13 11:15:54 | 6%|β–‹         | 400/6232 [00:23<05:23, 18.03it/s]
2025-10-13 11:15:55 | 7%|β–‹         | 407/6232 [00:24<05:26, 17.84it/s]
2025-10-13 11:15:58 | 8%|β–         | 469/6232 [00:27<05:32, 17.32it/s]
2025-10-13 11:16:00 | {'loss': 1.4924, 'grad_norm': 3.789917469024658, 'learning_rate': 4.99e-05, 'epoch': 0.64}
2025-10-13 11:16:00 | 8%|β–         | 500/6232 [00:29<05:17, 18.03it/s]
2025-10-13 11:16:02 | 9%|β–         | 531/6232 [00:31<05:26, 17.49it/s]
2025-10-13 11:16:05 | 10%|β–‰         | 593/6232 [00:34<05:16, 17.79it/s]
2025-10-13 11:16:06 | {'loss': 1.451, 'grad_norm': 3.134007692337036, 'learning_rate': 4.91364270760642e-05, 'epoch': 0.77}
2025-10-13 11:16:06 | 10%|β–‰         | 600/6232 [00:35<05:24, 17.35it/s]
2025-10-13 11:16:09 | 11%|β–         | 655/6232 [00:38<05:19, 17.44it/s]
2025-10-13 11:16:11 | {'loss': 1.4411, 'grad_norm': 3.37524151802063, 'learning_rate': 4.826413119330077e-05, 'epoch': 0.9}
2025-10-13 11:16:11 | 11%|β–         | 700/6232 [00:41<05:16, 17.46it/s]
2025-10-13 11:16:12 | 12%|β–β–        | 717/6232 [00:42<05:16, 17.44it/s]
2025-10-13 11:16:17 | 0%|          | 0/32 [00:00<?, ?it/s]
2025-10-13 11:16:17 | [A
2025-10-13 11:16:18 | 6%|β–‹         | 2/32 [00:00<00:10,  2.80it/s]
2025-10-13 11:16:18 | [A
2025-10-13 11:16:19 | 9%|β–‰         | 3/32 [00:01<00:15,  1.81it/s]
2025-10-13 11:16:19 | [A
2025-10-13 11:16:20 | 12%|β–β–        | 4/32 [00:03<00:27,  1.02it/s]
2025-10-13 11:16:20 | [A
2025-10-13 11:16:21 | 16%|β–β–        | 5/32 [00:04<00:24,  1.10it/s]
2025-10-13 11:16:21 | [A
2025-10-13 11:16:22 | 19%|β–β–‰        | 6/32 [00:04<00:23,  1.10it/s]
2025-10-13 11:16:22 | [A
2025-10-13 11:16:23 | 22%|β–β–β–       | 7/32 [00:05<00:22,  1.11it/s]
2025-10-13 11:16:23 | [A
2025-10-13 11:16:24 | 25%|β–β–β–       | 8/32 [00:06<00:20,  1.15it/s]
2025-10-13 11:16:24 | [A
2025-10-13 11:16:25 | 28%|β–β–β–       | 9/32 [00:07<00:20,  1.11it/s]
2025-10-13 11:16:25 | [A
2025-10-13 11:16:26 | 31%|β–β–β–β–      | 10/32 [00:08<00:19,  1.10it/s]
2025-10-13 11:16:26 | [A
2025-10-13 11:16:27 | 34%|β–β–β–β–      | 11/32 [00:09<00:18,  1.12it/s]
2025-10-13 11:16:27 | [A
2025-10-13 11:16:27 | 38%|β–β–β–β–      | 12/32 [00:10<00:17,  1.15it/s]
2025-10-13 11:16:27 | [A
2025-10-13 11:16:28 | 41%|β–β–β–β–      | 13/32 [00:10<00:15,  1.19it/s]
2025-10-13 11:16:28 | [A
2025-10-13 11:16:29 | 44%|β–β–β–β–β–     | 14/32 [00:11<00:16,  1.12it/s]
2025-10-13 11:16:29 | [A
2025-10-13 11:16:30 | 47%|β–β–β–β–β–‹     | 15/32 [00:12<00:15,  1.12it/s]
2025-10-13 11:16:30 | [A
2025-10-13 11:16:31 | 50%|β–β–β–β–β–     | 16/32 [00:13<00:13,  1.16it/s]
2025-10-13 11:16:31 | [A
2025-10-13 11:16:32 | 53%|β–β–β–β–β–β–    | 17/32 [00:14<00:12,  1.20it/s]
2025-10-13 11:16:32 | [A
2025-10-13 11:16:32 | 12%|β–β–        | 779/6232 [01:01<05:12, 17.44it/s]
2025-10-13 11:16:32 | 56%|β–β–β–β–β–β–‹    | 18/32 [00:15<00:11,  1.18it/s]
2025-10-13 11:16:32 | [A
2025-10-13 11:16:33 | 59%|β–β–β–β–β–β–‰    | 19/32 [00:16<00:10,  1.19it/s]
2025-10-13 11:16:33 | [A
2025-10-13 11:16:34 | 62%|β–β–β–β–β–β–β–   | 20/32 [00:16<00:09,  1.22it/s]
2025-10-13 11:16:34 | [A
2025-10-13 11:16:35 | 66%|β–β–β–β–β–β–β–   | 21/32 [00:17<00:08,  1.24it/s]
2025-10-13 11:16:35 | [A
2025-10-13 11:16:36 | 69%|β–β–β–β–β–β–β–‰   | 22/32 [00:18<00:08,  1.22it/s]
2025-10-13 11:16:36 | [A
2025-10-13 11:16:36 | 72%|β–β–β–β–β–β–β–β–  | 23/32 [00:19<00:07,  1.23it/s]
2025-10-13 11:16:36 | [A
2025-10-13 11:16:37 | 75%|β–β–β–β–β–β–β–β–  | 24/32 [00:20<00:06,  1.22it/s]
2025-10-13 11:16:37 | [A
2025-10-13 11:16:38 | 78%|β–β–β–β–β–β–β–β–  | 25/32 [00:21<00:05,  1.17it/s]
2025-10-13 11:16:38 | [A
2025-10-13 11:16:39 | 81%|β–β–β–β–β–β–β–β–β– | 26/32 [00:21<00:05,  1.19it/s]
2025-10-13 11:16:39 | [A
2025-10-13 11:16:40 | 84%|β–β–β–β–β–β–β–β–β– | 27/32 [00:22<00:04,  1.20it/s]
2025-10-13 11:16:40 | [A
2025-10-13 11:16:41 | 88%|β–β–β–β–β–β–β–β–β– | 28/32 [00:23<00:03,  1.25it/s]
2025-10-13 11:16:41 | [A
2025-10-13 11:16:41 | 91%|β–β–β–β–β–β–β–β–β– | 29/32 [00:24<00:02,  1.23it/s]
2025-10-13 11:16:41 | [A
2025-10-13 11:16:42 | 94%|β–β–β–β–β–β–β–β–β–β–| 30/32 [00:25<00:01,  1.22it/s]
2025-10-13 11:16:42 | [A
2025-10-13 11:16:43 | 97%|β–β–β–β–β–β–β–β–β–β–‹| 31/32 [00:25<00:00,  1.22it/s]
2025-10-13 11:16:43 | [A
2025-10-13 11:16:44 | 100%|β–β–β–β–β–β–β–β–β–β–| 32/32 [00:26<00:00,  1.28it/s]
2025-10-13 11:16:44 | [A
2025-10-13 11:16:44 | [A
2025-10-13 11:16:44 | {'eval_loss': 1.3518974781036377, 'eval_rouge1': 0.39891850173455917, 'eval_rouge2': 0.25544497624803747, 'eval_rougeL': 0.39400698243900867, 'eval_rouge_sum': 1.0483704604216053, 'eval_runtime': 27.835, 'eval_samples_per_second': 17.927, 'eval_steps_per_second': 1.15, 'epoch': 1.0}
2025-10-13 11:16:44 | 12%|β–β–        | 779/6232 [01:13<05:12, 17.44it/s]
2025-10-13 11:16:44 | 100%|β–β–β–β–β–β–β–β–β–β–| 32/32 [00:26<00:00,  1.28it/s]
2025-10-13 11:16:44 | [A
2025-10-13 11:16:44 | [A
2025-10-13 11:16:45 | 13%|β–β–        | 780/6232 [01:14<7:53:03,  5.21s/it]
2025-10-13 11:16:46 | {'loss': 1.3944, 'grad_norm': 3.4528720378875732, 'learning_rate': 4.7391835310537334e-05, 'epoch': 1.03}
2025-10-13 11:16:46 | 13%|β–β–        | 800/6232 [01:16<16:28,  5.50it/s]
2025-10-13 11:16:49 | 14%|β–β–        | 842/6232 [01:18<05:07, 17.50it/s]
2025-10-13 11:16:52 | {'loss': 1.2159, 'grad_norm': 3.592982053756714, 'learning_rate': 4.65195394277739e-05, 'epoch': 1.16}
2025-10-13 11:16:52 | 14%|β–β–        | 900/6232 [01:21<05:02, 17.62it/s]
2025-10-13 11:16:52 | 15%|β–β–        | 904/6232 [01:22<05:05, 17.46it/s]
2025-10-13 11:16:57 | 16%|β–β–        | 966/6232 [01:26<05:02, 17.44it/s]
2025-10-13 11:16:59 | {'loss': 1.2263, 'grad_norm': 3.203165292739868, 'learning_rate': 4.564724354501047e-05, 'epoch': 1.28}
2025-10-13 11:16:59 | 16%|β–β–        | 1000/6232 [01:28<04:56, 17.63it/s]
2025-10-13 11:17:01 | 17%|β–β–‹        | 1030/6232 [01:30<04:55, 17.58it/s]
2025-10-13 11:17:04 | 18%|β–β–        | 1092/6232 [01:33<04:56, 17.36it/s]
2025-10-13 11:17:05 | {'loss': 1.215, 'grad_norm': 3.645782470703125, 'learning_rate': 4.477494766224704e-05, 'epoch': 1.41}
2025-10-13 11:17:05 | 18%|β–β–        | 1100/6232 [01:34<04:52, 17.52it/s]
2025-10-13 11:17:07 | 19%|β–β–        | 1154/6232 [01:37<04:43, 17.92it/s]
2025-10-13 11:17:10 | {'loss': 1.2095, 'grad_norm': 3.3047902584075928, 'learning_rate': 4.39026517794836e-05, 'epoch': 1.54}
2025-10-13 11:17:10 | 19%|β–β–‰        | 1200/6232 [01:39<04:37, 18.13it/s]
2025-10-13 11:17:11 | 20%|β–β–‰        | 1216/6232 [01:40<04:37, 18.06it/s]
2025-10-13 11:17:14 | 21%|β–β–        | 1278/6232 [01:43<04:30, 18.35it/s]
2025-10-13 11:17:16 | {'loss': 1.2196, 'grad_norm': 3.0813138484954834, 'learning_rate': 4.303035589672017e-05, 'epoch': 1.67}
2025-10-13 11:17:16 | 21%|β–β–        | 1300/6232 [01:45<04:31, 18.15it/s]
2025-10-13 11:17:18 | 22%|β–β–β–       | 1340/6232 [01:47<04:35, 17.74it/s]
2025-10-13 11:17:21 | {'loss': 1.2039, 'grad_norm': 2.997793436050415, 'learning_rate': 4.2158060013956734e-05, 'epoch': 1.8}
2025-10-13 11:17:21 | 22%|β–β–β–       | 1400/6232 [01:50<04:35, 17.56it/s]
2025-10-13 11:17:21 | 23%|β–β–β–       | 1404/6232 [01:50<04:34, 17.57it/s]
2025-10-13 11:17:25 | 24%|β–β–β–       | 1466/6232 [01:54<04:25, 17.97it/s]
2025-10-13 11:17:28 | {'loss': 1.202, 'grad_norm': 3.406224250793457, 'learning_rate': 4.1285764131193306e-05, 'epoch': 1.93}
2025-10-13 11:17:28 | 24%|β–β–β–       | 1500/6232 [01:57<04:52, 16.20it/s]
2025-10-13 11:17:29 | 25%|β–β–β–       | 1528/6232 [01:59<04:33, 17.23it/s]
2025-10-13 11:17:32 | 0%|          | 0/32 [00:00<?, ?it/s]
2025-10-13 11:17:32 | [A
2025-10-13 11:17:33 | 6%|β–‹         | 2/32 [00:00<00:11,  2.53it/s]
2025-10-13 11:17:33 | [A
2025-10-13 11:17:33 | 9%|β–‰         | 3/32 [00:01<00:15,  1.84it/s]
2025-10-13 11:17:33 | [A
2025-10-13 11:17:34 | 12%|β–β–        | 4/32 [00:02<00:17,  1.62it/s]
2025-10-13 11:17:34 | [A
2025-10-13 11:17:35 | 16%|β–β–        | 5/32 [00:03<00:18,  1.49it/s]
2025-10-13 11:17:35 | [A
2025-10-13 11:17:36 | 19%|β–β–‰        | 6/32 [00:03<00:18,  1.43it/s]
2025-10-13 11:17:36 | [A
2025-10-13 11:17:37 | 22%|β–β–β–       | 7/32 [00:04<00:18,  1.37it/s]
2025-10-13 11:17:37 | [A
2025-10-13 11:17:37 | 25%|β–β–β–       | 8/32 [00:05<00:18,  1.29it/s]
2025-10-13 11:17:37 | [A
2025-10-13 11:17:38 | 28%|β–β–β–       | 9/32 [00:06<00:17,  1.29it/s]
2025-10-13 11:17:38 | [A
2025-10-13 11:17:39 | 31%|β–β–β–β–      | 10/32 [00:06<00:16,  1.31it/s]
2025-10-13 11:17:39 | [A
2025-10-13 11:17:40 | 34%|β–β–β–β–      | 11/32 [00:07<00:15,  1.32it/s]
2025-10-13 11:17:40 | [A
2025-10-13 11:17:40 | 38%|β–β–β–β–      | 12/32 [00:08<00:14,  1.34it/s]
2025-10-13 11:17:40 | [A
2025-10-13 11:17:41 | 41%|β–β–β–β–      | 13/32 [00:09<00:14,  1.34it/s]
2025-10-13 11:17:41 | [A
2025-10-13 11:17:42 | 44%|β–β–β–β–β–     | 14/32 [00:09<00:13,  1.34it/s]
2025-10-13 11:17:42 | [A
2025-10-13 11:17:43 | 47%|β–β–β–β–β–‹     | 15/32 [00:10<00:12,  1.35it/s]
2025-10-13 11:17:43 | [A
2025-10-13 11:17:43 | 50%|β–β–β–β–β–     | 16/32 [00:11<00:12,  1.31it/s]
2025-10-13 11:17:43 | [A
2025-10-13 11:17:44 | 25%|β–β–β–       | 1558/6232 [02:13<04:20, 17.96it/s]
2025-10-13 11:17:44 | 53%|β–β–β–β–β–β–    | 17/32 [00:12<00:11,  1.31it/s]
2025-10-13 11:17:44 | [A
2025-10-13 11:17:45 | 56%|β–β–β–β–β–β–‹    | 18/32 [00:13<00:10,  1.28it/s]
2025-10-13 11:17:45 | [A
2025-10-13 11:17:46 | 59%|β–β–β–β–β–β–‰    | 19/32 [00:13<00:10,  1.29it/s]
2025-10-13 11:17:46 | [A
2025-10-13 11:17:47 | 62%|β–β–β–β–β–β–β–   | 20/32 [00:14<00:09,  1.30it/s]
2025-10-13 11:17:47 | [A
2025-10-13 11:17:47 | 66%|β–β–β–β–β–β–β–   | 21/32 [00:15<00:08,  1.30it/s]
2025-10-13 11:17:47 | [A
2025-10-13 11:17:48 | 69%|β–β–β–β–β–β–β–‰   | 22/32 [00:16<00:07,  1.30it/s]
2025-10-13 11:17:48 | [A
2025-10-13 11:17:49 | 72%|β–β–β–β–β–β–β–β–  | 23/32 [00:16<00:06,  1.29it/s]
2025-10-13 11:17:49 | [A
2025-10-13 11:17:50 | 75%|β–β–β–β–β–β–β–β–  | 24/32 [00:17<00:06,  1.27it/s]
2025-10-13 11:17:50 | [A
2025-10-13 11:17:50 | 78%|β–β–β–β–β–β–β–β–  | 25/32 [00:18<00:05,  1.24it/s]
2025-10-13 11:17:50 | [A
2025-10-13 11:17:51 | 81%|β–β–β–β–β–β–β–β–β– | 26/32 [00:19<00:04,  1.24it/s]
2025-10-13 11:17:51 | [A
2025-10-13 11:17:52 | 84%|β–β–β–β–β–β–β–β–β– | 27/32 [00:20<00:04,  1.24it/s]
2025-10-13 11:17:52 | [A
2025-10-13 11:17:53 | 88%|β–β–β–β–β–β–β–β–β– | 28/32 [00:21<00:03,  1.24it/s]
2025-10-13 11:17:53 | [A
2025-10-13 11:17:54 | 91%|β–β–β–β–β–β–β–β–β– | 29/32 [00:21<00:02,  1.17it/s]
2025-10-13 11:17:54 | [A
2025-10-13 11:17:55 | 94%|β–β–β–β–β–β–β–β–β–β–| 30/32 [00:22<00:01,  1.12it/s]
2025-10-13 11:17:55 | [A
2025-10-13 11:17:56 | 97%|β–β–β–β–β–β–β–β–β–β–‹| 31/32 [00:23<00:00,  1.12it/s]
2025-10-13 11:17:56 | [A
2025-10-13 11:17:57 | 100%|β–β–β–β–β–β–β–β–β–β–| 32/32 [00:24<00:00,  1.12it/s]
2025-10-13 11:17:57 | [A
2025-10-13 11:17:57 | [A
2025-10-13 11:17:57 | {'eval_loss': 1.2862839698791504, 'eval_rouge1': 0.43120555783823494, 'eval_rouge2': 0.27430573139150743, 'eval_rougeL': 0.42401523566035254, 'eval_rouge_sum': 1.129526524890095, 'eval_runtime': 25.5983, 'eval_samples_per_second': 19.493, 'eval_steps_per_second': 1.25, 'epoch': 2.0}
2025-10-13 11:17:57 | 25%|β–β–β–       | 1558/6232 [02:26<04:20, 17.96it/s]
2025-10-13 11:17:57 | 100%|β–β–β–β–β–β–β–β–β–β–| 32/32 [00:24<00:00,  1.12it/s]
2025-10-13 11:17:57 | [A
2025-10-13 11:17:57 | [A
2025-10-13 11:17:58 | 25%|β–β–β–       | 1559/6232 [02:27<6:14:54,  4.81s/it]
2025-10-13 11:18:01 | 26%|β–β–β–       | 1591/6232 [02:30<05:56, 13.03it/s]
2025-10-13 11:18:01 | {'loss': 1.0799, 'grad_norm': 3.0007991790771484, 'learning_rate': 4.041346824842987e-05, 'epoch': 2.05}
2025-10-13 11:18:01 | 26%|β–β–β–       | 1600/6232 [02:31<04:56, 15.61it/s]
2025-10-13 11:18:05 | 27%|β–β–β–‹       | 1653/6232 [02:34<04:34, 16.67it/s]
2025-10-13 11:18:07 | {'loss': 0.9411, 'grad_norm': 3.3692786693573, 'learning_rate': 3.954117236566644e-05, 'epoch': 2.18}
2025-10-13 11:18:07 | 27%|β–β–β–‹       | 1700/6232 [02:36<04:25, 17.09it/s]
2025-10-13 11:18:08 | 28%|β–β–β–       | 1715/6232 [02:37<04:25, 17.02it/s]
2025-10-13 11:18:12 | 29%|β–β–β–       | 1777/6232 [02:41<04:16, 17.40it/s]
2025-10-13 11:18:13 | {'loss': 0.9567, 'grad_norm': 3.106840133666992, 'learning_rate': 3.8668876482903e-05, 'epoch': 2.31}
2025-10-13 11:18:13 | 29%|β–β–β–‰       | 1800/6232 [02:42<04:16, 17.31it/s]
2025-10-13 11:18:15 | 30%|β–β–β–‰       | 1839/6232 [02:45<04:16, 17.14it/s]
2025-10-13 11:18:19 | {'loss': 0.9638, 'grad_norm': 3.455874443054199, 'learning_rate': 3.779658060013957e-05, 'epoch': 2.44}
2025-10-13 11:18:19 | 30%|β–β–β–       | 1900/6232 [02:48<04:14, 17.02it/s]
2025-10-13 11:18:19 | 31%|β–β–β–       | 1901/6232 [02:48<04:14, 17.01it/s]
2025-10-13 11:18:23 | 32%|β–β–β–β–      | 1965/6232 [02:52<04:11, 16.96it/s]
2025-10-13 11:18:25 | {'loss': 0.9834, 'grad_norm': 3.4473516941070557, 'learning_rate': 3.6924284717376134e-05, 'epoch': 2.57}
2025-10-13 11:18:25 | 32%|β–β–β–β–      | 2000/6232 [02:54<03:59, 17.68it/s]
2025-10-13 11:18:26 | 33%|β–β–β–β–      | 2027/6232 [02:56<03:56, 17.77it/s]
2025-10-13 11:18:30 | 34%|β–β–β–β–      | 2089/6232 [02:59<03:51, 17.87it/s]
2025-10-13 11:18:31 | {'loss': 0.9612, 'grad_norm': 3.5157554149627686, 'learning_rate': 3.605198883461271e-05, 'epoch': 2.7}
2025-10-13 11:18:31 | 34%|β–β–β–β–      | 2100/6232 [03:00<03:53, 17.72it/s]
2025-10-13 11:18:34 | 35%|β–β–β–β–      | 2151/6232 [03:04<04:01, 16.87it/s]
2025-10-13 11:18:37 | {'loss': 0.9615, 'grad_norm': 3.3594770431518555, 'learning_rate': 3.5179692951849266e-05, 'epoch': 2.82}
2025-10-13 11:18:37 | 35%|β–β–β–β–      | 2200/6232 [03:06<03:49, 17.59it/s]
2025-10-13 11:18:38 | 36%|β–β–β–β–      | 2213/6232 [03:07<03:47, 17.65it/s]
2025-10-13 11:18:41 | 37%|β–β–β–β–‹      | 2275/6232 [03:11<03:46, 17.46it/s]
2025-10-13 11:18:43 | {'loss': 0.9607, 'grad_norm': 3.222034454345703, 'learning_rate': 3.430739706908583e-05, 'epoch': 2.95}
2025-10-13 11:18:43 | 37%|β–β–β–β–‹      | 2300/6232 [03:12<03:38, 17.98it/s]
2025-10-13 11:18:45 | 38%|β–β–β–β–      | 2337/6232 [03:14<03:34, 18.16it/s]
2025-10-13 11:18:46 | 0%|          | 0/32 [00:00<?, ?it/s]
2025-10-13 11:18:46 | [A
2025-10-13 11:18:47 | 6%|β–‹         | 2/32 [00:00<00:12,  2.40it/s]
2025-10-13 11:18:47 | [A
2025-10-13 11:18:47 | 9%|β–‰         | 3/32 [00:01<00:17,  1.71it/s]
2025-10-13 11:18:47 | [A
2025-10-13 11:18:48 | 12%|β–β–        | 4/32 [00:02<00:20,  1.38it/s]
2025-10-13 11:18:48 | [A
2025-10-13 11:18:49 | 16%|β–β–        | 5/32 [00:03<00:21,  1.28it/s]
2025-10-13 11:18:49 | [A
2025-10-13 11:18:50 | 19%|β–β–‰        | 6/32 [00:04<00:20,  1.26it/s]
2025-10-13 11:18:50 | [A
2025-10-13 11:18:51 | 22%|β–β–β–       | 7/32 [00:05<00:20,  1.25it/s]
2025-10-13 11:18:51 | [A
2025-10-13 11:18:52 | 25%|β–β–β–       | 8/32 [00:05<00:19,  1.24it/s]
2025-10-13 11:18:52 | [A
2025-10-13 11:18:53 | 28%|β–β–β–       | 9/32 [00:06<00:18,  1.27it/s]
2025-10-13 11:18:53 | [A
2025-10-13 11:18:53 | 31%|β–β–β–β–      | 10/32 [00:07<00:17,  1.24it/s]
2025-10-13 11:18:53 | [A
2025-10-13 11:18:54 | 34%|β–β–β–β–      | 11/32 [00:08<00:17,  1.19it/s]
2025-10-13 11:18:54 | [A
2025-10-13 11:18:55 | 38%|β–β–β–β–      | 12/32 [00:09<00:16,  1.19it/s]
2025-10-13 11:18:55 | [A
2025-10-13 11:18:56 | 38%|β–β–β–β–      | 2337/6232 [03:25<03:34, 18.16it/s]
2025-10-13 11:18:56 | 41%|β–β–β–β–      | 13/32 [00:10<00:16,  1.14it/s]
2025-10-13 11:18:56 | [A
2025-10-13 11:18:57 | 44%|β–β–β–β–β–     | 14/32 [00:11<00:15,  1.14it/s]
2025-10-13 11:18:57 | [A
2025-10-13 11:18:58 | 47%|β–β–β–β–β–‹     | 15/32 [00:12<00:15,  1.09it/s]
2025-10-13 11:18:58 | [A
2025-10-13 11:18:59 | 50%|β–β–β–β–β–     | 16/32 [00:12<00:14,  1.12it/s]
2025-10-13 11:18:59 | [A
2025-10-13 11:19:00 | 53%|β–β–β–β–β–β–    | 17/32 [00:13<00:13,  1.13it/s]
2025-10-13 11:19:00 | [A
2025-10-13 11:19:01 | 56%|β–β–β–β–β–β–‹    | 18/32 [00:14<00:13,  1.07it/s]
2025-10-13 11:19:01 | [A
2025-10-13 11:19:02 | 59%|β–β–β–β–β–β–‰    | 19/32 [00:15<00:12,  1.06it/s]
2025-10-13 11:19:02 | [A
2025-10-13 11:19:03 | 62%|β–β–β–β–β–β–β–   | 20/32 [00:16<00:11,  1.07it/s]
2025-10-13 11:19:03 | [A
2025-10-13 11:19:04 | 66%|β–β–β–β–β–β–β–   | 21/32 [00:17<00:10,  1.03it/s]
2025-10-13 11:19:04 | [A
2025-10-13 11:19:05 | 69%|β–β–β–β–β–β–β–‰   | 22/32 [00:18<00:09,  1.04it/s]
2025-10-13 11:19:05 | [A
2025-10-13 11:19:07 | 72%|β–β–β–β–β–β–β–β–  | 23/32 [00:20<00:11,  1.25s/it]
2025-10-13 11:19:07 | [A
2025-10-13 11:19:08 | 75%|β–β–β–β–β–β–β–β–  | 24/32 [00:21<00:09,  1.17s/it]
2025-10-13 11:19:08 | [A
2025-10-13 11:19:08 | 78%|β–β–β–β–β–β–β–β–  | 25/32 [00:22<00:07,  1.10s/it]
2025-10-13 11:19:08 | [A
2025-10-13 11:19:10 | 81%|β–β–β–β–β–β–β–β–β– | 26/32 [00:23<00:06,  1.08s/it]
2025-10-13 11:19:10 | [A
2025-10-13 11:19:10 | 84%|β–β–β–β–β–β–β–β–β– | 27/32 [00:24<00:05,  1.01s/it]
2025-10-13 11:19:10 | [A
2025-10-13 11:19:11 | 88%|β–β–β–β–β–β–β–β–β– | 28/32 [00:25<00:04,  1.00s/it]
2025-10-13 11:19:11 | [A
2025-10-13 11:19:12 | 91%|β–β–β–β–β–β–β–β–β– | 29/32 [00:26<00:02,  1.02it/s]
2025-10-13 11:19:12 | [A
2025-10-13 11:19:13 | 94%|β–β–β–β–β–β–β–β–β–β–| 30/32 [00:27<00:01,  1.04it/s]
2025-10-13 11:19:13 | [A
2025-10-13 11:19:14 | 97%|β–β–β–β–β–β–β–β–β–β–‹| 31/32 [00:28<00:00,  1.06it/s]
2025-10-13 11:19:14 | [A
2025-10-13 11:19:15 | 100%|β–β–β–β–β–β–β–β–β–β–| 32/32 [00:29<00:00,  1.12it/s]
2025-10-13 11:19:15 | [A
2025-10-13 11:19:15 | [A
2025-10-13 11:19:15 | {'eval_loss': 1.3126003742218018, 'eval_rouge1': 0.43961427778686474, 'eval_rouge2': 0.2822726843341434, 'eval_rougeL': 0.43371322669837997, 'eval_rouge_sum': 1.155600188819388, 'eval_runtime': 29.9246, 'eval_samples_per_second': 16.675, 'eval_steps_per_second': 1.069, 'epoch': 3.0}
2025-10-13 11:19:15 | 38%|β–β–β–β–      | 2337/6232 [03:44<03:34, 18.16it/s]
2025-10-13 11:19:15 | 100%|β–β–β–β–β–β–β–β–β–β–| 32/32 [00:29<00:00,  1.12it/s]
2025-10-13 11:19:15 | [A
2025-10-13 11:19:15 | [A
2025-10-13 11:19:16 | 38%|β–β–β–β–      | 2338/6232 [03:45<6:02:35,  5.59s/it]
2025-10-13 11:19:20 | 39%|β–β–β–β–      | 2400/6232 [03:49<03:42, 17.23it/s]
2025-10-13 11:19:20 | {'loss': 0.8416, 'grad_norm': 2.941213369369507, 'learning_rate': 3.3435101186322404e-05, 'epoch': 3.08}
2025-10-13 11:19:20 | 39%|β–β–β–β–      | 2400/6232 [03:49<03:42, 17.23it/s]
2025-10-13 11:19:24 | 40%|β–β–β–β–‰      | 2462/6232 [03:53<03:30, 17.90it/s]
2025-10-13 11:19:26 | {'loss': 0.7502, 'grad_norm': 3.2655303478240967, 'learning_rate': 3.256280530355897e-05, 'epoch': 3.21}
2025-10-13 11:19:26 | 40%|β–β–β–β–      | 2500/6232 [03:55<03:25, 18.18it/s]
2025-10-13 11:19:27 | 41%|β–β–β–β–      | 2524/6232 [03:56<03:24, 18.15it/s]
2025-10-13 11:19:31 | 42%|β–β–β–β–β–     | 2588/6232 [04:00<03:24, 17.85it/s]
2025-10-13 11:19:31 | {'loss': 0.7649, 'grad_norm': 3.3202340602874756, 'learning_rate': 3.1690509420795535e-05, 'epoch': 3.34}
2025-10-13 11:19:31 | 42%|β–β–β–β–β–     | 2600/6232 [04:00<03:27, 17.47it/s]
2025-10-13 11:19:34 | 43%|β–β–β–β–β–     | 2650/6232 [04:03<03:23, 17.63it/s]
2025-10-13 11:19:37 | {'loss': 0.7629, 'grad_norm': 3.4088239669799805, 'learning_rate': 3.08182135380321e-05, 'epoch': 3.47}
2025-10-13 11:19:37 | 43%|β–β–β–β–β–     | 2700/6232 [04:06<03:19, 17.68it/s]
2025-10-13 11:19:38 | 44%|β–β–β–β–β–     | 2712/6232 [04:07<03:24, 17.20it/s]
2025-10-13 11:19:42 | 45%|β–β–β–β–β–     | 2774/6232 [04:11<03:22, 17.04it/s]
2025-10-13 11:19:44 | {'loss': 0.782, 'grad_norm': 3.162749767303467, 'learning_rate': 2.994591765526867e-05, 'epoch': 3.59}
2025-10-13 11:19:44 | 45%|β–β–β–β–β–     | 2800/6232 [04:13<03:12, 17.79it/s]
2025-10-13 11:19:46 | 46%|β–β–β–β–β–     | 2836/6232 [04:15<03:12, 17.68it/s]
2025-10-13 11:19:49 | 47%|β–β–β–β–β–‹     | 2898/6232 [04:18<03:02, 18.26it/s]
2025-10-13 11:19:49 | {'loss': 0.7798, 'grad_norm': 3.4565823078155518, 'learning_rate': 2.9073621772505232e-05, 'epoch': 3.72}
2025-10-13 11:19:49 | 47%|β–β–β–β–β–‹     | 2900/6232 [04:18<03:03, 18.16it/s]
2025-10-13 11:19:53 | 48%|β–β–β–β–β–     | 2962/6232 [04:22<02:58, 18.33it/s]
2025-10-13 11:19:55 | {'loss': 0.7725, 'grad_norm': 3.5984084606170654, 'learning_rate': 2.8201325889741804e-05, 'epoch': 3.85}
2025-10-13 11:19:55 | 48%|β–β–β–β–β–     | 3000/6232 [04:24<03:05, 17.41it/s]
2025-10-13 11:19:56 | 49%|β–β–β–β–β–     | 3024/6232 [04:25<03:04, 17.42it/s]
2025-10-13 11:20:00 | 50%|β–β–β–β–β–‰     | 3086/6232 [04:29<02:59, 17.56it/s]
2025-10-13 11:20:01 | {'loss': 0.7727, 'grad_norm': 3.3943629264831543, 'learning_rate': 2.7329030006978366e-05, 'epoch': 3.98}
2025-10-13 11:20:01 | 50%|β–β–β–β–β–‰     | 3100/6232 [04:30<03:01, 17.22it/s]
2025-10-13 11:20:03 | 0%|          | 0/32 [00:00<?, ?it/s]
2025-10-13 11:20:03 | [A
2025-10-13 11:20:04 | 6%|β–‹         | 2/32 [00:00<00:13,  2.16it/s]
2025-10-13 11:20:04 | [A
2025-10-13 11:20:04 | 9%|β–‰         | 3/32 [00:01<00:18,  1.60it/s]
2025-10-13 11:20:04 | [A
2025-10-13 11:20:05 | 12%|β–β–        | 4/32 [00:02<00:21,  1.28it/s]
2025-10-13 11:20:05 | [A
2025-10-13 11:20:06 | 16%|β–β–        | 5/32 [00:03<00:22,  1.22it/s]
2025-10-13 11:20:06 | [A
2025-10-13 11:20:07 | 19%|β–β–‰        | 6/32 [00:04<00:22,  1.18it/s]
2025-10-13 11:20:07 | [A
2025-10-13 11:20:08 | 22%|β–β–β–       | 7/32 [00:05<00:20,  1.20it/s]
2025-10-13 11:20:08 | [A
2025-10-13 11:20:09 | 25%|β–β–β–       | 8/32 [00:06<00:20,  1.15it/s]
2025-10-13 11:20:09 | [A
2025-10-13 11:20:10 | 28%|β–β–β–       | 9/32 [00:07<00:20,  1.12it/s]
2025-10-13 11:20:10 | [A
2025-10-13 11:20:11 | 31%|β–β–β–β–      | 10/32 [00:08<00:19,  1.10it/s]
2025-10-13 11:20:11 | [A
2025-10-13 11:20:13 | 34%|β–β–β–β–      | 11/32 [00:10<00:25,  1.23s/it]
2025-10-13 11:20:13 | [A
2025-10-13 11:20:14 | 38%|β–β–β–β–      | 12/32 [00:11<00:22,  1.13s/it]
2025-10-13 11:20:14 | [A
2025-10-13 11:20:15 | 41%|β–β–β–β–      | 13/32 [00:12<00:20,  1.10s/it]
2025-10-13 11:20:15 | [A
2025-10-13 11:20:16 | 44%|β–β–β–β–β–     | 14/32 [00:12<00:18,  1.02s/it]
2025-10-13 11:20:16 | [A
2025-10-13 11:20:16 | 47%|β–β–β–β–β–‹     | 15/32 [00:13<00:16,  1.02it/s]
2025-10-13 11:20:16 | [A
2025-10-13 11:20:17 | 50%|β–β–β–β–β–     | 16/32 [00:14<00:14,  1.07it/s]
2025-10-13 11:20:17 | [A
2025-10-13 11:20:18 | 53%|β–β–β–β–β–β–    | 17/32 [00:15<00:13,  1.08it/s]
2025-10-13 11:20:18 | [A
2025-10-13 11:20:18 | 50%|β–β–β–β–β–     | 3116/6232 [04:48<02:59, 17.37it/s]
2025-10-13 11:20:19 | 56%|β–β–β–β–β–β–‹    | 18/32 [00:16<00:12,  1.11it/s]
2025-10-13 11:20:19 | [A
2025-10-13 11:20:20 | 59%|β–β–β–β–β–β–‰    | 19/32 [00:17<00:11,  1.12it/s]
2025-10-13 11:20:20 | [A
2025-10-13 11:20:21 | 62%|β–β–β–β–β–β–β–   | 20/32 [00:18<00:10,  1.15it/s]
2025-10-13 11:20:21 | [A
2025-10-13 11:20:22 | 66%|β–β–β–β–β–β–β–   | 21/32 [00:19<00:09,  1.13it/s]
2025-10-13 11:20:22 | [A
2025-10-13 11:20:23 | 69%|β–β–β–β–β–β–β–‰   | 22/32 [00:19<00:08,  1.13it/s]
2025-10-13 11:20:23 | [A
2025-10-13 11:20:23 | 72%|β–β–β–β–β–β–β–β–  | 23/32 [00:20<00:07,  1.17it/s]
2025-10-13 11:20:23 | [A
2025-10-13 11:20:24 | 75%|β–β–β–β–β–β–β–β–  | 24/32 [00:21<00:06,  1.16it/s]
2025-10-13 11:20:24 | [A
2025-10-13 11:20:25 | 78%|β–β–β–β–β–β–β–β–  | 25/32 [00:22<00:05,  1.18it/s]
2025-10-13 11:20:25 | [A
2025-10-13 11:20:26 | 81%|β–β–β–β–β–β–β–β–β– | 26/32 [00:23<00:05,  1.15it/s]
2025-10-13 11:20:26 | [A
2025-10-13 11:20:27 | 84%|β–β–β–β–β–β–β–β–β– | 27/32 [00:24<00:04,  1.12it/s]
2025-10-13 11:20:27 | [A
2025-10-13 11:20:28 | 88%|β–β–β–β–β–β–β–β–β– | 28/32 [00:25<00:03,  1.11it/s]
2025-10-13 11:20:28 | [A
2025-10-13 11:20:29 | 91%|β–β–β–β–β–β–β–β–β– | 29/32 [00:26<00:02,  1.11it/s]
2025-10-13 11:20:29 | [A
2025-10-13 11:20:30 | 94%|β–β–β–β–β–β–β–β–β–β–| 30/32 [00:27<00:01,  1.09it/s]
2025-10-13 11:20:30 | [A
2025-10-13 11:20:31 | 97%|β–β–β–β–β–β–β–β–β–β–‹| 31/32 [00:27<00:00,  1.10it/s]
2025-10-13 11:20:31 | [A
2025-10-13 11:20:31 | 100%|β–β–β–β–β–β–β–β–β–β–| 32/32 [00:28<00:00,  1.21it/s]
2025-10-13 11:20:31 | [A
2025-10-13 11:20:31 | [A
2025-10-13 11:20:31 | {'eval_loss': 1.3730920553207397, 'eval_rouge1': 0.4534925511874766, 'eval_rouge2': 0.2922898228613995, 'eval_rougeL': 0.44675010702312984, 'eval_rouge_sum': 1.192532481072006, 'eval_runtime': 29.674, 'eval_samples_per_second': 16.816, 'eval_steps_per_second': 1.078, 'epoch': 4.0}
2025-10-13 11:20:31 | 50%|β–β–β–β–β–     | 3116/6232 [05:00<02:59, 17.37it/s]
2025-10-13 11:20:31 | 100%|β–β–β–β–β–β–β–β–β–β–| 32/32 [00:28<00:00,  1.21it/s]
2025-10-13 11:20:31 | [A
2025-10-13 11:20:31 | [A
2025-10-13 11:20:33 | 50%|β–β–β–β–β–     | 3117/6232 [05:02<4:47:40,  5.54s/it]
2025-10-13 11:20:35 | 51%|β–β–β–β–β–     | 3149/6232 [05:04<03:45, 13.68it/s]
2025-10-13 11:20:38 | {'loss': 0.629, 'grad_norm': 3.2648487091064453, 'learning_rate': 2.6456734124214932e-05, 'epoch': 4.11}
2025-10-13 11:20:38 | 51%|β–β–β–β–β–β–    | 3200/6232 [05:07<02:56, 17.16it/s]
2025-10-13 11:20:38 | 52%|β–β–β–β–β–β–    | 3211/6232 [05:07<02:59, 16.83it/s]
2025-10-13 11:20:42 | 53%|β–β–β–β–β–β–    | 3273/6232 [05:11<02:55, 16.82it/s]
2025-10-13 11:20:43 | {'loss': 0.606, 'grad_norm': 3.280116558074951, 'learning_rate': 2.55844382414515e-05, 'epoch': 4.24}
2025-10-13 11:20:43 | 53%|β–β–β–β–β–β–    | 3300/6232 [05:13<02:48, 17.41it/s]
2025-10-13 11:20:47 | 54%|β–β–β–β–β–β–    | 3335/6232 [05:16<04:04, 11.87it/s]
2025-10-13 11:20:50 | 55%|β–β–β–β–β–β–    | 3397/6232 [05:19<02:49, 16.76it/s]
2025-10-13 11:20:50 | {'loss': 0.6109, 'grad_norm': 8.222102165222168, 'learning_rate': 2.4712142358688067e-05, 'epoch': 4.36}
2025-10-13 11:20:50 | 55%|β–β–β–β–β–β–    | 3400/6232 [05:19<02:48, 16.77it/s]
2025-10-13 11:20:54 | 56%|β–β–β–β–β–β–    | 3459/6232 [05:23<02:39, 17.33it/s]
2025-10-13 11:20:56 | {'loss': 0.6118, 'grad_norm': 2.6953046321868896, 'learning_rate': 2.3839846475924636e-05, 'epoch': 4.49}
2025-10-13 11:20:56 | 56%|β–β–β–β–β–β–    | 3500/6232 [05:25<02:39, 17.14it/s]
2025-10-13 11:20:58 | 57%|β–β–β–β–β–β–‹    | 3523/6232 [05:27<02:36, 17.34it/s]
2025-10-13 11:21:01 | 58%|β–β–β–β–β–β–    | 3585/6232 [05:30<02:36, 16.94it/s]
2025-10-13 11:21:02 | {'loss': 0.6218, 'grad_norm': 3.291280508041382, 'learning_rate': 2.29675505931612e-05, 'epoch': 4.62}
2025-10-13 11:21:02 | 58%|β–β–β–β–β–β–    | 3600/6232 [05:31<02:34, 16.99it/s]
2025-10-13 11:21:05 | 59%|β–β–β–β–β–β–    | 3647/6232 [05:34<02:31, 17.02it/s]
2025-10-13 11:21:08 | {'loss': 0.6286, 'grad_norm': 3.445495128631592, 'learning_rate': 2.2095254710397767e-05, 'epoch': 4.75}
2025-10-13 11:21:08 | 59%|β–β–β–β–β–β–‰    | 3700/6232 [05:37<02:27, 17.22it/s]
2025-10-13 11:21:08 | 60%|β–β–β–β–β–β–‰    | 3709/6232 [05:37<02:26, 17.19it/s]
2025-10-13 11:21:12 | 61%|β–β–β–β–β–β–    | 3771/6232 [05:41<02:23, 17.13it/s]
2025-10-13 11:21:14 | {'loss': 0.6207, 'grad_norm': 3.3885796070098877, 'learning_rate': 2.1222958827634336e-05, 'epoch': 4.88}
2025-10-13 11:21:14 | 61%|β–β–β–β–β–β–    | 3800/6232 [05:43<02:23, 16.94it/s]
2025-10-13 11:21:16 | 62%|β–β–β–β–β–β–β–   | 3833/6232 [05:45<02:16, 17.62it/s]
2025-10-13 11:21:21 | 0%|          | 0/32 [00:00<?, ?it/s]
2025-10-13 11:21:21 | [A
2025-10-13 11:21:22 | 6%|β–‹         | 2/32 [00:00<00:12,  2.47it/s]
2025-10-13 11:21:22 | [A
2025-10-13 11:21:23 | 9%|β–‰         | 3/32 [00:01<00:16,  1.81it/s]
2025-10-13 11:21:23 | [A
2025-10-13 11:21:24 | 12%|β–β–        | 4/32 [00:02<00:18,  1.48it/s]
2025-10-13 11:21:24 | [A
2025-10-13 11:21:24 | 16%|β–β–        | 5/32 [00:03<00:19,  1.37it/s]
2025-10-13 11:21:24 | [A
2025-10-13 11:21:25 | 19%|β–β–‰        | 6/32 [00:04<00:19,  1.33it/s]
2025-10-13 11:21:25 | [A
2025-10-13 11:21:26 | 22%|β–β–β–       | 7/32 [00:04<00:19,  1.31it/s]
2025-10-13 11:21:26 | [A
2025-10-13 11:21:27 | 25%|β–β–β–       | 8/32 [00:05<00:19,  1.26it/s]
2025-10-13 11:21:27 | [A
2025-10-13 11:21:28 | 28%|β–β–β–       | 9/32 [00:06<00:18,  1.22it/s]
2025-10-13 11:21:28 | [A
2025-10-13 11:21:29 | 31%|β–β–β–β–      | 10/32 [00:07<00:17,  1.23it/s]
2025-10-13 11:21:29 | [A
2025-10-13 11:21:29 | 34%|β–β–β–β–      | 11/32 [00:08<00:17,  1.22it/s]
2025-10-13 11:21:29 | [A
2025-10-13 11:21:30 | 38%|β–β–β–β–      | 12/32 [00:09<00:16,  1.20it/s]
2025-10-13 11:21:30 | [A
2025-10-13 11:21:30 | 62%|β–β–β–β–β–β–β–   | 3895/6232 [06:00<02:31, 15.44it/s]
2025-10-13 11:21:31 | 41%|β–β–β–β–      | 13/32 [00:09<00:15,  1.22it/s]
2025-10-13 11:21:31 | [A
2025-10-13 11:21:32 | 44%|β–β–β–β–β–     | 14/32 [00:10<00:14,  1.20it/s]
2025-10-13 11:21:32 | [A
2025-10-13 11:21:33 | 47%|β–β–β–β–β–‹     | 15/32 [00:11<00:14,  1.20it/s]
2025-10-13 11:21:33 | [A
2025-10-13 11:21:34 | 50%|β–β–β–β–β–     | 16/32 [00:12<00:13,  1.21it/s]
2025-10-13 11:21:34 | [A
2025-10-13 11:21:34 | 53%|β–β–β–β–β–β–    | 17/32 [00:13<00:12,  1.20it/s]
2025-10-13 11:21:34 | [A
2025-10-13 11:21:35 | 56%|β–β–β–β–β–β–‹    | 18/32 [00:14<00:11,  1.21it/s]
2025-10-13 11:21:35 | [A
2025-10-13 11:21:36 | 59%|β–β–β–β–β–β–‰    | 19/32 [00:14<00:10,  1.22it/s]
2025-10-13 11:21:36 | [A
2025-10-13 11:21:37 | 62%|β–β–β–β–β–β–β–   | 20/32 [00:15<00:09,  1.22it/s]
2025-10-13 11:21:37 | [A
2025-10-13 11:21:38 | 66%|β–β–β–β–β–β–β–   | 21/32 [00:16<00:08,  1.24it/s]
2025-10-13 11:21:38 | [A
2025-10-13 11:21:38 | 69%|β–β–β–β–β–β–β–‰   | 22/32 [00:17<00:07,  1.27it/s]
2025-10-13 11:21:38 | [A
2025-10-13 11:21:39 | 72%|β–β–β–β–β–β–β–β–  | 23/32 [00:17<00:07,  1.28it/s]
2025-10-13 11:21:39 | [A
2025-10-13 11:21:40 | 75%|β–β–β–β–β–β–β–β–  | 24/32 [00:18<00:06,  1.26it/s]
2025-10-13 11:21:40 | [A
2025-10-13 11:21:41 | 78%|β–β–β–β–β–β–β–β–  | 25/32 [00:19<00:05,  1.27it/s]
2025-10-13 11:21:41 | [A
2025-10-13 11:21:41 | 81%|β–β–β–β–β–β–β–β–β– | 26/32 [00:20<00:04,  1.27it/s]
2025-10-13 11:21:41 | [A
2025-10-13 11:21:42 | 84%|β–β–β–β–β–β–β–β–β– | 27/32 [00:21<00:03,  1.27it/s]
2025-10-13 11:21:42 | [A
2025-10-13 11:21:43 | 88%|β–β–β–β–β–β–β–β–β– | 28/32 [00:21<00:03,  1.27it/s]
2025-10-13 11:21:43 | [A
2025-10-13 11:21:44 | 91%|β–β–β–β–β–β–β–β–β– | 29/32 [00:22<00:02,  1.26it/s]
2025-10-13 11:21:44 | [A
2025-10-13 11:21:45 | 94%|β–β–β–β–β–β–β–β–β–β–| 30/32 [00:23<00:01,  1.25it/s]
2025-10-13 11:21:45 | [A
2025-10-13 11:21:46 | 97%|β–β–β–β–β–β–β–β–β–β–‹| 31/32 [00:24<00:00,  1.23it/s]
2025-10-13 11:21:46 | [A
2025-10-13 11:21:46 | 100%|β–β–β–β–β–β–β–β–β–β–| 32/32 [00:25<00:00,  1.31it/s]
2025-10-13 11:21:46 | [A
2025-10-13 11:21:46 | [A
2025-10-13 11:21:46 | {'eval_loss': 1.4201492071151733, 'eval_rouge1': 0.46995988186216936, 'eval_rouge2': 0.3055783140148465, 'eval_rougeL': 0.4613433763141848, 'eval_rouge_sum': 1.2368815721912005, 'eval_runtime': 26.078, 'eval_samples_per_second': 19.135, 'eval_steps_per_second': 1.227, 'epoch': 5.0}
2025-10-13 11:21:46 | 62%|β–β–β–β–β–β–β–   | 3895/6232 [06:15<02:31, 15.44it/s]
2025-10-13 11:21:46 | 100%|β–β–β–β–β–β–β–β–β–β–| 32/32 [00:25<00:00,  1.31it/s]
2025-10-13 11:21:46 | [A
2025-10-13 11:21:46 | [A
2025-10-13 11:21:48 | 63%|β–β–β–β–β–β–β–   | 3896/6232 [06:17<3:11:27,  4.92s/it]
2025-10-13 11:21:48 | {'loss': 0.6275, 'grad_norm': 3.031402349472046, 'learning_rate': 2.03506629448709e-05, 'epoch': 5.01}
2025-10-13 11:21:48 | 63%|β–β–β–β–β–β–β–   | 3900/6232 [06:17<1:27:21,  2.25s/it]
2025-10-13 11:21:51 | 64%|β–β–β–β–β–β–β–   | 3958/6232 [06:20<02:10, 17.41it/s]
2025-10-13 11:21:55 | {'loss': 0.4956, 'grad_norm': 2.950530529022217, 'learning_rate': 1.9478367062107467e-05, 'epoch': 5.13}
2025-10-13 11:21:55 | 64%|β–β–β–β–β–β–β–   | 4000/6232 [06:24<02:09, 17.19it/s]
2025-10-13 11:21:56 | 65%|β–β–β–β–β–β–β–   | 4020/6232 [06:25<02:05, 17.57it/s]
2025-10-13 11:21:59 | 66%|β–β–β–β–β–β–β–   | 4082/6232 [06:28<02:02, 17.60it/s]
2025-10-13 11:22:00 | {'loss': 0.4938, 'grad_norm': 3.1893718242645264, 'learning_rate': 1.8606071179344033e-05, 'epoch': 5.26}
2025-10-13 11:22:00 | 66%|β–β–β–β–β–β–β–   | 4100/6232 [06:29<01:59, 17.91it/s]
2025-10-13 11:22:03 | 67%|β–β–β–β–β–β–β–‹   | 4146/6232 [06:32<01:59, 17.51it/s]
2025-10-13 11:22:06 | {'loss': 0.5057, 'grad_norm': 2.8736963272094727, 'learning_rate': 1.7733775296580602e-05, 'epoch': 5.39}
2025-10-13 11:22:06 | 67%|β–β–β–β–β–β–β–‹   | 4200/6232 [06:35<01:54, 17.75it/s]
2025-10-13 11:22:07 | 68%|β–β–β–β–β–β–β–   | 4208/6232 [06:36<01:57, 17.27it/s]
2025-10-13 11:22:10 | 69%|β–β–β–β–β–β–β–   | 4270/6232 [06:39<01:51, 17.62it/s]
2025-10-13 11:22:12 | {'loss': 0.505, 'grad_norm': 3.605313777923584, 'learning_rate': 1.6861479413817167e-05, 'epoch': 5.52}
2025-10-13 11:22:12 | 69%|β–β–β–β–β–β–β–‰   | 4300/6232 [06:41<01:50, 17.56it/s]
2025-10-13 11:22:14 | 70%|β–β–β–β–β–β–β–‰   | 4332/6232 [06:43<01:48, 17.56it/s]
2025-10-13 11:22:17 | 71%|β–β–β–β–β–β–β–   | 4394/6232 [06:46<01:43, 17.70it/s]
2025-10-13 11:22:18 | {'loss': 0.5189, 'grad_norm': 3.4148504734039307, 'learning_rate': 1.5989183531053733e-05, 'epoch': 5.65}
2025-10-13 11:22:18 | 71%|β–β–β–β–β–β–β–   | 4400/6232 [06:47<01:46, 17.27it/s]
2025-10-13 11:22:21 | 72%|β–β–β–β–β–β–β–β–  | 4456/6232 [06:50<01:41, 17.48it/s]
2025-10-13 11:22:23 | {'loss': 0.5175, 'grad_norm': 3.290022611618042, 'learning_rate': 1.51168876482903e-05, 'epoch': 5.78}
2025-10-13 11:22:23 | 72%|β–β–β–β–β–β–β–β–  | 4500/6232 [06:52<01:38, 17.61it/s]
2025-10-13 11:22:24 | 73%|β–β–β–β–β–β–β–β–  | 4520/6232 [06:53<01:36, 17.83it/s]
2025-10-13 11:22:29 | 74%|β–β–β–β–β–β–β–β–  | 4582/6232 [06:58<01:36, 17.16it/s]
2025-10-13 11:22:30 | {'loss': 0.5053, 'grad_norm': 3.2611894607543945, 'learning_rate': 1.4244591765526868e-05, 'epoch': 5.91}
2025-10-13 11:22:30 | 74%|β–β–β–β–β–β–β–β–  | 4600/6232 [06:59<01:32, 17.62it/s]
2025-10-13 11:22:32 | 75%|β–β–β–β–β–β–β–β–  | 4644/6232 [07:02<01:29, 17.65it/s]
2025-10-13 11:22:35 | 0%|          | 0/32 [00:00<?, ?it/s]
2025-10-13 11:22:35 | [A
2025-10-13 11:22:36 | 6%|β–‹         | 2/32 [00:00<00:14,  2.12it/s]
2025-10-13 11:22:36 | [A
2025-10-13 11:22:37 | 9%|β–‰         | 3/32 [00:01<00:17,  1.70it/s]
2025-10-13 11:22:37 | [A
2025-10-13 11:22:37 | 12%|β–β–        | 4/32 [00:02<00:18,  1.50it/s]
2025-10-13 11:22:37 | [A
2025-10-13 11:22:38 | 16%|β–β–        | 5/32 [00:03<00:19,  1.36it/s]
2025-10-13 11:22:38 | [A
2025-10-13 11:22:39 | 19%|β–β–‰        | 6/32 [00:04<00:19,  1.35it/s]
2025-10-13 11:22:39 | [A
2025-10-13 11:22:40 | 22%|β–β–β–       | 7/32 [00:04<00:19,  1.31it/s]
2025-10-13 11:22:40 | [A
2025-10-13 11:22:41 | 25%|β–β–β–       | 8/32 [00:05<00:18,  1.27it/s]
2025-10-13 11:22:41 | [A
2025-10-13 11:22:42 | 28%|β–β–β–       | 9/32 [00:06<00:18,  1.22it/s]
2025-10-13 11:22:42 | [A
2025-10-13 11:22:43 | 31%|β–β–β–β–      | 10/32 [00:07<00:18,  1.16it/s]
2025-10-13 11:22:43 | [A
2025-10-13 11:22:43 | 34%|β–β–β–β–      | 11/32 [00:08<00:18,  1.15it/s]
2025-10-13 11:22:43 | [A
2025-10-13 11:22:44 | 38%|β–β–β–β–      | 12/32 [00:09<00:17,  1.17it/s]
2025-10-13 11:22:44 | [A
2025-10-13 11:22:45 | 41%|β–β–β–β–      | 13/32 [00:10<00:16,  1.13it/s]
2025-10-13 11:22:45 | [A
2025-10-13 11:22:46 | 44%|β–β–β–β–β–     | 14/32 [00:11<00:15,  1.17it/s]
2025-10-13 11:22:46 | [A
2025-10-13 11:22:47 | 47%|β–β–β–β–β–‹     | 15/32 [00:11<00:14,  1.16it/s]
2025-10-13 11:22:47 | [A
2025-10-13 11:22:48 | 50%|β–β–β–β–β–     | 16/32 [00:12<00:13,  1.16it/s]
2025-10-13 11:22:48 | [A
2025-10-13 11:22:49 | 53%|β–β–β–β–β–β–    | 17/32 [00:13<00:12,  1.17it/s]
2025-10-13 11:22:49 | [A
2025-10-13 11:22:49 | 56%|β–β–β–β–β–β–‹    | 18/32 [00:14<00:11,  1.18it/s]
2025-10-13 11:22:49 | [A
2025-10-13 11:22:50 | 59%|β–β–β–β–β–β–‰    | 19/32 [00:15<00:11,  1.17it/s]
2025-10-13 11:22:50 | [A
2025-10-13 11:22:51 | 62%|β–β–β–β–β–β–β–   | 20/32 [00:16<00:09,  1.20it/s]
2025-10-13 11:22:51 | [A
2025-10-13 11:22:52 | 66%|β–β–β–β–β–β–β–   | 21/32 [00:16<00:09,  1.18it/s]
2025-10-13 11:22:52 | [A
2025-10-13 11:22:52 | 75%|β–β–β–β–β–β–β–β–  | 4674/6232 [07:21<01:28, 17.52it/s]
2025-10-13 11:22:53 | 69%|β–β–β–β–β–β–β–‰   | 22/32 [00:17<00:08,  1.19it/s]
2025-10-13 11:22:53 | [A
2025-10-13 11:22:54 | 72%|β–β–β–β–β–β–β–β–  | 23/32 [00:18<00:07,  1.18it/s]
2025-10-13 11:22:54 | [A
2025-10-13 11:22:54 | 75%|β–β–β–β–β–β–β–β–  | 24/32 [00:19<00:06,  1.22it/s]
2025-10-13 11:22:54 | [A
2025-10-13 11:22:55 | 78%|β–β–β–β–β–β–β–β–  | 25/32 [00:20<00:05,  1.19it/s]
2025-10-13 11:22:55 | [A
2025-10-13 11:22:56 | 81%|β–β–β–β–β–β–β–β–β– | 26/32 [00:21<00:04,  1.22it/s]
2025-10-13 11:22:56 | [A
2025-10-13 11:22:57 | 84%|β–β–β–β–β–β–β–β–β– | 27/32 [00:21<00:04,  1.22it/s]
2025-10-13 11:22:57 | [A
2025-10-13 11:22:58 | 88%|β–β–β–β–β–β–β–β–β– | 28/32 [00:22<00:03,  1.24it/s]
2025-10-13 11:22:58 | [A
2025-10-13 11:22:59 | 91%|β–β–β–β–β–β–β–β–β– | 29/32 [00:24<00:03,  1.08s/it]
2025-10-13 11:22:59 | [A
2025-10-13 11:23:00 | 94%|β–β–β–β–β–β–β–β–β–β–| 30/32 [00:25<00:01,  1.01it/s]
2025-10-13 11:23:00 | [A
2025-10-13 11:23:01 | 97%|β–β–β–β–β–β–β–β–β–β–‹| 31/32 [00:26<00:00,  1.06it/s]
2025-10-13 11:23:01 | [A
2025-10-13 11:23:02 | 100%|β–β–β–β–β–β–β–β–β–β–| 32/32 [00:26<00:00,  1.16it/s]
2025-10-13 11:23:02 | [A
2025-10-13 11:23:02 | [A
2025-10-13 11:23:02 | {'eval_loss': 1.4685049057006836, 'eval_rouge1': 0.44980390546029564, 'eval_rouge2': 0.2848074461813382, 'eval_rougeL': 0.44165137036626145, 'eval_rouge_sum': 1.1762627220078952, 'eval_runtime': 27.5686, 'eval_samples_per_second': 18.1, 'eval_steps_per_second': 1.161, 'epoch': 6.0}
2025-10-13 11:23:02 | 75%|β–β–β–β–β–β–β–β–  | 4674/6232 [07:31<01:28, 17.52it/s]
2025-10-13 11:23:02 | 100%|β–β–β–β–β–β–β–β–β–β–| 32/32 [00:26<00:00,  1.16it/s]
2025-10-13 11:23:02 | [A
2025-10-13 11:23:02 | [A
2025-10-13 11:23:03 | 75%|β–β–β–β–β–β–β–β–  | 4675/6232 [07:32<2:14:22,  5.18s/it]
2025-10-13 11:23:05 | {'loss': 0.49, 'grad_norm': 2.8663735389709473, 'learning_rate': 1.3372295882763433e-05, 'epoch': 6.03}
2025-10-13 11:23:05 | 75%|β–β–β–β–β–β–β–β–  | 4700/6232 [07:34<02:59,  8.53it/s]
2025-10-13 11:23:05 | 76%|β–β–β–β–β–β–β–β–  | 4707/6232 [07:34<01:49, 13.99it/s]
2025-10-13 11:23:09 | 77%|β–β–β–β–β–β–β–β–‹  | 4769/6232 [07:38<01:23, 17.60it/s]
2025-10-13 11:23:10 | {'loss': 0.421, 'grad_norm': 2.6357131004333496, 'learning_rate': 1.25e-05, 'epoch': 6.16}
2025-10-13 11:23:10 | 77%|β–β–β–β–β–β–β–β–‹  | 4800/6232 [07:40<01:20, 17.70it/s]
2025-10-13 11:23:12 | 78%|β–β–β–β–β–β–β–β–  | 4831/6232 [07:41<01:20, 17.51it/s]
2025-10-13 11:23:16 | 79%|β–β–β–β–β–β–β–β–  | 4893/6232 [07:45<01:14, 18.03it/s]
2025-10-13 11:23:16 | {'loss': 0.4278, 'grad_norm': 3.0024666786193848, 'learning_rate': 1.1627704117236566e-05, 'epoch': 6.29}
2025-10-13 11:23:16 | 79%|β–β–β–β–β–β–β–β–  | 4900/6232 [07:45<01:14, 17.94it/s]
2025-10-13 11:23:19 | 80%|β–β–β–β–β–β–β–β–‰  | 4955/6232 [07:48<01:11, 17.91it/s]
2025-10-13 11:23:22 | {'loss': 0.4281, 'grad_norm': 3.1008291244506836, 'learning_rate': 1.0755408234473134e-05, 'epoch': 6.42}
2025-10-13 11:23:22 | 80%|β–β–β–β–β–β–β–β–  | 5000/6232 [07:51<01:09, 17.68it/s]
2025-10-13 11:23:23 | 81%|β–β–β–β–β–β–β–β–  | 5017/6232 [07:52<01:09, 17.60it/s]
2025-10-13 11:23:26 | 82%|β–β–β–β–β–β–β–β–β– | 5081/6232 [07:55<01:05, 17.64it/s]
2025-10-13 11:23:27 | {'loss': 0.4254, 'grad_norm': 3.126890182495117, 'learning_rate': 9.8831123517097e-06, 'epoch': 6.55}
2025-10-13 11:23:27 | 82%|β–β–β–β–β–β–β–β–β– | 5100/6232 [07:56<01:04, 17.60it/s]
2025-10-13 11:23:30 | 83%|β–β–β–β–β–β–β–β–β– | 5143/6232 [07:59<01:03, 17.17it/s]
2025-10-13 11:23:34 | {'loss': 0.4277, 'grad_norm': 2.9229531288146973, 'learning_rate': 9.010816468946268e-06, 'epoch': 6.68}
2025-10-13 11:23:34 | 83%|β–β–β–β–β–β–β–β–β– | 5200/6232 [08:03<00:59, 17.38it/s]
2025-10-13 11:23:34 | 84%|β–β–β–β–β–β–β–β–β– | 5205/6232 [08:03<00:58, 17.55it/s]
2025-10-13 11:23:38 | 85%|β–β–β–β–β–β–β–β–β– | 5267/6232 [08:07<00:56, 17.18it/s]
2025-10-13 11:23:40 | {'loss': 0.4309, 'grad_norm': 2.8274199962615967, 'learning_rate': 8.138520586182834e-06, 'epoch': 6.8}
2025-10-13 11:23:40 | 85%|β–β–β–β–β–β–β–β–β– | 5300/6232 [08:09<00:54, 17.19it/s]
2025-10-13 11:23:42 | 86%|β–β–β–β–β–β–β–β–β– | 5329/6232 [08:11<00:51, 17.61it/s]
2025-10-13 11:23:45 | 87%|β–β–β–β–β–β–β–β–β–‹ | 5391/6232 [08:14<00:47, 17.83it/s]
2025-10-13 11:23:46 | {'loss': 0.423, 'grad_norm': 3.3109614849090576, 'learning_rate': 7.266224703419399e-06, 'epoch': 6.93}
2025-10-13 11:23:46 | 87%|β–β–β–β–β–β–β–β–β–‹ | 5400/6232 [08:15<00:46, 17.78it/s]
2025-10-13 11:23:49 | 88%|β–β–β–β–β–β–β–β–β– | 5453/6232 [08:18<00:43, 17.77it/s]
2025-10-13 11:23:49 | 0%|          | 0/32 [00:00<?, ?it/s]
2025-10-13 11:23:49 | [A
2025-10-13 11:23:50 | 6%|β–‹         | 2/32 [00:00<00:12,  2.38it/s]
2025-10-13 11:23:50 | [A
2025-10-13 11:23:51 | 9%|β–‰         | 3/32 [00:01<00:16,  1.71it/s]
2025-10-13 11:23:51 | [A
2025-10-13 11:23:52 | 12%|β–β–        | 4/32 [00:02<00:18,  1.49it/s]
2025-10-13 11:23:52 | [A
2025-10-13 11:23:53 | 16%|β–β–        | 5/32 [00:03<00:19,  1.39it/s]
2025-10-13 11:23:53 | [A
2025-10-13 11:23:54 | 19%|β–β–‰        | 6/32 [00:04<00:19,  1.31it/s]
2025-10-13 11:23:54 | [A
2025-10-13 11:23:54 | 22%|β–β–β–       | 7/32 [00:05<00:20,  1.25it/s]
2025-10-13 11:23:54 | [A
2025-10-13 11:23:55 | 25%|β–β–β–       | 8/32 [00:05<00:19,  1.21it/s]
2025-10-13 11:23:55 | [A
2025-10-13 11:23:56 | 28%|β–β–β–       | 9/32 [00:06<00:19,  1.15it/s]
2025-10-13 11:23:56 | [A
2025-10-13 11:23:57 | 31%|β–β–β–β–      | 10/32 [00:07<00:19,  1.12it/s]
2025-10-13 11:23:57 | [A
2025-10-13 11:23:58 | 34%|β–β–β–β–      | 11/32 [00:08<00:19,  1.10it/s]
2025-10-13 11:23:58 | [A
2025-10-13 11:23:59 | 38%|β–β–β–β–      | 12/32 [00:09<00:18,  1.08it/s]
2025-10-13 11:23:59 | [A
2025-10-13 11:24:00 | 41%|β–β–β–β–      | 13/32 [00:10<00:17,  1.09it/s]
2025-10-13 11:24:00 | [A
2025-10-13 11:24:01 | 44%|β–β–β–β–β–     | 14/32 [00:11<00:16,  1.08it/s]
2025-10-13 11:24:01 | [A
2025-10-13 11:24:02 | 47%|β–β–β–β–β–‹     | 15/32 [00:12<00:15,  1.11it/s]
2025-10-13 11:24:02 | [A
2025-10-13 11:24:03 | 50%|β–β–β–β–β–     | 16/32 [00:13<00:15,  1.05it/s]
2025-10-13 11:24:03 | [A
2025-10-13 11:24:04 | 53%|β–β–β–β–β–β–    | 17/32 [00:14<00:14,  1.06it/s]
2025-10-13 11:24:04 | [A
2025-10-13 11:24:05 | 88%|β–β–β–β–β–β–β–β–β– | 5453/6232 [08:34<00:43, 17.77it/s]
2025-10-13 11:24:06 | 56%|β–β–β–β–β–β–‹    | 18/32 [00:16<00:17,  1.22s/it]
2025-10-13 11:24:06 | [A
2025-10-13 11:24:07 | 59%|β–β–β–β–β–β–‰    | 19/32 [00:17<00:14,  1.12s/it]
2025-10-13 11:24:07 | [A
2025-10-13 11:24:08 | 62%|β–β–β–β–β–β–β–   | 20/32 [00:18<00:12,  1.06s/it]
2025-10-13 11:24:08 | [A
2025-10-13 11:24:08 | 66%|β–β–β–β–β–β–β–   | 21/32 [00:18<00:11,  1.01s/it]
2025-10-13 11:24:08 | [A
2025-10-13 11:24:09 | 69%|β–β–β–β–β–β–β–‰   | 22/32 [00:19<00:10,  1.00s/it]
2025-10-13 11:24:09 | [A
2025-10-13 11:24:10 | 72%|β–β–β–β–β–β–β–β–  | 23/32 [00:20<00:08,  1.03it/s]
2025-10-13 11:24:10 | [A
2025-10-13 11:24:11 | 75%|β–β–β–β–β–β–β–β–  | 24/32 [00:21<00:07,  1.07it/s]
2025-10-13 11:24:11 | [A
2025-10-13 11:24:12 | 78%|β–β–β–β–β–β–β–β–  | 25/32 [00:22<00:06,  1.11it/s]
2025-10-13 11:24:12 | [A
2025-10-13 11:24:13 | 81%|β–β–β–β–β–β–β–β–β– | 26/32 [00:23<00:05,  1.10it/s]
2025-10-13 11:24:13 | [A
2025-10-13 11:24:14 | 84%|β–β–β–β–β–β–β–β–β– | 27/32 [00:24<00:04,  1.05it/s]
2025-10-13 11:24:14 | [A
2025-10-13 11:24:15 | 88%|β–β–β–β–β–β–β–β–β– | 28/32 [00:25<00:03,  1.06it/s]
2025-10-13 11:24:15 | [A
2025-10-13 11:24:16 | 91%|β–β–β–β–β–β–β–β–β– | 29/32 [00:26<00:02,  1.05it/s]
2025-10-13 11:24:16 | [A
2025-10-13 11:24:17 | 94%|β–β–β–β–β–β–β–β–β–β–| 30/32 [00:27<00:01,  1.09it/s]
2025-10-13 11:24:17 | [A
2025-10-13 11:24:18 | 97%|β–β–β–β–β–β–β–β–β–β–‹| 31/32 [00:28<00:00,  1.08it/s]
2025-10-13 11:24:18 | [A
2025-10-13 11:24:19 | 100%|β–β–β–β–β–β–β–β–β–β–| 32/32 [00:29<00:00,  1.08it/s]
2025-10-13 11:24:19 | [A
2025-10-13 11:24:19 | [A
2025-10-13 11:24:19 | {'eval_loss': 1.5022681951522827, 'eval_rouge1': 0.45458221272217686, 'eval_rouge2': 0.29460790716770163, 'eval_rougeL': 0.4473006303881677, 'eval_rouge_sum': 1.1964907502780462, 'eval_runtime': 30.0325, 'eval_samples_per_second': 16.615, 'eval_steps_per_second': 1.066, 'epoch': 7.0}
2025-10-13 11:24:19 | 88%|β–β–β–β–β–β–β–β–β– | 5453/6232 [08:48<00:43, 17.77it/s]
2025-10-13 11:24:19 | 100%|β–β–β–β–β–β–β–β–β–β–| 32/32 [00:29<00:00,  1.08it/s]
2025-10-13 11:24:19 | [A
2025-10-13 11:24:19 | [A
2025-10-13 11:24:20 | 88%|β–β–β–β–β–β–β–β–β– | 5454/6232 [08:49<1:12:46,  5.61s/it]
2025-10-13 11:24:23 | {'loss': 0.4022, 'grad_norm': 2.352696418762207, 'learning_rate': 6.3939288206559675e-06, 'epoch': 7.06}
2025-10-13 11:24:23 | 88%|β–β–β–β–β–β–β–β–β– | 5500/6232 [08:52<00:43, 16.69it/s]
2025-10-13 11:24:24 | 89%|β–β–β–β–β–β–β–β–β– | 5517/6232 [08:53<00:40, 17.81it/s]
2025-10-13 11:24:27 | 90%|β–β–β–β–β–β–β–β–β–‰ | 5579/6232 [08:57<00:37, 17.44it/s]
2025-10-13 11:24:29 | {'loss': 0.3701, 'grad_norm': 2.7794101238250732, 'learning_rate': 5.521632937892533e-06, 'epoch': 7.19}
2025-10-13 11:24:29 | 90%|β–β–β–β–β–β–β–β–β–‰ | 5600/6232 [08:58<00:36, 17.55it/s]
2025-10-13 11:24:31 | 91%|β–β–β–β–β–β–β–β–β– | 5641/6232 [09:00<00:33, 17.39it/s]
2025-10-13 11:24:34 | {'loss': 0.3774, 'grad_norm': 2.4863784313201904, 'learning_rate': 4.6493370551291e-06, 'epoch': 7.32}
2025-10-13 11:24:34 | 91%|β–β–β–β–β–β–β–β–β–β–| 5700/6232 [09:03<00:30, 17.63it/s]
2025-10-13 11:24:35 | 92%|β–β–β–β–β–β–β–β–β–β–| 5703/6232 [09:04<00:29, 17.77it/s]
2025-10-13 11:24:39 | 93%|β–β–β–β–β–β–β–β–β–β–| 5765/6232 [09:08<00:38, 12.27it/s]
2025-10-13 11:24:41 | {'loss': 0.3775, 'grad_norm': 2.8835513591766357, 'learning_rate': 3.777041172365667e-06, 'epoch': 7.45}
2025-10-13 11:24:41 | 93%|β–β–β–β–β–β–β–β–β–β–| 5800/6232 [09:10<00:24, 17.59it/s]
2025-10-13 11:24:42 | 94%|β–β–β–β–β–β–β–β–β–β–| 5827/6232 [09:12<00:22, 17.70it/s]
2025-10-13 11:24:46 | 95%|β–β–β–β–β–β–β–β–β–β–| 5891/6232 [09:15<00:19, 17.62it/s]
2025-10-13 11:24:47 | {'loss': 0.3717, 'grad_norm': 2.786210536956787, 'learning_rate': 2.9047452896022334e-06, 'epoch': 7.57}
2025-10-13 11:24:47 | 95%|β–β–β–β–β–β–β–β–β–β–| 5900/6232 [09:16<00:18, 17.99it/s]
2025-10-13 11:24:50 | 96%|β–β–β–β–β–β–β–β–β–β–| 5953/6232 [09:19<00:15, 17.48it/s]
2025-10-13 11:24:52 | {'loss': 0.3749, 'grad_norm': 2.9451208114624023, 'learning_rate': 2.0324494068388e-06, 'epoch': 7.7}
2025-10-13 11:24:52 | 96%|β–β–β–β–β–β–β–β–β–β–‹| 6000/6232 [09:21<00:12, 17.87it/s]
2025-10-13 11:24:53 | 97%|β–β–β–β–β–β–β–β–β–β–‹| 6015/6232 [09:22<00:12, 17.38it/s]
2025-10-13 11:24:57 | 98%|β–β–β–β–β–β–β–β–β–β–| 6077/6232 [09:26<00:08, 17.38it/s]
2025-10-13 11:24:58 | {'loss': 0.3789, 'grad_norm': 2.6414377689361572, 'learning_rate': 1.1601535240753663e-06, 'epoch': 7.83}
2025-10-13 11:24:58 | 98%|β–β–β–β–β–β–β–β–β–β–| 6100/6232 [09:27<00:07, 16.93it/s]
2025-10-13 11:25:00 | 99%|β–β–β–β–β–β–β–β–β–β–| 6139/6232 [09:29<00:05, 16.45it/s]
2025-10-13 11:25:04 | {'loss': 0.3697, 'grad_norm': 2.7461607456207275, 'learning_rate': 2.8785764131193307e-07, 'epoch': 7.96}
2025-10-13 11:25:04 | 99%|β–β–β–β–β–β–β–β–β–β–‰| 6200/6232 [09:33<00:01, 17.00it/s]
2025-10-13 11:25:04 | 100%|β–β–β–β–β–β–β–β–β–β–‰| 6201/6232 [09:33<00:01, 16.97it/s]
2025-10-13 11:25:07 | 0%|          | 0/32 [00:00<?, ?it/s]
2025-10-13 11:25:07 | [A
2025-10-13 11:25:08 | 6%|β–‹         | 2/32 [00:00<00:14,  2.05it/s]
2025-10-13 11:25:08 | [A
2025-10-13 11:25:09 | 9%|β–‰         | 3/32 [00:02<00:20,  1.39it/s]
2025-10-13 11:25:09 | [A
2025-10-13 11:25:10 | 12%|β–β–        | 4/32 [00:02<00:21,  1.29it/s]
2025-10-13 11:25:10 | [A
2025-10-13 11:25:12 | 16%|β–β–        | 5/32 [00:04<00:32,  1.19s/it]
2025-10-13 11:25:12 | [A
2025-10-13 11:25:13 | 19%|β–β–‰        | 6/32 [00:05<00:28,  1.11s/it]
2025-10-13 11:25:13 | [A
2025-10-13 11:25:14 | 22%|β–β–β–       | 7/32 [00:06<00:26,  1.06s/it]
2025-10-13 11:25:14 | [A
2025-10-13 11:25:14 | 25%|β–β–β–       | 8/32 [00:07<00:24,  1.01s/it]
2025-10-13 11:25:14 | [A
2025-10-13 11:25:15 | 28%|β–β–β–       | 9/32 [00:08<00:22,  1.03it/s]
2025-10-13 11:25:15 | [A
2025-10-13 11:25:16 | 31%|β–β–β–β–      | 10/32 [00:09<00:20,  1.08it/s]
2025-10-13 11:25:16 | [A
2025-10-13 11:25:17 | 100%|β–β–β–β–β–β–β–β–β–β–| 6232/6232 [09:46<00:00, 16.68it/s]
2025-10-13 11:25:17 | 34%|β–β–β–β–      | 11/32 [00:10<00:19,  1.07it/s]
2025-10-13 11:25:17 | [A
2025-10-13 11:25:18 | 38%|β–β–β–β–      | 12/32 [00:11<00:17,  1.12it/s]
2025-10-13 11:25:18 | [A
2025-10-13 11:25:19 | 41%|β–β–β–β–      | 13/32 [00:12<00:17,  1.09it/s]
2025-10-13 11:25:19 | [A
2025-10-13 11:25:20 | 44%|β–β–β–β–β–     | 14/32 [00:13<00:16,  1.07it/s]
2025-10-13 11:25:20 | [A
2025-10-13 11:25:21 | 47%|β–β–β–β–β–‹     | 15/32 [00:14<00:16,  1.03it/s]
2025-10-13 11:25:21 | [A
2025-10-13 11:25:22 | 50%|β–β–β–β–β–     | 16/32 [00:14<00:14,  1.08it/s]
2025-10-13 11:25:22 | [A
2025-10-13 11:25:23 | 53%|β–β–β–β–β–β–    | 17/32 [00:15<00:13,  1.11it/s]
2025-10-13 11:25:23 | [A
2025-10-13 11:25:23 | 56%|β–β–β–β–β–β–‹    | 18/32 [00:16<00:12,  1.15it/s]
2025-10-13 11:25:23 | [A
2025-10-13 11:25:24 | 59%|β–β–β–β–β–β–‰    | 19/32 [00:17<00:11,  1.16it/s]
2025-10-13 11:25:24 | [A
2025-10-13 11:25:25 | 62%|β–β–β–β–β–β–β–   | 20/32 [00:18<00:10,  1.18it/s]
2025-10-13 11:25:25 | [A
2025-10-13 11:25:26 | 66%|β–β–β–β–β–β–β–   | 21/32 [00:19<00:09,  1.22it/s]
2025-10-13 11:25:26 | [A
2025-10-13 11:25:27 | 69%|β–β–β–β–β–β–β–‰   | 22/32 [00:19<00:08,  1.22it/s]
2025-10-13 11:25:27 | [A
2025-10-13 11:25:27 | 72%|β–β–β–β–β–β–β–β–  | 23/32 [00:20<00:07,  1.23it/s]
2025-10-13 11:25:27 | [A
2025-10-13 11:25:28 | 75%|β–β–β–β–β–β–β–β–  | 24/32 [00:21<00:06,  1.25it/s]
2025-10-13 11:25:28 | [A
2025-10-13 11:25:29 | 78%|β–β–β–β–β–β–β–β–  | 25/32 [00:22<00:05,  1.25it/s]
2025-10-13 11:25:29 | [A
2025-10-13 11:25:30 | 81%|β–β–β–β–β–β–β–β–β– | 26/32 [00:23<00:04,  1.23it/s]
2025-10-13 11:25:30 | [A
2025-10-13 11:25:31 | 84%|β–β–β–β–β–β–β–β–β– | 27/32 [00:23<00:04,  1.24it/s]
2025-10-13 11:25:31 | [A
2025-10-13 11:25:31 | 88%|β–β–β–β–β–β–β–β–β– | 28/32 [00:24<00:03,  1.22it/s]
2025-10-13 11:25:31 | [A
2025-10-13 11:25:32 | 91%|β–β–β–β–β–β–β–β–β– | 29/32 [00:25<00:02,  1.23it/s]
2025-10-13 11:25:32 | [A
2025-10-13 11:25:33 | 94%|β–β–β–β–β–β–β–β–β–β–| 30/32 [00:26<00:01,  1.26it/s]
2025-10-13 11:25:33 | [A
2025-10-13 11:25:34 | 97%|β–β–β–β–β–β–β–β–β–β–‹| 31/32 [00:26<00:00,  1.26it/s]
2025-10-13 11:25:34 | [A
2025-10-13 11:25:34 | 100%|β–β–β–β–β–β–β–β–β–β–| 32/32 [00:27<00:00,  1.35it/s]
2025-10-13 11:25:34 | [A
2025-10-13 11:25:34 | [A
2025-10-13 11:25:34 | {'eval_loss': 1.5248939990997314, 'eval_rouge1': 0.457554401932477, 'eval_rouge2': 0.29627999832371427, 'eval_rougeL': 0.4496209832971592, 'eval_rouge_sum': 1.2034553835533504, 'eval_runtime': 28.5787, 'eval_samples_per_second': 17.461, 'eval_steps_per_second': 1.12, 'epoch': 8.0}
2025-10-13 11:25:34 | 100%|β–β–β–β–β–β–β–β–β–β–| 6232/6232 [10:04<00:00, 16.68it/s]
2025-10-13 11:25:34 | [A
2025-10-13 11:25:34 | [A
2025-10-13 11:25:36 | There were missing keys in the checkpoint model loaded: ['model.encoder.embed_tokens.weight', 'model.decoder.embed_tokens.weight', 'lm_head.weight'].
2025-10-13 11:25:36 | {'train_runtime': 605.4512, 'train_samples_per_second': 164.598, 'train_steps_per_second': 10.293, 'train_loss': 0.8073875870416957, 'epoch': 8.0}
2025-10-13 11:25:36 | 100%|β–β–β–β–β–β–β–β–β–β–| 6232/6232 [10:05<00:00, 16.68it/s]
2025-10-13 11:25:36 | μµμΆ… λ¨λΈ μ €μ¥ μ¤‘...
2025-10-13 11:25:36 | β†’ λ¨λΈ μ €μ¥ μ„μΉ: experiments/20251013/20251013_111525_strategy1_kobart_optimized/model_0_kobart/default/final_model
2025-10-13 11:25:36 | μµμΆ… ν‰κ°€ μ¤‘...
2025-10-13 11:25:37 | 0%|          | 0/32 [00:00<?, ?it/s]
2025-10-13 11:25:38 | 6%|β–‹         | 2/32 [00:00<00:12,  2.45it/s]
2025-10-13 11:25:39 | 9%|β–‰         | 3/32 [00:01<00:16,  1.77it/s]
2025-10-13 11:25:40 | 12%|β–β–        | 4/32 [00:02<00:18,  1.49it/s]
2025-10-13 11:25:41 | 16%|β–β–        | 5/32 [00:03<00:20,  1.33it/s]
2025-10-13 11:25:41 | 19%|β–β–‰        | 6/32 [00:04<00:19,  1.31it/s]
2025-10-13 11:25:42 | 22%|β–β–β–       | 7/32 [00:04<00:19,  1.30it/s]
2025-10-13 11:25:43 | 25%|β–β–β–       | 8/32 [00:05<00:18,  1.30it/s]
2025-10-13 11:25:45 | 28%|β–β–β–       | 9/32 [00:07<00:25,  1.10s/it]
2025-10-13 11:25:46 | 31%|β–β–β–β–      | 10/32 [00:08<00:21,  1.01it/s]
2025-10-13 11:25:46 | 34%|β–β–β–β–      | 11/32 [00:09<00:20,  1.05it/s]
2025-10-13 11:25:47 | 38%|β–β–β–β–      | 12/32 [00:09<00:17,  1.11it/s]
2025-10-13 11:25:48 | 41%|β–β–β–β–      | 13/32 [00:10<00:16,  1.16it/s]
2025-10-13 11:25:49 | 44%|β–β–β–β–β–     | 14/32 [00:11<00:14,  1.20it/s]
2025-10-13 11:25:49 | 47%|β–β–β–β–β–‹     | 15/32 [00:12<00:13,  1.22it/s]
2025-10-13 11:25:50 | 50%|β–β–β–β–β–     | 16/32 [00:13<00:12,  1.23it/s]
2025-10-13 11:25:51 | 53%|β–β–β–β–β–β–    | 17/32 [00:13<00:11,  1.26it/s]
2025-10-13 11:25:52 | 56%|β–β–β–β–β–β–‹    | 18/32 [00:14<00:10,  1.29it/s]
2025-10-13 11:25:53 | 59%|β–β–β–β–β–β–‰    | 19/32 [00:15<00:10,  1.28it/s]
2025-10-13 11:25:53 | 62%|β–β–β–β–β–β–β–   | 20/32 [00:16<00:09,  1.27it/s]
2025-10-13 11:25:54 | 66%|β–β–β–β–β–β–β–   | 21/32 [00:16<00:08,  1.26it/s]
2025-10-13 11:25:55 | 69%|β–β–β–β–β–β–β–‰   | 22/32 [00:17<00:08,  1.17it/s]
2025-10-13 11:25:56 | 72%|β–β–β–β–β–β–β–β–  | 23/32 [00:18<00:07,  1.14it/s]
2025-10-13 11:25:57 | 75%|β–β–β–β–β–β–β–β–  | 24/32 [00:19<00:07,  1.12it/s]
2025-10-13 11:25:58 | 78%|β–β–β–β–β–β–β–β–  | 25/32 [00:20<00:06,  1.12it/s]
2025-10-13 11:25:59 | 81%|β–β–β–β–β–β–β–β–β– | 26/32 [00:21<00:05,  1.12it/s]
2025-10-13 11:26:00 | 84%|β–β–β–β–β–β–β–β–β– | 27/32 [00:22<00:04,  1.12it/s]
2025-10-13 11:26:01 | 88%|β–β–β–β–β–β–β–β–β– | 28/32 [00:23<00:03,  1.13it/s]
2025-10-13 11:26:01 | 91%|β–β–β–β–β–β–β–β–β– | 29/32 [00:24<00:02,  1.19it/s]
2025-10-13 11:26:02 | 94%|β–β–β–β–β–β–β–β–β–β–| 30/32 [00:24<00:01,  1.18it/s]
2025-10-13 11:26:03 | 97%|β–β–β–β–β–β–β–β–β–β–‹| 31/32 [00:25<00:00,  1.18it/s]
2025-10-13 11:26:04 | 100%|β–β–β–β–β–β–β–β–β–β–| 32/32 [00:26<00:00,  1.22it/s]
2025-10-13 11:26:04 | μµμΆ… ν‰κ°€ κ²°κ³Ό:
2025-10-13 11:26:04 | eval_rouge1: 0.4700
2025-10-13 11:26:04 | eval_rouge2: 0.3056
2025-10-13 11:26:04 | eval_rougeL: 0.4613
2025-10-13 11:26:04 | eval_rouge_sum: 1.2369
2025-10-13 11:26:04 | ============================================================
2025-10-13 11:26:04 | β… ν•™μµ μ™„λ£!
2025-10-13 11:26:04 | ============================================================
2025-10-13 11:26:04 | β… kobart ν•™μµ μ™„λ£
2025-10-13 11:26:04 | ==================================================
2025-10-13 11:26:04 | λ¨λΈ ν•™μµ κ²°κ³Ό μ”μ•½
2025-10-13 11:26:04 | ==================================================
2025-10-13 11:26:04 | β… μ„±κ³µ: 1/1 λ¨λΈ
2025-10-13 11:26:04 | β μ‹¤ν¨: 0/1 λ¨λΈ
2025-10-13 11:26:04 | [3/6] μ•™μƒλΈ” μƒμ„±...
2025-10-13 11:26:04 | You passed `num_labels=3` which is incompatible to the `id2label` map of length `2`.
2025-10-13 11:26:04 | ModelManager μ΄κΈ°ν™”
2025-10-13 11:26:04 | μ•™μƒλΈ” μƒμ„±: weighted
2025-10-13 11:26:04 | WeightedEnsemble μ΄κΈ°ν™”: 1κ° λ¨λΈ
2025-10-13 11:26:04 | - κ°€μ¤‘μΉ: ['1.000']
2025-10-13 11:26:04 | κ°€μ¤‘ μ•™μƒλΈ” μμΈ΅ μ‹μ‘
2025-10-13 11:26:04 | - μ…λ ¥ λ°μ΄ν„°: 100κ°
2025-10-13 11:26:04 | - λ¨λΈ μ: 1κ°
2025-10-13 11:26:04 | μ•™μƒλΈ” ν‰κ°€ μ¤λ¥ λ°μƒ: The following `model_kwargs` are not used by the model: ['token_type_ids'] (note: typos in the generate arguments will also show up in this list)
2025-10-13 11:26:04 | [4/6] Solar API ν†µν•©...
2025-10-13 11:26:04 | Solar API processing 50 samples ...
2025-10-13 11:26:04 | [5/6] TTA μ μ©...
2025-10-13 11:26:04 | TTA μ „λµ: paraphrase, reorder
2025-10-13 11:26:04 | μ¦κ°• νμ: 3
2025-10-13 11:26:04 | TTA κΈ°λ¥μ€ μ•„μ§ κµ¬ν„ μ¤‘μ…λ‹λ‹¤.
2025-10-13 11:26:04 | [6/6] μ¶”λ΅  λ° μ μ¶ νμΌ μƒμ„±...
2025-10-13 11:26:04 | ν…μ¤νΈ λ°μ΄ν„° λ΅λ“: data/raw/test.csv
2025-10-13 11:26:04 | ν…μ¤νΈ μƒν” μ: 499
2025-10-13 11:26:04 | μ‚¬μ© λ¨λΈ: experiments/20251013/20251013_111525_strategy1_kobart_optimized/model_0_kobart/default/final_model
2025-10-13 11:26:04 | You passed `num_labels=3` which is incompatible to the `id2label` map of length `2`.
2025-10-13 11:26:04 | λ°°μΉ ν¬κΈ°: 32
2025-10-13 11:26:48 | μ§„ν–‰: 320/499
2025-10-13 11:27:13 | β μ¶”λ΅  μ¤λ¥ λ°μƒ: 'id'
2025-10-13 11:27:13 | μƒμ„Έ: Traceback (most recent call last):
  File "/home/ieyeppo/.pyenv/versions/nlp_py3_11_9/lib/python3.11/site-packages/pandas/core/indexes/base.py", line 3812, in get_loc
    return self._engine.get_loc(casted_key)
           ^^^^^^^^^^^^^^^^^^^^^^^^^^^^^^^^
  File "pandas/_libs/index.pyx", line 167, in pandas._libs.index.IndexEngine.get_loc
  File "pandas/_libs/index.pyx", line 196, in pandas._libs.index.IndexEngine.get_loc
  File "pandas/_libs/hashtable_class_helper.pxi", line 7088, in pandas._libs.hashtable.PyObjectHashTable.get_item
  File "pandas/_libs/hashtable_class_helper.pxi", line 7096, in pandas._libs.hashtable.PyObjectHashTable.get_item
KeyError: 'id'

The above exception was the direct cause of the following exception:

Traceback (most recent call last):
  File "/home/ieyeppo/AI_Lab/natural-language-processing-competition/src/trainers/full_pipeline_trainer.py", line 533, in _create_submission
    'id': test_df['id'],
          ~~~~~~~^^^^^^
  File "/home/ieyeppo/.pyenv/versions/nlp_py3_11_9/lib/python3.11/site-packages/pandas/core/frame.py", line 4113, in __getitem__
    indexer = self.columns.get_loc(key)
              ^^^^^^^^^^^^^^^^^^^^^^^^^
  File "/home/ieyeppo/.pyenv/versions/nlp_py3_11_9/lib/python3.11/site-packages/pandas/core/indexes/base.py", line 3819, in get_loc
    raise KeyError(key) from err
KeyError: 'id'
2025-10-13 11:27:13 | ============================================================
2025-10-13 11:27:13 | FULL PIPELINE μ™„λ£!
2025-10-13 11:27:13 | =μ”μ•½ κ°λ³„ λ¨λΈ κ²°κ³Ό:
2025-10-13 11:27:13 | kobart:
2025-10-13 11:27:13 | eval_rouge1: 0.4700
2025-10-13 11:27:13 | eval_rouge2: 0.3056
2025-10-13 11:27:13 | eval_rougeL: 0.4613
2025-10-13 11:27:13 | eval_rouge_sum: 1.2369
2025-10-13 11:27:13 | =μ”μ•½ μ•™μƒλΈ” κ²°κ³Ό:
2025-10-13 11:27:13 | =μ”μ•½ Solar API κ²°κ³Ό:
2025-10-13 11:27:13 | solar_rouge_1_f1: 0.2272
2025-10-13 11:27:13 | solar_rouge_2_f1: 0.0765
2025-10-13 11:27:13 | solar_rouge_l_f1: 0.2177
2025-10-13 11:27:13 | n_samples: 50.0000
2025-10-13 11:27:13 | ============================================================
2025-10-13 11:27:13 | =μ €μ¥ κ²°κ³Ό μ €μ¥: experiments/20251013/20251013_111525_strategy1_kobart_optimized/full_pipeline_results.json
