[2025-10-10 18:33:19] ==================================================
[2025-10-10 18:33:19] FULL PIPELINE EXECUTION STARTED
[2025-10-10 18:33:19] Timestamp: 20251010_183319
[2025-10-10 18:33:19] Config: /home/ieyeppo/AI_Lab/natural-language-processing-competition/notebooks/team/CHH/configs/config_full_pipeline.yaml
[2025-10-10 18:33:19] ==================================================
[2025-10-10 18:33:19] GPU Tier: LOW
[2025-10-10 18:33:19] Auto-optimization enabled
[2025-10-10 18:33:19] Finding optimal batch size...
[2025-10-10 18:33:19] [data_quality_check] Status: running
[2025-10-10 18:33:19] 
=== Data Quality Check ===
[2025-10-10 18:33:19] Loading data from config paths:
[2025-10-10 18:33:19]   - Train: /home/ieyeppo/AI_Lab/natural-language-processing-competition/notebooks/team/CHH/../../../data/raw/train.csv
[2025-10-10 18:33:19]   - Dev: /home/ieyeppo/AI_Lab/natural-language-processing-competition/notebooks/team/CHH/../../../data/raw/dev.csv
[2025-10-10 18:33:19]   - Test: /home/ieyeppo/AI_Lab/natural-language-processing-competition/notebooks/team/CHH/../../../data/raw/test.csv
[2025-10-10 18:33:19] ✅ Loaded 12457 training samples
[2025-10-10 18:33:19] ✅ Loaded 499 dev samples
[2025-10-10 18:33:19] ✅ Loaded 499 test samples
[2025-10-10 18:33:19] Null values - Train: 0, Dev: 0, Test: 0
[2025-10-10 18:33:19] Duplicate rows in training data: 0
[2025-10-10 18:33:19] ✅ Data loading completed successfully!
[2025-10-10 18:33:19] [data_quality_check] Status: completed
[2025-10-10 18:33:19] 
=== Comprehensive Data Quality Validation ===
[2025-10-10 18:33:19] 
📊 Data Quality Report:
[2025-10-10 18:33:19] 
Structural Validation:
[2025-10-10 18:33:19]   - Train shape: (12457, 4)
[2025-10-10 18:33:19]   - Dev shape: (499, 4)
[2025-10-10 18:33:19]   - Test shape: (499, 2)
[2025-10-10 18:33:19]   - Column match: True
[2025-10-10 18:33:19] 
Text Quality:
[2025-10-10 18:33:19]   - Avg dialogue length: 406.1
[2025-10-10 18:33:19]   - Compression ratio: 23.23%
[2025-10-10 18:33:19]   - Encoding issues: 0
[2025-10-10 18:33:19]   - Special chars: 12455
[2025-10-10 18:33:19] 
Label Distribution:
[2025-10-10 18:33:19]   - Unique topics: 9235
[2025-10-10 18:33:19]   - Imbalance ratio: 130.00
[2025-10-10 18:33:19] 
Outlier Detection:
[2025-10-10 18:33:19]   - Outlier count: 355
[2025-10-10 18:33:19]   - Outlier ratio: 2.85%
[2025-10-10 18:33:19] 
📋 Recommendations:
[2025-10-10 18:33:19]   ✓ Clean special characters from text
[2025-10-10 18:33:19]   ✓ Consider data augmentation for underrepresented topics
[2025-10-10 18:33:19] ⚠️ Error during data validation: You must call wandb.init() before wandb.log()
[2025-10-10 18:33:19]    Skipping detailed validation. Please check data loading in cell 7.
[2025-10-10 18:33:19] Visualizations will be saved to: /home/ieyeppo/AI_Lab/natural-language-processing-competition/notebooks/team/CHH/logs/full_pipeline/visualizations
[2025-10-10 18:33:23] WandB initialized for full pipeline tracking
[2025-10-10 18:33:23] [data_preprocessing] Status: running
[2025-10-10 18:33:23] 
=== Data Preprocessing ===
[2025-10-10 18:33:24] Preprocessed 12457 training samples
[2025-10-10 18:33:24] Preprocessed 499 dev samples
[2025-10-10 18:33:24] Preprocessed 499 test samples
[2025-10-10 18:33:24] 
Text Length Statistics:
[2025-10-10 18:33:24]   Dialogue - Mean: 347.3, Max: 1952
[2025-10-10 18:33:24]   Summary - Mean: 85.8, Max: 376
[2025-10-10 18:33:24] [data_preprocessing] Status: completed
[2025-10-10 18:33:24] [hyperparameter_optimization] Status: running
[2025-10-10 18:33:24] 
======================================================================
[2025-10-10 18:33:24] 🎯 HYPERPARAMETER OPTIMIZATION STAGE
[2025-10-10 18:33:24] ======================================================================
[2025-10-10 18:33:24] ✅ Optimization ENABLED with 100 trials
[2025-10-10 18:33:24] 
============================================================
[2025-10-10 18:33:24] 🎯 OPTUNA HYPERPARAMETER OPTIMIZATION STARTING
[2025-10-10 18:33:24] ============================================================
[2025-10-10 18:33:24] Number of trials: 100
[2025-10-10 18:33:24] Optimization metric: rouge_l
[2025-10-10 18:33:24] 
🚀 Starting optimization...
[2025-10-10 18:33:24] 
Trial 0: {'learning_rate': 5.6115164153345e-05, 'batch_size': 4, 'lora_r': 12, 'lora_alpha': 24, 'num_beams': 2, 'temperature': 0.8795585311974417, 'warmup_ratio': 0.12022300234864176, 'weight_decay': 0.07080725777960455, 'top_p': 0.8041168988591605}
[2025-10-10 18:33:24] 
Trial 1: {'learning_rate': 0.0008706020878304854, 'batch_size': 4, 'lora_r': 12, 'lora_alpha': 40, 'num_beams': 5, 'temperature': 0.48875051677790415, 'warmup_ratio': 0.058245828039608386, 'weight_decay': 0.06118528947223795, 'top_p': 0.8278987721304084}
[2025-10-10 18:33:24] 
Trial 2: {'learning_rate': 3.8396292998041685e-05, 'batch_size': 16, 'lora_r': 16, 'lora_alpha': 72, 'num_beams': 6, 'temperature': 0.14180537144799796, 'warmup_ratio': 0.12150897038028768, 'weight_decay': 0.017052412368729154, 'top_p': 0.813010318597056}
[2025-10-10 18:33:24] 
Trial 3: {'learning_rate': 0.000790261954970823, 'batch_size': 4, 'lora_r': 8, 'lora_alpha': 88, 'num_beams': 5, 'temperature': 0.20983441136030095, 'warmup_ratio': 0.09903538202225404, 'weight_decay': 0.0034388521115218396, 'top_p': 0.9818640804157565}
[2025-10-10 18:33:24] 
Trial 4: {'learning_rate': 3.292759134423613e-05, 'batch_size': 4, 'lora_r': 36, 'lora_alpha': 24, 'num_beams': 8, 'temperature': 0.7976195410250031, 'warmup_ratio': 0.18789978831283782, 'weight_decay': 0.08948273504276488, 'top_p': 0.919579995762217}
[2025-10-10 18:33:24] 
Trial 5: {'learning_rate': 0.0006978281265126031, 'batch_size': 8, 'lora_r': 24, 'lora_alpha': 56, 'num_beams': 3, 'temperature': 0.8458637582367364, 'warmup_ratio': 0.07135066533871785, 'weight_decay': 0.02809345096873808, 'top_p': 0.9085392166316497}
[2025-10-10 18:33:24] 
Trial 6: {'learning_rate': 1.913588048769229e-05, 'batch_size': 16, 'lora_r': 52, 'lora_alpha': 32, 'num_beams': 2, 'temperature': 0.8339152856093507, 'warmup_ratio': 0.14137146876952342, 'weight_decay': 0.07290071680409874, 'top_p': 0.9542540693371891}
[2025-10-10 18:33:24] 
Trial 7: {'learning_rate': 1.4063366777718176e-05, 'batch_size': 16, 'lora_r': 40, 'lora_alpha': 48, 'num_beams': 2, 'temperature': 0.379884089544096, 'warmup_ratio': 0.06503666440534941, 'weight_decay': 0.0729606178338064, 'top_p': 0.9275114942710426}
[2025-10-10 18:33:24] 
Trial 8: {'learning_rate': 0.000594874681321977, 'batch_size': 16, 'lora_r': 52, 'lora_alpha': 72, 'num_beams': 7, 'temperature': 0.5444160367279517, 'warmup_ratio': 0.10454656587639882, 'weight_decay': 0.042754101835854964, 'top_p': 0.8050838253488191}
[2025-10-10 18:33:24] 
Trial 9: {'learning_rate': 1.6435497475111308e-05, 'batch_size': 8, 'lora_r': 36, 'lora_alpha': 120, 'num_beams': 3, 'temperature': 0.4693446307320668, 'warmup_ratio': 0.15111022770860974, 'weight_decay': 0.022879816549162248, 'top_p': 0.8153959819657587}
[2025-10-10 18:33:24] 
Trial 10: {'learning_rate': 0.0002174629603640568, 'batch_size': 16, 'lora_r': 64, 'lora_alpha': 104, 'num_beams': 8, 'temperature': 0.6458232044990888, 'warmup_ratio': 0.0031189599316912286, 'weight_decay': 0.042139230507061615, 'top_p': 0.8669590352446472}
[2025-10-10 18:33:24] 
Trial 11: {'learning_rate': 0.00019383199835819567, 'batch_size': 4, 'lora_r': 48, 'lora_alpha': 8, 'num_beams': 8, 'temperature': 0.6766852486978403, 'warmup_ratio': 0.18850918123704122, 'weight_decay': 0.09605322411487056, 'top_p': 0.8726816289039863}
[2025-10-10 18:33:24] 
Trial 12: {'learning_rate': 0.00012263198102498529, 'batch_size': 16, 'lora_r': 60, 'lora_alpha': 72, 'num_beams': 7, 'temperature': 0.6874130802024829, 'warmup_ratio': 0.19642456031158795, 'weight_decay': 0.09656945754419737, 'top_p': 0.8628939167371352}
[2025-10-10 18:33:24] 
Trial 13: {'learning_rate': 0.00033477429997376477, 'batch_size': 4, 'lora_r': 28, 'lora_alpha': 8, 'num_beams': 7, 'temperature': 0.3202194633804478, 'warmup_ratio': 0.16430704414507197, 'weight_decay': 0.04698306533078123, 'top_p': 0.9371009216257868}
[2025-10-10 18:33:24] 
Trial 14: {'learning_rate': 4.5901373769776726e-05, 'batch_size': 8, 'lora_r': 44, 'lora_alpha': 88, 'num_beams': 7, 'temperature': 0.9715734507538529, 'warmup_ratio': 0.014468056578697458, 'weight_decay': 0.03778414549148758, 'top_p': 0.8944643923334403}
[2025-10-10 18:33:24] 
Trial 15: {'learning_rate': 7.939043276302395e-05, 'batch_size': 8, 'lora_r': 48, 'lora_alpha': 96, 'num_beams': 6, 'temperature': 0.9844175411000242, 'warmup_ratio': 0.01484426416733106, 'weight_decay': 0.03134182271328251, 'top_p': 0.8417350715139112}
[2025-10-10 18:33:24] 
Trial 16: {'learning_rate': 7.484078289589877e-05, 'batch_size': 8, 'lora_r': 48, 'lora_alpha': 128, 'num_beams': 5, 'temperature': 0.9712617819989714, 'warmup_ratio': 0.00017703316714415794, 'weight_decay': 0.03239705838814023, 'top_p': 0.8459174198311314}
[2025-10-10 18:33:24] 
Trial 17: {'learning_rate': 7.439871401028284e-05, 'batch_size': 8, 'lora_r': 56, 'lora_alpha': 128, 'num_beams': 5, 'temperature': 0.9984855605566015, 'warmup_ratio': 0.03176107578253498, 'weight_decay': 0.007190644480882011, 'top_p': 0.8432730736914036}
[2025-10-10 18:33:24] 
Trial 18: {'learning_rate': 0.00010604092642398796, 'batch_size': 8, 'lora_r': 28, 'lora_alpha': 112, 'num_beams': 4, 'temperature': 0.9313932572983307, 'warmup_ratio': 0.037563778714661274, 'weight_decay': 0.05616813713584304, 'top_p': 0.8456732420844115}
[2025-10-10 18:33:24] 
Trial 19: {'learning_rate': 0.00015815122865214286, 'batch_size': 8, 'lora_r': 44, 'lora_alpha': 96, 'num_beams': 6, 'temperature': 0.748014773759983, 'warmup_ratio': 0.03001033314775392, 'weight_decay': 0.03207908261290137, 'top_p': 0.8868615960864743}
[2025-10-10 18:33:24] 
Trial 20: {'learning_rate': 7.731789801741333e-05, 'batch_size': 8, 'lora_r': 64, 'lora_alpha': 120, 'num_beams': 4, 'temperature': 0.9131580117017282, 'warmup_ratio': 0.006407582357919219, 'weight_decay': 0.013319974931754998, 'top_p': 0.843531064891775}
[2025-10-10 18:33:24] 
Trial 21: {'learning_rate': 7.426402396701723e-05, 'batch_size': 8, 'lora_r': 56, 'lora_alpha': 128, 'num_beams': 5, 'temperature': 0.9931447358350848, 'warmup_ratio': 0.031492651248732295, 'weight_decay': 0.0017358403505768755, 'top_p': 0.8396059230693311}
[2025-10-10 18:33:24] 
Trial 22: {'learning_rate': 2.3824794654298213e-05, 'batch_size': 8, 'lora_r': 48, 'lora_alpha': 128, 'num_beams': 6, 'temperature': 0.9946527153374239, 'warmup_ratio': 0.047877985304823005, 'weight_decay': 0.012640413109055074, 'top_p': 0.8536857940778022}
[2025-10-10 18:33:24] 
Trial 23: {'learning_rate': 5.6977089585168866e-05, 'batch_size': 8, 'lora_r': 56, 'lora_alpha': 104, 'num_beams': 4, 'temperature': 0.7644888671982066, 'warmup_ratio': 0.020422159172914192, 'weight_decay': 0.022595072240424126, 'top_p': 0.8286823458813635}
[2025-10-10 18:33:24] 
Trial 24: {'learning_rate': 8.389877849563227e-05, 'batch_size': 8, 'lora_r': 56, 'lora_alpha': 112, 'num_beams': 5, 'temperature': 0.8907305154465255, 'warmup_ratio': 0.004412004702137533, 'weight_decay': 0.033951694954339286, 'top_p': 0.8767880787251293}
[2025-10-10 18:33:24] 
Trial 25: {'learning_rate': 0.0002784240119063081, 'batch_size': 8, 'lora_r': 44, 'lora_alpha': 88, 'num_beams': 6, 'temperature': 0.9998081238678672, 'warmup_ratio': 0.0804800128901909, 'weight_decay': 0.00828806621485511, 'top_p': 0.8297776436749993}
[2025-10-10 18:33:24] 
Trial 26: {'learning_rate': 3.0160376347622377e-05, 'batch_size': 8, 'lora_r': 52, 'lora_alpha': 128, 'num_beams': 5, 'temperature': 0.9031983145539827, 'warmup_ratio': 0.04659074428361675, 'weight_decay': 0.024005226202443174, 'top_p': 0.8573567704624406}
[2025-10-10 18:33:24] 
Trial 27: {'learning_rate': 0.00013105620907014133, 'batch_size': 8, 'lora_r': 60, 'lora_alpha': 112, 'num_beams': 4, 'temperature': 0.7571729928447377, 'warmup_ratio': 0.01861942598181321, 'weight_decay': 0.04872541951144803, 'top_p': 0.8232871410438368}
[2025-10-10 18:33:24] 
Trial 28: {'learning_rate': 6.102749038628636e-05, 'batch_size': 8, 'lora_r': 40, 'lora_alpha': 96, 'num_beams': 6, 'temperature': 0.8194851355696541, 'warmup_ratio': 0.023571202382107213, 'weight_decay': 0.05565753026810033, 'top_p': 0.8806597509931695}
[2025-10-10 18:33:24] 
Trial 29: {'learning_rate': 5.137171041387979e-05, 'batch_size': 8, 'lora_r': 40, 'lora_alpha': 96, 'num_beams': 6, 'temperature': 0.8555990562204572, 'warmup_ratio': 0.0499475790037671, 'weight_decay': 0.06405485120668529, 'top_p': 0.882556542968046}
[2025-10-10 18:33:24] 
Trial 30: {'learning_rate': 1.13328586610669e-05, 'batch_size': 8, 'lora_r': 32, 'lora_alpha': 80, 'num_beams': 6, 'temperature': 0.5964345525327222, 'warmup_ratio': 0.0003680814851961863, 'weight_decay': 0.05664293347989158, 'top_p': 0.9019743141778627}
[2025-10-10 18:33:24] 
Trial 31: {'learning_rate': 5.715232685264389e-05, 'batch_size': 8, 'lora_r': 48, 'lora_alpha': 120, 'num_beams': 5, 'temperature': 0.9308233584034136, 'warmup_ratio': 0.02584082429071831, 'weight_decay': 0.032946982072726665, 'top_p': 0.8545501463717742}
[2025-10-10 18:33:24] 
Trial 32: {'learning_rate': 7.080424660371964e-05, 'batch_size': 8, 'lora_r': 40, 'lora_alpha': 104, 'num_beams': 5, 'temperature': 0.9372534559325321, 'warmup_ratio': 0.036209703322960134, 'weight_decay': 0.07959478041823814, 'top_p': 0.8005062101465207}
[2025-10-10 18:33:24] 
Trial 33: {'learning_rate': 9.766250219546314e-05, 'batch_size': 8, 'lora_r': 48, 'lora_alpha': 64, 'num_beams': 6, 'temperature': 0.8137936435085471, 'warmup_ratio': 0.013346718337944166, 'weight_decay': 0.0645045763336779, 'top_p': 0.8382767536051557}
[2025-10-10 18:33:24] 
Trial 34: {'learning_rate': 0.00010117370199848301, 'batch_size': 8, 'lora_r': 20, 'lora_alpha': 56, 'num_beams': 7, 'temperature': 0.8204233353623349, 'warmup_ratio': 0.014136524309505072, 'weight_decay': 0.06360024320358494, 'top_p': 0.8349793887242262}
[2025-10-10 18:33:24] 
Trial 35: {'learning_rate': 4.063245208858828e-05, 'batch_size': 4, 'lora_r': 4, 'lora_alpha': 64, 'num_beams': 6, 'temperature': 0.7945533353575883, 'warmup_ratio': 0.057575528771081394, 'weight_decay': 0.05351338745528285, 'top_p': 0.8173173995523989}
[2025-10-10 18:33:24] 
Trial 36: {'learning_rate': 0.000149892184770342, 'batch_size': 8, 'lora_r': 44, 'lora_alpha': 80, 'num_beams': 6, 'temperature': 0.8683379383250921, 'warmup_ratio': 0.08348499623468528, 'weight_decay': 0.07977054176699917, 'top_p': 0.9997281865118572}
[2025-10-10 18:33:24] 
Trial 37: {'learning_rate': 3.217209759395082e-05, 'batch_size': 8, 'lora_r': 32, 'lora_alpha': 64, 'num_beams': 7, 'temperature': 0.7162812772294129, 'warmup_ratio': 0.011797309005218224, 'weight_decay': 0.06711823668460856, 'top_p': 0.8912893040239538}
[2025-10-10 18:33:24] 
Trial 38: {'learning_rate': 5.9197985497878753e-05, 'batch_size': 4, 'lora_r': 36, 'lora_alpha': 40, 'num_beams': 6, 'temperature': 0.806353047630189, 'warmup_ratio': 0.040179630314649634, 'weight_decay': 0.039879076270214794, 'top_p': 0.9157213728850458}
[2025-10-10 18:33:24] 
Trial 39: {'learning_rate': 9.828863255965691e-05, 'batch_size': 4, 'lora_r': 36, 'lora_alpha': 40, 'num_beams': 4, 'temperature': 0.6300010335164243, 'warmup_ratio': 0.042845961560005155, 'weight_decay': 0.039670801425531865, 'top_p': 0.9111494391893571}
[2025-10-10 18:33:24] 
Trial 40: {'learning_rate': 0.00038484308414870884, 'batch_size': 4, 'lora_r': 16, 'lora_alpha': 24, 'num_beams': 5, 'temperature': 0.12398533275316453, 'warmup_ratio': 0.11896551750413271, 'weight_decay': 0.029533920151199232, 'top_p': 0.9451489023318186}
[2025-10-10 18:33:24] 
Trial 41: {'learning_rate': 6.0042870064019e-05, 'batch_size': 4, 'lora_r': 40, 'lora_alpha': 48, 'num_beams': 6, 'temperature': 0.7932329122085874, 'warmup_ratio': 0.023296157930642783, 'weight_decay': 0.04499569479801925, 'top_p': 0.9672582499364225}
[2025-10-10 18:33:24] 
Trial 42: {'learning_rate': 4.1888138562407394e-05, 'batch_size': 4, 'lora_r': 48, 'lora_alpha': 56, 'num_beams': 6, 'temperature': 0.8566170398434534, 'warmup_ratio': 0.06102067973123375, 'weight_decay': 0.050200588967721615, 'top_p': 0.9139316840478803}
[2025-10-10 18:33:24] 
Trial 43: {'learning_rate': 2.4229784875655972e-05, 'batch_size': 16, 'lora_r': 52, 'lora_alpha': 32, 'num_beams': 7, 'temperature': 0.5046765400894003, 'warmup_ratio': 0.012700335272093742, 'weight_decay': 0.059353628636871, 'top_p': 0.9265532714334339}
[2025-10-10 18:33:24] 
Trial 44: {'learning_rate': 9.602563854968103e-05, 'batch_size': 4, 'lora_r': 36, 'lora_alpha': 80, 'num_beams': 6, 'temperature': 0.9507835117802595, 'warmup_ratio': 0.024180505950371283, 'weight_decay': 0.037716880359153625, 'top_p': 0.8670169618665033}
[2025-10-10 18:33:24] 
Trial 45: {'learning_rate': 0.00020632407135741, 'batch_size': 8, 'lora_r': 44, 'lora_alpha': 96, 'num_beams': 5, 'temperature': 0.8100635792740232, 'warmup_ratio': 0.0012597287590046021, 'weight_decay': 0.05193381341141365, 'top_p': 0.9012593150011429}
[2025-10-10 18:33:24] 
Trial 46: {'learning_rate': 6.373400870829547e-05, 'batch_size': 16, 'lora_r': 28, 'lora_alpha': 48, 'num_beams': 7, 'temperature': 0.7062500341047895, 'warmup_ratio': 0.03923509523668595, 'weight_decay': 0.026395919049906097, 'top_p': 0.8765166228213861}
[2025-10-10 18:33:24] 
Trial 47: {'learning_rate': 0.0001226938859736716, 'batch_size': 4, 'lora_r': 48, 'lora_alpha': 72, 'num_beams': 8, 'temperature': 0.2720275164576622, 'warmup_ratio': 0.07008474988669335, 'weight_decay': 0.017723935276996068, 'top_p': 0.8073315538660956}
[2025-10-10 18:33:24] 
Trial 48: {'learning_rate': 0.00016517470021309617, 'batch_size': 4, 'lora_r': 52, 'lora_alpha': 64, 'num_beams': 8, 'temperature': 0.24665220234225976, 'warmup_ratio': 0.07203065542960185, 'weight_decay': 0.019413759491985826, 'top_p': 0.8062573775969143}
[2025-10-10 18:33:24] 
Trial 49: {'learning_rate': 0.000123459009149017, 'batch_size': 4, 'lora_r': 60, 'lora_alpha': 16, 'num_beams': 8, 'temperature': 0.4310171138441712, 'warmup_ratio': 0.09850317569662546, 'weight_decay': 0.015864025618939258, 'top_p': 0.810277026511656}
[2025-10-10 18:33:24] 
Trial 50: {'learning_rate': 8.77962763251098e-05, 'batch_size': 4, 'lora_r': 48, 'lora_alpha': 40, 'num_beams': 3, 'temperature': 0.20278853757622584, 'warmup_ratio': 0.07096685679921909, 'weight_decay': 0.03506332368207289, 'top_p': 0.8213883356926795}
[2025-10-10 18:33:24] 
Trial 51: {'learning_rate': 4.7688166539278016e-05, 'batch_size': 4, 'lora_r': 36, 'lora_alpha': 72, 'num_beams': 7, 'temperature': 0.5764186743067701, 'warmup_ratio': 0.05655596656577123, 'weight_decay': 0.0422181732609951, 'top_p': 0.8498340754755941}
[2025-10-10 18:33:24] 
Trial 52: {'learning_rate': 4.919684622333478e-05, 'batch_size': 4, 'lora_r': 32, 'lora_alpha': 72, 'num_beams': 8, 'temperature': 0.3102992756075634, 'warmup_ratio': 0.054990918718029566, 'weight_decay': 0.04346323513471871, 'top_p': 0.8489152339559048}
[2025-10-10 18:33:24] 
Trial 53: {'learning_rate': 0.00011544801306191091, 'batch_size': 4, 'lora_r': 24, 'lora_alpha': 80, 'num_beams': 7, 'temperature': 0.45034810401417014, 'warmup_ratio': 0.08148877222768089, 'weight_decay': 0.028962689786919214, 'top_p': 0.8346198069632922}
[2025-10-10 18:33:24] 
Trial 54: {'learning_rate': 3.702099214334519e-05, 'batch_size': 4, 'lora_r': 36, 'lora_alpha': 56, 'num_beams': 7, 'temperature': 0.5624141810792943, 'warmup_ratio': 0.0888602705021177, 'weight_decay': 0.04049471174651958, 'top_p': 0.8615085707792514}
[2025-10-10 18:33:24] 
Trial 55: {'learning_rate': 0.00014185774116936054, 'batch_size': 4, 'lora_r': 44, 'lora_alpha': 72, 'num_beams': 8, 'temperature': 0.3869757791299038, 'warmup_ratio': 0.03562645904099848, 'weight_decay': 0.01911122727886632, 'top_p': 0.8138231503130079}
[2025-10-10 18:33:24] 
Trial 56: {'learning_rate': 7.155018770302308e-05, 'batch_size': 4, 'lora_r': 52, 'lora_alpha': 88, 'num_beams': 7, 'temperature': 0.6374998456278365, 'warmup_ratio': 0.06750043475895776, 'weight_decay': 0.03580592683659337, 'top_p': 0.8365046604543512}
[2025-10-10 18:33:24] 
Trial 57: {'learning_rate': 0.00023673665590926175, 'batch_size': 16, 'lora_r': 48, 'lora_alpha': 88, 'num_beams': 8, 'temperature': 0.5026561077587881, 'warmup_ratio': 0.05000486247871518, 'weight_decay': 0.04742661915884809, 'top_p': 0.8490051920258487}
[2025-10-10 18:33:24] 
Trial 58: {'learning_rate': 0.00018071252431793607, 'batch_size': 4, 'lora_r': 40, 'lora_alpha': 32, 'num_beams': 7, 'temperature': 0.964232123831694, 'warmup_ratio': 0.010351530641455189, 'weight_decay': 0.030054185200057978, 'top_p': 0.9272677771990896}
[2025-10-10 18:33:24] 
Trial 59: {'learning_rate': 8.881354840979176e-05, 'batch_size': 4, 'lora_r': 44, 'lora_alpha': 16, 'num_beams': 6, 'temperature': 0.16639894839146618, 'warmup_ratio': 0.031069128984522583, 'weight_decay': 0.008133330900605844, 'top_p': 0.8255973500482613}
[2025-10-10 18:33:24] 
Trial 60: {'learning_rate': 2.4590158853262508e-05, 'batch_size': 4, 'lora_r': 56, 'lora_alpha': 48, 'num_beams': 5, 'temperature': 0.8948825602173635, 'warmup_ratio': 0.007623949534011767, 'weight_decay': 0.025380894416371008, 'top_p': 0.8670592320198471}
[2025-10-10 18:33:24] 
Trial 61: {'learning_rate': 6.61579371011934e-05, 'batch_size': 8, 'lora_r': 36, 'lora_alpha': 72, 'num_beams': 6, 'temperature': 0.7334134857420094, 'warmup_ratio': 0.018524384292511298, 'weight_decay': 0.055140242475389685, 'top_p': 0.9198157095037206}
[2025-10-10 18:33:24] 
Trial 62: {'learning_rate': 4.841464654708601e-05, 'batch_size': 8, 'lora_r': 40, 'lora_alpha': 96, 'num_beams': 6, 'temperature': 0.8371928849324803, 'warmup_ratio': 0.04041542256303799, 'weight_decay': 0.06919928895680695, 'top_p': 0.8408447289995127}
[2025-10-10 18:33:24] 
Trial 63: {'learning_rate': 4.828317812650749e-05, 'batch_size': 8, 'lora_r': 48, 'lora_alpha': 104, 'num_beams': 6, 'temperature': 0.8864209155502234, 'warmup_ratio': 0.056691124521012985, 'weight_decay': 0.07629121819140723, 'top_p': 0.8323381804505143}
[2025-10-10 18:33:24] 
Trial 64: {'learning_rate': 0.0009841670344314273, 'batch_size': 8, 'lora_r': 48, 'lora_alpha': 112, 'num_beams': 5, 'temperature': 0.9145310587255135, 'warmup_ratio': 0.05378772566396084, 'weight_decay': 0.07758354915983263, 'top_p': 0.8396444910634645}
[2025-10-10 18:33:24] 
Trial 65: {'learning_rate': 4.7975755204702086e-05, 'batch_size': 8, 'lora_r': 52, 'lora_alpha': 104, 'num_beams': 6, 'temperature': 0.3006618709770056, 'warmup_ratio': 0.09326039971734915, 'weight_decay': 0.07182912168285366, 'top_p': 0.8481347010626645}
[2025-10-10 18:33:24] 
Trial 66: {'learning_rate': 4.733087892430922e-05, 'batch_size': 8, 'lora_r': 52, 'lora_alpha': 104, 'num_beams': 6, 'temperature': 0.9574459496947512, 'warmup_ratio': 0.13365339733761603, 'weight_decay': 0.08572413671933628, 'top_p': 0.8306208853716038}
[2025-10-10 18:33:24] 
Trial 67: {'learning_rate': 3.4088721270709516e-05, 'batch_size': 8, 'lora_r': 56, 'lora_alpha': 120, 'num_beams': 6, 'temperature': 0.8731249057851803, 'warmup_ratio': 0.11476130264024069, 'weight_decay': 0.07208648103761969, 'top_p': 0.8448607509947473}
[2025-10-10 18:33:24] 
Trial 68: {'learning_rate': 1.881769459015511e-05, 'batch_size': 8, 'lora_r': 40, 'lora_alpha': 104, 'num_beams': 5, 'temperature': 0.8462633451417343, 'warmup_ratio': 0.09195130071417715, 'weight_decay': 0.06879609771560813, 'top_p': 0.8556299177790057}
[2025-10-10 18:33:24] 
Trial 69: {'learning_rate': 1.5000612705840401e-05, 'batch_size': 8, 'lora_r': 40, 'lora_alpha': 96, 'num_beams': 4, 'temperature': 0.9754936910518816, 'warmup_ratio': 0.06131580747152279, 'weight_decay': 0.06836291735316063, 'top_p': 0.8572876634603513}
[2025-10-10 18:33:24] 
Trial 70: {'learning_rate': 1.3829205152700081e-05, 'batch_size': 8, 'lora_r': 40, 'lora_alpha': 112, 'num_beams': 4, 'temperature': 0.8379268198745787, 'warmup_ratio': 0.10763121088479384, 'weight_decay': 0.06830302823138681, 'top_p': 0.8553874550993977}
[2025-10-10 18:33:24] 
Trial 71: {'learning_rate': 1.1414540028762679e-05, 'batch_size': 8, 'lora_r': 40, 'lora_alpha': 96, 'num_beams': 3, 'temperature': 0.9690903104125582, 'warmup_ratio': 0.04493600830282733, 'weight_decay': 0.07500971025803607, 'top_p': 0.8612156021544011}
[2025-10-10 18:33:24] 
Trial 72: {'learning_rate': 1.8929270542992524e-05, 'batch_size': 8, 'lora_r': 44, 'lora_alpha': 96, 'num_beams': 4, 'temperature': 0.9273798773689047, 'warmup_ratio': 0.07693511519015764, 'weight_decay': 0.0844153505307984, 'top_p': 0.8396013510272259}
[2025-10-10 18:33:24] 
Trial 73: {'learning_rate': 2.8139209586966356e-05, 'batch_size': 8, 'lora_r': 44, 'lora_alpha': 88, 'num_beams': 4, 'temperature': 0.7778115942215854, 'warmup_ratio': 0.07751553660829813, 'weight_decay': 0.08588441439919062, 'top_p': 0.8184378420899802}
[2025-10-10 18:33:24] 
Trial 74: {'learning_rate': 1.942750160636945e-05, 'batch_size': 8, 'lora_r': 40, 'lora_alpha': 104, 'num_beams': 4, 'temperature': 0.9226007110141499, 'warmup_ratio': 0.06278338471094866, 'weight_decay': 0.08234445140271199, 'top_p': 0.8709717223232633}
[2025-10-10 18:33:24] 
Trial 75: {'learning_rate': 1.8908444438627833e-05, 'batch_size': 8, 'lora_r': 32, 'lora_alpha': 104, 'num_beams': 4, 'temperature': 0.8813638358664595, 'warmup_ratio': 0.06186023904063104, 'weight_decay': 0.08289212948415718, 'top_p': 0.8529135662331332}
[2025-10-10 18:33:24] 
Trial 76: {'learning_rate': 1.6259989828538437e-05, 'batch_size': 8, 'lora_r': 40, 'lora_alpha': 96, 'num_beams': 3, 'temperature': 0.9254418125611306, 'warmup_ratio': 0.07586982138593051, 'weight_decay': 0.06778051340617812, 'top_p': 0.870543686278632}
[2025-10-10 18:33:24] 
Trial 77: {'learning_rate': 1.868130867554805e-05, 'batch_size': 8, 'lora_r': 44, 'lora_alpha': 104, 'num_beams': 4, 'temperature': 0.9088136739298575, 'warmup_ratio': 0.06476736537437325, 'weight_decay': 0.0749363910552198, 'top_p': 0.8296732317007309}
[2025-10-10 18:33:24] 
Trial 78: {'learning_rate': 1.3786599686147076e-05, 'batch_size': 8, 'lora_r': 40, 'lora_alpha': 88, 'num_beams': 4, 'temperature': 0.6714980854945733, 'warmup_ratio': 0.08960195948142646, 'weight_decay': 0.09476910298315978, 'top_p': 0.8598929882554824}
[2025-10-10 18:33:24] 
Trial 79: {'learning_rate': 1.605331582504e-05, 'batch_size': 8, 'lora_r': 32, 'lora_alpha': 112, 'num_beams': 3, 'temperature': 0.8456821665719377, 'warmup_ratio': 0.056422321507762226, 'weight_decay': 0.09189964067753648, 'top_p': 0.8420332414440996}
[2025-10-10 18:33:24] 
Trial 80: {'learning_rate': 2.218438452772033e-05, 'batch_size': 8, 'lora_r': 28, 'lora_alpha': 112, 'num_beams': 2, 'temperature': 0.8505747077808619, 'warmup_ratio': 0.058067122423928, 'weight_decay': 0.09083830536640068, 'top_p': 0.8524025134558679}
[2025-10-10 18:33:24] 
Trial 81: {'learning_rate': 1.504399288797264e-05, 'batch_size': 8, 'lora_r': 36, 'lora_alpha': 112, 'num_beams': 2, 'temperature': 0.8325258365519767, 'warmup_ratio': 0.05263074530242888, 'weight_decay': 0.09919262221810111, 'top_p': 0.839638924108218}
[2025-10-10 18:33:24] 
Trial 82: {'learning_rate': 1.5869998990947985e-05, 'batch_size': 8, 'lora_r': 36, 'lora_alpha': 120, 'num_beams': 2, 'temperature': 0.8378914721180402, 'warmup_ratio': 0.05164397728691015, 'weight_decay': 0.09955658337139577, 'top_p': 0.8435912982413354}
[2025-10-10 18:33:24] 
Trial 83: {'learning_rate': 1.0797915339113589e-05, 'batch_size': 8, 'lora_r': 32, 'lora_alpha': 96, 'num_beams': 3, 'temperature': 0.8882410444795722, 'warmup_ratio': 0.0646828769584723, 'weight_decay': 0.0910757093138181, 'top_p': 0.8329257539589093}
[2025-10-10 18:33:24] 
Trial 84: {'learning_rate': 1.2802691054890685e-05, 'batch_size': 8, 'lora_r': 36, 'lora_alpha': 112, 'num_beams': 2, 'temperature': 0.9335856708722502, 'warmup_ratio': 0.08619538622554061, 'weight_decay': 0.09322961127774425, 'top_p': 0.8258079088014494}
[2025-10-10 18:33:24] 
Trial 85: {'learning_rate': 2.2154799571717343e-05, 'batch_size': 8, 'lora_r': 32, 'lora_alpha': 104, 'num_beams': 3, 'temperature': 0.7680478508629316, 'warmup_ratio': 0.07664681986905807, 'weight_decay': 0.08741610745173804, 'top_p': 0.8416296156321891}
[2025-10-10 18:33:24] 
Trial 86: {'learning_rate': 2.04260111302025e-05, 'batch_size': 8, 'lora_r': 36, 'lora_alpha': 120, 'num_beams': 2, 'temperature': 0.8678370881527101, 'warmup_ratio': 0.05936667967778741, 'weight_decay': 0.08116182561399839, 'top_p': 0.870946108849121}
[2025-10-10 18:33:24] 
Trial 87: {'learning_rate': 2.7806458336666117e-05, 'batch_size': 8, 'lora_r': 40, 'lora_alpha': 104, 'num_beams': 3, 'temperature': 0.9486798608429401, 'warmup_ratio': 0.04486737061346571, 'weight_decay': 0.098762777448608, 'top_p': 0.8652014167013993}
[2025-10-10 18:33:24] 
Trial 88: {'learning_rate': 1.0000077425872941e-05, 'batch_size': 8, 'lora_r': 28, 'lora_alpha': 112, 'num_beams': 4, 'temperature': 0.9841354119773068, 'warmup_ratio': 0.16717947876945738, 'weight_decay': 0.0837250880172207, 'top_p': 0.8572873060992074}
[2025-10-10 18:33:24] 
Trial 89: {'learning_rate': 1.2056747381211821e-05, 'batch_size': 16, 'lora_r': 28, 'lora_alpha': 96, 'num_beams': 4, 'temperature': 0.9824224824211144, 'warmup_ratio': 0.17467906231742086, 'weight_decay': 0.08351052831513361, 'top_p': 0.877460849593096}
[2025-10-10 18:33:24] 
Trial 90: {'learning_rate': 1.9377433714865957e-05, 'batch_size': 8, 'lora_r': 24, 'lora_alpha': 112, 'num_beams': 4, 'temperature': 0.9985846594209566, 'warmup_ratio': 0.15240795665123824, 'weight_decay': 0.07710807187295698, 'top_p': 0.8875205633815945}
[2025-10-10 18:33:24] 
Trial 91: {'learning_rate': 1.717876008687272e-05, 'batch_size': 8, 'lora_r': 32, 'lora_alpha': 112, 'num_beams': 4, 'temperature': 0.9064917709176673, 'warmup_ratio': 0.19861614481691336, 'weight_decay': 0.08820312781868042, 'top_p': 0.8563470429670675}
[2025-10-10 18:33:24] 
Trial 92: {'learning_rate': 1.7306473298675456e-05, 'batch_size': 8, 'lora_r': 28, 'lora_alpha': 104, 'num_beams': 4, 'temperature': 0.9284190906161571, 'warmup_ratio': 0.1947128174902867, 'weight_decay': 0.06992946400103973, 'top_p': 0.857391183454706}
[2025-10-10 18:33:24] 
Trial 93: {'learning_rate': 1.004425122079088e-05, 'batch_size': 8, 'lora_r': 32, 'lora_alpha': 120, 'num_beams': 4, 'temperature': 0.8973642700693721, 'warmup_ratio': 0.17271741826929077, 'weight_decay': 0.08777897983202482, 'top_p': 0.8579656645986352}
[2025-10-10 18:33:24] 
Trial 94: {'learning_rate': 1.306819098813822e-05, 'batch_size': 8, 'lora_r': 24, 'lora_alpha': 112, 'num_beams': 5, 'temperature': 0.9519196826805636, 'warmup_ratio': 0.18239658396210007, 'weight_decay': 0.08280477352097401, 'top_p': 0.8520609626884994}
[2025-10-10 18:33:24] 
Trial 95: {'learning_rate': 1.2916760395093511e-05, 'batch_size': 8, 'lora_r': 20, 'lora_alpha': 120, 'num_beams': 5, 'temperature': 0.9772184270141714, 'warmup_ratio': 0.18272502871973878, 'weight_decay': 0.07824638658695551, 'top_p': 0.852025271547769}
[2025-10-10 18:33:24] 
Trial 96: {'learning_rate': 1.053771233972405e-05, 'batch_size': 8, 'lora_r': 24, 'lora_alpha': 112, 'num_beams': 5, 'temperature': 0.9475113054012022, 'warmup_ratio': 0.19846874794651326, 'weight_decay': 0.05925611740314726, 'top_p': 0.8487970690363345}
[2025-10-10 18:33:24] 
Trial 97: {'learning_rate': 1.6991742758020217e-05, 'batch_size': 8, 'lora_r': 20, 'lora_alpha': 96, 'num_beams': 5, 'temperature': 0.8708626101372902, 'warmup_ratio': 0.18777923814748457, 'weight_decay': 0.0892429302877988, 'top_p': 0.8357159892486207}
[2025-10-10 18:33:24] 
Trial 98: {'learning_rate': 1.4889845285110339e-05, 'batch_size': 8, 'lora_r': 20, 'lora_alpha': 96, 'num_beams': 5, 'temperature': 0.9056560910387602, 'warmup_ratio': 0.1873570798744184, 'weight_decay': 0.09198780545534846, 'top_p': 0.8213907009595812}
[2025-10-10 18:33:24] 
Trial 99: {'learning_rate': 2.66053071033939e-05, 'batch_size': 8, 'lora_r': 16, 'lora_alpha': 112, 'num_beams': 5, 'temperature': 0.8688125824984467, 'warmup_ratio': 0.1791869805648998, 'weight_decay': 0.0889199876562014, 'top_p': 0.8359552295546296}
[2025-10-10 18:33:24] 
============================================================
[2025-10-10 18:33:24] ✅ OPTIMIZATION COMPLETED!
[2025-10-10 18:33:24] ============================================================
[2025-10-10 18:33:24] Best score: 0.8970
[2025-10-10 18:33:24] Best parameters:
[2025-10-10 18:33:24]   - learning_rate: 4.841464654708601e-05
[2025-10-10 18:33:24]   - batch_size: 8
[2025-10-10 18:33:24]   - lora_r: 40
[2025-10-10 18:33:24]   - lora_alpha: 96
[2025-10-10 18:33:24]   - num_beams: 6
[2025-10-10 18:33:24]   - temperature: 0.8371928849324803
[2025-10-10 18:33:24]   - warmup_ratio: 0.04041542256303799
[2025-10-10 18:33:24]   - weight_decay: 0.06919928895680695
[2025-10-10 18:33:24]   - top_p: 0.8408447289995127
[2025-10-10 18:33:24] 
📊 Top 5 trials:
[2025-10-10 18:33:25] 1. Score: 0.8970
[2025-10-10 18:33:25] 
✅ Config updated with optimal hyperparameters!
[2025-10-10 18:33:25] 
📁 Optimization results saved:
[2025-10-10 18:33:25]   - Study: logs/full_pipeline/optuna/optuna_study_20251010_183319.pkl
[2025-10-10 18:33:25]   - CSV: logs/full_pipeline/optuna/optuna_results_20251010_183319.csv
[2025-10-10 18:33:25]   - Best params: logs/full_pipeline/optuna/best_params_20251010_183319.json
[2025-10-10 18:33:25] 
✅ Config has been updated with optimal hyperparameters!
[2025-10-10 18:33:25] [hyperparameter_optimization] Status: completed
[2025-10-10 18:33:25] ✅ Solar API initialized for cross-validation
[2025-10-10 18:33:25] [model_training] Status: running
[2025-10-10 18:33:25] 
=== Model Training (GPU Optimized) ===
[2025-10-10 18:33:26] ✅ Mixed Precision (FP16) Training ENABLED - 40% memory reduction
[2025-10-10 18:33:26] 
🧹 GPU 메모리 완전 정리 중...
[2025-10-10 18:33:27] Training primary model: gogamza/kobart-base-v2
[2025-10-10 18:33:28] ✅ Tokenizer loaded
[2025-10-10 18:33:29] ✅ Model loaded to CPU
[2025-10-10 18:33:29] Model moved to cuda
[2025-10-10 18:33:29] GPU Memory - Total: 23.99GB, Reserved: 0.52GB, Allocated: 0.46GB
[2025-10-10 18:33:29] ✅ Gradient Accumulation: 1 steps
[2025-10-10 18:33:29]    Physical batch size: 8
[2025-10-10 18:33:29]    Effective batch size: 8
[2025-10-10 18:33:29] 
⚙️ Optimizer 초기화 중...
[2025-10-10 18:33:29] ✅ Optimizer initialized successfully
[2025-10-10 18:33:29] 
======================================================================
[2025-10-10 18:33:29] 🚀 TRAINING START - GPU Optimized
[2025-10-10 18:33:29] ======================================================================
[2025-10-10 18:33:29] Epochs: 10
[2025-10-10 18:33:29] Gradient Accumulation: 1
[2025-10-10 18:33:29] Mixed Precision (FP16): True
[2025-10-10 18:33:29] Gradient Checkpointing: False
[2025-10-10 18:33:29] ======================================================================

[2025-10-10 18:35:28]   Epoch 1: Train Loss = 1.8130
[2025-10-10 18:35:28]   GPU Memory: Allocated=1.46GB, Reserved=4.92GB
[2025-10-10 18:35:28]   ✅ Best model saved (loss: 1.8130)
[2025-10-10 18:37:26]   Epoch 2: Train Loss = 1.1542
[2025-10-10 18:37:26]   GPU Memory: Allocated=1.46GB, Reserved=4.92GB
[2025-10-10 18:37:27]   ✅ Best model saved (loss: 1.1542)
[2025-10-10 18:39:26]   Epoch 3: Train Loss = 0.8797
[2025-10-10 18:39:26]   GPU Memory: Allocated=1.46GB, Reserved=4.92GB
[2025-10-10 18:39:26]   ✅ Best model saved (loss: 0.8797)
[2025-10-10 18:41:27]   Epoch 4: Train Loss = 0.6685
[2025-10-10 18:41:27]   GPU Memory: Allocated=1.46GB, Reserved=4.92GB
[2025-10-10 18:41:28]   ✅ Best model saved (loss: 0.6685)
[2025-10-10 18:43:26]   Epoch 5: Train Loss = 0.5073
[2025-10-10 18:43:26]   GPU Memory: Allocated=1.46GB, Reserved=4.92GB
[2025-10-10 18:43:27]   ✅ Best model saved (loss: 0.5073)
[2025-10-10 18:45:28]   Epoch 6: Train Loss = 0.3870
[2025-10-10 18:45:28]   GPU Memory: Allocated=1.46GB, Reserved=4.92GB
[2025-10-10 18:45:28]   ✅ Best model saved (loss: 0.3870)
[2025-10-10 18:47:29]   Epoch 7: Train Loss = 0.2959
[2025-10-10 18:47:29]   GPU Memory: Allocated=1.46GB, Reserved=4.92GB
[2025-10-10 18:47:30]   ✅ Best model saved (loss: 0.2959)
[2025-10-10 18:49:29]   Epoch 8: Train Loss = 0.2303
[2025-10-10 18:49:29]   GPU Memory: Allocated=1.46GB, Reserved=4.92GB
[2025-10-10 18:49:30]   ✅ Best model saved (loss: 0.2303)
[2025-10-10 18:51:33]   Epoch 9: Train Loss = 0.1827
[2025-10-10 18:51:33]   GPU Memory: Allocated=1.46GB, Reserved=4.92GB
[2025-10-10 18:51:33]   ✅ Best model saved (loss: 0.1827)
[2025-10-10 18:53:35]   Epoch 10: Train Loss = 0.1525
[2025-10-10 18:53:35]   GPU Memory: Allocated=1.46GB, Reserved=4.92GB
[2025-10-10 18:53:36]   ✅ Best model saved (loss: 0.1525)
[2025-10-10 18:53:36] 
======================================================================
[2025-10-10 18:53:36] ✅ Training completed successfully!
[2025-10-10 18:53:36] Best loss: 0.1525
[2025-10-10 18:53:36] Total training steps: 15580
[2025-10-10 18:53:36] ======================================================================

[2025-10-10 18:53:36] [model_training] Status: completed
[2025-10-10 18:53:36] [final_prediction] Status: running
[2025-10-10 18:53:36] 
=== Final Prediction ===
[2025-10-10 18:53:36] Generating predictions for test set...
[2025-10-10 18:55:04] Generated 499 predictions
[2025-10-10 18:55:04] 
=== Solar API Cross-Validation ===
[2025-10-10 18:55:04] 
=== Solar API Cross-Validation ===
[2025-10-10 18:55:20] Comparisons completed: 10 samples
[2025-10-10 18:55:20] Avg model length: 209.1
[2025-10-10 18:55:20] Avg API length: 194.0
[2025-10-10 18:55:20] API calls made: 10
[2025-10-10 18:55:20] Estimated tokens used: 1377
[2025-10-10 18:55:20] ✅ Solar API cross-validation completed
[2025-10-10 18:55:20]    Model avg length: 209.1
[2025-10-10 18:55:20]    API avg length: 194.0
[2025-10-10 18:55:20]    API calls made: 10
[2025-10-10 18:55:20] Submission file saved: /home/ieyeppo/AI_Lab/natural-language-processing-competition/notebooks/team/CHH/submissions/full_pipeline/full_pipeline_submission_20251010_183319.csv
[2025-10-10 18:55:20] Shape: (499, 2)
[2025-10-10 18:55:20] [final_prediction] Status: completed
