[2025-10-10 13:25:43] ==================================================
[2025-10-10 13:25:43] FULL PIPELINE EXECUTION STARTED
[2025-10-10 13:25:43] Timestamp: 20251010_132543
[2025-10-10 13:25:43] Config: /home/ieyeppo/AI_Lab/natural-language-processing-competition/notebooks/team/CHH/configs/config_full_pipeline.yaml
[2025-10-10 13:25:43] ==================================================
[2025-10-10 13:25:43] GPU Tier: LOW
[2025-10-10 13:25:43] Auto-optimization enabled
[2025-10-10 13:25:43] Finding optimal batch size...
[2025-10-10 13:25:43] [data_quality_check] Status: running
[2025-10-10 13:25:43] 
=== Data Quality Check ===
[2025-10-10 13:25:43] Loading data from config paths:
[2025-10-10 13:25:43]   - Train: /home/ieyeppo/AI_Lab/natural-language-processing-competition/notebooks/team/CHH/../../../data/raw/train.csv
[2025-10-10 13:25:43]   - Dev: /home/ieyeppo/AI_Lab/natural-language-processing-competition/notebooks/team/CHH/../../../data/raw/dev.csv
[2025-10-10 13:25:43]   - Test: /home/ieyeppo/AI_Lab/natural-language-processing-competition/notebooks/team/CHH/../../../data/raw/test.csv
[2025-10-10 13:25:43] ✅ Loaded 12457 training samples
[2025-10-10 13:25:43] ✅ Loaded 499 dev samples
[2025-10-10 13:25:43] ✅ Loaded 499 test samples
[2025-10-10 13:25:43] Null values - Train: 0, Dev: 0, Test: 0
[2025-10-10 13:25:43] Duplicate rows in training data: 0
[2025-10-10 13:25:43] ✅ Data loading completed successfully!
[2025-10-10 13:25:43] [data_quality_check] Status: completed
[2025-10-10 13:25:43] 
=== Comprehensive Data Quality Validation ===
[2025-10-10 13:25:43] 
📊 Data Quality Report:
[2025-10-10 13:25:43] 
Structural Validation:
[2025-10-10 13:25:43]   - Train shape: (12457, 4)
[2025-10-10 13:25:43]   - Dev shape: (499, 4)
[2025-10-10 13:25:43]   - Test shape: (499, 2)
[2025-10-10 13:25:43]   - Column match: True
[2025-10-10 13:25:43] 
Text Quality:
[2025-10-10 13:25:43]   - Avg dialogue length: 406.1
[2025-10-10 13:25:43]   - Compression ratio: 23.23%
[2025-10-10 13:25:43]   - Encoding issues: 0
[2025-10-10 13:25:43]   - Special chars: 12455
[2025-10-10 13:25:43] 
Label Distribution:
[2025-10-10 13:25:43]   - Unique topics: 9235
[2025-10-10 13:25:43]   - Imbalance ratio: 130.00
[2025-10-10 13:25:43] 
Outlier Detection:
[2025-10-10 13:25:43]   - Outlier count: 355
[2025-10-10 13:25:43]   - Outlier ratio: 2.85%
[2025-10-10 13:25:43] 
📋 Recommendations:
[2025-10-10 13:25:43]   ✓ Clean special characters from text
[2025-10-10 13:25:43]   ✓ Consider data augmentation for underrepresented topics
[2025-10-10 13:25:43] ⚠️ Error during data validation: You must call wandb.init() before wandb.log()
[2025-10-10 13:25:43]    Skipping detailed validation. Please check data loading in cell 7.
[2025-10-10 13:25:43] Visualizations will be saved to: /home/ieyeppo/AI_Lab/natural-language-processing-competition/notebooks/team/CHH/../logs/full_pipeline/visualizations
[2025-10-10 13:25:46] WandB initialized for full pipeline tracking
[2025-10-10 13:25:47] [data_preprocessing] Status: running
[2025-10-10 13:25:47] 
=== Data Preprocessing ===
[2025-10-10 13:25:47] Preprocessed 12457 training samples
[2025-10-10 13:25:47] Preprocessed 499 dev samples
[2025-10-10 13:25:47] Preprocessed 499 test samples
[2025-10-10 13:25:47] 
Text Length Statistics:
[2025-10-10 13:25:47]   Dialogue - Mean: 347.3, Max: 1952
[2025-10-10 13:25:47]   Summary - Mean: 85.8, Max: 376
[2025-10-10 13:25:47] [data_preprocessing] Status: completed
[2025-10-10 13:25:47] [hyperparameter_optimization] Status: running
[2025-10-10 13:25:47] 
======================================================================
[2025-10-10 13:25:47] 🎯 HYPERPARAMETER OPTIMIZATION STAGE
[2025-10-10 13:25:47] ======================================================================
[2025-10-10 13:25:47] ✅ Optimization ENABLED with 100 trials
[2025-10-10 13:25:47] 
============================================================
[2025-10-10 13:25:47] 🎯 OPTUNA HYPERPARAMETER OPTIMIZATION STARTING
[2025-10-10 13:25:47] ============================================================
[2025-10-10 13:25:47] Number of trials: 100
[2025-10-10 13:25:47] Optimization metric: rouge_l
[2025-10-10 13:25:47] 
🚀 Starting optimization...
[2025-10-10 13:25:47] 
Trial 0: {'learning_rate': 5.6115164153345e-05, 'batch_size': 4, 'lora_r': 12, 'lora_alpha': 24, 'num_beams': 2, 'temperature': 0.8795585311974417, 'warmup_ratio': 0.12022300234864176, 'weight_decay': 0.07080725777960455, 'top_p': 0.8041168988591605}
[2025-10-10 13:25:47] 
Trial 1: {'learning_rate': 0.0008706020878304854, 'batch_size': 4, 'lora_r': 12, 'lora_alpha': 40, 'num_beams': 5, 'temperature': 0.48875051677790415, 'warmup_ratio': 0.058245828039608386, 'weight_decay': 0.06118528947223795, 'top_p': 0.8278987721304084}
[2025-10-10 13:25:47] 
Trial 2: {'learning_rate': 3.8396292998041685e-05, 'batch_size': 16, 'lora_r': 16, 'lora_alpha': 72, 'num_beams': 6, 'temperature': 0.14180537144799796, 'warmup_ratio': 0.12150897038028768, 'weight_decay': 0.017052412368729154, 'top_p': 0.813010318597056}
[2025-10-10 13:25:47] 
Trial 3: {'learning_rate': 0.000790261954970823, 'batch_size': 4, 'lora_r': 8, 'lora_alpha': 88, 'num_beams': 5, 'temperature': 0.20983441136030095, 'warmup_ratio': 0.09903538202225404, 'weight_decay': 0.0034388521115218396, 'top_p': 0.9818640804157565}
[2025-10-10 13:25:47] 
Trial 4: {'learning_rate': 3.292759134423613e-05, 'batch_size': 4, 'lora_r': 36, 'lora_alpha': 24, 'num_beams': 8, 'temperature': 0.7976195410250031, 'warmup_ratio': 0.18789978831283782, 'weight_decay': 0.08948273504276488, 'top_p': 0.919579995762217}
[2025-10-10 13:25:47] 
Trial 5: {'learning_rate': 0.0006978281265126031, 'batch_size': 8, 'lora_r': 24, 'lora_alpha': 56, 'num_beams': 3, 'temperature': 0.8458637582367364, 'warmup_ratio': 0.07135066533871785, 'weight_decay': 0.02809345096873808, 'top_p': 0.9085392166316497}
[2025-10-10 13:25:47] 
Trial 6: {'learning_rate': 1.913588048769229e-05, 'batch_size': 16, 'lora_r': 52, 'lora_alpha': 32, 'num_beams': 2, 'temperature': 0.8339152856093507, 'warmup_ratio': 0.14137146876952342, 'weight_decay': 0.07290071680409874, 'top_p': 0.9542540693371891}
[2025-10-10 13:25:47] 
Trial 7: {'learning_rate': 1.4063366777718176e-05, 'batch_size': 16, 'lora_r': 40, 'lora_alpha': 48, 'num_beams': 2, 'temperature': 0.379884089544096, 'warmup_ratio': 0.06503666440534941, 'weight_decay': 0.0729606178338064, 'top_p': 0.9275114942710426}
[2025-10-10 13:25:47] 
Trial 8: {'learning_rate': 0.000594874681321977, 'batch_size': 16, 'lora_r': 52, 'lora_alpha': 72, 'num_beams': 7, 'temperature': 0.5444160367279517, 'warmup_ratio': 0.10454656587639882, 'weight_decay': 0.042754101835854964, 'top_p': 0.8050838253488191}
[2025-10-10 13:25:47] 
Trial 9: {'learning_rate': 1.6435497475111308e-05, 'batch_size': 8, 'lora_r': 36, 'lora_alpha': 120, 'num_beams': 3, 'temperature': 0.4693446307320668, 'warmup_ratio': 0.15111022770860974, 'weight_decay': 0.022879816549162248, 'top_p': 0.8153959819657587}
[2025-10-10 13:25:47] 
Trial 10: {'learning_rate': 0.00010649438604541333, 'batch_size': 16, 'lora_r': 24, 'lora_alpha': 104, 'num_beams': 6, 'temperature': 0.13485267996506467, 'warmup_ratio': 0.0031189599316912286, 'weight_decay': 0.001185259561164536, 'top_p': 0.8669590352446472}
[2025-10-10 13:25:47] 
Trial 11: {'learning_rate': 0.0001268908193314921, 'batch_size': 16, 'lora_r': 64, 'lora_alpha': 72, 'num_beams': 4, 'temperature': 0.9590272521284302, 'warmup_ratio': 0.15613025854996426, 'weight_decay': 0.09857566159747079, 'top_p': 0.9681191123705278}
[2025-10-10 13:25:47] 
Trial 12: {'learning_rate': 3.36177538089219e-05, 'batch_size': 16, 'lora_r': 52, 'lora_alpha': 8, 'num_beams': 6, 'temperature': 0.6874130802024829, 'warmup_ratio': 0.14300213432362882, 'weight_decay': 0.047428268266554094, 'top_p': 0.8702704340870188}
[2025-10-10 13:25:47] 
Trial 13: {'learning_rate': 4.848401495672273e-05, 'batch_size': 16, 'lora_r': 48, 'lora_alpha': 8, 'num_beams': 6, 'temperature': 0.673026335116201, 'warmup_ratio': 0.19772929956556934, 'weight_decay': 0.040095596968204396, 'top_p': 0.8620074454211203}
[2025-10-10 13:25:47] 
Trial 14: {'learning_rate': 0.0002665465744292977, 'batch_size': 16, 'lora_r': 24, 'lora_alpha': 96, 'num_beams': 7, 'temperature': 0.6861051379380694, 'warmup_ratio': 0.1705736880988555, 'weight_decay': 0.01796883114631654, 'top_p': 0.8580500013216897}
[2025-10-10 13:25:47] 
Trial 15: {'learning_rate': 3.987413106496017e-05, 'batch_size': 16, 'lora_r': 64, 'lora_alpha': 8, 'num_beams': 6, 'temperature': 0.3134328620882908, 'warmup_ratio': 0.12224209480164404, 'weight_decay': 0.03797770578332975, 'top_p': 0.8415497345980362}
[2025-10-10 13:25:47] 
Trial 16: {'learning_rate': 1.0220690547060621e-05, 'batch_size': 8, 'lora_r': 4, 'lora_alpha': 64, 'num_beams': 8, 'temperature': 0.6322678504004496, 'warmup_ratio': 0.09409295560106846, 'weight_decay': 0.05513772871953359, 'top_p': 0.8865761084090429}
[2025-10-10 13:25:47] 
Trial 17: {'learning_rate': 2.670340676363997e-05, 'batch_size': 16, 'lora_r': 20, 'lora_alpha': 128, 'num_beams': 7, 'temperature': 0.29090719187859104, 'warmup_ratio': 0.03281110719544596, 'weight_decay': 0.018307567204012058, 'top_p': 0.889901509029121}
[2025-10-10 13:25:47] 
Trial 18: {'learning_rate': 7.123498417990455e-05, 'batch_size': 16, 'lora_r': 48, 'lora_alpha': 80, 'num_beams': 4, 'temperature': 0.1298289993979246, 'warmup_ratio': 0.1305769338611774, 'weight_decay': 0.012128332438548084, 'top_p': 0.8361854581556192}
[2025-10-10 13:25:47] 
Trial 19: {'learning_rate': 0.00021376575202698174, 'batch_size': 8, 'lora_r': 56, 'lora_alpha': 112, 'num_beams': 5, 'temperature': 0.7207523974653056, 'warmup_ratio': 0.17028415645472794, 'weight_decay': 0.028451016835878813, 'top_p': 0.8736356566651323}
[2025-10-10 13:25:47] 
Trial 20: {'learning_rate': 7.731789801741333e-05, 'batch_size': 16, 'lora_r': 32, 'lora_alpha': 56, 'num_beams': 6, 'temperature': 0.5961905597924265, 'warmup_ratio': 0.08466797869535667, 'weight_decay': 0.050529915915437706, 'top_p': 0.9433438152801837}
[2025-10-10 13:25:47] 
Trial 21: {'learning_rate': 2.186368516430359e-05, 'batch_size': 16, 'lora_r': 44, 'lora_alpha': 32, 'num_beams': 4, 'temperature': 0.7683679097021061, 'warmup_ratio': 0.14272085768622933, 'weight_decay': 0.07251967901748621, 'top_p': 0.9522396641971963}
[2025-10-10 13:25:47] 
Trial 22: {'learning_rate': 2.120093374212271e-05, 'batch_size': 16, 'lora_r': 60, 'lora_alpha': 16, 'num_beams': 5, 'temperature': 0.9616827920626037, 'warmup_ratio': 0.1370511577843667, 'weight_decay': 0.06212904036835191, 'top_p': 0.994075960980361}
[2025-10-10 13:25:47] 
Trial 23: {'learning_rate': 3.596357579732768e-05, 'batch_size': 16, 'lora_r': 56, 'lora_alpha': 40, 'num_beams': 7, 'temperature': 0.896385601020609, 'warmup_ratio': 0.1122098909786296, 'weight_decay': 0.08148272405058854, 'top_p': 0.8487020023202388}
[2025-10-10 13:25:47] 
Trial 24: {'learning_rate': 1.1110887344303604e-05, 'batch_size': 16, 'lora_r': 32, 'lora_alpha': 24, 'num_beams': 3, 'temperature': 0.780621910460375, 'warmup_ratio': 0.1717509016701836, 'weight_decay': 0.08345645554711778, 'top_p': 0.941366585741993}
[2025-10-10 13:25:47] 
Trial 25: {'learning_rate': 1.8520662472194827e-05, 'batch_size': 16, 'lora_r': 44, 'lora_alpha': 8, 'num_beams': 6, 'temperature': 0.4184143245341533, 'warmup_ratio': 0.15322033505002827, 'weight_decay': 0.034067315700973995, 'top_p': 0.9025057469217355}
[2025-10-10 13:25:47] 
Trial 26: {'learning_rate': 2.8069568912072517e-05, 'batch_size': 16, 'lora_r': 44, 'lora_alpha': 8, 'num_beams': 6, 'temperature': 0.3840668184345383, 'warmup_ratio': 0.18193694573542704, 'weight_decay': 0.032296815824633195, 'top_p': 0.8979502510150388}
[2025-10-10 13:25:47] 
Trial 27: {'learning_rate': 0.00015860512586638476, 'batch_size': 16, 'lora_r': 16, 'lora_alpha': 80, 'num_beams': 7, 'temperature': 0.24834358303579035, 'warmup_ratio': 0.15728164226597444, 'weight_decay': 0.04493683107488107, 'top_p': 0.8796866761630336}
[2025-10-10 13:25:47] 
Trial 28: {'learning_rate': 0.0002657434239486265, 'batch_size': 4, 'lora_r': 16, 'lora_alpha': 88, 'num_beams': 8, 'temperature': 0.22085542431673844, 'warmup_ratio': 0.15471863338992098, 'weight_decay': 0.010936900035649157, 'top_p': 0.9088524275197266}
[2025-10-10 13:25:47] 
Trial 29: {'learning_rate': 0.00014950946855205903, 'batch_size': 8, 'lora_r': 16, 'lora_alpha': 80, 'num_beams': 7, 'temperature': 0.2125349515039058, 'warmup_ratio': 0.12436108440922361, 'weight_decay': 0.03343092005388462, 'top_p': 0.8213836944913423}
[2025-10-10 13:25:47] 
Trial 30: {'learning_rate': 4.9757195554199256e-05, 'batch_size': 4, 'lora_r': 8, 'lora_alpha': 56, 'num_beams': 7, 'temperature': 0.28432808585178176, 'warmup_ratio': 0.16144281966629037, 'weight_decay': 0.02278675409829785, 'top_p': 0.8833757071782258}
[2025-10-10 13:25:47] 
Trial 31: {'learning_rate': 0.0004554578720073641, 'batch_size': 4, 'lora_r': 16, 'lora_alpha': 88, 'num_beams': 8, 'temperature': 0.20833909702854309, 'warmup_ratio': 0.15679952306039488, 'weight_decay': 0.009949238693830848, 'top_p': 0.9080993968800973}
[2025-10-10 13:25:47] 
Trial 32: {'learning_rate': 0.00019015092060503975, 'batch_size': 4, 'lora_r': 28, 'lora_alpha': 88, 'num_beams': 8, 'temperature': 0.3829301311678734, 'warmup_ratio': 0.11911435618043065, 'weight_decay': 0.009459758851616915, 'top_p': 0.9201796847300364}
[2025-10-10 13:25:47] 
Trial 33: {'learning_rate': 0.00030901957390070707, 'batch_size': 4, 'lora_r': 12, 'lora_alpha': 104, 'num_beams': 8, 'temperature': 0.17384291855049122, 'warmup_ratio': 0.1824476011323037, 'weight_decay': 0.015361367700987599, 'top_p': 0.8002095747224132}
[2025-10-10 13:25:47] 
Trial 34: {'learning_rate': 0.00035853200349433617, 'batch_size': 4, 'lora_r': 4, 'lora_alpha': 80, 'num_beams': 7, 'temperature': 0.24862611202515753, 'warmup_ratio': 0.1318354958719038, 'weight_decay': 0.0038038540340791793, 'top_p': 0.9309920097203439}
[2025-10-10 13:25:47] 
Trial 35: {'learning_rate': 6.630004873090936e-05, 'batch_size': 4, 'lora_r': 16, 'lora_alpha': 64, 'num_beams': 5, 'temperature': 0.1107578569335546, 'warmup_ratio': 0.16487563250456183, 'weight_decay': 0.023594296364045916, 'top_p': 0.9117341785460829}
[2025-10-10 13:25:47] 
Trial 36: {'learning_rate': 0.00016707160535562644, 'batch_size': 4, 'lora_r': 20, 'lora_alpha': 96, 'num_beams': 8, 'temperature': 0.4502442074131787, 'warmup_ratio': 0.15057291612370924, 'weight_decay': 0.05880490995227903, 'top_p': 0.8980406576353726}
[2025-10-10 13:25:47] 
Trial 37: {'learning_rate': 0.00010080146813474852, 'batch_size': 4, 'lora_r': 8, 'lora_alpha': 72, 'num_beams': 6, 'temperature': 0.3244202525431677, 'warmup_ratio': 0.19288609271936097, 'weight_decay': 0.03445325335318729, 'top_p': 0.8794917304798016}
[2025-10-10 13:25:47] 
Trial 38: {'learning_rate': 0.0009216426820651172, 'batch_size': 16, 'lora_r': 12, 'lora_alpha': 48, 'num_beams': 7, 'temperature': 0.1859957382246634, 'warmup_ratio': 0.11245822513194093, 'weight_decay': 0.04650302467329861, 'top_p': 0.8555450385719193}
[2025-10-10 13:25:47] 
Trial 39: {'learning_rate': 0.00047726264165390714, 'batch_size': 8, 'lora_r': 28, 'lora_alpha': 96, 'num_beams': 8, 'temperature': 0.4170386397660206, 'warmup_ratio': 0.1804094352282654, 'weight_decay': 0.027441566762222508, 'top_p': 0.926168726348566}
[2025-10-10 13:25:47] 
Trial 40: {'learning_rate': 0.00023575982513350513, 'batch_size': 16, 'lora_r': 20, 'lora_alpha': 88, 'num_beams': 5, 'temperature': 0.512990889385027, 'warmup_ratio': 0.04844865912231836, 'weight_decay': 0.04251082806579029, 'top_p': 0.9081001650009853}
[2025-10-10 13:25:47] 
Trial 41: {'learning_rate': 0.00014229597328300597, 'batch_size': 8, 'lora_r': 16, 'lora_alpha': 80, 'num_beams': 7, 'temperature': 0.2412561436979522, 'warmup_ratio': 0.12831247817821145, 'weight_decay': 0.033424920924320776, 'top_p': 0.8168295043965504}
[2025-10-10 13:25:47] 
Trial 42: {'learning_rate': 0.00016472564939252105, 'batch_size': 8, 'lora_r': 8, 'lora_alpha': 80, 'num_beams': 7, 'temperature': 0.2522221978548893, 'warmup_ratio': 0.09028908603580525, 'weight_decay': 0.00654703528754285, 'top_p': 0.8239184488685458}
[2025-10-10 13:25:47] 
Trial 43: {'learning_rate': 1.5263896945176104e-05, 'batch_size': 8, 'lora_r': 20, 'lora_alpha': 64, 'num_beams': 6, 'temperature': 0.15781516344661883, 'warmup_ratio': 0.10472265882704856, 'weight_decay': 0.052818702992791344, 'top_p': 0.8105946762403705}
[2025-10-10 13:25:47] 
Trial 44: {'learning_rate': 1.4016575577441695e-05, 'batch_size': 8, 'lora_r': 24, 'lora_alpha': 64, 'num_beams': 6, 'temperature': 0.1846848544708345, 'warmup_ratio': 0.07762534006470671, 'weight_decay': 0.0664605530766034, 'top_p': 0.8400597699569801}
[2025-10-10 13:25:47] 
Trial 45: {'learning_rate': 1.4794672078403581e-05, 'batch_size': 8, 'lora_r': 12, 'lora_alpha': 104, 'num_beams': 5, 'temperature': 0.15164262496229927, 'warmup_ratio': 0.10078542680306202, 'weight_decay': 0.05470390452318354, 'top_p': 0.812606602950956}
[2025-10-10 13:25:47] 
Trial 46: {'learning_rate': 1.7449538042240774e-05, 'batch_size': 16, 'lora_r': 40, 'lora_alpha': 48, 'num_beams': 6, 'temperature': 0.3448911812430767, 'warmup_ratio': 0.14739736549687815, 'weight_decay': 0.050046211576272, 'top_p': 0.8325804156685286}
[2025-10-10 13:25:47] 
Trial 47: {'learning_rate': 2.5110188986991717e-05, 'batch_size': 16, 'lora_r': 28, 'lora_alpha': 72, 'num_beams': 6, 'temperature': 0.10482329389560296, 'warmup_ratio': 0.11128718433594874, 'weight_decay': 0.03988204260725222, 'top_p': 0.8044302176842367}
[2025-10-10 13:25:47] 
Trial 48: {'learning_rate': 1.2403034940663388e-05, 'batch_size': 4, 'lora_r': 20, 'lora_alpha': 40, 'num_beams': 7, 'temperature': 0.27060672954096504, 'warmup_ratio': 0.13543947490214603, 'weight_decay': 0.015457619032104644, 'top_p': 0.8284508995731235}
[2025-10-10 13:25:47] 
Trial 49: {'learning_rate': 1.2703584688164848e-05, 'batch_size': 16, 'lora_r': 20, 'lora_alpha': 40, 'num_beams': 6, 'temperature': 0.28858643248253907, 'warmup_ratio': 0.13738942746395766, 'weight_decay': 0.045349077993656395, 'top_p': 0.8497156090999213}
[2025-10-10 13:25:47] 
Trial 50: {'learning_rate': 1.913676769349838e-05, 'batch_size': 8, 'lora_r': 36, 'lora_alpha': 32, 'num_beams': 7, 'temperature': 0.36523741171945256, 'warmup_ratio': 0.10666536683463947, 'weight_decay': 0.020110676210653478, 'top_p': 0.8125297708285163}
[2025-10-10 13:25:47] 
Trial 51: {'learning_rate': 1.7097567051474734e-05, 'batch_size': 8, 'lora_r': 40, 'lora_alpha': 32, 'num_beams': 7, 'temperature': 0.4335722459079995, 'warmup_ratio': 0.1044818696246516, 'weight_decay': 0.019275597156221652, 'top_p': 0.8280615302215998}
[2025-10-10 13:25:47] 
Trial 52: {'learning_rate': 1.1869972853685388e-05, 'batch_size': 8, 'lora_r': 28, 'lora_alpha': 16, 'num_beams': 7, 'temperature': 0.3701851873309105, 'warmup_ratio': 0.11706507506599334, 'weight_decay': 0.014223215524441193, 'top_p': 0.8140411427456179}
[2025-10-10 13:25:47] 
Trial 53: {'learning_rate': 2.0190361084853537e-05, 'batch_size': 8, 'lora_r': 36, 'lora_alpha': 16, 'num_beams': 6, 'temperature': 0.4952294752091374, 'warmup_ratio': 0.09557816381890014, 'weight_decay': 0.027599461037268798, 'top_p': 0.8304242831263926}
[2025-10-10 13:25:47] 
Trial 54: {'learning_rate': 1.0043746689880815e-05, 'batch_size': 8, 'lora_r': 20, 'lora_alpha': 24, 'num_beams': 7, 'temperature': 0.3373454410932517, 'warmup_ratio': 0.08772440252584486, 'weight_decay': 0.03734138768476325, 'top_p': 0.809451542324629}
[2025-10-10 13:25:47] 
Trial 55: {'learning_rate': 2.9544750018710065e-05, 'batch_size': 16, 'lora_r': 24, 'lora_alpha': 56, 'num_beams': 6, 'temperature': 0.1551401513791396, 'warmup_ratio': 0.0661341423267637, 'weight_decay': 0.02136925695255504, 'top_p': 0.8003655060338761}
[2025-10-10 13:25:47] 
Trial 56: {'learning_rate': 4.315461685111209e-05, 'batch_size': 8, 'lora_r': 44, 'lora_alpha': 40, 'num_beams': 7, 'temperature': 0.27101034958379655, 'warmup_ratio': 0.13510481423509804, 'weight_decay': 0.0009849529047016928, 'top_p': 0.8222975807114185}
[2025-10-10 13:25:47] 
Trial 57: {'learning_rate': 2.5078664060823795e-05, 'batch_size': 16, 'lora_r': 32, 'lora_alpha': 48, 'num_beams': 6, 'temperature': 0.3128022624503253, 'warmup_ratio': 0.14387892770925514, 'weight_decay': 0.05353991810747585, 'top_p': 0.8479678718192745}
[2025-10-10 13:25:47] 
Trial 58: {'learning_rate': 1.4817148400731823e-05, 'batch_size': 16, 'lora_r': 36, 'lora_alpha': 32, 'num_beams': 5, 'temperature': 0.40690590158464546, 'warmup_ratio': 0.12475913215054858, 'weight_decay': 0.01607228995949056, 'top_p': 0.8651002369360574}
[2025-10-10 13:25:47] 
Trial 59: {'learning_rate': 0.00011921094161397735, 'batch_size': 8, 'lora_r': 24, 'lora_alpha': 72, 'num_beams': 7, 'temperature': 0.5671489340142531, 'warmup_ratio': 0.08179495163626457, 'weight_decay': 0.029158307098381825, 'top_p': 0.8084643297622843}
[2025-10-10 13:25:47] 
Trial 60: {'learning_rate': 2.2068641764769744e-05, 'batch_size': 16, 'lora_r': 40, 'lora_alpha': 56, 'num_beams': 5, 'temperature': 0.3582790561588823, 'warmup_ratio': 0.010500563146228728, 'weight_decay': 0.025049705758792153, 'top_p': 0.8909540483627367}
[2025-10-10 13:25:47] 
Trial 61: {'learning_rate': 1.7354368334093163e-05, 'batch_size': 4, 'lora_r': 16, 'lora_alpha': 64, 'num_beams': 8, 'temperature': 0.2156608416290906, 'warmup_ratio': 0.15227914562224787, 'weight_decay': 0.007184311816787839, 'top_p': 0.8173081607578413}
[2025-10-10 13:25:47] 
Trial 62: {'learning_rate': 1.8231670601590428e-05, 'batch_size': 4, 'lora_r': 16, 'lora_alpha': 64, 'num_beams': 8, 'temperature': 0.21821679954593973, 'warmup_ratio': 0.10753956161351666, 'weight_decay': 0.006558537634806247, 'top_p': 0.8380338149458301}
[2025-10-10 13:25:47] 
Trial 63: {'learning_rate': 1.2591406481395478e-05, 'batch_size': 4, 'lora_r': 48, 'lora_alpha': 48, 'num_beams': 8, 'temperature': 0.1519796958088285, 'warmup_ratio': 0.1642499695359441, 'weight_decay': 0.019571088184999537, 'top_p': 0.8172008956307452}
[2025-10-10 13:25:47] 
Trial 64: {'learning_rate': 3.085723803475184e-05, 'batch_size': 4, 'lora_r': 20, 'lora_alpha': 72, 'num_beams': 4, 'temperature': 0.26667116592143286, 'warmup_ratio': 0.1731916667900979, 'weight_decay': 0.013313312640777113, 'top_p': 0.8238517747801601}
[2025-10-10 13:25:47] 
Trial 65: {'learning_rate': 1.578458055916859e-05, 'batch_size': 4, 'lora_r': 20, 'lora_alpha': 72, 'num_beams': 4, 'temperature': 0.31104780900728246, 'warmup_ratio': 0.17078672837452055, 'weight_decay': 0.012109160301769688, 'top_p': 0.8244683699137632}
[2025-10-10 13:25:47] 
Trial 66: {'learning_rate': 8.402817771709166e-05, 'batch_size': 4, 'lora_r': 12, 'lora_alpha': 64, 'num_beams': 4, 'temperature': 0.31354538177337693, 'warmup_ratio': 0.174768355541418, 'weight_decay': 0.006680545948747999, 'top_p': 0.8226427930892016}
[2025-10-10 13:25:47] 
Trial 67: {'learning_rate': 2.299877371429006e-05, 'batch_size': 4, 'lora_r': 24, 'lora_alpha': 72, 'num_beams': 4, 'temperature': 0.3935360068644843, 'warmup_ratio': 0.19201416108164732, 'weight_decay': 0.013225750049645248, 'top_p': 0.8426878764864855}
[2025-10-10 13:25:47] 
Trial 68: {'learning_rate': 3.144768294586332e-05, 'batch_size': 4, 'lora_r': 36, 'lora_alpha': 80, 'num_beams': 3, 'temperature': 0.23883200405671448, 'warmup_ratio': 0.1739467762095305, 'weight_decay': 0.002760633092306855, 'top_p': 0.8336211407847267}
[2025-10-10 13:25:47] 
Trial 69: {'learning_rate': 2.9248656272431356e-05, 'batch_size': 4, 'lora_r': 32, 'lora_alpha': 80, 'num_beams': 3, 'temperature': 0.23625750889194677, 'warmup_ratio': 0.19836438579917218, 'weight_decay': 4.956153171937344e-06, 'top_p': 0.8349915574758843}
[2025-10-10 13:25:47] 
Trial 70: {'learning_rate': 5.706212118805083e-05, 'batch_size': 4, 'lora_r': 36, 'lora_alpha': 80, 'num_beams': 2, 'temperature': 0.19641982824604032, 'warmup_ratio': 0.17699228712804077, 'weight_decay': 0.004711528907504514, 'top_p': 0.8084025256335402}
[2025-10-10 13:25:47] 
Trial 71: {'learning_rate': 1.5739057491495586e-05, 'batch_size': 4, 'lora_r': 44, 'lora_alpha': 72, 'num_beams': 4, 'temperature': 0.29553215853718007, 'warmup_ratio': 0.16065344868639725, 'weight_decay': 0.010546685074224084, 'top_p': 0.8198244286844615}
[2025-10-10 13:25:47] 
Trial 72: {'learning_rate': 1.914691438038293e-05, 'batch_size': 4, 'lora_r': 40, 'lora_alpha': 72, 'num_beams': 4, 'temperature': 0.2969886011240285, 'warmup_ratio': 0.16834379248209475, 'weight_decay': 0.009969987448036224, 'top_p': 0.8218309163404169}
[2025-10-10 13:25:47] 
Trial 73: {'learning_rate': 3.294783503019435e-05, 'batch_size': 4, 'lora_r': 48, 'lora_alpha': 88, 'num_beams': 3, 'temperature': 0.2638966284353046, 'warmup_ratio': 0.16204459726137221, 'weight_decay': 0.008452851367874797, 'top_p': 0.8170959964856019}
[2025-10-10 13:25:47] 
Trial 74: {'learning_rate': 1.5118481271124803e-05, 'batch_size': 4, 'lora_r': 16, 'lora_alpha': 72, 'num_beams': 4, 'temperature': 0.17335399082033773, 'warmup_ratio': 0.18685961186892608, 'weight_decay': 0.005009564759455111, 'top_p': 0.8557501475399049}
[2025-10-10 13:25:47] 
Trial 75: {'learning_rate': 3.799189455286375e-05, 'batch_size': 4, 'lora_r': 20, 'lora_alpha': 64, 'num_beams': 3, 'temperature': 0.2285075739411718, 'warmup_ratio': 0.15872160285405962, 'weight_decay': 0.012311793282955398, 'top_p': 0.8069459290148417}
[2025-10-10 13:25:48] 
Trial 76: {'learning_rate': 1.6906166256185855e-05, 'batch_size': 4, 'lora_r': 28, 'lora_alpha': 56, 'num_beams': 2, 'temperature': 0.29814963488754753, 'warmup_ratio': 0.18686332467333946, 'weight_decay': 0.00304026156166696, 'top_p': 0.8323237877981046}
[2025-10-10 13:25:48] 
Trial 77: {'learning_rate': 2.4633952328800227e-05, 'batch_size': 4, 'lora_r': 32, 'lora_alpha': 80, 'num_beams': 4, 'temperature': 0.1283068511119325, 'warmup_ratio': 0.16874182532192233, 'weight_decay': 0.0622795352607127, 'top_p': 0.825222850003207}
[2025-10-10 13:25:48] 
Trial 78: {'learning_rate': 1.5767573423328792e-05, 'batch_size': 4, 'lora_r': 24, 'lora_alpha': 96, 'num_beams': 4, 'temperature': 0.20426736491814246, 'warmup_ratio': 0.14952056055273902, 'weight_decay': 0.0766844626544786, 'top_p': 0.8454805529562637}
[2025-10-10 13:25:48] 
Trial 79: {'learning_rate': 1.1112506304095659e-05, 'batch_size': 4, 'lora_r': 24, 'lora_alpha': 120, 'num_beams': 3, 'temperature': 0.2061305661840162, 'warmup_ratio': 0.14816643791647788, 'weight_decay': 0.08174259899597808, 'top_p': 0.8525831341541493}
[2025-10-10 13:25:48] 
Trial 80: {'learning_rate': 1.3638527472167765e-05, 'batch_size': 4, 'lora_r': 16, 'lora_alpha': 96, 'num_beams': 4, 'temperature': 0.16980204169603225, 'warmup_ratio': 0.15283993344627111, 'weight_decay': 0.09403048301293024, 'top_p': 0.8414449988756304}
[2025-10-10 13:25:48] 
Trial 81: {'learning_rate': 1.5407164778879513e-05, 'batch_size': 4, 'lora_r': 20, 'lora_alpha': 88, 'num_beams': 4, 'temperature': 0.25372838647947493, 'warmup_ratio': 0.1761163715529137, 'weight_decay': 0.06890000317215889, 'top_p': 0.812385745115128}
[2025-10-10 13:25:48] 
Trial 82: {'learning_rate': 2.022436331467086e-05, 'batch_size': 4, 'lora_r': 12, 'lora_alpha': 64, 'num_beams': 4, 'temperature': 0.1267302244029367, 'warmup_ratio': 0.15776213230795566, 'weight_decay': 0.00859347917255131, 'top_p': 0.817255178439389}
[2025-10-10 13:25:48] 
Trial 83: {'learning_rate': 1.5724446711104695e-05, 'batch_size': 4, 'lora_r': 16, 'lora_alpha': 112, 'num_beams': 4, 'temperature': 0.3438174589268748, 'warmup_ratio': 0.16851579394265725, 'weight_decay': 0.07455323638854848, 'top_p': 0.8448329292084195}
[2025-10-10 13:25:48] 
Trial 84: {'learning_rate': 2.2305017451834093e-05, 'batch_size': 4, 'lora_r': 20, 'lora_alpha': 72, 'num_beams': 5, 'temperature': 0.22876427203144345, 'warmup_ratio': 0.18046041558942943, 'weight_decay': 0.08605359875904389, 'top_p': 0.8753755923604843}
[2025-10-10 13:25:48] 
Trial 85: {'learning_rate': 2.8677197595399715e-05, 'batch_size': 4, 'lora_r': 20, 'lora_alpha': 104, 'num_beams': 5, 'temperature': 0.19199606032723326, 'warmup_ratio': 0.1842338967181102, 'weight_decay': 0.090879999530621, 'top_p': 0.8678077296357662}
[2025-10-10 13:25:48] 
Trial 86: {'learning_rate': 2.6839002583999263e-05, 'batch_size': 4, 'lora_r': 24, 'lora_alpha': 104, 'num_beams': 5, 'temperature': 0.20253842375161243, 'warmup_ratio': 0.18180345313076401, 'weight_decay': 0.08733035226460392, 'top_p': 0.8713912640228475}
[2025-10-10 13:25:48] 
Trial 87: {'learning_rate': 4.321924402835577e-05, 'batch_size': 4, 'lora_r': 24, 'lora_alpha': 104, 'num_beams': 5, 'temperature': 0.18927077512042526, 'warmup_ratio': 0.19199936693345668, 'weight_decay': 0.09583569248910732, 'top_p': 0.8686436288180543}
[2025-10-10 13:25:48] 
Trial 88: {'learning_rate': 2.7209986361751374e-05, 'batch_size': 4, 'lora_r': 28, 'lora_alpha': 112, 'num_beams': 5, 'temperature': 0.2267100337864172, 'warmup_ratio': 0.18502819915124466, 'weight_decay': 0.08653347663311453, 'top_p': 0.8756644276787158}
[2025-10-10 13:25:48] 
Trial 89: {'learning_rate': 2.2360251673573796e-05, 'batch_size': 4, 'lora_r': 24, 'lora_alpha': 104, 'num_beams': 5, 'temperature': 0.20113948728518904, 'warmup_ratio': 0.18196205228567744, 'weight_decay': 0.0886949729774262, 'top_p': 0.8596017222889591}
[2025-10-10 13:25:48] 
Trial 90: {'learning_rate': 2.3408124395718373e-05, 'batch_size': 4, 'lora_r': 28, 'lora_alpha': 120, 'num_beams': 5, 'temperature': 0.13976004544479592, 'warmup_ratio': 0.1797459845046131, 'weight_decay': 0.09026478297328765, 'top_p': 0.8650388052741121}
[2025-10-10 13:25:48] 
Trial 91: {'learning_rate': 1.9613467604848268e-05, 'batch_size': 4, 'lora_r': 24, 'lora_alpha': 104, 'num_beams': 5, 'temperature': 0.16675826607485333, 'warmup_ratio': 0.19932009833579778, 'weight_decay': 0.07823668971785509, 'top_p': 0.8596755408116815}
[2025-10-10 13:25:48] 
Trial 92: {'learning_rate': 3.4746374558990204e-05, 'batch_size': 4, 'lora_r': 20, 'lora_alpha': 112, 'num_beams': 5, 'temperature': 0.19413241742615173, 'warmup_ratio': 0.19315683761203978, 'weight_decay': 0.08644365896924208, 'top_p': 0.8629423813257533}
[2025-10-10 13:25:48] 
Trial 93: {'learning_rate': 2.1820521237952737e-05, 'batch_size': 4, 'lora_r': 20, 'lora_alpha': 96, 'num_beams': 5, 'temperature': 0.20482412063687042, 'warmup_ratio': 0.18395728909826958, 'weight_decay': 0.09005433753676868, 'top_p': 0.8715931483025977}
[2025-10-10 13:25:48] 
Trial 94: {'learning_rate': 2.7648955212160766e-05, 'batch_size': 8, 'lora_r': 36, 'lora_alpha': 104, 'num_beams': 5, 'temperature': 0.10634350976015726, 'warmup_ratio': 0.17902589822880854, 'weight_decay': 0.0931933093783479, 'top_p': 0.8787361185022957}
[2025-10-10 13:25:48] 
Trial 95: {'learning_rate': 1.3381784160234086e-05, 'batch_size': 4, 'lora_r': 32, 'lora_alpha': 104, 'num_beams': 5, 'temperature': 0.9991962642222705, 'warmup_ratio': 0.18963686403854993, 'weight_decay': 0.07674082161883403, 'top_p': 0.8530290165602749}
[2025-10-10 13:25:48] 
Trial 96: {'learning_rate': 1.3322057580083753e-05, 'batch_size': 4, 'lora_r': 32, 'lora_alpha': 104, 'num_beams': 5, 'temperature': 0.906260516130395, 'warmup_ratio': 0.1896991542478615, 'weight_decay': 0.0769202021663597, 'top_p': 0.8871609766100746}
[2025-10-10 13:25:48] 
Trial 97: {'learning_rate': 3.1249867995414366e-05, 'batch_size': 8, 'lora_r': 24, 'lora_alpha': 96, 'num_beams': 5, 'temperature': 0.24157811952349306, 'warmup_ratio': 0.19516586194319235, 'weight_decay': 0.08705220616221536, 'top_p': 0.8519769376336896}
[2025-10-10 13:25:48] 
Trial 98: {'learning_rate': 1.150012912984691e-05, 'batch_size': 4, 'lora_r': 28, 'lora_alpha': 112, 'num_beams': 5, 'temperature': 0.736742163439317, 'warmup_ratio': 0.17235415494818548, 'weight_decay': 0.09845985242154465, 'top_p': 0.871838186281593}
[2025-10-10 13:25:48] 
Trial 99: {'learning_rate': 2.0654861681262963e-05, 'batch_size': 4, 'lora_r': 28, 'lora_alpha': 96, 'num_beams': 5, 'temperature': 0.6630518026461916, 'warmup_ratio': 0.18164668075862037, 'weight_decay': 0.08312401525834678, 'top_p': 0.8590595385949925}
[2025-10-10 13:25:48] 
============================================================
[2025-10-10 13:25:48] ✅ OPTIMIZATION COMPLETED!
[2025-10-10 13:25:48] ============================================================
[2025-10-10 13:25:48] Best score: 0.8983
[2025-10-10 13:25:48] Best parameters:
[2025-10-10 13:25:48]   - learning_rate: 1.913676769349838e-05
[2025-10-10 13:25:48]   - batch_size: 8
[2025-10-10 13:25:48]   - lora_r: 36
[2025-10-10 13:25:48]   - lora_alpha: 32
[2025-10-10 13:25:48]   - num_beams: 7
[2025-10-10 13:25:48]   - temperature: 0.36523741171945256
[2025-10-10 13:25:48]   - warmup_ratio: 0.10666536683463947
[2025-10-10 13:25:48]   - weight_decay: 0.020110676210653478
[2025-10-10 13:25:48]   - top_p: 0.8125297708285163
[2025-10-10 13:25:48] 
📊 Top 5 trials:
[2025-10-10 13:25:48] 1. Score: 0.8983
[2025-10-10 13:25:48] 
✅ Config updated with optimal hyperparameters!
[2025-10-10 13:25:48] 
📁 Optimization results saved:
[2025-10-10 13:25:48]   - Study: logs/full_pipeline/optuna/optuna_study_20251010_132543.pkl
[2025-10-10 13:25:48]   - CSV: logs/full_pipeline/optuna/optuna_results_20251010_132543.csv
[2025-10-10 13:25:48]   - Best params: logs/full_pipeline/optuna/best_params_20251010_132543.json
[2025-10-10 13:25:48] 
✅ Config has been updated with optimal hyperparameters!
[2025-10-10 13:25:48] [hyperparameter_optimization] Status: completed
[2025-10-10 13:25:48] ✅ Solar API initialized for cross-validation
[2025-10-10 13:25:48] [model_training] Status: running
[2025-10-10 13:25:48] 
=== Model Training ===
[2025-10-10 13:25:50] Training primary model: upstage/SOLAR-10.7B-Instruct-v1.0
[2025-10-10 13:26:18] Model loaded on cuda
[2025-10-10 13:26:18] Training for 5 epochs
