[2025-10-10 10:37:48] === Baseline Experiment Started ===
[2025-10-10 10:37:48] GPU Tier: LOW
[2025-10-10 10:37:48] GPU: NVIDIA GeForce RTX 4090
[2025-10-10 10:37:48] Loading data from config paths:
[2025-10-10 10:37:48]   - Train: /home/ieyeppo/AI_Lab/natural-language-processing-competition/notebooks/team/CHH/../../../data/raw/train.csv
[2025-10-10 10:37:48]   - Dev: /home/ieyeppo/AI_Lab/natural-language-processing-competition/notebooks/team/CHH/../../../data/raw/dev.csv
[2025-10-10 10:37:48]   - Test: /home/ieyeppo/AI_Lab/natural-language-processing-competition/notebooks/team/CHH/../../../data/raw/test.csv
[2025-10-10 10:37:49] Data loaded successfully!
[2025-10-10 10:37:49] Train samples: 12457
[2025-10-10 10:37:49] Dev samples: 499
[2025-10-10 10:37:49] Test samples: 499
[2025-10-10 10:37:49] 
=== Data Quality Validation ===
[2025-10-10 10:37:49] Structure validation:
[2025-10-10 10:37:49]   - null_values: 0
[2025-10-10 10:37:49]   - duplicates: 0
[2025-10-10 10:37:49]   - empty_dialogues: 0
[2025-10-10 10:37:49]   - empty_summaries: 0
[2025-10-10 10:37:49] Content validation:
[2025-10-10 10:37:49]   - Avg dialogue length: 406.1
[2025-10-10 10:37:49]   - Summary ratio: 23.23%
[2025-10-10 10:37:49] Consistency validation:
[2025-10-10 10:37:49]   - Person tags consistent: True
[2025-10-10 10:37:49]   - Encoding issues: 1
[2025-10-10 10:37:49] Solar API key not found in config
[2025-10-10 10:37:52] Model loaded: digit82/kobart-summarization
[2025-10-10 10:37:52] Data preprocessing completed
[2025-10-10 10:37:52] Dataset created - Train: 12457, Val: 499, Test: 499
[2025-10-10 10:37:53] Using device: cuda
[2025-10-10 10:37:53] Optimizer and scheduler initialized
[2025-10-10 10:37:53] Learning rate: 5e-05
[2025-10-10 10:37:53] Total training steps: 7790
[2025-10-10 10:37:53] Warmup steps: 779
[2025-10-10 10:37:53] ==================================================
[2025-10-10 10:37:53] Starting training...
[2025-10-10 10:37:53] ==================================================
[2025-10-10 10:37:53] 
Epoch 1/10
[2025-10-10 10:37:53] ------------------------------
[2025-10-10 10:39:38] Average training loss: 1.5060
[2025-10-10 10:40:53] Validation loss: 0.5343
[2025-10-10 10:40:53] ROUGE-1 F1: 0.1626
[2025-10-10 10:40:53] ROUGE-2 F1: 0.0479
[2025-10-10 10:40:53] ROUGE-L F1: 0.1552
[2025-10-10 10:40:53] 
Sample predictions:
[2025-10-10 10:40:53]   Sample 1: #Person2#는 숨쉬기가 힘들다고 호소합니다. #Anson1#은 천식 검사를 위해 폐 전문의에게 가보라고 권장합니다.
어.
까요?
세요?
어요?
!
㗡...
[2025-10-10 10:40:53]   Sample 2: #Person1#은 Jimmy에게 운동하러 가자고 초대합니다. Jammi는 다리와 팔 운동을 하자고 제안하지만 Jack은 주간 일정에 대해 불만을 가지고 있습니다.
세요?
어.
까...
[2025-10-10 10:40:54] ✓ New best model saved! (ROUGE-L: 0.1552)
[2025-10-10 10:41:05] 
Epoch 2/10
[2025-10-10 10:41:05] ------------------------------
[2025-10-10 10:42:49] Average training loss: 0.5015
[2025-10-10 10:44:03] Validation loss: 0.5149
[2025-10-10 10:44:03] ROUGE-1 F1: 0.1467
[2025-10-10 10:44:03] ROUGE-2 F1: 0.0426
[2025-10-10 10:44:03] ROUGE-L F1: 0.1400
[2025-10-10 10:44:03] 
Sample predictions:
[2025-10-10 10:44:03]   Sample 1: #Person2#는 최근 숨쉬기가 힘들다고 #Anson1#에게 말하며, 천식 검사를 위해 폐 전문의에게 방문할 것을 권장합니다.
어.
세요?
까요?
예요.
!
어요?
 
어요.
죠...
[2025-10-10 10:44:03]   Sample 2: #Person1#은 Jimmy에게 운동 날짜를 알려주고, 둘은 서로의 근황에 대해 이야기합니다.

어.
세요?
!
까요?
예요.
어요?
어요.
 
죠?
 해요.
㗡습니다.
겠습니다...
[2025-10-10 10:44:13] 
Epoch 3/10
[2025-10-10 10:44:13] ------------------------------
[2025-10-10 10:45:58] Average training loss: 0.3883
[2025-10-10 10:47:12] Validation loss: 0.5179
[2025-10-10 10:47:12] ROUGE-1 F1: 0.1348
[2025-10-10 10:47:12] ROUGE-2 F1: 0.0382
[2025-10-10 10:47:12] ROUGE-L F1: 0.1291
[2025-10-10 10:47:12] 
Sample predictions:
[2025-10-10 10:47:12]   Sample 1: #Person2#는 최근 감기에 걸렸지만 알레르기는 없다고 말하며, 천식 검사를 위해 폐 전문의에게 가볼 것을 권장합니다.어.

세요?
까요?
!
어요?
 
어요.
예요.
습니다....
[2025-10-10 10:47:12]   Sample 2: #Person1#이 Jimmy를 운동 장소로 데려다 주기로 했습니다. 그들은 오후 3시 30분에 체육관에서 운동할 예정입니다.세요?
어.
까요?
!
어요?
어요.
예요.
 

습니...
[2025-10-10 10:47:26] 
Epoch 4/10
[2025-10-10 10:47:26] ------------------------------
[2025-10-10 10:49:12] Average training loss: 0.3050
