2025-10-15 15:35:44 | >> í‘œì¤€ ì¶œë ¥ ë° ì˜¤ë¥˜ë¥¼ ë¡œê·¸ íŒŒì¼ë¡œ ë¦¬ë””ë ‰ì…˜ ì‹œìž‘
2025-10-15 15:35:44 | ============================================================
2025-10-15 15:35:44 | K-Fold ì•™ìƒë¸” ì¶”ë¡  ì‹œìž‘
2025-10-15 15:35:44 | ============================================================
2025-10-15 15:35:44 | [GPU ì •ë³´]
2025-10-15 15:35:44 | available: True
2025-10-15 15:35:44 | device_count: 1
2025-10-15 15:35:44 | current_device: 0
2025-10-15 15:35:44 | gpu_0: {'name': 'NVIDIA GeForce RTX 4090', 'total_memory_gb': 23.98779296875, 'major': 8, 'minor': 9, 'multi_processor_count': 128, 'allocated_memory_gb': 0.0, 'reserved_memory_gb': 0.0}
2025-10-15 15:35:44 | GPU Tier: LOW
2025-10-15 15:35:44 | [1/4] Fold ëª¨ë¸ íƒìƒ‰: experiments/20251014/20251014_183206_kobart_ultimate_kfold
2025-10-15 15:35:44 | âœ… fold_1: experiments/20251014/20251014_183206_kobart_ultimate_kfold/fold_1/kfold/final_model
2025-10-15 15:35:44 | âœ… fold_2: experiments/20251014/20251014_183206_kobart_ultimate_kfold/fold_2/kfold/final_model
2025-10-15 15:35:44 | âœ… fold_3: experiments/20251014/20251014_183206_kobart_ultimate_kfold/fold_3/kfold/final_model
2025-10-15 15:35:44 | âœ… fold_4: experiments/20251014/20251014_183206_kobart_ultimate_kfold/fold_4/kfold/final_model
2025-10-15 15:35:44 | âœ… fold_5: experiments/20251014/20251014_183206_kobart_ultimate_kfold/fold_5/kfold/final_model
2025-10-15 15:35:44 | ðŸ“Š ë°œê²¬ëœ Fold ìˆ˜: 5
2025-10-15 15:35:44 | [2/4] í…ŒìŠ¤íŠ¸ ë°ì´í„° ë¡œë”©: data/raw/test.csv
2025-10-15 15:35:44 | âœ… í…ŒìŠ¤íŠ¸ ìƒ˜í”Œ: 499ê°œ
2025-10-15 15:35:44 | [3/6] ðŸ“‚ ì™¸ë¶€ K-Fold ì²´í¬í¬ì¸íŠ¸ ë¡œë“œ: experiments/20251015/20251015_130751_inference_kobart_kfold_soft_voting_bs32_maxnew110_hf_solar/checkpoints/kfold_checkpoint.pkl
2025-10-15 15:35:44 | âœ… ë¡œë“œ ì„±ê³µ: 499ê°œ ìš”ì•½
2025-10-15 15:35:44 | [3/6] â­ï¸  K-Fold ì•™ìƒë¸” ê±´ë„ˆë›°ê¸° (ì™¸ë¶€ ì²´í¬í¬ì¸íŠ¸ ì‚¬ìš©)
2025-10-15 15:35:44 | [4/6] â­ï¸  HuggingFace ë³´ì • ê±´ë„ˆë›°ê¸° (ë¹„í™œì„±í™”)
2025-10-15 15:35:44 | [5/6] ðŸŒž Solar API ì•™ìƒë¸” ì‹œìž‘
2025-10-15 15:35:44 | - ëª¨ë¸: solar-1-mini-chat
2025-10-15 15:35:44 | - Temperature: 0.1
2025-10-15 15:35:44 | - ë°°ì¹˜ í¬ê¸°: 10
2025-10-15 15:35:44 | - ëŒ€ê¸° ì‹œê°„: 3.0ì´ˆ
2025-10-15 15:35:45 | Solar API í´ë¼ì´ì–¸íŠ¸ ì´ˆê¸°í™” ì„±ê³µ
2025-10-15 15:35:45 | Solar API ë°°ì¹˜ ìš”ì•½ ìƒì„± ì¤‘ (ðŸ”„ K-Fold ë°©ì‹ 3íšŒ ìƒ˜í”Œë§)...
2025-10-15 15:35:45 | ë°°ì¹˜ ìš”ì•½ ì‹œìž‘: 499ê°œ ëŒ€í™”
2025-10-15 15:35:45 | - ë°°ì¹˜ í¬ê¸°: 10
2025-10-15 15:35:45 | - Rate limit ëŒ€ê¸°: 3.0ì´ˆ
2025-10-15 15:35:45 | - ðŸ”„ K-Fold ë°©ì‹ ìƒ˜í”Œë§: 3íšŒ
2025-10-15 15:35:45 | [ë°°ì¹˜ 1-10/499] ì²˜ë¦¬ ì¤‘...
2025-10-15 15:35:45 | ðŸ”„ Solar API 3íšŒ ìƒ˜í”Œë§ ì‹œìž‘...
2025-10-15 15:35:46 | ìƒ˜í”Œ 1/3: 85.0ì  | ìƒì‚¬ê°€ Ms. Dawsonì—ê²Œ ì¦‰ì‹œ ë©”ì‹œì§€ ì‚¬ìš© ê¸ˆì§€ ì •ì±… ë©”ëª¨ ìž‘ì„±ì„ ì§€ì‹œí•¨....
2025-10-15 15:35:51 | ìƒ˜í”Œ 2/3: 85.0ì  | ìƒì‚¬ê°€ Ms. Dawsonì—ê²Œ ì¦‰ì‹œ ë©”ì‹œì§€ ì‚¬ìš© ê¸ˆì§€ ì •ì±… ë©”ëª¨ ìž‘ì„±ì„ ì§€ì‹œí•¨....
2025-10-15 15:35:55 | ìƒ˜í”Œ 3/3: 85.0ì  | ìƒì‚¬ê°€ Ms. Dawsonì—ê²Œ ì¦‰ì‹œ ë©”ì‹œì§€ ì‚¬ìš© ê¸ˆì§€ ì •ì±… ë©”ëª¨ ìž‘ì„±ì„ ì§€ì‹œí•¨....
2025-10-15 15:35:55 | âœ… ìµœì¢… ì„ íƒ: ìƒ˜í”Œ 1 (85.0ì )
2025-10-15 15:35:55 | ðŸ”„ Solar API 3íšŒ ìƒ˜í”Œë§ ì‹œìž‘...
2025-10-15 15:35:56 | ìƒ˜í”Œ 1/3: 100.0ì  | ë‘ ë™ë£Œê°€ êµí†µì²´ì¦ê³¼ í™˜ê²½ ë¬¸ì œì— ëŒ€í•´ ë…¼ì˜í•˜ê³ , ëŒ€ì¤‘êµí†µê³¼ ìžì „ê±° íƒ€ê¸°ë¡œ ì¶œí‡´ê·¼ ë°©ì‹ì„ ...
2025-10-15 15:36:01 | ìƒ˜í”Œ 2/3: 100.0ì  | ë‘ ë™ë£Œê°€ êµí†µì²´ì¦ê³¼ í™˜ê²½ ë¬¸ì œì— ëŒ€í•´ ë…¼ì˜í•˜ê³ , ëŒ€ì¤‘êµí†µê³¼ ìžì „ê±° íƒ€ê¸°ë¡œ ì¶œí‡´ê·¼ ë°©ì‹ì„ ...
2025-10-15 15:36:06 | ìƒ˜í”Œ 3/3: 100.0ì  | ë‘ ë™ë£Œê°€ êµí†µì²´ì¦ê³¼ í™˜ê²½ ë¬¸ì œì— ëŒ€í•´ ë…¼ì˜í•˜ê³ , ëŒ€ì¤‘êµí†µê³¼ ìžì „ê±° íƒ€ê¸°ë¡œ ì¶œí‡´ê·¼ ë°©ì‹ì„ ...
2025-10-15 15:36:06 | âœ… ìµœì¢… ì„ íƒ: ìƒ˜í”Œ 1 (100.0ì )
2025-10-15 15:36:06 | ðŸ”„ Solar API 3íšŒ ìƒ˜í”Œë§ ì‹œìž‘...
2025-10-15 15:36:06 | ìƒ˜í”Œ 1/3: 85.0ì  | Kateì™€ Tomì´ Mashaì™€ Heroì˜ ì´í˜¼ì— ëŒ€í•´ ì´ì•¼ê¸°í•¨....
2025-10-15 15:36:11 | ìƒ˜í”Œ 2/3: 85.0ì  | Kateì™€ Tomì´ Mashaì™€ Heroì˜ ì´í˜¼ì— ëŒ€í•´ ì´ì•¼ê¸°í•¨....
2025-10-15 15:36:15 | ìƒ˜í”Œ 3/3: 85.0ì  | Kateì™€ Tomì´ Mashaì™€ Heroì˜ ì´í˜¼ì— ëŒ€í•´ ì´ì•¼ê¸°í•¨....
2025-10-15 15:36:15 | âœ… ìµœì¢… ì„ íƒ: ìƒ˜í”Œ 1 (85.0ì )
2025-10-15 15:36:15 | ðŸ”„ Solar API 3íšŒ ìƒ˜í”Œë§ ì‹œìž‘...
2025-10-15 15:36:16 | ìƒ˜í”Œ 1/3: 85.0ì  | Brianì˜ ìƒì¼ íŒŒí‹°ì—ì„œ ì„ ë¬¼ì„ ì£¼ê³  í•¨ê»˜ ì¶¤ì„ ì¶”ë©° ì¦ê±°ìš´ ì‹œê°„ì„ ë³´ëƒ„....
2025-10-15 15:36:22 | ìƒ˜í”Œ 2/3: 85.0ì  | Brianì˜ ìƒì¼ íŒŒí‹°ì—ì„œ ì„ ë¬¼ì„ ì£¼ê³  í•¨ê»˜ ì¶¤ì„ ì¶”ë©° ì¦ê±°ìš´ ì‹œê°„ì„ ë³´ëƒ„....
2025-10-15 15:36:26 | ìƒ˜í”Œ 3/3: 85.0ì  | Brianì˜ ìƒì¼ íŒŒí‹°ì—ì„œ ì„ ë¬¼ì„ ì£¼ê³  í•¨ê»˜ ì¶¤ì„ ì¶”ë©° ì¦ê±°ìš´ ì‹œê°„ì„ ë³´ëƒ„....
2025-10-15 15:36:26 | âœ… ìµœì¢… ì„ íƒ: ìƒ˜í”Œ 1 (85.0ì )
2025-10-15 15:36:26 | ðŸ”„ Solar API 3íšŒ ìƒ˜í”Œë§ ì‹œìž‘...
2025-10-15 15:36:27 | ìƒ˜í”Œ 1/3: 100.0ì  | ë‘ ì¹œêµ¬ê°€ ì˜¬ë¦¼í”½ ê³µì›ì˜ ì˜¬ë¦¼í”½ ìŠ¤íƒ€ë””ì›€ì„ ë°©ë¬¸í•˜ë©° ì™„ê³µ ì¼ì •, ì¢Œì„ ìˆ˜, ì‹œì„¤ ë“±ì— ëŒ€í•´...
2025-10-15 15:36:31 | ìƒ˜í”Œ 2/3: 100.0ì  | ë‘ ì¹œêµ¬ê°€ ì˜¬ë¦¼í”½ ê³µì›ì˜ ì˜¬ë¦¼í”½ ìŠ¤íƒ€ë””ì›€ì„ ë°©ë¬¸í•˜ë©° ì™„ê³µ ì¼ì •, ì¢Œì„ ìˆ˜, ì‹œì„¤ ë“±ì— ëŒ€í•´...
2025-10-15 15:36:36 | ìƒ˜í”Œ 3/3: 100.0ì  | ë‘ ì¹œêµ¬ê°€ ì˜¬ë¦¼í”½ ê³µì›ì˜ ì˜¬ë¦¼í”½ ìŠ¤íƒ€ë””ì›€ì„ ë°©ë¬¸í•˜ë©° ì™„ê³µ ì¼ì •, ì¢Œì„ ìˆ˜, ì‹œì„¤ ë“±ì— ëŒ€í•´...
2025-10-15 15:36:36 | âœ… ìµœì¢… ì„ íƒ: ìƒ˜í”Œ 1 (100.0ì )
2025-10-15 15:36:36 | ðŸ”„ Solar API 3íšŒ ìƒ˜í”Œë§ ì‹œìž‘...
2025-10-15 15:36:37 | ìƒ˜í”Œ 1/3: 100.0ì  | Tomì´ íšŒì‚¬ ì¼ì„ ê·¸ë§Œë‘ê³  ì‚¬ì—…ì„ ì‹œìž‘í•˜ë ¤ í•˜ì§€ë§Œ, Maryê°€ ì‚¬ì—… ê³„íšì„œ ìž‘ì„±ì˜ ë³µìž¡ì„±...
2025-10-15 15:36:42 | ìƒ˜í”Œ 2/3: 100.0ì  | Tomì´ íšŒì‚¬ ì¼ì„ ê·¸ë§Œë‘ê³  ì‚¬ì—…ì„ ì‹œìž‘í•˜ë ¤ í•˜ì§€ë§Œ, Maryê°€ ì‚¬ì—… ê³„íšì„œ ìž‘ì„±ì˜ ë³µìž¡ì„±...
2025-10-15 15:36:47 | ìƒ˜í”Œ 3/3: 100.0ì  | Tomì´ íšŒì‚¬ ì¼ì„ ê·¸ë§Œë‘ê³  ì‚¬ì—…ì„ ì‹œìž‘í•˜ë ¤ í•˜ì§€ë§Œ, Maryê°€ ì‚¬ì—… ê³„íšì„œ ìž‘ì„±ì˜ ë³µìž¡ì„±...
2025-10-15 15:36:47 | âœ… ìµœì¢… ì„ íƒ: ìƒ˜í”Œ 1 (100.0ì )
2025-10-15 15:36:47 | ðŸ”„ Solar API 3íšŒ ìƒ˜í”Œë§ ì‹œìž‘...
2025-10-15 15:36:48 | ìƒ˜í”Œ 1/3: 100.0ì  | í•œ ì¹œêµ¬ê°€ ê°„ì§€ëŸ¬ì›€ê³¼ ë°œì§„ìœ¼ë¡œ ì¸í•´ ìˆ˜ë‘ë¥¼ ì˜ì‹¬ë°›ê³ , ë‹¤ë¥¸ ì¹œêµ¬ë¡œë¶€í„° ì „ì—¼ì„ ìš°ë ¤í•˜ì—¬ ê²©ë¦¬...
2025-10-15 15:36:53 | ìƒ˜í”Œ 2/3: 100.0ì  | í•œ ì¹œêµ¬ê°€ ê°„ì§€ëŸ¬ì›€ê³¼ ë°œì§„ìœ¼ë¡œ ì¸í•´ ìˆ˜ë‘ë¥¼ ì˜ì‹¬ë°›ê³ , ë‹¤ë¥¸ ì¹œêµ¬ë¡œë¶€í„° ì „ì—¼ì„ ìš°ë ¤í•˜ì—¬ ê²©ë¦¬...
2025-10-15 15:36:58 | ìƒ˜í”Œ 3/3: 100.0ì  | í•œ ì¹œêµ¬ê°€ ê°„ì§€ëŸ¬ì›€ê³¼ ë°œì§„ìœ¼ë¡œ ì¸í•´ ìˆ˜ë‘ë¥¼ ì˜ì‹¬ë°›ê³ , ë‹¤ë¥¸ ì¹œêµ¬ë¡œë¶€í„° ì „ì—¼ì„ ìš°ë ¤í•˜ì—¬ ê²©ë¦¬...
2025-10-15 15:36:58 | âœ… ìµœì¢… ì„ íƒ: ìƒ˜í”Œ 1 (100.0ì )
2025-10-15 15:36:58 | ðŸ”„ Solar API 3íšŒ ìƒ˜í”Œë§ ì‹œìž‘...
2025-10-15 15:36:59 | ìƒ˜í”Œ 1/3: 85.0ì  | ì†ë‹˜ì´ ì²´í¬ì•„ì›ƒ ì¤‘ ì„¸íƒ ì„œë¹„ìŠ¤ ìš”ê¸ˆ ì°©ì˜¤ë¥¼ ë°œê²¬í•˜ê³ , ì§ì›ì´ í™•ì¸ í›„ ì²­êµ¬ì„œë¥¼ ìˆ˜ì •í•¨....
2025-10-15 15:37:03 | ìƒ˜í”Œ 2/3: 85.0ì  | ì†ë‹˜ì´ ì²´í¬ì•„ì›ƒ ì¤‘ ì„¸íƒ ì„œë¹„ìŠ¤ ìš”ê¸ˆ ì°©ì˜¤ë¥¼ ë°œê²¬í•˜ê³ , ì§ì›ì´ í™•ì¸ í›„ ì²­êµ¬ì„œë¥¼ ìˆ˜ì •í•¨....
2025-10-15 15:37:08 | ìƒ˜í”Œ 3/3: 85.0ì  | ì†ë‹˜ì´ ì²´í¬ì•„ì›ƒ ì¤‘ ì„¸íƒ ì„œë¹„ìŠ¤ ìš”ê¸ˆ ì°©ì˜¤ë¥¼ ë°œê²¬í•˜ê³ , ì§ì›ì´ í™•ì¸ í›„ ì²­êµ¬ì„œë¥¼ ìˆ˜ì •í•¨....
2025-10-15 15:37:08 | âœ… ìµœì¢… ì„ íƒ: ìƒ˜í”Œ 1 (85.0ì )
2025-10-15 15:37:08 | ðŸ”„ Solar API 3íšŒ ìƒ˜í”Œë§ ì‹œìž‘...
2025-10-15 15:37:08 | ìƒ˜í”Œ 1/3: 85.0ì  | ìŠ¤í‹°ë¸ì´ ì¹œêµ¬ì˜ ì•„ë‚´ë¥¼ ì†ì¸ ë¬¸ì œë¡œ ë„ì›€ì„ ì£¼ê¸°ë¡œ í•¨....
2025-10-15 15:37:13 | ìƒ˜í”Œ 2/3: 85.0ì  | ìŠ¤í‹°ë¸ì´ ì¹œêµ¬ì˜ ì•„ë‚´ë¥¼ ì†ì¸ ë¬¸ì œë¡œ ë„ì›€ì„ ì£¼ê¸°ë¡œ í•¨....
2025-10-15 15:37:17 | ìƒ˜í”Œ 3/3: 85.0ì  | ìŠ¤í‹°ë¸ì´ ì¹œêµ¬ì˜ ì•„ë‚´ë¥¼ ì†ì¸ ë¬¸ì œë¡œ ë„ì›€ì„ ì£¼ê¸°ë¡œ í•¨....
2025-10-15 15:37:17 | âœ… ìµœì¢… ì„ íƒ: ìƒ˜í”Œ 1 (85.0ì )
2025-10-15 15:37:17 | ðŸ”„ Solar API 3íšŒ ìƒ˜í”Œë§ ì‹œìž‘...
2025-10-15 15:37:18 | ìƒ˜í”Œ 1/3: 85.0ì  | ë‘ ì‚¬ëžŒì´ ì•„ë¸Œë¼í•¨ ë§ì»¨ì˜ ì¸í’ˆê³¼ ì—…ì ì— ëŒ€í•´ ì¡´ê²½ì‹¬ì„ í‘œí˜„í•¨....
2025-10-15 15:37:22 | ìƒ˜í”Œ 2/3: 85.0ì  | ë‘ ì‚¬ëžŒì´ ì•„ë¸Œë¼í•¨ ë§ì»¨ì˜ ì¸í’ˆê³¼ ì—…ì ì— ëŒ€í•´ ì¡´ê²½ì‹¬ì„ í‘œí˜„í•¨....
2025-10-15 15:37:28 | ìƒ˜í”Œ 3/3: 85.0ì  | ë‘ ì‚¬ëžŒì´ ì•„ë¸Œë¼í•¨ ë§ì»¨ì˜ ì¸í’ˆê³¼ ì—…ì ì— ëŒ€í•´ ì¡´ê²½ì‹¬ì„ í‘œí˜„í•¨....
2025-10-15 15:37:28 | âœ… ìµœì¢… ì„ íƒ: ìƒ˜í”Œ 1 (85.0ì )
2025-10-15 15:37:28 | âœ… ì™„ë£Œ (ëˆ„ì : 10/499)
2025-10-15 15:37:31 | [ë°°ì¹˜ 11-20/499] ì²˜ë¦¬ ì¤‘...
2025-10-15 15:37:31 | ðŸ”„ Solar API 3íšŒ ìƒ˜í”Œë§ ì‹œìž‘...
2025-10-15 15:37:31 | ìƒ˜í”Œ 1/3: 85.0ì  | ë‘ ì¹œêµ¬ê°€ í—ˆë² ì´ ì—¬í–‰ ê³„íšê³¼ í™©ì‚¬ì˜ ì˜í–¥ì— ëŒ€í•´ ë…¼ì˜í•¨....
2025-10-15 15:37:36 | ìƒ˜í”Œ 2/3: 85.0ì  | ë‘ ì¹œêµ¬ê°€ í—ˆë² ì´ ì—¬í–‰ ê³„íš ì¤‘ í™©ì‚¬ì— ëŒ€í•´ ê±±ì •í•¨....
2025-10-15 15:37:41 | ìƒ˜í”Œ 3/3: 85.0ì  | ë‘ ì¹œêµ¬ê°€ í—ˆë² ì´ ì—¬í–‰ ê³„íš ì¤‘ í™©ì‚¬ì— ëŒ€í•´ ê±±ì •í•¨....
2025-10-15 15:37:41 | âœ… ìµœì¢… ì„ íƒ: ìƒ˜í”Œ 1 (85.0ì )
2025-10-15 15:37:41 | ðŸ”„ Solar API 3íšŒ ìƒ˜í”Œë§ ì‹œìž‘...
2025-10-15 15:37:41 | ìƒ˜í”Œ 1/3: 100.0ì  | Francisì˜ ìƒì¼ íŒŒí‹°ì—ì„œ ì¹œêµ¬ê°€ ì„ ë¬¼ì„ ì¤Œ. ì¹œêµ¬ëŠ” ì›ê²© ì¡°ì¢… ìžë™ì°¨ ëª¨ë¸ì„ ì„ ë¬¼í•˜ê³ ...
2025-10-15 15:37:46 | ìƒ˜í”Œ 2/3: 100.0ì  | Francisì˜ ìƒì¼ íŒŒí‹°ì—ì„œ ì¹œêµ¬ê°€ ì„ ë¬¼ì„ ì¤Œ. ì¹œêµ¬ëŠ” ì›ê²© ì¡°ì¢… ìžë™ì°¨ ëª¨ë¸ì„ ì„ ë¬¼í•˜ê³ ...
2025-10-15 15:37:50 | ìƒ˜í”Œ 3/3: 100.0ì  | Francisì˜ ìƒì¼ íŒŒí‹°ì—ì„œ ì¹œêµ¬ê°€ ì„ ë¬¼ì„ ì¤Œ. ì¹œêµ¬ëŠ” ì›ê²© ì¡°ì¢… ìžë™ì°¨ ëª¨ë¸ì„ ì„ ë¬¼í•˜ê³ ...
2025-10-15 15:37:50 | âœ… ìµœì¢… ì„ íƒ: ìƒ˜í”Œ 1 (100.0ì )
2025-10-15 15:37:50 | ðŸ”„ Solar API 3íšŒ ìƒ˜í”Œë§ ì‹œìž‘...
2025-10-15 15:37:51 | ìƒ˜í”Œ 1/3: 100.0ì  | Tonyê°€ ì‹œí—˜ ë¶€ì •í–‰ìœ„ë¡œ ë“¤ì¼œ Stevenì—ê²Œ ê³ ë°±í•¨. Stevenì€ Tonyì—ê²Œ ì‹¤ìˆ˜ì—...
2025-10-15 15:37:56 | ìƒ˜í”Œ 2/3: 100.0ì  | Tonyê°€ ì‹œí—˜ ë¶€ì •í–‰ìœ„ë¡œ ë“¤ì¼œ Stevenì—ê²Œ ê³ ë°±í•¨. Stevenì€ Tonyì—ê²Œ ì‹¤ìˆ˜ì—...
2025-10-15 15:38:01 | ìƒ˜í”Œ 3/3: 100.0ì  | Tonyê°€ ì‹œí—˜ ë¶€ì •í–‰ìœ„ë¡œ ë“¤ì¼œ Stevenì—ê²Œ ê³ ë°±í•¨. Stevenì€ Tonyì—ê²Œ ì‹¤ìˆ˜ì—...
2025-10-15 15:38:01 | âœ… ìµœì¢… ì„ íƒ: ìƒ˜í”Œ 1 (100.0ì )
2025-10-15 15:38:01 | ðŸ”„ Solar API 3íšŒ ìƒ˜í”Œë§ ì‹œìž‘...
2025-10-15 15:38:02 | ìƒ˜í”Œ 1/3: 85.0ì  | í†°ì´ ê¸°ì°¨ë¥¼ ë†“ì¹ ê¹Œ ê±±ì •í•˜ê³ , ì¹œêµ¬ëŠ” ì‹œê°„ì´ ì¶©ë¶„í•˜ë‹¤ê³  ì•ˆì‹¬ì‹œí‚´....
2025-10-15 15:38:06 | ìƒ˜í”Œ 2/3: 85.0ì  | í†°ì´ ê¸°ì°¨ë¥¼ ë†“ì¹ ê¹Œ ê±±ì •í•˜ê³ , ì¹œêµ¬ëŠ” ì‹œê°„ì´ ì¶©ë¶„í•˜ë‹¤ê³  ì•ˆì‹¬ì‹œí‚´....
2025-10-15 15:38:11 | ìƒ˜í”Œ 3/3: 85.0ì  | í†°ì´ ê¸°ì°¨ë¥¼ ë†“ì¹ ê¹Œ ê±±ì •í•˜ê³ , ì¹œêµ¬ëŠ” ì‹œê°„ì´ ì¶©ë¶„í•˜ë‹¤ê³  ì•ˆì‹¬ì‹œí‚´....
2025-10-15 15:38:11 | âœ… ìµœì¢… ì„ íƒ: ìƒ˜í”Œ 1 (85.0ì )
2025-10-15 15:38:11 | ðŸ”„ Solar API 3íšŒ ìƒ˜í”Œë§ ì‹œìž‘...
2025-10-15 15:38:11 | ìƒ˜í”Œ 1/3: 100.0ì  | í•œ ì‚¬ëžŒì´ ì¹œêµ¬ì—ê²Œ ì‚¶ì˜ ì¡°ì–¸ì„ êµ¬í•˜ê³ , ì¹œêµ¬ëŠ” ìˆ˜ë©´, ìŒì£¼, ìš´ë™, ë¯¸ëž˜ì— ëŒ€í•œ ê±±ì •ì„ ...
2025-10-15 15:38:16 | ìƒ˜í”Œ 2/3: 100.0ì  | í•œ ì‚¬ëžŒì´ ì¹œêµ¬ì—ê²Œ ì‚¶ì˜ ì¡°ì–¸ì„ êµ¬í•˜ê³ , ì¹œêµ¬ëŠ” ìˆ˜ë©´, ìŒì£¼, ìš´ë™, ë¯¸ëž˜ì— ëŒ€í•œ ê±±ì •ì„ ...
2025-10-15 15:38:21 | ìƒ˜í”Œ 3/3: 100.0ì  | í•œ ì‚¬ëžŒì´ ì¹œêµ¬ì—ê²Œ ì‚¶ì˜ ì¡°ì–¸ì„ êµ¬í•˜ê³ , ì¹œêµ¬ëŠ” ìˆ˜ë©´, ìŒì£¼, ìš´ë™, ë¯¸ëž˜ì— ëŒ€í•œ ê±±ì •ì„ ...
2025-10-15 15:38:21 | âœ… ìµœì¢… ì„ íƒ: ìƒ˜í”Œ 1 (100.0ì )
2025-10-15 15:38:21 | ðŸ”„ Solar API 3íšŒ ìƒ˜í”Œë§ ì‹œìž‘...
2025-10-15 15:38:22 | ìƒ˜í”Œ 1/3: 85.0ì  | ë‘ ì¹œêµ¬ê°€ Ruojiaì˜ ê²°í˜¼ íŒŒí‹°ì— ì´ˆëŒ€ë°›ìŒ. ê°ìž ì„ ë¬¼ì„ ì¤€ë¹„í•˜ê¸°ë¡œ í•¨....
2025-10-15 15:38:26 | ìƒ˜í”Œ 2/3: 85.0ì  | ë‘ ì¹œêµ¬ê°€ Ruojiaì˜ ê²°í˜¼ íŒŒí‹°ì— ì´ˆëŒ€ë°›ìŒ. ê°ìž ì„ ë¬¼ì„ ì¤€ë¹„í•˜ê¸°ë¡œ í•¨....
2025-10-15 15:38:31 | ìƒ˜í”Œ 3/3: 85.0ì  | ë‘ ì¹œêµ¬ê°€ Ruojiaì˜ ê²°í˜¼ íŒŒí‹°ì— ì´ˆëŒ€ë°›ìŒ. ê°ìž ì„ ë¬¼ì„ ì¤€ë¹„í•˜ê¸°ë¡œ í•¨....
2025-10-15 15:38:31 | âœ… ìµœì¢… ì„ íƒ: ìƒ˜í”Œ 1 (85.0ì )
2025-10-15 15:38:31 | ðŸ”„ Solar API 3íšŒ ìƒ˜í”Œë§ ì‹œìž‘...
2025-10-15 15:38:32 | ìƒ˜í”Œ 1/3: 85.0ì  | ê°€ì—ê²Œ ìž¥ë‚œì„ ì¹˜ë©° ì‚¬ì§„ì„ ì°ìžê³  í•¨. ëŠ” ìž¥ë‚œì— ë°˜ëŒ€í•˜ì§€ë§Œ ê²°êµ­ ì‚¬ì§„ì„ ì°ìŒ....
2025-10-15 15:38:37 | ìƒ˜í”Œ 2/3: 85.0ì  | ê°€ì—ê²Œ ìž¥ë‚œì„ ì¹˜ë©° ì‚¬ì§„ì„ ì°ìžê³  í•¨. ëŠ” ìž¥ë‚œì— ë°˜ëŒ€í•˜ì§€ë§Œ ê²°êµ­ ì‚¬ì§„ì„ ì°ìŒ....
2025-10-15 15:38:42 | ìƒ˜í”Œ 3/3: 85.0ì  | ê°€ì—ê²Œ ìž¥ë‚œì„ ì¹˜ë©° ì‚¬ì§„ì„ ì°ìžê³  í•¨. ëŠ” ìž¥ë‚œì— ë°˜ëŒ€í•˜ì§€ë§Œ ê²°êµ­ ì‚¬ì§„ì„ ì°ìŒ....
2025-10-15 15:38:42 | âœ… ìµœì¢… ì„ íƒ: ìƒ˜í”Œ 1 (85.0ì )
2025-10-15 15:38:42 | ðŸ”„ Solar API 3íšŒ ìƒ˜í”Œë§ ì‹œìž‘...
2025-10-15 15:38:42 | ìƒ˜í”Œ 1/3: 85.0ì  | ê°€ì—ê²Œì˜ ì—¬ë™ìƒì— ëŒ€í•´ ë¬»ê³ , ê°€ ê°€ì¡±ì— ëŒ€í•´ ì„¤ëª…í•¨....
2025-10-15 15:38:47 | ìƒ˜í”Œ 2/3: 85.0ì  | ê°€ì—ê²Œì˜ ì—¬ë™ìƒì— ëŒ€í•´ ë¬»ê³ , ê°€ ê°€ì¡±ì— ëŒ€í•´ ì„¤ëª…í•¨....
2025-10-15 15:38:51 | ìƒ˜í”Œ 3/3: 85.0ì  | ê°€ì—ê²Œì˜ ì—¬ë™ìƒì— ëŒ€í•´ ë¬»ê³ , ê°€ ê°€ì¡±ì— ëŒ€í•´ ì„¤ëª…í•¨....
2025-10-15 15:38:51 | âœ… ìµœì¢… ì„ íƒ: ìƒ˜í”Œ 1 (85.0ì )
2025-10-15 15:38:51 | ðŸ”„ Solar API 3íšŒ ìƒ˜í”Œë§ ì‹œìž‘...
2025-10-15 15:38:52 | ìƒ˜í”Œ 1/3: 85.0ì  | í•™êµ ì§ì›ì´ ì•„í”ˆ í•™ìƒì—ê²Œ ì²´ì˜¨ì„ ìž¬ê³  ê²°ì„ ì ˆì°¨ë¥¼ ì•ˆë‚´í•¨....
2025-10-15 15:38:57 | ìƒ˜í”Œ 2/3: 85.0ì  | í•™êµ ì§ì›ì´ ì•„í”ˆ í•™ìƒì—ê²Œ ì²´ì˜¨ì„ ìž¬ê³  ê²°ì„ ì ˆì°¨ë¥¼ ì•ˆë‚´í•¨....
2025-10-15 15:39:01 | ìƒ˜í”Œ 3/3: 85.0ì  | í•™êµ ì§ì›ì´ ì•„í”ˆ í•™ìƒì—ê²Œ ì²´ì˜¨ì„ ìž¬ê³  ê²°ì„ ì ˆì°¨ë¥¼ ì•ˆë‚´í•¨....
2025-10-15 15:39:01 | âœ… ìµœì¢… ì„ íƒ: ìƒ˜í”Œ 1 (85.0ì )
2025-10-15 15:39:01 | ðŸ”„ Solar API 3íšŒ ìƒ˜í”Œë§ ì‹œìž‘...
2025-10-15 15:39:02 | ìƒ˜í”Œ 1/3: 85.0ì  | ê³ ê°ì´ ì¹´ë©”ë¼, MP3 í”Œë ˆì´ì–´, ì˜ìƒ í†µí™” ê¸°ëŠ¥ì´ ìžˆëŠ” ìƒˆ íœ´ëŒ€í°ì„ ì°¾ê³  ìžˆìŒ....
2025-10-15 15:39:07 | ìƒ˜í”Œ 2/3: 85.0ì  | ê³ ê°ì´ ì¹´ë©”ë¼, MP3 í”Œë ˆì´ì–´, ì˜ìƒ í†µí™” ê¸°ëŠ¥ì´ ìžˆëŠ” ìƒˆ íœ´ëŒ€í°ì„ ì°¾ê³  ìžˆìŒ....
2025-10-15 15:39:12 | ìƒ˜í”Œ 3/3: 85.0ì  | ê³ ê°ì´ ì¹´ë©”ë¼, MP3 í”Œë ˆì´ì–´, ì˜ìƒ í†µí™” ê¸°ëŠ¥ì´ ìžˆëŠ” ìƒˆ íœ´ëŒ€í°ì„ ì°¾ê³  ìžˆìŒ....
2025-10-15 15:39:12 | âœ… ìµœì¢… ì„ íƒ: ìƒ˜í”Œ 1 (85.0ì )
2025-10-15 15:39:12 | âœ… ì™„ë£Œ (ëˆ„ì : 20/499)
2025-10-15 15:39:15 | [ë°°ì¹˜ 21-30/499] ì²˜ë¦¬ ì¤‘...
2025-10-15 15:39:15 | ðŸ”„ Solar API 3íšŒ ìƒ˜í”Œë§ ì‹œìž‘...
2025-10-15 15:39:15 | ìƒ˜í”Œ 1/3: 85.0ì  | í”„ëž­í¬ê°€ ì£¼ë””ì—ê²Œ ìš°ì²´êµ­ ì§ìž¥ì˜ í˜œíƒê³¼ íž˜ë“  ê·¼ë¬´ ì¼ì •ì„ ì„¤ëª…í•¨....
2025-10-15 15:39:20 | ìƒ˜í”Œ 2/3: 85.0ì  | í”„ëž­í¬ê°€ ì£¼ë””ì—ê²Œ ìš°ì²´êµ­ ì§ìž¥ì˜ í˜œíƒê³¼ íž˜ë“  ê·¼ë¬´ ì¼ì •ì„ ì„¤ëª…í•¨....
2025-10-15 15:39:25 | ìƒ˜í”Œ 3/3: 85.0ì  | í”„ëž­í¬ê°€ ì£¼ë””ì—ê²Œ ìš°ì²´êµ­ ì§ìž¥ì˜ í˜œíƒê³¼ íž˜ë“  ê·¼ë¬´ ì¼ì •ì„ ì„¤ëª…í•¨....
2025-10-15 15:39:25 | âœ… ìµœì¢… ì„ íƒ: ìƒ˜í”Œ 1 (85.0ì )
2025-10-15 15:39:25 | ðŸ”„ Solar API 3íšŒ ìƒ˜í”Œë§ ì‹œìž‘...
2025-10-15 15:39:26 | ìƒ˜í”Œ 1/3: 85.0ì  | ì§€ì›ìžê°€ ì‚¬ë¬´ ì—…ë¬´ ê²½í—˜ê³¼ ê¸°ìˆ ì„ ìƒì„¸ížˆ ì„¤ëª…í•¨....
2025-10-15 15:39:30 | ìƒ˜í”Œ 2/3: 85.0ì  | ì§€ì›ìžê°€ ì‚¬ë¬´ ì—…ë¬´ ê²½í—˜ê³¼ ê¸°ìˆ ì„ ìƒì„¸ížˆ ì„¤ëª…í•¨....
2025-10-15 15:39:35 | ìƒ˜í”Œ 3/3: 85.0ì  | ì§€ì›ìžê°€ ì‚¬ë¬´ ì—…ë¬´ ê²½í—˜ê³¼ ê¸°ìˆ ì„ ìƒì„¸ížˆ ì„¤ëª…í•¨....
2025-10-15 15:39:35 | âœ… ìµœì¢… ì„ íƒ: ìƒ˜í”Œ 1 (85.0ì )
2025-10-15 15:39:35 | ðŸ”„ Solar API 3íšŒ ìƒ˜í”Œë§ ì‹œìž‘...
2025-10-15 15:39:35 | ìƒ˜í”Œ 1/3: 85.0ì  | ì†ë‹˜ì´ ë¯¸ë””ì—„ ë ˆì–´ ìŠ¤í…Œì´í¬ë¥¼ ì§ˆê²¨ì„œ êµí™˜ ìš”ì²­í•˜ê³ , ì§ì›ì´ ë‹¤ë¥¸ ìŒì‹ì„ ì œê³µí•˜ê¸°ë¡œ í•¨....
2025-10-15 15:39:41 | ìƒ˜í”Œ 2/3: 85.0ì  | ì†ë‹˜ì´ ë¯¸ë””ì—„ ë ˆì–´ ìŠ¤í…Œì´í¬ë¥¼ ì§ˆê²¨ì„œ êµí™˜ ìš”ì²­í•˜ê³ , ì§ì›ì´ ë‹¤ë¥¸ ìŒì‹ì„ ì œê³µí•˜ê¸°ë¡œ í•¨....
2025-10-15 15:39:45 | ìƒ˜í”Œ 3/3: 85.0ì  | ì†ë‹˜ì´ ë¯¸ë””ì—„ ë ˆì–´ ìŠ¤í…Œì´í¬ë¥¼ ì§ˆê²¨ì„œ êµí™˜ ìš”ì²­í•˜ê³ , ì§ì›ì´ ë‹¤ë¥¸ ìŒì‹ì„ ì œê³µí•˜ê¸°ë¡œ í•¨....
2025-10-15 15:39:45 | âœ… ìµœì¢… ì„ íƒ: ìƒ˜í”Œ 1 (85.0ì )
2025-10-15 15:39:45 | ðŸ”„ Solar API 3íšŒ ìƒ˜í”Œë§ ì‹œìž‘...
2025-10-15 15:39:46 | ìƒ˜í”Œ 1/3: 85.0ì  | Tomì´ ë…¸ë²¨ìƒ ìˆ˜ìƒ ì†Œì‹ì„ ë“£ê³  ì¶•í•˜ íŒŒí‹°ë¥¼ ì—´ê¸°ë¡œ í•¨....
2025-10-15 15:39:50 | ìƒ˜í”Œ 2/3: 85.0ì  | Tomì´ ë…¸ë²¨ìƒ ìˆ˜ìƒ ì†Œì‹ì„ ë“£ê³  ì¶•í•˜ íŒŒí‹°ë¥¼ ì—´ê¸°ë¡œ í•¨....
2025-10-15 15:39:55 | ìƒ˜í”Œ 3/3: 85.0ì  | Tomì´ ë…¸ë²¨ìƒ ìˆ˜ìƒ ì†Œì‹ì„ ë“£ê³  ì¶•í•˜ íŒŒí‹°ë¥¼ ì—´ê¸°ë¡œ í•¨....
2025-10-15 15:39:55 | âœ… ìµœì¢… ì„ íƒ: ìƒ˜í”Œ 1 (85.0ì )
2025-10-15 15:39:55 | ðŸ”„ Solar API 3íšŒ ìƒ˜í”Œë§ ì‹œìž‘...
2025-10-15 15:39:56 | ìƒ˜í”Œ 1/3: 100.0ì  | ì§€ì›ìžê°€ ìžë™ì°¨ ë””ìžì¸ ì „ê³µê³¼ ê³¼í•™ ì„ì‚¬ í•™ìœ„ë¥¼ ë°”íƒ•ìœ¼ë¡œ ì§ë¬´ ì í•©ì„±ì„ ì„¤ëª…í•¨. ì´ì „ ì§ìž¥...
2025-10-15 15:40:00 | ìƒ˜í”Œ 2/3: 100.0ì  | ì§€ì›ìžê°€ ìžë™ì°¨ ë””ìžì¸ ì „ê³µê³¼ ê³¼í•™ ì„ì‚¬ í•™ìœ„ë¥¼ ë°”íƒ•ìœ¼ë¡œ ì§ë¬´ ì í•©ì„±ì„ ì„¤ëª…í•¨. ì´ì „ ì§ìž¥...
2025-10-15 15:40:05 | ìƒ˜í”Œ 3/3: 100.0ì  | ì§€ì›ìžê°€ ìžë™ì°¨ ë””ìžì¸ ì „ê³µê³¼ ê³¼í•™ ì„ì‚¬ í•™ìœ„ë¥¼ ë°”íƒ•ìœ¼ë¡œ ì§ë¬´ ì í•©ì„±ì„ ì„¤ëª…í•¨. ì´ì „ ì§ìž¥...
2025-10-15 15:40:05 | âœ… ìµœì¢… ì„ íƒ: ìƒ˜í”Œ 1 (100.0ì )
2025-10-15 15:40:05 | ðŸ”„ Solar API 3íšŒ ìƒ˜í”Œë§ ì‹œìž‘...
2025-10-15 15:40:06 | ìƒ˜í”Œ 1/3: 100.0ì  | ë‘ ì‚¬ëžŒì´ ìˆ  ë§ˆì‹œëŠ” ìŠµê´€ê³¼ ìž¥ì†Œì— ëŒ€í•´ ì´ì•¼ê¸°í•˜ê³ , ë‹¤ìŒ ë‚  ë°¤ì— í•¨ê»˜ ë‚˜ê°€ê¸°ë¡œ ê³„íší•¨....
2025-10-15 15:40:11 | ìƒ˜í”Œ 2/3: 100.0ì  | ë‘ ì‚¬ëžŒì´ ìˆ  ë§ˆì‹œëŠ” ìŠµê´€ê³¼ ìž¥ì†Œì— ëŒ€í•´ ì´ì•¼ê¸°í•˜ê³ , ë‹¤ìŒ ë‚  ë°¤ì— í•¨ê»˜ ë‚˜ê°€ê¸°ë¡œ ê³„íší•¨....
2025-10-15 15:40:16 | ìƒ˜í”Œ 3/3: 100.0ì  | ë‘ ì‚¬ëžŒì´ ìˆ  ë§ˆì‹œëŠ” ìŠµê´€ê³¼ ìž¥ì†Œì— ëŒ€í•´ ì´ì•¼ê¸°í•˜ê³ , ë‹¤ìŒ ë‚  ë°¤ì— í•¨ê»˜ ë‚˜ê°€ê¸°ë¡œ ê³„íší•¨....
2025-10-15 15:40:16 | âœ… ìµœì¢… ì„ íƒ: ìƒ˜í”Œ 1 (100.0ì )
2025-10-15 15:40:16 | ðŸ”„ Solar API 3íšŒ ìƒ˜í”Œë§ ì‹œìž‘...
2025-10-15 15:40:17 | ìƒ˜í”Œ 1/3: 100.0ì  | ì—„ë§ˆê°€ Maryì—ê²Œ ì†Œí’ ì¤€ë¹„ ë„ì›€ì„ ìš”ì²­í•¨. MaryëŠ” í† ìŠ¤íŠ¸ì™€ ì¹˜í‚¨ ìœ™ì„ ì¤€ë¹„í•˜ê³ , ì—„...
2025-10-15 15:40:22 | ìƒ˜í”Œ 2/3: 100.0ì  | ì—„ë§ˆê°€ Maryì—ê²Œ ì†Œí’ ì¤€ë¹„ ë„ì›€ì„ ìš”ì²­í•¨. MaryëŠ” í† ìŠ¤íŠ¸ì™€ ì¹˜í‚¨ ìœ™ì„ ì¤€ë¹„í•˜ê³ , ì—„...
2025-10-15 15:40:27 | ìƒ˜í”Œ 3/3: 100.0ì  | ì—„ë§ˆê°€ Maryì—ê²Œ ì†Œí’ ì¤€ë¹„ ë„ì›€ì„ ìš”ì²­í•¨. MaryëŠ” í† ìŠ¤íŠ¸ì™€ ì¹˜í‚¨ ìœ™ì„ ì¤€ë¹„í•˜ê³ , ì—„...
2025-10-15 15:40:27 | âœ… ìµœì¢… ì„ íƒ: ìƒ˜í”Œ 1 (100.0ì )
2025-10-15 15:40:27 | ðŸ”„ Solar API 3íšŒ ìƒ˜í”Œë§ ì‹œìž‘...
2025-10-15 15:40:28 | ìƒ˜í”Œ 1/3: 100.0ì  | Jamesê°€ Muriel Douglasì™€ ìƒˆ ê³„ì •ì— ëŒ€í•´ ë§Œë‚¨. ë‘ ì‚¬ëžŒì€ íœ´ì¼ ê³„íšê³¼ ì˜...
2025-10-15 15:40:33 | ìƒ˜í”Œ 2/3: 100.0ì  | Jamesê°€ Muriel Douglasì™€ ìƒˆ ê³„ì •ì— ëŒ€í•´ ë§Œë‚¨. ë‘ ì‚¬ëžŒì€ íœ´ì¼ ê³„íšê³¼ ì˜...
2025-10-15 15:40:37 | ìƒ˜í”Œ 3/3: 100.0ì  | Jamesê°€ Muriel Douglasì™€ ìƒˆ ê³„ì •ì— ëŒ€í•´ ë§Œë‚¨. ë‘ ì‚¬ëžŒì€ íœ´ì¼ ê³„íšê³¼ ì˜...
2025-10-15 15:40:37 | âœ… ìµœì¢… ì„ íƒ: ìƒ˜í”Œ 1 (100.0ì )
2025-10-15 15:40:37 | ðŸ”„ Solar API 3íšŒ ìƒ˜í”Œë§ ì‹œìž‘...
2025-10-15 15:40:38 | ìƒ˜í”Œ 1/3: 100.0ì  | ATMì—ì„œ ëˆì„ ì¸ì¶œí•˜ë ¤ë‹¤ ì‹¤ìˆ˜ë¡œ í° ê¸ˆì•¡ì„ ì´ì²´í•˜ê³ , ê¸°ê³„ ì˜¤ìž‘ë™ìœ¼ë¡œ ì˜¤í•´í•˜ì—¬ í˜¼ëž€ì„ ê²ª...
2025-10-15 15:40:44 | ìƒ˜í”Œ 2/3: 100.0ì  | ATMì—ì„œ ëˆì„ ì¸ì¶œí•˜ë ¤ë‹¤ ì‹¤ìˆ˜ë¡œ í° ê¸ˆì•¡ì„ ì´ì²´í•˜ê³ , ê¸°ê³„ ì˜¤ìž‘ë™ìœ¼ë¡œ ì˜¤í•´í•˜ì—¬ í˜¼ëž€ì„ ê²ª...
2025-10-15 15:40:48 | ìƒ˜í”Œ 3/3: 100.0ì  | ATMì—ì„œ ëˆì„ ì¸ì¶œí•˜ë ¤ë‹¤ ì‹¤ìˆ˜ë¡œ í° ê¸ˆì•¡ì„ ì´ì²´í•˜ê³ , ê¸°ê³„ ì˜¤ìž‘ë™ìœ¼ë¡œ ì˜¤í•´í•˜ì—¬ í˜¼ëž€ì„ ê²ª...
2025-10-15 15:40:48 | âœ… ìµœì¢… ì„ íƒ: ìƒ˜í”Œ 1 (100.0ì )
2025-10-15 15:40:48 | ðŸ”„ Solar API 3íšŒ ìƒ˜í”Œë§ ì‹œìž‘...
2025-10-15 15:40:49 | ìƒ˜í”Œ 1/3: 85.0ì  | ì‚¬êµì ì´ë©° ì§„ì‹¬ì„ ë‹´ì•„ ëŒ€í™”í•˜ëŠ” ì „ëžµì„ ì‚¬ìš©í•¨....
2025-10-15 15:40:53 | ìƒ˜í”Œ 2/3: 85.0ì  | ì‚¬êµì ì´ë©° ì§„ì‹¬ì„ ë‹´ì•„ ëŒ€í™”í•˜ëŠ” ì „ëžµì„ ì‚¬ìš©í•¨....
2025-10-15 15:40:58 | ìƒ˜í”Œ 3/3: 85.0ì  | ì‚¬êµì ì´ë©° ì§„ì‹¬ì„ ë‹´ì•„ ëŒ€í™”í•˜ëŠ” ì „ëžµì„ ì‚¬ìš©í•¨....
2025-10-15 15:40:58 | âœ… ìµœì¢… ì„ íƒ: ìƒ˜í”Œ 1 (85.0ì )
2025-10-15 15:40:58 | âœ… ì™„ë£Œ (ëˆ„ì : 30/499)
2025-10-15 15:41:01 | [ë°°ì¹˜ 31-40/499] ì²˜ë¦¬ ì¤‘...
2025-10-15 15:41:01 | ðŸ”„ Solar API 3íšŒ ìƒ˜í”Œë§ ì‹œìž‘...
2025-10-15 15:41:02 | ìƒ˜í”Œ 1/3: 100.0ì  | Mr. Pollyê°€ ìƒì‚¬ì—ê²Œ ìŒë£Œìˆ˜ë¥¼ ì‚¬ë‹¬ë¼ê³  ìš”ì²­í–ˆìœ¼ë‚˜, ìƒì‚¬ê°€ ê·¸ ê°€ê²Œì— ìžˆì–´ ì§ì ‘ ê°€...
2025-10-15 15:41:07 | ìƒ˜í”Œ 2/3: 100.0ì  | Mr. Pollyê°€ ìƒì‚¬ì—ê²Œ ìŒë£Œìˆ˜ë¥¼ ì‚¬ë‹¬ë¼ê³  ìš”ì²­í–ˆìœ¼ë‚˜, ìƒì‚¬ê°€ ê·¸ ê°€ê²Œì— ìžˆì–´ ì§ì ‘ ê°€...
2025-10-15 15:41:12 | ìƒ˜í”Œ 3/3: 100.0ì  | Mr. Pollyê°€ ìƒì‚¬ì—ê²Œ ìŒë£Œìˆ˜ë¥¼ ì‚¬ë‹¬ë¼ê³  ìš”ì²­í–ˆìœ¼ë‚˜, ìƒì‚¬ê°€ ê·¸ ê°€ê²Œì— ìžˆì–´ ì§ì ‘ ê°€...
2025-10-15 15:41:12 | âœ… ìµœì¢… ì„ íƒ: ìƒ˜í”Œ 1 (100.0ì )
2025-10-15 15:41:12 | ðŸ”„ Solar API 3íšŒ ìƒ˜í”Œë§ ì‹œìž‘...
2025-10-15 15:41:13 | ìƒ˜í”Œ 1/3: 85.0ì  | ìƒì‚¬ì™€ ì§ì›ì´ ë³´ê³ ì„œ ê²€í†  ì‹œê°„ì„ ê¸ˆìš”ì¼ ì˜¤í›„ 1ì‹œë¶€í„° 4ì‹œë¡œ ìž¡ìŒ....
2025-10-15 15:41:18 | ìƒ˜í”Œ 2/3: 85.0ì  | ìƒì‚¬ì™€ ì§ì›ì´ ë³´ê³ ì„œ ê²€í†  ì‹œê°„ì„ ê¸ˆìš”ì¼ ì˜¤í›„ 1ì‹œë¶€í„° 4ì‹œë¡œ ìž¡ìŒ....
2025-10-15 15:41:23 | ìƒ˜í”Œ 3/3: 85.0ì  | ìƒì‚¬ì™€ ì§ì›ì´ ë³´ê³ ì„œ ê²€í†  ì‹œê°„ì„ ê¸ˆìš”ì¼ ì˜¤í›„ 1ì‹œë¶€í„° 4ì‹œë¡œ ìž¡ìŒ....
2025-10-15 15:41:23 | âœ… ìµœì¢… ì„ íƒ: ìƒ˜í”Œ 1 (85.0ì )
2025-10-15 15:41:23 | ðŸ”„ Solar API 3íšŒ ìƒ˜í”Œë§ ì‹œìž‘...
2025-10-15 15:41:24 | ìƒ˜í”Œ 1/3: 85.0ì  | ì¸í„°ë·° ì¤€ë¹„ ì›Œí¬ìˆì—ì„œ ì°¸ê°€ìžë“¤ì´ ì˜·ì°¨ë¦¼, íƒœë„, ì •ì§í•¨ì˜ ì¤‘ìš”ì„±ì— ëŒ€í•´ ë…¼ì˜í•¨....
2025-10-15 15:41:29 | ìƒ˜í”Œ 2/3: 85.0ì  | ì¸í„°ë·° ì¤€ë¹„ ì›Œí¬ìˆì—ì„œ ì°¸ê°€ìžë“¤ì´ ì˜·ì°¨ë¦¼, íƒœë„, ì •ì§í•¨ì˜ ì¤‘ìš”ì„±ì— ëŒ€í•´ ë…¼ì˜í•¨....
2025-10-15 15:41:33 | ìƒ˜í”Œ 3/3: 85.0ì  | ì¸í„°ë·° ì¤€ë¹„ ì›Œí¬ìˆì—ì„œ ì°¸ê°€ìžë“¤ì´ ì˜·ì°¨ë¦¼, íƒœë„, ì •ì§í•¨ì˜ ì¤‘ìš”ì„±ì— ëŒ€í•´ ë…¼ì˜í•¨....
2025-10-15 15:41:33 | âœ… ìµœì¢… ì„ íƒ: ìƒ˜í”Œ 1 (85.0ì )
2025-10-15 15:41:33 | ðŸ”„ Solar API 3íšŒ ìƒ˜í”Œë§ ì‹œìž‘...
2025-10-15 15:41:34 | ìƒ˜í”Œ 1/3: 85.0ì  | ê°ë…ì´ Mikeì—ê²Œ ìºë¦­í„°ì˜ ë¶„ë…¸ í‘œí˜„ì„ ê°•ì¡°í•˜ë„ë¡ ì§€ì‹œí•¨....
2025-10-15 15:41:39 | ìƒ˜í”Œ 2/3: 85.0ì  | ê°ë…ì´ Mikeì—ê²Œ ìºë¦­í„°ì˜ ë¶„ë…¸ í‘œí˜„ì„ ê°•ì¡°í•˜ë„ë¡ ì§€ì‹œí•¨....
2025-10-15 15:41:43 | ìƒ˜í”Œ 3/3: 85.0ì  | ê°ë…ì´ Mikeì—ê²Œ ìºë¦­í„°ì˜ ë¶„ë…¸ í‘œí˜„ì„ ê°•ì¡°í•˜ë„ë¡ ì§€ì‹œí•¨....
2025-10-15 15:41:43 | âœ… ìµœì¢… ì„ íƒ: ìƒ˜í”Œ 1 (85.0ì )
2025-10-15 15:41:43 | ðŸ”„ Solar API 3íšŒ ìƒ˜í”Œë§ ì‹œìž‘...
2025-10-15 15:41:44 | ìƒ˜í”Œ 1/3: 85.0ì  | ì´ì›ƒì¸ì™€ Mrs. Toddê°€ ì •ì›ì—ì„œ ì¸ì‚¬í•˜ê³ , ê°€ ë„ì›€ì„ ì œì•ˆí•¨....
2025-10-15 15:41:49 | ìƒ˜í”Œ 2/3: 85.0ì  | ì´ì›ƒì¸ì™€ Mrs. Toddê°€ ì •ì›ì—ì„œ ì¸ì‚¬í•˜ê³ , ê°€ ë„ì›€ì„ ì œì•ˆí•¨....
2025-10-15 15:41:54 | ìƒ˜í”Œ 3/3: 85.0ì  | ì´ì›ƒì¸ì™€ Mrs. Toddê°€ ì •ì›ì—ì„œ ì¸ì‚¬í•˜ê³ , ê°€ ë„ì›€ì„ ì œì•ˆí•¨....
2025-10-15 15:41:54 | âœ… ìµœì¢… ì„ íƒ: ìƒ˜í”Œ 1 (85.0ì )
2025-10-15 15:41:54 | ðŸ”„ Solar API 3íšŒ ìƒ˜í”Œë§ ì‹œìž‘...
2025-10-15 15:41:55 | ìƒ˜í”Œ 1/3: 100.0ì  | í”¼ê³¤í•´ ë³´ì´ëŠ”ì—ê²Œ ì¼ì° í‡´ê·¼í•˜ê³  ì‰¬ë¼ê³  ê¶Œí•¨. ë˜í•œ, ì˜ í˜•ì˜ ë¯¸êµ­ ì¶œìž¥ê³¼ ì‹œê°„ í™•ì¸ì— ëŒ€...
2025-10-15 15:42:00 | ìƒ˜í”Œ 2/3: 100.0ì  | í”¼ê³¤í•´ ë³´ì´ëŠ”ì—ê²Œ ì¼ì° í‡´ê·¼í•˜ê³  ì‰¬ë¼ê³  ê¶Œí•¨. ë˜í•œ, ì˜ í˜•ì˜ ë¯¸êµ­ ì¶œìž¥ê³¼ ì‹œê°„ í™•ì¸ì— ëŒ€...
2025-10-15 15:42:05 | ìƒ˜í”Œ 3/3: 100.0ì  | í”¼ê³¤í•´ ë³´ì´ëŠ”ì—ê²Œ ì¼ì° í‡´ê·¼í•˜ê³  ì‰¬ë¼ê³  ê¶Œí•¨. ë˜í•œ, ì˜ í˜•ì˜ ë¯¸êµ­ ì¶œìž¥ê³¼ ì‹œê°„ í™•ì¸ì— ëŒ€...
2025-10-15 15:42:05 | âœ… ìµœì¢… ì„ íƒ: ìƒ˜í”Œ 1 (100.0ì )
2025-10-15 15:42:05 | ðŸ”„ Solar API 3íšŒ ìƒ˜í”Œë§ ì‹œìž‘...
2025-10-15 15:42:05 | ìƒ˜í”Œ 1/3: 85.0ì  | Simonì´ Cleoì—ê²Œ í•µë¬´ê¸° í™•ì‚° ë°˜ëŒ€ ì‹œìœ„ì— ê°€ìžê³  ì œì•ˆí–ˆìœ¼ë‚˜ CleoëŠ” ê±°ì ˆí•¨....
2025-10-15 15:42:10 | ìƒ˜í”Œ 2/3: 85.0ì  | Simonì´ Cleoì—ê²Œ í•µë¬´ê¸° í™•ì‚° ë°˜ëŒ€ ì‹œìœ„ì— ê°€ìžê³  ì œì•ˆí–ˆìœ¼ë‚˜ CleoëŠ” ê±°ì ˆí•¨....
2025-10-15 15:42:14 | ìƒ˜í”Œ 3/3: 85.0ì  | Simonì´ Cleoì—ê²Œ í•µë¬´ê¸° í™•ì‚° ë°˜ëŒ€ ì‹œìœ„ì— ê°€ìžê³  ì œì•ˆí–ˆìœ¼ë‚˜ CleoëŠ” ê±°ì ˆí•¨....
2025-10-15 15:42:14 | âœ… ìµœì¢… ì„ íƒ: ìƒ˜í”Œ 1 (85.0ì )
2025-10-15 15:42:14 | ðŸ”„ Solar API 3íšŒ ìƒ˜í”Œë§ ì‹œìž‘...
2025-10-15 15:42:15 | ìƒ˜í”Œ 1/3: 85.0ì  | ë‘ ì‚¬ëžŒì´ ë¬´ì‹¬ì½” ë¬¸ì„ ì—´ì–´ì¤€ ê²½í—˜ì— ëŒ€í•´ ëŒ€í™”í•¨....
2025-10-15 15:42:20 | ìƒ˜í”Œ 2/3: 85.0ì  | ë‘ ì‚¬ëžŒì´ ë¬´ì‹¬ì½” ë¬¸ì„ ì—´ì–´ì¤€ ê²½í—˜ì— ëŒ€í•´ ëŒ€í™”í•¨....
2025-10-15 15:42:25 | ìƒ˜í”Œ 3/3: 85.0ì  | ë‘ ì‚¬ëžŒì´ ë¬´ì‹¬ì½” ë¬¸ì„ ì—´ì–´ì¤€ ê²½í—˜ì— ëŒ€í•´ ëŒ€í™”í•¨....
2025-10-15 15:42:25 | âœ… ìµœì¢… ì„ íƒ: ìƒ˜í”Œ 1 (85.0ì )
2025-10-15 15:42:25 | ðŸ”„ Solar API 3íšŒ ìƒ˜í”Œë§ ì‹œìž‘...
2025-10-15 15:42:26 | ìƒ˜í”Œ 1/3: 100.0ì  | Markê³¼ Maggieê°€ ìŠ¤í„°ë”” íŒŒíŠ¸ë„ˆê°€ ë˜ì–´ ë„ì„œê´€ì—ì„œ ê³µë¶€í•˜ê¸°ë¡œ í•¨. Markì€ ì €ë… ...
2025-10-15 15:42:31 | ìƒ˜í”Œ 2/3: 100.0ì  | Markê³¼ Maggieê°€ ìŠ¤í„°ë”” íŒŒíŠ¸ë„ˆê°€ ë˜ì–´ ë„ì„œê´€ì—ì„œ ê³µë¶€í•˜ê¸°ë¡œ í•¨. Markì€ ì €ë… ...
2025-10-15 15:42:36 | ìƒ˜í”Œ 3/3: 100.0ì  | Markê³¼ Maggieê°€ ìŠ¤í„°ë”” íŒŒíŠ¸ë„ˆê°€ ë˜ì–´ ë„ì„œê´€ì—ì„œ ê³µë¶€í•˜ê¸°ë¡œ í•¨. Markì€ ì €ë… ...
2025-10-15 15:42:36 | âœ… ìµœì¢… ì„ íƒ: ìƒ˜í”Œ 1 (100.0ì )
2025-10-15 15:42:36 | ðŸ”„ Solar API 3íšŒ ìƒ˜í”Œë§ ì‹œìž‘...
2025-10-15 15:42:36 | ìƒ˜í”Œ 1/3: 100.0ì  | ì§ì›ê°€ í•™ìƒì—ê²Œ Turner êµìˆ˜ì˜ ì§€ì§ˆí•™ ê³ ê¸‰ ê³¼ëª© ë“±ë¡ì„ Burman êµìˆ˜ì™€ ìƒì˜ í›„ ...
2025-10-15 15:42:41 | ìƒ˜í”Œ 2/3: 100.0ì  | ì§ì›ê°€ í•™ìƒì—ê²Œ Turner êµìˆ˜ì˜ ì§€ì§ˆí•™ ê³ ê¸‰ ê³¼ëª© ë“±ë¡ì„ Burman êµìˆ˜ì™€ ìƒì˜ í›„ ...
2025-10-15 15:42:46 | ìƒ˜í”Œ 3/3: 100.0ì  | ì§ì›ê°€ í•™ìƒì—ê²Œ Turner êµìˆ˜ì˜ ì§€ì§ˆí•™ ê³ ê¸‰ ê³¼ëª© ë“±ë¡ì„ Burman êµìˆ˜ì™€ ìƒì˜ í›„ ...
2025-10-15 15:42:46 | âœ… ìµœì¢… ì„ íƒ: ìƒ˜í”Œ 1 (100.0ì )
2025-10-15 15:42:46 | âœ… ì™„ë£Œ (ëˆ„ì : 40/499)
2025-10-15 15:42:49 | [ë°°ì¹˜ 41-50/499] ì²˜ë¦¬ ì¤‘...
2025-10-15 15:42:49 | ðŸ”„ Solar API 3íšŒ ìƒ˜í”Œë§ ì‹œìž‘...
2025-10-15 15:42:49 | ìƒ˜í”Œ 1/3: 100.0ì  | ê³ ê°ì´ êµ¬ë§¤í•œ íŽœë˜íŠ¸ê°€ ê¹¨ì ¸ êµí™˜ ìš”ì²­í•¨. ì§ì›ì€ ì˜ìˆ˜ì¦ì„ í™•ì¸í•œ í›„ 10ì‹œê¹Œì§€ ê°€ê²Œë¡œ ì˜¤...
2025-10-15 15:42:54 | ìƒ˜í”Œ 2/3: 100.0ì  | ê³ ê°ì´ êµ¬ë§¤í•œ íŽœë˜íŠ¸ê°€ ê¹¨ì ¸ êµí™˜ ìš”ì²­í•¨. ì§ì›ì€ ì˜ìˆ˜ì¦ì„ í™•ì¸í•œ í›„ 10ì‹œê¹Œì§€ ê°€ê²Œë¡œ ì˜¤...
2025-10-15 15:42:59 | ìƒ˜í”Œ 3/3: 100.0ì  | ê³ ê°ì´ êµ¬ë§¤í•œ íŽœë˜íŠ¸ê°€ ê¹¨ì ¸ êµí™˜ ìš”ì²­í•¨. ì§ì›ì€ ì˜ìˆ˜ì¦ì„ í™•ì¸í•œ í›„ 10ì‹œê¹Œì§€ ê°€ê²Œë¡œ ì˜¤...
2025-10-15 15:42:59 | âœ… ìµœì¢… ì„ íƒ: ìƒ˜í”Œ 1 (100.0ì )
2025-10-15 15:42:59 | ðŸ”„ Solar API 3íšŒ ìƒ˜í”Œë§ ì‹œìž‘...
2025-10-15 15:43:00 | ìƒ˜í”Œ 1/3: 85.0ì  | ë‘ ì¹œêµ¬ê°€ ë°•ì‹± ë°ì´ ì„¸ì¼ê³¼ ìŠ¤í¬ì¸  ê²½ê¸°ë¥¼ ë‘ê³  ë‹¤íˆ¼....
2025-10-15 15:43:05 | ìƒ˜í”Œ 2/3: 85.0ì  | ë‘ ì¹œêµ¬ê°€ ë°•ì‹± ë°ì´ ì„¸ì¼ê³¼ ìŠ¤í¬ì¸  ê²½ê¸°ë¥¼ ë‘ê³  ë‹¤íˆ¼....
2025-10-15 15:43:09 | ìƒ˜í”Œ 3/3: 85.0ì  | ë‘ ì¹œêµ¬ê°€ ë°•ì‹± ë°ì´ ì„¸ì¼ê³¼ ìŠ¤í¬ì¸  ê²½ê¸°ë¥¼ ë‘ê³  ë‹¤íˆ¼....
2025-10-15 15:43:09 | âœ… ìµœì¢… ì„ íƒ: ìƒ˜í”Œ 1 (85.0ì )
2025-10-15 15:43:09 | ðŸ”„ Solar API 3íšŒ ìƒ˜í”Œë§ ì‹œìž‘...
2025-10-15 15:43:10 | ìƒ˜í”Œ 1/3: 85.0ì  | ë‘ ì¹œêµ¬ê°€ ë¯¸ë””ì–´ ì§ì—…ì— ëŒ€í•´ ë…¼ì˜í•¨. ëŠ” ìŠ¤íŠ¸ë ˆìŠ¤ê°€ ì ì€ ì¸í„°ëž™í‹°ë¸Œ ë¯¸ë””ì–´ë¥¼ ì„ í˜¸í•¨....
2025-10-15 15:43:14 | ìƒ˜í”Œ 2/3: 85.0ì  | ë‘ ì¹œêµ¬ê°€ ë¯¸ë””ì–´ ì§ì—…ì— ëŒ€í•´ ë…¼ì˜í•¨. ëŠ” ìŠ¤íŠ¸ë ˆìŠ¤ê°€ ì ì€ ì¸í„°ëž™í‹°ë¸Œ ë¯¸ë””ì–´ë¥¼ ì„ í˜¸í•¨....
2025-10-15 15:43:19 | ìƒ˜í”Œ 3/3: 85.0ì  | ë‘ ì¹œêµ¬ê°€ ë¯¸ë””ì–´ ì§ì—…ì— ëŒ€í•´ ë…¼ì˜í•¨. ëŠ” ìŠ¤íŠ¸ë ˆìŠ¤ê°€ ì ì€ ì¸í„°ëž™í‹°ë¸Œ ë¯¸ë””ì–´ë¥¼ ì„ í˜¸í•¨....
2025-10-15 15:43:19 | âœ… ìµœì¢… ì„ íƒ: ìƒ˜í”Œ 1 (85.0ì )
2025-10-15 15:43:19 | ðŸ”„ Solar API 3íšŒ ìƒ˜í”Œë§ ì‹œìž‘...
2025-10-15 15:43:20 | ìƒ˜í”Œ 1/3: 85.0ì  | Tomì´ Maryì—ê²Œ ì§€ë£¨í•œ í–‰ì‚¬ì—ì„œ ì‹œê°„ì„ ë³´ë‚´ë„ë¡ ì œì•ˆí•¨....
2025-10-15 15:43:25 | ìƒ˜í”Œ 2/3: 85.0ì  | Tomì´ Maryì—ê²Œ ì§€ë£¨í•œ í–‰ì‚¬ì—ì„œ ì‹œê°„ì„ ë³´ë‚´ë„ë¡ ì œì•ˆí•¨....
2025-10-15 15:43:30 | ìƒ˜í”Œ 3/3: 85.0ì  | Tomì´ Maryì—ê²Œ ì§€ë£¨í•œ í–‰ì‚¬ì—ì„œ ì‹œê°„ì„ ë³´ë‚´ë„ë¡ ì œì•ˆí•¨....
2025-10-15 15:43:30 | âœ… ìµœì¢… ì„ íƒ: ìƒ˜í”Œ 1 (85.0ì )
2025-10-15 15:43:30 | ðŸ”„ Solar API 3íšŒ ìƒ˜í”Œë§ ì‹œìž‘...
2025-10-15 15:43:32 | ìƒ˜í”Œ 1/3: 100.0ì  | Tomê³¼ Sarahê°€ ì €ë ´í•œ ì§‘ êµ¬ë§¤ ë°©ë²•ì— ëŒ€í•´ ë…¼ì˜í•¨. Tomì€ ë„ì‹œ ì¤‘ì‹¬ì—ì„œ ë–¨ì–´ì§„ ...
2025-10-15 15:43:37 | ìƒ˜í”Œ 2/3: 100.0ì  | Tomê³¼ Sarahê°€ ì €ë ´í•œ ì§‘ êµ¬ë§¤ ë°©ë²•ì— ëŒ€í•´ ë…¼ì˜í•¨. Tomì€ ë„ì‹œ ì¤‘ì‹¬ì—ì„œ ë–¨ì–´ì§„ ...
2025-10-15 15:43:42 | ìƒ˜í”Œ 3/3: 100.0ì  | Tomê³¼ Sarahê°€ ì €ë ´í•œ ì§‘ êµ¬ë§¤ ë°©ë²•ì— ëŒ€í•´ ë…¼ì˜í•¨. Tomì€ ë„ì‹œ ì¤‘ì‹¬ì—ì„œ ë–¨ì–´ì§„ ...
2025-10-15 15:43:42 | âœ… ìµœì¢… ì„ íƒ: ìƒ˜í”Œ 1 (100.0ì )
2025-10-15 15:43:42 | ðŸ”„ Solar API 3íšŒ ìƒ˜í”Œë§ ì‹œìž‘...
2025-10-15 15:43:42 | ìƒ˜í”Œ 1/3: 100.0ì  | ë¼ë””ì˜¤ í”„ë¡œê·¸ëž¨ì—ì„œ ëŸ°ë˜ì˜ ì˜êµ­ ê´€ê´‘ì²­ ì •ë³´ ë‹´ë‹¹ê´€ Mark Leachë¥¼ ì†Œê°œí•˜ë©°, ê·¸ì˜ ...
2025-10-15 15:43:47 | ìƒ˜í”Œ 2/3: 100.0ì  | ë¼ë””ì˜¤ í”„ë¡œê·¸ëž¨ì—ì„œ ëŸ°ë˜ì˜ ì˜êµ­ ê´€ê´‘ì²­ ì •ë³´ ë‹´ë‹¹ê´€ Mark Leachë¥¼ ì†Œê°œí•˜ë©°, ê·¸ì˜ ...
2025-10-15 15:43:52 | ìƒ˜í”Œ 3/3: 100.0ì  | ë¼ë””ì˜¤ í”„ë¡œê·¸ëž¨ì—ì„œ ëŸ°ë˜ì˜ ì˜êµ­ ê´€ê´‘ì²­ ì •ë³´ ë‹´ë‹¹ê´€ Mark Leachë¥¼ ì†Œê°œí•˜ë©°, ê·¸ì˜ ...
2025-10-15 15:43:52 | âœ… ìµœì¢… ì„ íƒ: ìƒ˜í”Œ 1 (100.0ì )
2025-10-15 15:43:52 | ðŸ”„ Solar API 3íšŒ ìƒ˜í”Œë§ ì‹œìž‘...
2025-10-15 15:43:53 | ìƒ˜í”Œ 1/3: 90.0ì  | Lucyì™€ Lin Fangì´ ì¢‹ì•„í•˜ëŠ” ê³¼ëª©ì— ëŒ€í•´ ì´ì•¼ê¸°í•¨. ê°ìž ì˜ì–´, ì²´ìœ¡, ì¤‘êµ­ì–´, ...
2025-10-15 15:43:58 | ìƒ˜í”Œ 2/3: 90.0ì  | Lucyì™€ Lin Fangì´ ì¢‹ì•„í•˜ëŠ” ê³¼ëª©ì— ëŒ€í•´ ì´ì•¼ê¸°í•¨. ê°ìž ì˜ì–´, ì²´ìœ¡, ì¤‘êµ­ì–´, ...
2025-10-15 15:44:03 | ìƒ˜í”Œ 3/3: 90.0ì  | Lucyì™€ Lin Fangì´ ì¢‹ì•„í•˜ëŠ” ê³¼ëª©ì— ëŒ€í•´ ì´ì•¼ê¸°í•¨. ê°ìž ì˜ì–´, ì²´ìœ¡, ì¤‘êµ­ì–´, ...
2025-10-15 15:44:03 | âœ… ìµœì¢… ì„ íƒ: ìƒ˜í”Œ 1 (90.0ì )
2025-10-15 15:44:03 | ðŸ”„ Solar API 3íšŒ ìƒ˜í”Œë§ ì‹œìž‘...
2025-10-15 15:44:05 | ìƒ˜í”Œ 1/3: 100.0ì  | Jamesê°€ Mrs. Thomasì˜ ì§‘ì•ˆì¼ì„ ë„ì™€ì£¼ê³ , ê°œ ì‚°ì±…ë„ ì œì•ˆí•¨. JamesëŠ” ë†...
2025-10-15 15:44:09 | ìƒ˜í”Œ 2/3: 100.0ì  | Jamesê°€ Mrs. Thomasì˜ ì§‘ì•ˆì¼ì„ ë„ì™€ì£¼ê³ , ê°œ ì‚°ì±…ë„ ì œì•ˆí•¨. JamesëŠ” ë†...
2025-10-15 15:44:14 | ìƒ˜í”Œ 3/3: 100.0ì  | Jamesê°€ Mrs. Thomasì˜ ì§‘ì•ˆì¼ì„ ë„ì™€ì£¼ê³ , ê°œ ì‚°ì±…ë„ ì œì•ˆí•¨. JamesëŠ” ë†...
2025-10-15 15:44:14 | âœ… ìµœì¢… ì„ íƒ: ìƒ˜í”Œ 1 (100.0ì )
2025-10-15 15:44:14 | ðŸ”„ Solar API 3íšŒ ìƒ˜í”Œë§ ì‹œìž‘...
2025-10-15 15:44:15 | ìƒ˜í”Œ 1/3: 100.0ì  | ë‘ ì¹œêµ¬ê°€ ë´„ ë‚ ì”¨ì— ëŒ€í•´ ì´ì•¼ê¸°í•˜ë©°, ë°¤ì˜ ì¶”ìœ„ì™€ ë”°ëœ»í•œ ì˜¨ë„ë¥¼ ì°¾ê¸° ìœ„í•œ ë…¸ë ¥ì„ ê³µìœ í•¨...
2025-10-15 15:44:20 | ìƒ˜í”Œ 2/3: 100.0ì  | ë‘ ì¹œêµ¬ê°€ ë´„ ë‚ ì”¨ì— ëŒ€í•´ ì´ì•¼ê¸°í•˜ë©°, ë°¤ì˜ ì¶”ìœ„ì™€ ë”°ëœ»í•œ ì˜¨ë„ë¥¼ ì°¾ê¸° ìœ„í•œ ë…¸ë ¥ì„ ê³µìœ í•¨...
2025-10-15 15:44:25 | ìƒ˜í”Œ 3/3: 100.0ì  | ë‘ ì¹œêµ¬ê°€ ë´„ ë‚ ì”¨ì— ëŒ€í•´ ì´ì•¼ê¸°í•˜ë©°, ë°¤ì˜ ì¶”ìœ„ì™€ ë”°ëœ»í•œ ì˜¨ë„ë¥¼ ì°¾ê¸° ìœ„í•œ ë…¸ë ¥ì„ ê³µìœ í•¨...
2025-10-15 15:44:25 | âœ… ìµœì¢… ì„ íƒ: ìƒ˜í”Œ 1 (100.0ì )
2025-10-15 15:44:25 | ðŸ”„ Solar API 3íšŒ ìƒ˜í”Œë§ ì‹œìž‘...
2025-10-15 15:44:26 | ìƒ˜í”Œ 1/3: 100.0ì  | ê°ë…ì´ Mikeì—ê²Œ ìºë¦­í„°ì˜ í™”ë‚œ ëŠë‚Œì„ ê°•ì¡°í•˜ë„ë¡ ì§€ì‹œí•¨. MikeëŠ” ìºë¦­í„°ì˜ ë³µìž¡í•œ ê°...
2025-10-15 15:44:30 | ìƒ˜í”Œ 2/3: 100.0ì  | ê°ë…ì´ Mikeì—ê²Œ ìºë¦­í„°ì˜ í™”ë‚œ ëŠë‚Œì„ ê°•ì¡°í•˜ë„ë¡ ì§€ì‹œí•¨. MikeëŠ” ìºë¦­í„°ì˜ ë³µìž¡í•œ ê°...
2025-10-15 15:44:35 | ìƒ˜í”Œ 3/3: 100.0ì  | ê°ë…ì´ Mikeì—ê²Œ ìºë¦­í„°ì˜ í™”ë‚œ ëŠë‚Œì„ ê°•ì¡°í•˜ë„ë¡ ì§€ì‹œí•¨. MikeëŠ” ìºë¦­í„°ì˜ ë³µìž¡í•œ ê°...
2025-10-15 15:44:35 | âœ… ìµœì¢… ì„ íƒ: ìƒ˜í”Œ 1 (100.0ì )
2025-10-15 15:44:35 | âœ… ì™„ë£Œ (ëˆ„ì : 50/499)
2025-10-15 15:44:38 | [ë°°ì¹˜ 51-60/499] ì²˜ë¦¬ ì¤‘...
2025-10-15 15:44:38 | ðŸ”„ Solar API 3íšŒ ìƒ˜í”Œë§ ì‹œìž‘...
2025-10-15 15:44:39 | ìƒ˜í”Œ 1/3: 85.0ì  | ì†ë‹˜ì´ íƒì‹œê¸°ì‚¬ì—ê²Œ í”„ë Œë“œì‰½ í˜¸í…”ë¡œ ê¸‰ížˆ ê°€ë‹¬ë¼ê³  ìš”ì²­í•¨....
2025-10-15 15:44:44 | ìƒ˜í”Œ 2/3: 85.0ì  | ì†ë‹˜ì´ íƒì‹œê¸°ì‚¬ì—ê²Œ í”„ë Œë“œì‰½ í˜¸í…”ë¡œ ê¸‰ížˆ ê°€ë‹¬ë¼ê³  ìš”ì²­í•¨....
2025-10-15 15:44:48 | ìƒ˜í”Œ 3/3: 85.0ì  | ì†ë‹˜ì´ íƒì‹œê¸°ì‚¬ì—ê²Œ í”„ë Œë“œì‰½ í˜¸í…”ë¡œ ê¸‰ížˆ ê°€ë‹¬ë¼ê³  ìš”ì²­í•¨....
2025-10-15 15:44:48 | âœ… ìµœì¢… ì„ íƒ: ìƒ˜í”Œ 1 (85.0ì )
2025-10-15 15:44:48 | ðŸ”„ Solar API 3íšŒ ìƒ˜í”Œë§ ì‹œìž‘...
2025-10-15 15:44:48 | ìƒ˜í”Œ 1/3: 85.0ì  | ë‘ ì¹œêµ¬ê°€ ë²„ìŠ¤ ìš”ê¸ˆ ë¬¸ì œë¡œ ëŒ€í™”í•˜ë©° í•´ê²°ì±…ì„ ì°¾ìŒ....
2025-10-15 15:44:53 | ìƒ˜í”Œ 2/3: 85.0ì  | ë‘ ì¹œêµ¬ê°€ ë²„ìŠ¤ ìš”ê¸ˆ ë¬¸ì œë¡œ ëŒ€í™”í•˜ë©° í•´ê²°ì±…ì„ ì°¾ìŒ....
2025-10-15 15:44:58 | ìƒ˜í”Œ 3/3: 85.0ì  | ë‘ ì¹œêµ¬ê°€ ë²„ìŠ¤ ìš”ê¸ˆ ë¬¸ì œë¡œ ëŒ€í™”í•˜ë©° í•´ê²°ì±…ì„ ì°¾ìŒ....
2025-10-15 15:44:58 | âœ… ìµœì¢… ì„ íƒ: ìƒ˜í”Œ 1 (85.0ì )
2025-10-15 15:44:58 | ðŸ”„ Solar API 3íšŒ ìƒ˜í”Œë§ ì‹œìž‘...
2025-10-15 15:44:58 | ìƒ˜í”Œ 1/3: 100.0ì  | ì†ë‹˜ì´ ì§ì›ì—ê²Œ ì‹œë‚´ê¹Œì§€ì˜ ê±°ë¦¬, ë™ë„¤ì˜ íšŒì‚¬ë“¤, ê±´ë¬¼ ë‚´ íšŒì‚¬ì˜ ìœ„ì¹˜, íšŒì‚¬ ì‹ë‹¹ì— ëŒ€í•´...
2025-10-15 15:45:03 | ìƒ˜í”Œ 2/3: 100.0ì  | ì†ë‹˜ì´ ì§ì›ì—ê²Œ ì‹œë‚´ê¹Œì§€ì˜ ê±°ë¦¬, ë™ë„¤ì˜ íšŒì‚¬ë“¤, ê±´ë¬¼ ë‚´ íšŒì‚¬ì˜ ìœ„ì¹˜, íšŒì‚¬ ì‹ë‹¹ì— ëŒ€í•´...
2025-10-15 15:45:09 | ìƒ˜í”Œ 3/3: 100.0ì  | ì†ë‹˜ì´ ì§ì›ì—ê²Œ ì‹œë‚´ê¹Œì§€ì˜ ê±°ë¦¬, ë™ë„¤ì˜ íšŒì‚¬ë“¤, ê±´ë¬¼ ë‚´ íšŒì‚¬ì˜ ìœ„ì¹˜, íšŒì‚¬ ì‹ë‹¹ì— ëŒ€í•´...
2025-10-15 15:45:09 | âœ… ìµœì¢… ì„ íƒ: ìƒ˜í”Œ 1 (100.0ì )
2025-10-15 15:45:09 | ðŸ”„ Solar API 3íšŒ ìƒ˜í”Œë§ ì‹œìž‘...
2025-10-15 15:45:09 | ìƒ˜í”Œ 1/3: 85.0ì  | Luluê°€ Vicê³¼ í—¤ì–´ì§€ê³  ì „ê·¼ ì‹ ì²­í–ˆë‹¤ëŠ” ì†Œì‹ì— ë‘ ì‚¬ëžŒì´ ë†€ëžŒ....
2025-10-15 15:45:14 | ìƒ˜í”Œ 2/3: 85.0ì  | Luluê°€ Vicê³¼ í—¤ì–´ì§€ê³  ì „ê·¼ ì‹ ì²­í–ˆë‹¤ëŠ” ì†Œì‹ì— ë‘ ì‚¬ëžŒì´ ë†€ëžŒ....
2025-10-15 15:45:19 | ìƒ˜í”Œ 3/3: 85.0ì  | Luluê°€ Vicê³¼ í—¤ì–´ì§€ê³  ì „ê·¼ ì‹ ì²­í–ˆë‹¤ëŠ” ì†Œì‹ì— ë‘ ì‚¬ëžŒì´ ë†€ëžŒ....
2025-10-15 15:45:19 | âœ… ìµœì¢… ì„ íƒ: ìƒ˜í”Œ 1 (85.0ì )
2025-10-15 15:45:19 | ðŸ”„ Solar API 3íšŒ ìƒ˜í”Œë§ ì‹œìž‘...
2025-10-15 15:45:20 | ìƒ˜í”Œ 1/3: 85.0ì  | ë°ì´ë¸Œ í†°ìŠ¨ì´ ì§ì„ ì°¾ì•˜ì§€ë§Œ, ì§ì€ ì™¸ì¶œ ì¤‘ì´ì—ˆê³ , ìƒë¦¬ê°€ ë©”ì‹œì§€ë¥¼ ì „ë‹¬í•¨....
2025-10-15 15:45:24 | ìƒ˜í”Œ 2/3: 85.0ì  | ë°ì´ë¸Œ í†°ìŠ¨ì´ ì§ì„ ì°¾ì•˜ì§€ë§Œ, ì§ì€ ì™¸ì¶œ ì¤‘ì´ì—ˆê³ , ìƒë¦¬ê°€ ë©”ì‹œì§€ë¥¼ ì „ë‹¬í•¨....
2025-10-15 15:45:29 | ìƒ˜í”Œ 3/3: 85.0ì  | ë°ì´ë¸Œ í†°ìŠ¨ì´ ì§ì„ ì°¾ì•˜ì§€ë§Œ, ì§ì€ ì™¸ì¶œ ì¤‘ì´ì—ˆê³ , ìƒë¦¬ê°€ ë©”ì‹œì§€ë¥¼ ì „ë‹¬í•¨....
2025-10-15 15:45:29 | âœ… ìµœì¢… ì„ íƒ: ìƒ˜í”Œ 1 (85.0ì )
2025-10-15 15:45:29 | ðŸ”„ Solar API 3íšŒ ìƒ˜í”Œë§ ì‹œìž‘...
2025-10-15 15:45:30 | ìƒ˜í”Œ 1/3: 85.0ì  | í•œ ì‚¬ëžŒì´ ë‹¤ë¥¸ ì‚¬ëžŒì—ê²Œ ì‹œì²­ ê°€ëŠ” ê¸¸ì„ ë¬¼ì–´ë³´ê³ , ìƒëŒ€ë°©ì´ ìžì„¸ížˆ ì„¤ëª…í•¨....
2025-10-15 15:45:35 | ìƒ˜í”Œ 2/3: 85.0ì  | í•œ ì‚¬ëžŒì´ ë‹¤ë¥¸ ì‚¬ëžŒì—ê²Œ ì‹œì²­ ê°€ëŠ” ê¸¸ì„ ë¬¼ì–´ë³´ê³ , ìƒëŒ€ë°©ì´ ìžì„¸ížˆ ì„¤ëª…í•¨....
2025-10-15 15:45:40 | ìƒ˜í”Œ 3/3: 85.0ì  | í•œ ì‚¬ëžŒì´ ë‹¤ë¥¸ ì‚¬ëžŒì—ê²Œ ì‹œì²­ ê°€ëŠ” ê¸¸ì„ ë¬¼ì–´ë³´ê³ , ìƒëŒ€ë°©ì´ ìžì„¸ížˆ ì„¤ëª…í•¨....
2025-10-15 15:45:40 | âœ… ìµœì¢… ì„ íƒ: ìƒ˜í”Œ 1 (85.0ì )
2025-10-15 15:45:40 | ðŸ”„ Solar API 3íšŒ ìƒ˜í”Œë§ ì‹œìž‘...
2025-10-15 15:45:41 | ìƒ˜í”Œ 1/3: 100.0ì  | ì†ë‹˜ì´ ë°±í™”ì ì—ì„œ ì—¬ê¶Œì„ ìžƒì–´ë²„ë ¤ ì§ì›ì—ê²Œ ë„ì›€ì„ ìš”ì²­í•¨. ì§ì›ì€ ë¶„ì‹¤ë¬¼ ë³´ê³ ì„œë¥¼ ìž‘ì„±í•˜ê³ ...
2025-10-15 15:45:45 | ìƒ˜í”Œ 2/3: 100.0ì  | ì†ë‹˜ì´ ë°±í™”ì ì—ì„œ ì—¬ê¶Œì„ ìžƒì–´ë²„ë ¤ ì§ì›ì—ê²Œ ë„ì›€ì„ ìš”ì²­í•¨. ì§ì›ì€ ë¶„ì‹¤ë¬¼ ë³´ê³ ì„œë¥¼ ìž‘ì„±í•˜ê³ ...
2025-10-15 15:45:50 | ìƒ˜í”Œ 3/3: 100.0ì  | ì†ë‹˜ì´ ë°±í™”ì ì—ì„œ ì—¬ê¶Œì„ ìžƒì–´ë²„ë ¤ ì§ì›ì—ê²Œ ë„ì›€ì„ ìš”ì²­í•¨. ì§ì›ì€ ë¶„ì‹¤ë¬¼ ë³´ê³ ì„œë¥¼ ìž‘ì„±í•˜ê³ ...
2025-10-15 15:45:50 | âœ… ìµœì¢… ì„ íƒ: ìƒ˜í”Œ 1 (100.0ì )
2025-10-15 15:45:50 | ðŸ”„ Solar API 3íšŒ ìƒ˜í”Œë§ ì‹œìž‘...
2025-10-15 15:45:51 | ìƒ˜í”Œ 1/3: 100.0ì  | êµ­ì œ í•™ìƒ ì‚¬ë¬´ì‹¤ì˜ Leahê°€ Ms. Collins ëŒ€ì‹  Ms. Fondaì™€ì˜ ì•½ì†ì„ ìž¡ìŒ...
2025-10-15 15:45:55 | ìƒ˜í”Œ 2/3: 100.0ì  | êµ­ì œ í•™ìƒ ì‚¬ë¬´ì‹¤ì˜ Leahê°€ Ms. Collins ëŒ€ì‹  Ms. Fondaì™€ì˜ ì•½ì†ì„ ìž¡ìŒ...
2025-10-15 15:46:00 | ìƒ˜í”Œ 3/3: 100.0ì  | êµ­ì œ í•™ìƒ ì‚¬ë¬´ì‹¤ì˜ Leahê°€ Ms. Collins ëŒ€ì‹  Ms. Fondaì™€ì˜ ì•½ì†ì„ ìž¡ìŒ...
2025-10-15 15:46:00 | âœ… ìµœì¢… ì„ íƒ: ìƒ˜í”Œ 1 (100.0ì )
2025-10-15 15:46:00 | ðŸ”„ Solar API 3íšŒ ìƒ˜í”Œë§ ì‹œìž‘...
2025-10-15 15:46:00 | ìƒ˜í”Œ 1/3: 85.0ì  | ë‘ ì¹œêµ¬ê°€ Sarahê°€ Dickê³¼ ê²°í˜¼í•  ê³„íšì— ëŒ€í•´ ë†€ëžŒê³¼ ì´í•´ë¥¼ í‘œí˜„í•¨....
2025-10-15 15:46:05 | ìƒ˜í”Œ 2/3: 85.0ì  | ë‘ ì¹œêµ¬ê°€ Sarahê°€ Dickê³¼ ê²°í˜¼í•  ê³„íšì— ëŒ€í•´ ë†€ëžŒê³¼ ì´í•´ë¥¼ í‘œí˜„í•¨....
2025-10-15 15:46:10 | ìƒ˜í”Œ 3/3: 85.0ì  | ë‘ ì¹œêµ¬ê°€ Sarahê°€ Dickê³¼ ê²°í˜¼í•  ê³„íšì— ëŒ€í•´ ë†€ëžŒê³¼ ì´í•´ë¥¼ í‘œí˜„í•¨....
2025-10-15 15:46:10 | âœ… ìµœì¢… ì„ íƒ: ìƒ˜í”Œ 1 (85.0ì )
2025-10-15 15:46:10 | ðŸ”„ Solar API 3íšŒ ìƒ˜í”Œë§ ì‹œìž‘...
2025-10-15 15:46:10 | ìƒ˜í”Œ 1/3: 85.0ì  | íŒŒí‹°ì—ì„œ Tomì´ Maryì—ê²Œ ë§ ê±¸ê¸°ë¥¼ ë§ì„¤ì´ëŠ” ì¹œêµ¬ë¥¼ ê²©ë ¤í•¨....
2025-10-15 15:46:16 | ìƒ˜í”Œ 2/3: 85.0ì  | íŒŒí‹°ì—ì„œ Tomì´ Maryì—ê²Œ ë§ ê±¸ê¸°ë¥¼ ë§ì„¤ì´ëŠ” ì¹œêµ¬ë¥¼ ê²©ë ¤í•¨....
2025-10-15 15:46:21 | ìƒ˜í”Œ 3/3: 85.0ì  | íŒŒí‹°ì—ì„œ Tomì´ Maryì—ê²Œ ë§ ê±¸ê¸°ë¥¼ ë§ì„¤ì´ëŠ” ì¹œêµ¬ë¥¼ ê²©ë ¤í•¨....
2025-10-15 15:46:21 | âœ… ìµœì¢… ì„ íƒ: ìƒ˜í”Œ 1 (85.0ì )
2025-10-15 15:46:21 | âœ… ì™„ë£Œ (ëˆ„ì : 60/499)
2025-10-15 15:46:24 | [ë°°ì¹˜ 61-70/499] ì²˜ë¦¬ ì¤‘...
2025-10-15 15:46:24 | ðŸ”„ Solar API 3íšŒ ìƒ˜í”Œë§ ì‹œìž‘...
2025-10-15 15:46:24 | ìƒ˜í”Œ 1/3: 85.0ì  | Tomì´ Jackì—ê²Œ ë¹„ì¦ˆë‹ˆìŠ¤ ì»¤ë®¤ë‹ˆì¼€ì´ì…˜ ìˆ˜ì—…ì„ ì¶”ì²œë°›ìŒ....
2025-10-15 15:46:29 | ìƒ˜í”Œ 2/3: 85.0ì  | Tomì´ Jackì—ê²Œ ë¹„ì¦ˆë‹ˆìŠ¤ ì»¤ë®¤ë‹ˆì¼€ì´ì…˜ ìˆ˜ì—…ì„ ì¶”ì²œë°›ìŒ....
2025-10-15 15:46:33 | ìƒ˜í”Œ 3/3: 85.0ì  | Tomì´ Jackì—ê²Œ ë¹„ì¦ˆë‹ˆìŠ¤ ì»¤ë®¤ë‹ˆì¼€ì´ì…˜ ìˆ˜ì—…ì„ ì¶”ì²œë°›ìŒ....
2025-10-15 15:46:33 | âœ… ìµœì¢… ì„ íƒ: ìƒ˜í”Œ 1 (85.0ì )
2025-10-15 15:46:33 | ðŸ”„ Solar API 3íšŒ ìƒ˜í”Œë§ ì‹œìž‘...
2025-10-15 15:46:34 | ìƒ˜í”Œ 1/3: 100.0ì  | ë‘ ì‚¬ëžŒì´ ë‚ ì”¨ ë³€í™”ì— ëŒ€í•´ ì´ì•¼ê¸°í•˜ë©°, ë² ì´ì§•ì˜ ê³„ì ˆë³„ íŠ¹ì§•ê³¼ í™˜ê²½ ê°œì„ ì— ëŒ€í•´ ì–¸ê¸‰í•¨....
2025-10-15 15:46:39 | ìƒ˜í”Œ 2/3: 100.0ì  | ë‘ ì‚¬ëžŒì´ ë‚ ì”¨ ë³€í™”ì— ëŒ€í•´ ì´ì•¼ê¸°í•˜ë©°, ë² ì´ì§•ì˜ ê³„ì ˆë³„ íŠ¹ì§•ê³¼ í™˜ê²½ ê°œì„ ì— ëŒ€í•´ ì–¸ê¸‰í•¨....
2025-10-15 15:46:44 | ìƒ˜í”Œ 3/3: 100.0ì  | ë‘ ì‚¬ëžŒì´ ë‚ ì”¨ ë³€í™”ì— ëŒ€í•´ ì´ì•¼ê¸°í•˜ë©°, ë² ì´ì§•ì˜ ê³„ì ˆë³„ íŠ¹ì§•ê³¼ í™˜ê²½ ê°œì„ ì— ëŒ€í•´ ì–¸ê¸‰í•¨....
2025-10-15 15:46:44 | âœ… ìµœì¢… ì„ íƒ: ìƒ˜í”Œ 1 (100.0ì )
2025-10-15 15:46:44 | ðŸ”„ Solar API 3íšŒ ìƒ˜í”Œë§ ì‹œìž‘...
2025-10-15 15:46:44 | ìƒ˜í”Œ 1/3: 85.0ì  | ë‘ ì¹œêµ¬ê°€ ê³µí¬, íƒì •, ì½”ë¯¸ë””, ë©œë¡œ ì˜í™”ë¥¼ ì œì™¸í•˜ê³  ì „ìŸ ì˜í™”ë¥¼ ë³´ê¸°ë¡œ ê²°ì •í•¨....
2025-10-15 15:46:49 | ìƒ˜í”Œ 2/3: 85.0ì  | ë‘ ì¹œêµ¬ê°€ ê³µí¬, íƒì •, ì½”ë¯¸ë””, ë©œë¡œ ì˜í™”ë¥¼ ì œì™¸í•˜ê³  ì „ìŸ ì˜í™”ë¥¼ ë³´ê¸°ë¡œ ê²°ì •í•¨....
2025-10-15 15:46:54 | ìƒ˜í”Œ 3/3: 85.0ì  | ë‘ ì¹œêµ¬ê°€ ê³µí¬, íƒì •, ì½”ë¯¸ë””, ë©œë¡œ ì˜í™”ë¥¼ ì œì™¸í•˜ê³  ì „ìŸ ì˜í™”ë¥¼ ë³´ê¸°ë¡œ ê²°ì •í•¨....
2025-10-15 15:46:54 | âœ… ìµœì¢… ì„ íƒ: ìƒ˜í”Œ 1 (85.0ì )
2025-10-15 15:46:54 | ðŸ”„ Solar API 3íšŒ ìƒ˜í”Œë§ ì‹œìž‘...
2025-10-15 15:46:55 | ìƒ˜í”Œ 1/3: 85.0ì  | Adamì´ í•™êµ ì•ˆë‚´ë¥¼ í•˜ë©° ë„ì„œê´€, ê³ ë“±í•™êµ êµì‹¤, ìˆ˜ì˜ìž¥ì— ëŒ€í•´ ì„¤ëª…í•¨....
2025-10-15 15:46:59 | ìƒ˜í”Œ 2/3: 85.0ì  | Adamì´ í•™êµ ì•ˆë‚´ë¥¼ í•˜ë©° ë„ì„œê´€, ê³ ë“±í•™êµ êµì‹¤, ìˆ˜ì˜ìž¥ì— ëŒ€í•´ ì„¤ëª…í•¨....
2025-10-15 15:47:04 | ìƒ˜í”Œ 3/3: 85.0ì  | Adamì´ í•™êµ ì•ˆë‚´ë¥¼ í•˜ë©° ë„ì„œê´€, ê³ ë“±í•™êµ êµì‹¤, ìˆ˜ì˜ìž¥ì— ëŒ€í•´ ì„¤ëª…í•¨....
2025-10-15 15:47:04 | âœ… ìµœì¢… ì„ íƒ: ìƒ˜í”Œ 1 (85.0ì )
2025-10-15 15:47:04 | ðŸ”„ Solar API 3íšŒ ìƒ˜í”Œë§ ì‹œìž‘...
2025-10-15 15:47:04 | ìƒ˜í”Œ 1/3: 85.0ì  | ë‚¨íŽ¸ì´ ì•„ë‚´ì—ê²Œ ìž„ì‹ ì„ ì•Œë¦¬ë©° ê¸°ì¨ì„ ë‚˜ëˆ”....
2025-10-15 15:47:09 | ìƒ˜í”Œ 2/3: 85.0ì  | ë‚¨íŽ¸ì´ ì•„ë‚´ì—ê²Œ ìž„ì‹ ì„ ì•Œë¦¬ë©° ê¸°ì¨ì„ ë‚˜ëˆ”....
2025-10-15 15:47:13 | ìƒ˜í”Œ 3/3: 85.0ì  | ë‚¨íŽ¸ì´ ì•„ë‚´ì—ê²Œ ìž„ì‹ ì„ ì•Œë¦¬ë©° ê¸°ì¨ì„ ë‚˜ëˆ”....
2025-10-15 15:47:13 | âœ… ìµœì¢… ì„ íƒ: ìƒ˜í”Œ 1 (85.0ì )
2025-10-15 15:47:13 | ðŸ”„ Solar API 3íšŒ ìƒ˜í”Œë§ ì‹œìž‘...
2025-10-15 15:47:14 | ìƒ˜í”Œ 1/3: 100.0ì  | ë‘ ì‚¬ëžŒì´ Johnê³¼ ê·¸ë…€ì˜ ë¹ˆë²ˆí•œ ë°ì´íŠ¸ì— ëŒ€í•´ ì´ì•¼ê¸°í•˜ë©°, ê·¸ê°€ ê·¸ë…€ì—ê²Œ ë¹ ì§„ ê²ƒ ê°™ê³ ...
2025-10-15 15:47:19 | ìƒ˜í”Œ 2/3: 100.0ì  | ë‘ ì‚¬ëžŒì´ Johnê³¼ ê·¸ë…€ì˜ ë¹ˆë²ˆí•œ ë°ì´íŠ¸ì— ëŒ€í•´ ì´ì•¼ê¸°í•˜ë©°, ê·¸ê°€ ê·¸ë…€ì—ê²Œ ë¹ ì§„ ê²ƒ ê°™ê³ ...
2025-10-15 15:47:24 | ìƒ˜í”Œ 3/3: 100.0ì  | ë‘ ì‚¬ëžŒì´ Johnê³¼ ê·¸ë…€ì˜ ë¹ˆë²ˆí•œ ë°ì´íŠ¸ì— ëŒ€í•´ ì´ì•¼ê¸°í•˜ë©°, ê·¸ê°€ ê·¸ë…€ì—ê²Œ ë¹ ì§„ ê²ƒ ê°™ê³ ...
2025-10-15 15:47:24 | âœ… ìµœì¢… ì„ íƒ: ìƒ˜í”Œ 1 (100.0ì )
2025-10-15 15:47:24 | ðŸ”„ Solar API 3íšŒ ìƒ˜í”Œë§ ì‹œìž‘...
2025-10-15 15:47:25 | ìƒ˜í”Œ 1/3: 100.0ì  | ê°€ì—ê²Œ ì‹œìŠ¤í…œ ì—…ê·¸ë ˆì´ë“œ ì œì•ˆ: ê·¸ë¦¼ ê·¸ë¦¬ê¸° í”„ë¡œê·¸ëž¨ ì¶”ê°€, ë¹ ë¥¸ í”„ë¡œì„¸ì„œ, ê°•ë ¥í•œ í•˜ë“œ ...
2025-10-15 15:47:30 | ìƒ˜í”Œ 2/3: 100.0ì  | ê°€ì—ê²Œ ì‹œìŠ¤í…œ ì—…ê·¸ë ˆì´ë“œ ì œì•ˆ: ê·¸ë¦¼ ê·¸ë¦¬ê¸° í”„ë¡œê·¸ëž¨ ì¶”ê°€, ë¹ ë¥¸ í”„ë¡œì„¸ì„œ, ê°•ë ¥í•œ í•˜ë“œ ...
2025-10-15 15:47:35 | ìƒ˜í”Œ 3/3: 100.0ì  | ê°€ì—ê²Œ ì‹œìŠ¤í…œ ì—…ê·¸ë ˆì´ë“œ ì œì•ˆ: ê·¸ë¦¼ ê·¸ë¦¬ê¸° í”„ë¡œê·¸ëž¨ ì¶”ê°€, ë¹ ë¥¸ í”„ë¡œì„¸ì„œ, ê°•ë ¥í•œ í•˜ë“œ ...
2025-10-15 15:47:35 | âœ… ìµœì¢… ì„ íƒ: ìƒ˜í”Œ 1 (100.0ì )
2025-10-15 15:47:35 | ðŸ”„ Solar API 3íšŒ ìƒ˜í”Œë§ ì‹œìž‘...
2025-10-15 15:47:36 | ìƒ˜í”Œ 1/3: 85.0ì  | íƒì‹œ ìŠ¹ê°ê³¼ ìš´ì „ì‚¬ê°€ ì—¬í–‰, êµ­ì , ì–¸ì–´ì— ëŒ€í•´ ëŒ€í™”í•¨....
2025-10-15 15:47:41 | ìƒ˜í”Œ 2/3: 85.0ì  | íƒì‹œ ìŠ¹ê°ê³¼ ìš´ì „ì‚¬ê°€ ì—¬í–‰, êµ­ì , ì–¸ì–´ì— ëŒ€í•´ ëŒ€í™”í•¨....
2025-10-15 15:47:45 | ìƒ˜í”Œ 3/3: 85.0ì  | íƒì‹œ ìŠ¹ê°ê³¼ ìš´ì „ì‚¬ê°€ ì—¬í–‰, êµ­ì , ì–¸ì–´ì— ëŒ€í•´ ëŒ€í™”í•¨....
2025-10-15 15:47:45 | âœ… ìµœì¢… ì„ íƒ: ìƒ˜í”Œ 1 (85.0ì )
2025-10-15 15:47:45 | ðŸ”„ Solar API 3íšŒ ìƒ˜í”Œë§ ì‹œìž‘...
2025-10-15 15:47:46 | ìƒ˜í”Œ 1/3: 85.0ì  | ë‘ ì¹œêµ¬ê°€ ì²´ì¤‘ ê°ëŸ‰ì— ëŒ€í•´ ì´ì•¼ê¸°í•˜ë©° ìš´ë™ ìˆ˜ì—… ì°¸ì„ì„ ê³ ë ¤í•¨....
2025-10-15 15:47:50 | ìƒ˜í”Œ 2/3: 85.0ì  | ë‘ ì¹œêµ¬ê°€ ì²´ì¤‘ ê°ëŸ‰ì— ëŒ€í•´ ì´ì•¼ê¸°í•˜ë©° ìš´ë™ ìˆ˜ì—… ì°¸ì„ì„ ê³ ë ¤í•¨....
2025-10-15 15:47:55 | ìƒ˜í”Œ 3/3: 85.0ì  | ë‘ ì¹œêµ¬ê°€ ì²´ì¤‘ ê°ëŸ‰ì— ëŒ€í•´ ì´ì•¼ê¸°í•˜ë©° ìš´ë™ ìˆ˜ì—… ì°¸ì„ì„ ê³ ë ¤í•¨....
2025-10-15 15:47:55 | âœ… ìµœì¢… ì„ íƒ: ìƒ˜í”Œ 1 (85.0ì )
2025-10-15 15:47:55 | ðŸ”„ Solar API 3íšŒ ìƒ˜í”Œë§ ì‹œìž‘...
2025-10-15 15:47:56 | ìƒ˜í”Œ 1/3: 85.0ì  | ê³ ê°ì´ ì˜ˆì•½ëœ ë°©ì„ ìš”ì²­í•˜ê³ , ì§ì›ì´ í™•ì¸ í›„ ì•ˆë‚´ ì•½ì†í•¨....
2025-10-15 15:48:01 | ìƒ˜í”Œ 2/3: 85.0ì  | ê³ ê°ì´ ì˜ˆì•½ëœ ë°©ì„ ìš”ì²­í•˜ê³ , ì§ì›ì´ í™•ì¸ í›„ ì•ˆë‚´ ì•½ì†í•¨....
2025-10-15 15:48:05 | >> ë¡œê·¸ ë¦¬ë””ë ‰ì…˜ ì¤‘ë£Œ.
