2025-10-15 04:48:27 | >> í‘œì¤€ ì¶œë ¥ ë° ì˜¤ë¥˜ë¥¼ ë¡œê·¸ íŒŒì¼ë¡œ ë¦¬ë””ë ‰ì…˜ ì‹œìž‘
2025-10-15 04:48:27 | ============================================================
2025-10-15 04:48:27 | K-Fold ì•™ìƒë¸” ì¶”ë¡  ì‹œìž‘
2025-10-15 04:48:27 | ============================================================
2025-10-15 04:48:27 | [GPU ì •ë³´]
2025-10-15 04:48:27 | available: True
2025-10-15 04:48:27 | device_count: 1
2025-10-15 04:48:27 | current_device: 0
2025-10-15 04:48:27 | gpu_0: {'name': 'NVIDIA GeForce RTX 4090', 'total_memory_gb': 23.98779296875, 'major': 8, 'minor': 9, 'multi_processor_count': 128, 'allocated_memory_gb': 0.0, 'reserved_memory_gb': 0.0}
2025-10-15 04:48:27 | GPU Tier: LOW
2025-10-15 04:48:27 | [1/4] Fold ëª¨ë¸ íƒìƒ‰: experiments/20251014/20251014_183206_kobart_ultimate_kfold
2025-10-15 04:48:27 | âœ… fold_1: experiments/20251014/20251014_183206_kobart_ultimate_kfold/fold_1/kfold/final_model
2025-10-15 04:48:27 | âœ… fold_2: experiments/20251014/20251014_183206_kobart_ultimate_kfold/fold_2/kfold/final_model
2025-10-15 04:48:27 | âœ… fold_3: experiments/20251014/20251014_183206_kobart_ultimate_kfold/fold_3/kfold/final_model
2025-10-15 04:48:27 | âœ… fold_4: experiments/20251014/20251014_183206_kobart_ultimate_kfold/fold_4/kfold/final_model
2025-10-15 04:48:27 | âœ… fold_5: experiments/20251014/20251014_183206_kobart_ultimate_kfold/fold_5/kfold/final_model
2025-10-15 04:48:27 | ðŸ“Š ë°œê²¬ëœ Fold ìˆ˜: 5
2025-10-15 04:48:27 | [2/4] í…ŒìŠ¤íŠ¸ ë°ì´í„° ë¡œë”©: data/raw/test.csv
2025-10-15 04:48:27 | âœ… í…ŒìŠ¤íŠ¸ ìƒ˜í”Œ: 499ê°œ
2025-10-15 04:48:27 | [3/6] K-Fold ì•™ìƒë¸” ì¶”ë¡  ì‹¤í–‰...
2025-10-15 04:48:27 | - ì•™ìƒë¸” ë°©ë²•: soft_voting
2025-10-15 04:48:27 | - ë°°ì¹˜ í¬ê¸°: 32
2025-10-15 04:48:27 | ðŸ”„ 5ê°œ Fold ëª¨ë¸ ë¡œë”© ì¤‘...
2025-10-15 04:48:27 | [Fold 1/5] ë¡œë”©: experiments/20251014/20251014_183206_kobart_ultimate_kfold/fold_1/kfold/final_model
2025-10-15 04:48:27 | âœ… ì™„ë£Œ
2025-10-15 04:48:27 | [Fold 2/5] ë¡œë”©: experiments/20251014/20251014_183206_kobart_ultimate_kfold/fold_2/kfold/final_model
2025-10-15 04:48:27 | âœ… ì™„ë£Œ
2025-10-15 04:48:27 | [Fold 3/5] ë¡œë”©: experiments/20251014/20251014_183206_kobart_ultimate_kfold/fold_3/kfold/final_model
2025-10-15 04:48:28 | âœ… ì™„ë£Œ
2025-10-15 04:48:28 | [Fold 4/5] ë¡œë”©: experiments/20251014/20251014_183206_kobart_ultimate_kfold/fold_4/kfold/final_model
2025-10-15 04:48:28 | âœ… ì™„ë£Œ
2025-10-15 04:48:28 | [Fold 5/5] ë¡œë”©: experiments/20251014/20251014_183206_kobart_ultimate_kfold/fold_5/kfold/final_model
2025-10-15 04:48:28 | âœ… ì™„ë£Œ
2025-10-15 04:48:28 | âœ… ì „ì²´ 5ê°œ ëª¨ë¸ ë¡œë“œ ì™„ë£Œ
2025-10-15 04:48:28 | ðŸ”® K-Fold ì•™ìƒë¸” ì¶”ë¡  ì‹œìž‘ (soft_voting)
2025-10-15 04:48:28 | - ìƒ˜í”Œ ìˆ˜: 499
2025-10-15 04:48:28 | - Fold ìˆ˜: 5
2025-10-15 04:48:28 | - ë°°ì¹˜ í¬ê¸°: 32
2025-10-15 04:48:28 | [Fold 1/5] ì˜ˆì¸¡ ì¤‘...
2025-10-15 04:49:21 | âœ… Fold 1 ì˜ˆì¸¡ ì™„ë£Œ (499ê°œ)
2025-10-15 04:49:21 | [Fold 2/5] ì˜ˆì¸¡ ì¤‘...
2025-10-15 04:50:12 | âœ… Fold 2 ì˜ˆì¸¡ ì™„ë£Œ (499ê°œ)
2025-10-15 04:50:12 | [Fold 3/5] ì˜ˆì¸¡ ì¤‘...
2025-10-15 04:51:05 | âœ… Fold 3 ì˜ˆì¸¡ ì™„ë£Œ (499ê°œ)
2025-10-15 04:51:05 | [Fold 4/5] ì˜ˆì¸¡ ì¤‘...
2025-10-15 04:51:59 | âœ… Fold 4 ì˜ˆì¸¡ ì™„ë£Œ (499ê°œ)
2025-10-15 04:51:59 | [Fold 5/5] ì˜ˆì¸¡ ì¤‘...
2025-10-15 04:52:53 | âœ… Fold 5 ì˜ˆì¸¡ ì™„ë£Œ (499ê°œ)
2025-10-15 04:52:53 | ðŸ”„ ì•™ìƒë¸” ìˆ˜í–‰ ì¤‘ (soft_voting)...
2025-10-15 04:52:53 | âœ… ì•™ìƒë¸” ì™„ë£Œ
2025-10-15 04:52:53 | ðŸ’¾ ì²´í¬í¬ì¸íŠ¸ ì €ìž¥: experiments/20251015/20251015_044827_inference_kobart_kfold_soft_voting_bs32_maxnew80_hf_solar/checkpoints/kfold_checkpoint.pkl
2025-10-15 04:52:53 | [4/6] ðŸ”§ HuggingFace ì‚¬ì „í•™ìŠµ ëª¨ë¸ ë³´ì • ì‹œìž‘
2025-10-15 04:52:53 | - ë³´ì • ëª¨ë¸: gogamza/kobart-base-v2, digit82/kobart-summarization
2025-10-15 04:52:53 | - ë³´ì • ì „ëžµ: quality_based
2025-10-15 04:52:53 | - í’ˆì§ˆ ìž„ê³„ê°’: 0.3
2025-10-15 04:52:53 | ëª¨ë¸ ë¡œë“œ ì¤‘: gogamza/kobart-base-v2
2025-10-15 04:52:56 | âœ… ë¡œë“œ ì™„ë£Œ: gogamza/kobart-base-v2
2025-10-15 04:52:56 | ëª¨ë¸ ë¡œë“œ ì¤‘: digit82/kobart-summarization
2025-10-15 04:52:58 | âœ… ë¡œë“œ ì™„ë£Œ: digit82/kobart-summarization
2025-10-15 04:52:58 | ============================================================
2025-10-15 04:52:58 | ì‚¬ì „í•™ìŠµ ëª¨ë¸ ë³´ì • ì‹œìž‘
2025-10-15 04:52:58 | - ìƒ˜í”Œ ìˆ˜: 499
2025-10-15 04:52:58 | - ì°¸ì¡° ëª¨ë¸ ìˆ˜: 2
2025-10-15 04:52:58 | - ë³´ì • ì „ëžµ: quality_based
2025-10-15 04:52:58 | - í’ˆì§ˆ ìž„ê³„ê°’: 0.3
2025-10-15 04:52:58 | ============================================================
2025-10-15 04:52:58 | [1/3] ì°¸ì¡° ìš”ì•½ ìƒì„± ì¤‘: gogamza/kobart-base-v2
2025-10-15 04:53:52 | âš ï¸  406ê°œ ìƒ˜í”Œì´ dialogue ë³µì‚¬ë¡œ ê°ì§€ë˜ì–´ í•„í„°ë§ë¨
2025-10-15 04:53:52 | âœ… ì™„ë£Œ: 499ê°œ ìš”ì•½ ìƒì„±
2025-10-15 04:53:52 | [1/3] ì°¸ì¡° ìš”ì•½ ìƒì„± ì¤‘: digit82/kobart-summarization
2025-10-15 04:54:37 | âš ï¸  124ê°œ ìƒ˜í”Œì´ dialogue ë³µì‚¬ë¡œ ê°ì§€ë˜ì–´ í•„í„°ë§ë¨
2025-10-15 04:54:37 | âœ… ì™„ë£Œ: 499ê°œ ìš”ì•½ ìƒì„±
2025-10-15 04:54:37 | [2/3] í’ˆì§ˆ í‰ê°€ ì¤‘...
2025-10-15 04:54:37 | í’ˆì§ˆ í‰ê°€ ì‹œìž‘...
2025-10-15 04:54:37 | [1/3] Self-ROUGE ê³„ì‚° ì¤‘...
2025-10-15 04:54:37 | [2/3] ëª¨ë¸ë³„ í’ˆì§ˆ ê³„ì‚° ì¤‘...
2025-10-15 04:54:37 | [3/3] Candidate í’ˆì§ˆ ê³„ì‚° ì¤‘...
2025-10-15 04:54:37 | [4/4] dialogue ìœ ì‚¬ë„ íŽ˜ë„í‹° ì ìš© ì¤‘...
2025-10-15 04:54:37 | âœ… í‰ê°€ ì™„ë£Œ
2025-10-15 04:54:37 | âœ… í‰ê°€ ì™„ë£Œ
2025-10-15 04:54:37 | [3/3] ë³´ì • ì „ëžµ ì ìš© ì¤‘: quality_based
2025-10-15 04:54:37 | âœ… ë³´ì • ì™„ë£Œ
2025-10-15 04:54:37 | ðŸ“Š ë³´ì • í†µê³„:
2025-10-15 04:54:37 | - ì „ì²´: 499ê°œ
2025-10-15 04:54:37 | - ë³´ì •ë¨: 12ê°œ (2.4%)
2025-10-15 04:54:37 | - ìœ ì§€ë¨: 487ê°œ
2025-10-15 04:54:37 | ============================================================
2025-10-15 04:54:37 | âœ… HuggingFace ë³´ì • ì™„ë£Œ
2025-10-15 04:54:37 | ðŸ’¾ ì²´í¬í¬ì¸íŠ¸ ì €ìž¥: experiments/20251015/20251015_044827_inference_kobart_kfold_soft_voting_bs32_maxnew80_hf_solar/checkpoints/hf_correction_checkpoint.pkl
2025-10-15 04:54:37 | [5/6] ðŸŒž Solar API ì•™ìƒë¸” ì‹œìž‘
2025-10-15 04:54:37 | - ëª¨ë¸: solar-1-chat
2025-10-15 04:54:37 | - Temperature: 0.2
2025-10-15 04:54:37 | - ë°°ì¹˜ í¬ê¸°: 5
2025-10-15 04:54:37 | - ëŒ€ê¸° ì‹œê°„: 2.0ì´ˆ
2025-10-15 04:54:38 | Solar API í´ë¼ì´ì–¸íŠ¸ ì´ˆê¸°í™” ì„±ê³µ
2025-10-15 04:54:38 | Solar API ë°°ì¹˜ ìš”ì•½ ìƒì„± ì¤‘...
2025-10-15 04:54:38 | ë°°ì¹˜ ìš”ì•½ ì‹œìž‘: 499ê°œ ëŒ€í™”
2025-10-15 04:54:38 | - ë°°ì¹˜ í¬ê¸°: 5
2025-10-15 04:54:38 | - Rate limit ëŒ€ê¸°: 2.0ì´ˆ
2025-10-15 04:54:38 | [ë°°ì¹˜ 1-5/499] ì²˜ë¦¬ ì¤‘...
2025-10-15 04:54:42 | âœ… ì™„ë£Œ (ëˆ„ì : 5/499)
2025-10-15 04:54:44 | [ë°°ì¹˜ 6-10/499] ì²˜ë¦¬ ì¤‘...
2025-10-15 04:54:48 | âœ… ì™„ë£Œ (ëˆ„ì : 10/499)
2025-10-15 04:54:51 | [ë°°ì¹˜ 11-15/499] ì²˜ë¦¬ ì¤‘...
2025-10-15 04:54:56 | âœ… ì™„ë£Œ (ëˆ„ì : 15/499)
2025-10-15 04:54:58 | [ë°°ì¹˜ 16-20/499] ì²˜ë¦¬ ì¤‘...
2025-10-15 04:55:01 | âœ… ì™„ë£Œ (ëˆ„ì : 20/499)
2025-10-15 04:55:03 | [ë°°ì¹˜ 21-25/499] ì²˜ë¦¬ ì¤‘...
2025-10-15 04:55:08 | âœ… ì™„ë£Œ (ëˆ„ì : 25/499)
2025-10-15 04:55:10 | [ë°°ì¹˜ 26-30/499] ì²˜ë¦¬ ì¤‘...
2025-10-15 04:55:14 | âœ… ì™„ë£Œ (ëˆ„ì : 30/499)
2025-10-15 04:55:16 | [ë°°ì¹˜ 31-35/499] ì²˜ë¦¬ ì¤‘...
2025-10-15 04:55:20 | âœ… ì™„ë£Œ (ëˆ„ì : 35/499)
2025-10-15 04:55:23 | [ë°°ì¹˜ 36-40/499] ì²˜ë¦¬ ì¤‘...
2025-10-15 04:55:27 | âœ… ì™„ë£Œ (ëˆ„ì : 40/499)
2025-10-15 04:55:29 | [ë°°ì¹˜ 41-45/499] ì²˜ë¦¬ ì¤‘...
2025-10-15 04:55:33 | âœ… ì™„ë£Œ (ëˆ„ì : 45/499)
2025-10-15 04:55:35 | [ë°°ì¹˜ 46-50/499] ì²˜ë¦¬ ì¤‘...
2025-10-15 04:55:39 | âœ… ì™„ë£Œ (ëˆ„ì : 50/499)
2025-10-15 04:55:41 | [ë°°ì¹˜ 51-55/499] ì²˜ë¦¬ ì¤‘...
2025-10-15 04:55:45 | âœ… ì™„ë£Œ (ëˆ„ì : 55/499)
2025-10-15 04:55:47 | [ë°°ì¹˜ 56-60/499] ì²˜ë¦¬ ì¤‘...
2025-10-15 04:55:51 | âœ… ì™„ë£Œ (ëˆ„ì : 60/499)
2025-10-15 04:55:53 | [ë°°ì¹˜ 61-65/499] ì²˜ë¦¬ ì¤‘...
2025-10-15 04:55:59 | âœ… ì™„ë£Œ (ëˆ„ì : 65/499)
2025-10-15 04:56:01 | [ë°°ì¹˜ 66-70/499] ì²˜ë¦¬ ì¤‘...
2025-10-15 04:56:05 | âœ… ì™„ë£Œ (ëˆ„ì : 70/499)
2025-10-15 04:56:07 | [ë°°ì¹˜ 71-75/499] ì²˜ë¦¬ ì¤‘...
2025-10-15 04:56:12 | âœ… ì™„ë£Œ (ëˆ„ì : 75/499)
2025-10-15 04:56:14 | [ë°°ì¹˜ 76-80/499] ì²˜ë¦¬ ì¤‘...
2025-10-15 04:56:18 | âœ… ì™„ë£Œ (ëˆ„ì : 80/499)
2025-10-15 04:56:20 | [ë°°ì¹˜ 81-85/499] ì²˜ë¦¬ ì¤‘...
2025-10-15 04:56:23 | âœ… ì™„ë£Œ (ëˆ„ì : 85/499)
2025-10-15 04:56:26 | [ë°°ì¹˜ 86-90/499] ì²˜ë¦¬ ì¤‘...
2025-10-15 04:56:31 | âœ… ì™„ë£Œ (ëˆ„ì : 90/499)
2025-10-15 04:56:33 | [ë°°ì¹˜ 91-95/499] ì²˜ë¦¬ ì¤‘...
2025-10-15 04:56:36 | âœ… ì™„ë£Œ (ëˆ„ì : 95/499)
2025-10-15 04:56:38 | [ë°°ì¹˜ 96-100/499] ì²˜ë¦¬ ì¤‘...
2025-10-15 04:56:43 | âœ… ì™„ë£Œ (ëˆ„ì : 100/499)
2025-10-15 04:56:45 | [ë°°ì¹˜ 101-105/499] ì²˜ë¦¬ ì¤‘...
2025-10-15 04:56:49 | âœ… ì™„ë£Œ (ëˆ„ì : 105/499)
2025-10-15 04:56:51 | [ë°°ì¹˜ 106-110/499] ì²˜ë¦¬ ì¤‘...
2025-10-15 04:56:55 | âœ… ì™„ë£Œ (ëˆ„ì : 110/499)
2025-10-15 04:56:57 | [ë°°ì¹˜ 111-115/499] ì²˜ë¦¬ ì¤‘...
2025-10-15 04:57:01 | âœ… ì™„ë£Œ (ëˆ„ì : 115/499)
2025-10-15 04:57:04 | [ë°°ì¹˜ 116-120/499] ì²˜ë¦¬ ì¤‘...
2025-10-15 04:57:08 | âœ… ì™„ë£Œ (ëˆ„ì : 120/499)
2025-10-15 04:57:10 | [ë°°ì¹˜ 121-125/499] ì²˜ë¦¬ ì¤‘...
2025-10-15 04:57:13 | âœ… ì™„ë£Œ (ëˆ„ì : 125/499)
2025-10-15 04:57:15 | [ë°°ì¹˜ 126-130/499] ì²˜ë¦¬ ì¤‘...
2025-10-15 04:57:19 | âœ… ì™„ë£Œ (ëˆ„ì : 130/499)
2025-10-15 04:57:21 | [ë°°ì¹˜ 131-135/499] ì²˜ë¦¬ ì¤‘...
2025-10-15 04:57:24 | âœ… ì™„ë£Œ (ëˆ„ì : 135/499)
2025-10-15 04:57:26 | [ë°°ì¹˜ 136-140/499] ì²˜ë¦¬ ì¤‘...
2025-10-15 04:57:30 | âœ… ì™„ë£Œ (ëˆ„ì : 140/499)
2025-10-15 04:57:32 | [ë°°ì¹˜ 141-145/499] ì²˜ë¦¬ ì¤‘...
2025-10-15 04:57:37 | âœ… ì™„ë£Œ (ëˆ„ì : 145/499)
2025-10-15 04:57:39 | [ë°°ì¹˜ 146-150/499] ì²˜ë¦¬ ì¤‘...
2025-10-15 04:57:43 | âœ… ì™„ë£Œ (ëˆ„ì : 150/499)
2025-10-15 04:57:45 | [ë°°ì¹˜ 151-155/499] ì²˜ë¦¬ ì¤‘...
2025-10-15 04:57:49 | âœ… ì™„ë£Œ (ëˆ„ì : 155/499)
2025-10-15 04:57:51 | [ë°°ì¹˜ 156-160/499] ì²˜ë¦¬ ì¤‘...
2025-10-15 04:57:56 | âœ… ì™„ë£Œ (ëˆ„ì : 160/499)
2025-10-15 04:57:58 | [ë°°ì¹˜ 161-165/499] ì²˜ë¦¬ ì¤‘...
2025-10-15 04:58:02 | âœ… ì™„ë£Œ (ëˆ„ì : 165/499)
2025-10-15 04:58:04 | [ë°°ì¹˜ 166-170/499] ì²˜ë¦¬ ì¤‘...
2025-10-15 04:58:09 | âœ… ì™„ë£Œ (ëˆ„ì : 170/499)
2025-10-15 04:58:11 | [ë°°ì¹˜ 171-175/499] ì²˜ë¦¬ ì¤‘...
2025-10-15 04:58:15 | âœ… ì™„ë£Œ (ëˆ„ì : 175/499)
2025-10-15 04:58:17 | [ë°°ì¹˜ 176-180/499] ì²˜ë¦¬ ì¤‘...
2025-10-15 04:58:21 | âœ… ì™„ë£Œ (ëˆ„ì : 180/499)
2025-10-15 04:58:23 | [ë°°ì¹˜ 181-185/499] ì²˜ë¦¬ ì¤‘...
2025-10-15 04:58:26 | âœ… ì™„ë£Œ (ëˆ„ì : 185/499)
2025-10-15 04:58:28 | [ë°°ì¹˜ 186-190/499] ì²˜ë¦¬ ì¤‘...
2025-10-15 04:58:32 | âœ… ì™„ë£Œ (ëˆ„ì : 190/499)
2025-10-15 04:58:34 | [ë°°ì¹˜ 191-195/499] ì²˜ë¦¬ ì¤‘...
2025-10-15 04:58:39 | âœ… ì™„ë£Œ (ëˆ„ì : 195/499)
2025-10-15 04:58:42 | [ë°°ì¹˜ 196-200/499] ì²˜ë¦¬ ì¤‘...
2025-10-15 04:58:47 | âœ… ì™„ë£Œ (ëˆ„ì : 200/499)
2025-10-15 04:58:49 | [ë°°ì¹˜ 201-205/499] ì²˜ë¦¬ ì¤‘...
2025-10-15 04:58:54 | âœ… ì™„ë£Œ (ëˆ„ì : 205/499)
2025-10-15 04:58:56 | [ë°°ì¹˜ 206-210/499] ì²˜ë¦¬ ì¤‘...
2025-10-15 04:59:00 | âœ… ì™„ë£Œ (ëˆ„ì : 210/499)
2025-10-15 04:59:02 | [ë°°ì¹˜ 211-215/499] ì²˜ë¦¬ ì¤‘...
2025-10-15 04:59:06 | âœ… ì™„ë£Œ (ëˆ„ì : 215/499)
2025-10-15 04:59:08 | [ë°°ì¹˜ 216-220/499] ì²˜ë¦¬ ì¤‘...
2025-10-15 04:59:11 | âœ… ì™„ë£Œ (ëˆ„ì : 220/499)
2025-10-15 04:59:13 | [ë°°ì¹˜ 221-225/499] ì²˜ë¦¬ ì¤‘...
2025-10-15 04:59:18 | âœ… ì™„ë£Œ (ëˆ„ì : 225/499)
2025-10-15 04:59:20 | [ë°°ì¹˜ 226-230/499] ì²˜ë¦¬ ì¤‘...
2025-10-15 04:59:24 | âœ… ì™„ë£Œ (ëˆ„ì : 230/499)
2025-10-15 04:59:26 | [ë°°ì¹˜ 231-235/499] ì²˜ë¦¬ ì¤‘...
2025-10-15 04:59:31 | âœ… ì™„ë£Œ (ëˆ„ì : 235/499)
2025-10-15 04:59:33 | [ë°°ì¹˜ 236-240/499] ì²˜ë¦¬ ì¤‘...
2025-10-15 04:59:36 | âœ… ì™„ë£Œ (ëˆ„ì : 240/499)
2025-10-15 04:59:38 | [ë°°ì¹˜ 241-245/499] ì²˜ë¦¬ ì¤‘...
2025-10-15 04:59:43 | âœ… ì™„ë£Œ (ëˆ„ì : 245/499)
2025-10-15 04:59:45 | [ë°°ì¹˜ 246-250/499] ì²˜ë¦¬ ì¤‘...
2025-10-15 04:59:50 | âœ… ì™„ë£Œ (ëˆ„ì : 250/499)
2025-10-15 04:59:52 | [ë°°ì¹˜ 251-255/499] ì²˜ë¦¬ ì¤‘...
2025-10-15 04:59:57 | âœ… ì™„ë£Œ (ëˆ„ì : 255/499)
2025-10-15 04:59:59 | [ë°°ì¹˜ 256-260/499] ì²˜ë¦¬ ì¤‘...
2025-10-15 05:00:03 | âœ… ì™„ë£Œ (ëˆ„ì : 260/499)
2025-10-15 05:00:05 | [ë°°ì¹˜ 261-265/499] ì²˜ë¦¬ ì¤‘...
2025-10-15 05:00:09 | âœ… ì™„ë£Œ (ëˆ„ì : 265/499)
2025-10-15 05:00:11 | [ë°°ì¹˜ 266-270/499] ì²˜ë¦¬ ì¤‘...
2025-10-15 05:00:16 | âœ… ì™„ë£Œ (ëˆ„ì : 270/499)
2025-10-15 05:00:18 | [ë°°ì¹˜ 271-275/499] ì²˜ë¦¬ ì¤‘...
2025-10-15 05:00:23 | âœ… ì™„ë£Œ (ëˆ„ì : 275/499)
2025-10-15 05:00:25 | [ë°°ì¹˜ 276-280/499] ì²˜ë¦¬ ì¤‘...
2025-10-15 05:00:29 | âœ… ì™„ë£Œ (ëˆ„ì : 280/499)
2025-10-15 05:00:31 | [ë°°ì¹˜ 281-285/499] ì²˜ë¦¬ ì¤‘...
2025-10-15 05:00:35 | âœ… ì™„ë£Œ (ëˆ„ì : 285/499)
2025-10-15 05:00:37 | [ë°°ì¹˜ 286-290/499] ì²˜ë¦¬ ì¤‘...
2025-10-15 05:00:41 | âœ… ì™„ë£Œ (ëˆ„ì : 290/499)
2025-10-15 05:00:43 | [ë°°ì¹˜ 291-295/499] ì²˜ë¦¬ ì¤‘...
2025-10-15 05:00:48 | âœ… ì™„ë£Œ (ëˆ„ì : 295/499)
2025-10-15 05:00:50 | [ë°°ì¹˜ 296-300/499] ì²˜ë¦¬ ì¤‘...
2025-10-15 05:00:55 | âœ… ì™„ë£Œ (ëˆ„ì : 300/499)
2025-10-15 05:00:57 | [ë°°ì¹˜ 301-305/499] ì²˜ë¦¬ ì¤‘...
2025-10-15 05:01:02 | âœ… ì™„ë£Œ (ëˆ„ì : 305/499)
2025-10-15 05:01:04 | [ë°°ì¹˜ 306-310/499] ì²˜ë¦¬ ì¤‘...
2025-10-15 05:01:07 | âœ… ì™„ë£Œ (ëˆ„ì : 310/499)
2025-10-15 05:01:09 | [ë°°ì¹˜ 311-315/499] ì²˜ë¦¬ ì¤‘...
2025-10-15 05:01:13 | âœ… ì™„ë£Œ (ëˆ„ì : 315/499)
2025-10-15 05:01:15 | [ë°°ì¹˜ 316-320/499] ì²˜ë¦¬ ì¤‘...
2025-10-15 05:01:19 | âœ… ì™„ë£Œ (ëˆ„ì : 320/499)
2025-10-15 05:01:21 | [ë°°ì¹˜ 321-325/499] ì²˜ë¦¬ ì¤‘...
2025-10-15 05:01:25 | âœ… ì™„ë£Œ (ëˆ„ì : 325/499)
2025-10-15 05:01:28 | [ë°°ì¹˜ 326-330/499] ì²˜ë¦¬ ì¤‘...
2025-10-15 05:01:32 | âœ… ì™„ë£Œ (ëˆ„ì : 330/499)
2025-10-15 05:01:34 | [ë°°ì¹˜ 331-335/499] ì²˜ë¦¬ ì¤‘...
2025-10-15 05:01:39 | âœ… ì™„ë£Œ (ëˆ„ì : 335/499)
2025-10-15 05:01:41 | [ë°°ì¹˜ 336-340/499] ì²˜ë¦¬ ì¤‘...
2025-10-15 05:01:44 | âœ… ì™„ë£Œ (ëˆ„ì : 340/499)
2025-10-15 05:01:46 | [ë°°ì¹˜ 341-345/499] ì²˜ë¦¬ ì¤‘...
2025-10-15 05:01:50 | âœ… ì™„ë£Œ (ëˆ„ì : 345/499)
2025-10-15 05:01:52 | [ë°°ì¹˜ 346-350/499] ì²˜ë¦¬ ì¤‘...
2025-10-15 05:01:57 | âœ… ì™„ë£Œ (ëˆ„ì : 350/499)
2025-10-15 05:01:59 | [ë°°ì¹˜ 351-355/499] ì²˜ë¦¬ ì¤‘...
2025-10-15 05:02:04 | âœ… ì™„ë£Œ (ëˆ„ì : 355/499)
2025-10-15 05:02:06 | [ë°°ì¹˜ 356-360/499] ì²˜ë¦¬ ì¤‘...
2025-10-15 05:02:09 | âœ… ì™„ë£Œ (ëˆ„ì : 360/499)
2025-10-15 05:02:11 | [ë°°ì¹˜ 361-365/499] ì²˜ë¦¬ ì¤‘...
2025-10-15 05:02:15 | âœ… ì™„ë£Œ (ëˆ„ì : 365/499)
2025-10-15 05:02:17 | [ë°°ì¹˜ 366-370/499] ì²˜ë¦¬ ì¤‘...
2025-10-15 05:02:22 | âœ… ì™„ë£Œ (ëˆ„ì : 370/499)
2025-10-15 05:02:24 | [ë°°ì¹˜ 371-375/499] ì²˜ë¦¬ ì¤‘...
2025-10-15 05:02:27 | âœ… ì™„ë£Œ (ëˆ„ì : 375/499)
2025-10-15 05:02:29 | [ë°°ì¹˜ 376-380/499] ì²˜ë¦¬ ì¤‘...
2025-10-15 05:02:35 | âœ… ì™„ë£Œ (ëˆ„ì : 380/499)
2025-10-15 05:02:37 | [ë°°ì¹˜ 381-385/499] ì²˜ë¦¬ ì¤‘...
2025-10-15 05:02:44 | âœ… ì™„ë£Œ (ëˆ„ì : 385/499)
2025-10-15 05:02:46 | [ë°°ì¹˜ 386-390/499] ì²˜ë¦¬ ì¤‘...
2025-10-15 05:02:50 | âœ… ì™„ë£Œ (ëˆ„ì : 390/499)
2025-10-15 05:02:52 | [ë°°ì¹˜ 391-395/499] ì²˜ë¦¬ ì¤‘...
2025-10-15 05:02:57 | âœ… ì™„ë£Œ (ëˆ„ì : 395/499)
2025-10-15 05:02:59 | [ë°°ì¹˜ 396-400/499] ì²˜ë¦¬ ì¤‘...
2025-10-15 05:03:04 | âœ… ì™„ë£Œ (ëˆ„ì : 400/499)
2025-10-15 05:03:07 | [ë°°ì¹˜ 401-405/499] ì²˜ë¦¬ ì¤‘...
2025-10-15 05:03:11 | âœ… ì™„ë£Œ (ëˆ„ì : 405/499)
2025-10-15 05:03:13 | [ë°°ì¹˜ 406-410/499] ì²˜ë¦¬ ì¤‘...
2025-10-15 05:03:18 | âœ… ì™„ë£Œ (ëˆ„ì : 410/499)
2025-10-15 05:03:20 | [ë°°ì¹˜ 411-415/499] ì²˜ë¦¬ ì¤‘...
2025-10-15 05:03:24 | âœ… ì™„ë£Œ (ëˆ„ì : 415/499)
2025-10-15 05:03:26 | [ë°°ì¹˜ 416-420/499] ì²˜ë¦¬ ì¤‘...
2025-10-15 05:03:30 | âœ… ì™„ë£Œ (ëˆ„ì : 420/499)
2025-10-15 05:03:32 | [ë°°ì¹˜ 421-425/499] ì²˜ë¦¬ ì¤‘...
2025-10-15 05:03:37 | âœ… ì™„ë£Œ (ëˆ„ì : 425/499)
2025-10-15 05:03:40 | [ë°°ì¹˜ 426-430/499] ì²˜ë¦¬ ì¤‘...
2025-10-15 05:03:45 | âœ… ì™„ë£Œ (ëˆ„ì : 430/499)
2025-10-15 05:03:47 | [ë°°ì¹˜ 431-435/499] ì²˜ë¦¬ ì¤‘...
2025-10-15 05:03:51 | âœ… ì™„ë£Œ (ëˆ„ì : 435/499)
2025-10-15 05:03:53 | [ë°°ì¹˜ 436-440/499] ì²˜ë¦¬ ì¤‘...
2025-10-15 05:03:58 | âœ… ì™„ë£Œ (ëˆ„ì : 440/499)
2025-10-15 05:04:00 | [ë°°ì¹˜ 441-445/499] ì²˜ë¦¬ ì¤‘...
2025-10-15 05:04:04 | âœ… ì™„ë£Œ (ëˆ„ì : 445/499)
2025-10-15 05:04:06 | [ë°°ì¹˜ 446-450/499] ì²˜ë¦¬ ì¤‘...
2025-10-15 05:04:10 | âœ… ì™„ë£Œ (ëˆ„ì : 450/499)
2025-10-15 05:04:13 | [ë°°ì¹˜ 451-455/499] ì²˜ë¦¬ ì¤‘...
2025-10-15 05:04:17 | âœ… ì™„ë£Œ (ëˆ„ì : 455/499)
2025-10-15 05:04:19 | [ë°°ì¹˜ 456-460/499] ì²˜ë¦¬ ì¤‘...
2025-10-15 05:04:22 | âœ… ì™„ë£Œ (ëˆ„ì : 460/499)
2025-10-15 05:04:24 | [ë°°ì¹˜ 461-465/499] ì²˜ë¦¬ ì¤‘...
2025-10-15 05:04:27 | âœ… ì™„ë£Œ (ëˆ„ì : 465/499)
2025-10-15 05:04:29 | [ë°°ì¹˜ 466-470/499] ì²˜ë¦¬ ì¤‘...
2025-10-15 05:04:34 | âœ… ì™„ë£Œ (ëˆ„ì : 470/499)
2025-10-15 05:04:36 | [ë°°ì¹˜ 471-475/499] ì²˜ë¦¬ ì¤‘...
2025-10-15 05:04:41 | âœ… ì™„ë£Œ (ëˆ„ì : 475/499)
2025-10-15 05:04:43 | [ë°°ì¹˜ 476-480/499] ì²˜ë¦¬ ì¤‘...
2025-10-15 05:04:49 | âœ… ì™„ë£Œ (ëˆ„ì : 480/499)
2025-10-15 05:04:51 | [ë°°ì¹˜ 481-485/499] ì²˜ë¦¬ ì¤‘...
2025-10-15 05:04:56 | âœ… ì™„ë£Œ (ëˆ„ì : 485/499)
2025-10-15 05:04:58 | [ë°°ì¹˜ 486-490/499] ì²˜ë¦¬ ì¤‘...
2025-10-15 05:05:03 | âœ… ì™„ë£Œ (ëˆ„ì : 490/499)
2025-10-15 05:05:05 | [ë°°ì¹˜ 491-495/499] ì²˜ë¦¬ ì¤‘...
2025-10-15 05:05:09 | âœ… ì™„ë£Œ (ëˆ„ì : 495/499)
2025-10-15 05:05:11 | [ë°°ì¹˜ 496-499/499] ì²˜ë¦¬ ì¤‘...
2025-10-15 05:05:16 | âœ… ì™„ë£Œ (ëˆ„ì : 499/499)
2025-10-15 05:05:16 | ë°°ì¹˜ ìš”ì•½ ì™„ë£Œ: 499ê°œ
2025-10-15 05:05:16 | KoBARTì™€ Solar ì•™ìƒë¸” ìˆ˜í–‰ ì¤‘...
2025-10-15 05:05:16 | âœ… Solar API ì•™ìƒë¸” ì™„ë£Œ
2025-10-15 05:05:16 | ðŸ’¾ ì²´í¬í¬ì¸íŠ¸ ì €ìž¥: experiments/20251015/20251015_044827_inference_kobart_kfold_soft_voting_bs32_maxnew80_hf_solar/checkpoints/solar_api_checkpoint.pkl
2025-10-15 05:05:16 | [6/6] ì œì¶œ íŒŒì¼ ì €ìž¥ ì¤‘...
2025-10-15 05:05:16 | âœ… ì œì¶œ íŒŒì¼ ìƒì„± (1): experiments/20251015/20251015_044827_inference_kobart_kfold_soft_voting_bs32_maxnew80_hf_solar/submission/20251015_044827_inference_kobart_kfold_soft_voting_bs32_maxnew80_hf_solar.csv
2025-10-15 05:05:16 | âœ… ì œì¶œ íŒŒì¼ ìƒì„± (2): submissions/20251015/20251015_044827_inference_kobart_kfold_soft_voting_bs32_maxnew80_hf_solar.csv
2025-10-15 05:05:16 | ============================================================
2025-10-15 05:05:16 | ðŸ“Š ì¶”ë¡  íŒŒì´í”„ë¼ì¸ ì™„ë£Œ!
2025-10-15 05:05:16 | ============================================================
2025-10-15 05:05:16 | âœ… ì‹¤í–‰ëœ ë‹¨ê³„:
2025-10-15 05:05:16 | 1. K-Fold ì•™ìƒë¸” (5ê°œ ëª¨ë¸, soft_voting)
2025-10-15 05:05:16 | 2. HuggingFace ë³´ì • (gogamza/kobart-base-v2, digit82/kobart-summarization)
2025-10-15 05:05:16 | 3. Solar API ì•™ìƒë¸” (solar-1-chat)
2025-10-15 05:05:16 | 4. í›„ì²˜ë¦¬ (Predictor ë‚´ìž¥)
2025-10-15 05:05:16 | 5. ì œì¶œ íŒŒì¼ ìƒì„±
2025-10-15 05:05:16 | ðŸ“ˆ ê²°ê³¼ í†µê³„:
2025-10-15 05:05:16 | - ì´ ìƒ˜í”Œ ìˆ˜: 499
2025-10-15 05:05:16 | - í‰ê·  ìš”ì•½ ê¸¸ì´: 92.4ìž
2025-10-15 05:05:16 | ðŸ“ ìƒ˜í”Œ ì˜ˆì¸¡ ê²°ê³¼ (ì²˜ìŒ 3ê°œ):
2025-10-15 05:05:16 | [test_0]: ìƒì‚¬ Aê°€ ë¹„ì„œ Bì—ê²Œ ëª¨ë“  í†µì‹ ì„ ì´ë©”ì¼ê³¼ ê³µì‹ ë©”ëª¨ë¡œ ì œí•œí•˜ëŠ” ìƒˆë¡œìš´ ì •ì±…ì„ ëª¨ë“  ì§ì›ì—ê²Œ ì‚¬ë‚´ ë©”ëª¨ë¡œ ë³´ë‚´ë„ë¡ ìš”ì²­í•¨. ì´ ì •ì±…ì€ ì‚¬ë¬´ì‹¤ ...
2025-10-15 05:05:16 | [test_1]: ì¹œêµ¬ Aê°€ ì¹œêµ¬ Bì—ê²Œ ì¶œí‡´ê·¼ ì‹œ ëŒ€ì¤‘êµí†µì´ë‚˜ ìžì „ê±° ì´ìš©ì„ ì œì•ˆí•˜ê³ , BëŠ” í™˜ê²½ê³¼ ê±´ê°•ì„ ìœ„í•´ ì°¨ ì‚¬ìš©ì„ ì¤„ì´ê¸°ë¡œ ê²°ì •í–ˆë‹¤....
2025-10-15 05:05:16 | [test_2]: ì¹œêµ¬ Aê°€ ì¹œêµ¬ Bì—ê²Œ Mashaì™€ Heroê°€ ë‘ ë‹¬ê°„ì˜ ë³„ê±° ëì— ì´í˜¼ ì‹ ì²­ì„ í–ˆìœ¼ë©°, Mashaê°€ ì–‘ìœ¡ê¶Œì„ ê°€ì§€ê¸°ë¡œ í–ˆê³ , ìž¬ì‚° ë¬¸ì œëŠ” ì›ë§Œ...
2025-10-15 05:05:16 | ============================================================
2025-10-15 05:05:16 | ðŸŽ‰ K-Fold ì•™ìƒë¸” ì¶”ë¡  ì™„ë£Œ!
2025-10-15 05:05:16 | ðŸ“ ì œì¶œ íŒŒì¼: experiments/20251015/20251015_044827_inference_kobart_kfold_soft_voting_bs32_maxnew80_hf_solar/submission/20251015_044827_inference_kobart_kfold_soft_voting_bs32_maxnew80_hf_solar.csv
2025-10-15 05:05:16 | ============================================================
2025-10-15 05:05:16 | >> ë¡œê·¸ ë¦¬ë””ë ‰ì…˜ ì¤‘ë£Œ.
