2025-10-14 00:57:46 | >> í‘œì¤€ ì¶œë ¥ ë° ì˜¤ë¥˜ë¥¼ ë¡œê·¸ íŒŒì¼ë¡œ ë¦¬ë””ë ‰ì…˜ ì‹œìž‘
2025-10-14 00:57:46 | ============================================================
2025-10-14 00:57:46 | ì¶”ë¡  ì‹œìž‘
2025-10-14 00:57:46 | ============================================================
2025-10-14 00:57:46 | [GPU ì •ë³´]
2025-10-14 00:57:46 | available: True
2025-10-14 00:57:46 | device_count: 1
2025-10-14 00:57:46 | current_device: 0
2025-10-14 00:57:46 | gpu_0: {'name': 'NVIDIA GeForce RTX 3080 Ti Laptop GPU', 'total_memory_gb': 15.99951171875, 'major': 8, 'minor': 6, 'multi_processor_count': 58, 'allocated_memory_gb': 0.0, 'reserved_memory_gb': 0.0}
2025-10-14 00:57:46 | GPU Tier: LOW
2025-10-14 00:57:46 | [1/5] Config ë¡œë”©...
2025-10-14 00:57:46 | âœ… Config ë¡œë“œ ì™„ë£Œ: baseline_kobart
2025-10-14 00:57:46 | ðŸ“ ìžë™ ìƒì„±ëœ ì œì¶œ íŒŒì¼ ê²½ë¡œ: experiments/20251014/20251014_005746_inference_kobart_bs16_beam5_maxnew100_rep5.0/submissions/20251014_005746_inference_kobart_bs16_beam5_maxnew100_rep5.0.csv
2025-10-14 00:57:46 | [2/5] ëª¨ë¸ ë¡œë”©: experiments/20251013/20251013_205042_strategy6_kobart_solar_api/model_0_kobart/default/final_model
2025-10-14 00:57:47 | âœ… ëª¨ë¸ ë¡œë“œ ì™„ë£Œ
2025-10-14 00:57:47 | ë””ë°”ì´ìŠ¤: cuda
2025-10-14 00:57:47 | ëª¨ë¸ íŒŒë¼ë¯¸í„°: 123,859,968
2025-10-14 00:57:47 | [3/5] í…ŒìŠ¤íŠ¸ ë°ì´í„° ë¡œë”©: data/raw/test.csv
2025-10-14 00:57:47 | âœ… í…ŒìŠ¤íŠ¸ ìƒ˜í”Œ: 499ê°œ
2025-10-14 00:57:47 | [4/5] ì¶”ë¡  ì‹¤í–‰...
2025-10-14 00:57:47 | ============================================================
2025-10-14 00:57:47 | ì œì¶œ íŒŒì¼ ìƒì„± ì‹œìž‘
2025-10-14 00:57:47 | ============================================================
2025-10-14 00:57:47 | ìƒ˜í”Œ ìˆ˜: 499
2025-10-14 01:01:44 | âœ… ì œì¶œ íŒŒì¼ ì €ìž¥ ì™„ë£Œ: experiments/20251014/20251014_005746_inference_kobart_bs16_beam5_maxnew100_rep5.0/submissions/20251014_005746_inference_kobart_bs16_beam5_maxnew100_rep5.0.csv
2025-10-14 01:01:44 | ============================================================
2025-10-14 01:01:44 | âœ… ì œì¶œ íŒŒì¼ ì¶”ê°€ ì €ìž¥: submissions/20251014/20251014_005746_inference_kobart_bs16_beam5_maxnew100_rep5.0.csv
2025-10-14 01:01:44 | [5/5] ì¶”ë¡  ì™„ë£Œ!
2025-10-14 01:01:44 | âœ… ì œì¶œ íŒŒì¼ ìƒì„± (1): experiments/20251014/20251014_005746_inference_kobart_bs16_beam5_maxnew100_rep5.0/submissions/20251014_005746_inference_kobart_bs16_beam5_maxnew100_rep5.0.csv
2025-10-14 01:01:44 | âœ… ì œì¶œ íŒŒì¼ ìƒì„± (2): submissions/20251014/20251014_005746_inference_kobart_bs16_beam5_maxnew100_rep5.0.csv
2025-10-14 01:01:44 | ìƒ˜í”Œ ìˆ˜: 499
2025-10-14 01:01:44 | ìƒ˜í”Œ ì˜ˆì¸¡ ê²°ê³¼ (ì²˜ìŒ 3ê°œ):
2025-10-14 01:01:44 | [test_0]: #Person1#ì€ Ms. Dawsonì—ê²Œ ì´ë©”ì¼ê³¼ ê³µì‹ ë©”ëª¨ë¡œë§Œ ë©”ì‹œì§€ë¥¼ ì‚¬ìš©í•  ìˆ˜ ìžˆë„...
2025-10-14 01:01:44 | [test_1]: #Person2#ëŠ” ì¶œí‡´ê·¼ ì‹œê°„ì— êµí†µì²´ì¦ì„ ê²ªì–´ ëŒ€ì¤‘êµí†µì„ ì´ìš©í•˜ê¸°ë¡œ ê²°ì •í–ˆìŠµë‹ˆë‹¤. ê·¸ë“¤...
2025-10-14 01:01:44 | [test_2]: KateëŠ” #Person1#ì—ê²Œ Mashaì™€ Heroê°€ ë‘ ë‹¬ ë™ì•ˆ ë³„ê±°í•˜ë‹¤ê°€ ê²°êµ­ ì´í˜¼ì„...
2025-10-14 01:01:44 | ============================================================
2025-10-14 01:01:44 | ðŸŽ‰ ì¶”ë¡  ì™„ë£Œ!
2025-10-14 01:01:44 | ============================================================
2025-10-14 01:01:44 | >> ë¡œê·¸ ë¦¬ë””ë ‰ì…˜ ì¤‘ë£Œ.
