2025-10-15 02:28:34 | >> í‘œì¤€ ì¶œë ¥ ë° ì˜¤ë¥˜ë¥¼ ë¡œê·¸ íŒŒì¼ë¡œ ë¦¬ë””ë ‰ì…˜ ì‹œìž‘
2025-10-15 02:28:34 | ============================================================
2025-10-15 02:28:34 | K-Fold ì•™ìƒë¸” ì¶”ë¡  ì‹œìž‘
2025-10-15 02:28:34 | ============================================================
2025-10-15 02:28:34 | [GPU ì •ë³´]
2025-10-15 02:28:34 | available: True
2025-10-15 02:28:34 | device_count: 1
2025-10-15 02:28:34 | current_device: 0
2025-10-15 02:28:34 | gpu_0: {'name': 'NVIDIA GeForce RTX 4090', 'total_memory_gb': 23.98779296875, 'major': 8, 'minor': 9, 'multi_processor_count': 128, 'allocated_memory_gb': 0.0, 'reserved_memory_gb': 0.0}
2025-10-15 02:28:34 | GPU Tier: LOW
2025-10-15 02:28:34 | [1/4] Fold ëª¨ë¸ íƒìƒ‰: experiments/20251014/20251014_183206_kobart_ultimate_kfold
2025-10-15 02:28:34 | âœ… fold_1: experiments/20251014/20251014_183206_kobart_ultimate_kfold/fold_1/kfold/final_model
2025-10-15 02:28:34 | âœ… fold_2: experiments/20251014/20251014_183206_kobart_ultimate_kfold/fold_2/kfold/final_model
2025-10-15 02:28:34 | âœ… fold_3: experiments/20251014/20251014_183206_kobart_ultimate_kfold/fold_3/kfold/final_model
2025-10-15 02:28:34 | âœ… fold_4: experiments/20251014/20251014_183206_kobart_ultimate_kfold/fold_4/kfold/final_model
2025-10-15 02:28:34 | âœ… fold_5: experiments/20251014/20251014_183206_kobart_ultimate_kfold/fold_5/kfold/final_model
2025-10-15 02:28:34 | ðŸ“Š ë°œê²¬ëœ Fold ìˆ˜: 5
2025-10-15 02:28:34 | [2/4] í…ŒìŠ¤íŠ¸ ë°ì´í„° ë¡œë”©: data/raw/test.csv
2025-10-15 02:28:34 | âœ… í…ŒìŠ¤íŠ¸ ìƒ˜í”Œ: 499ê°œ
2025-10-15 02:28:34 | [3/6] K-Fold ì•™ìƒë¸” ì¶”ë¡  ì‹¤í–‰...
2025-10-15 02:28:34 | - ì•™ìƒë¸” ë°©ë²•: soft_voting
2025-10-15 02:28:34 | - ë°°ì¹˜ í¬ê¸°: 8
2025-10-15 02:28:34 | ðŸ”„ 5ê°œ Fold ëª¨ë¸ ë¡œë”© ì¤‘...
2025-10-15 02:28:34 | [Fold 1/5] ë¡œë”©: experiments/20251014/20251014_183206_kobart_ultimate_kfold/fold_1/kfold/final_model
2025-10-15 02:28:35 | âœ… ì™„ë£Œ
2025-10-15 02:28:35 | [Fold 2/5] ë¡œë”©: experiments/20251014/20251014_183206_kobart_ultimate_kfold/fold_2/kfold/final_model
2025-10-15 02:28:35 | âœ… ì™„ë£Œ
2025-10-15 02:28:35 | [Fold 3/5] ë¡œë”©: experiments/20251014/20251014_183206_kobart_ultimate_kfold/fold_3/kfold/final_model
2025-10-15 02:28:36 | âœ… ì™„ë£Œ
2025-10-15 02:28:36 | [Fold 4/5] ë¡œë”©: experiments/20251014/20251014_183206_kobart_ultimate_kfold/fold_4/kfold/final_model
2025-10-15 02:28:36 | âœ… ì™„ë£Œ
2025-10-15 02:28:36 | [Fold 5/5] ë¡œë”©: experiments/20251014/20251014_183206_kobart_ultimate_kfold/fold_5/kfold/final_model
2025-10-15 02:28:37 | âœ… ì™„ë£Œ
2025-10-15 02:28:37 | âœ… ì „ì²´ 5ê°œ ëª¨ë¸ ë¡œë“œ ì™„ë£Œ
2025-10-15 02:28:37 | ðŸ”® K-Fold ì•™ìƒë¸” ì¶”ë¡  ì‹œìž‘ (soft_voting)
2025-10-15 02:28:37 | - ìƒ˜í”Œ ìˆ˜: 499
2025-10-15 02:28:37 | - Fold ìˆ˜: 5
2025-10-15 02:28:37 | - ë°°ì¹˜ í¬ê¸°: 8
2025-10-15 02:28:37 | [Fold 1/5] ì˜ˆì¸¡ ì¤‘...
2025-10-15 02:30:13 | âœ… Fold 1 ì˜ˆì¸¡ ì™„ë£Œ (499ê°œ)
2025-10-15 02:30:13 | [Fold 2/5] ì˜ˆì¸¡ ì¤‘...
2025-10-15 02:31:45 | âœ… Fold 2 ì˜ˆì¸¡ ì™„ë£Œ (499ê°œ)
2025-10-15 02:31:45 | [Fold 3/5] ì˜ˆì¸¡ ì¤‘...
2025-10-15 02:33:21 | âœ… Fold 3 ì˜ˆì¸¡ ì™„ë£Œ (499ê°œ)
2025-10-15 02:33:21 | [Fold 4/5] ì˜ˆì¸¡ ì¤‘...
2025-10-15 02:34:57 | âœ… Fold 4 ì˜ˆì¸¡ ì™„ë£Œ (499ê°œ)
2025-10-15 02:34:57 | [Fold 5/5] ì˜ˆì¸¡ ì¤‘...
2025-10-15 02:36:31 | âœ… Fold 5 ì˜ˆì¸¡ ì™„ë£Œ (499ê°œ)
2025-10-15 02:36:31 | ðŸ”„ ì•™ìƒë¸” ìˆ˜í–‰ ì¤‘ (soft_voting)...
2025-10-15 02:36:31 | âœ… ì•™ìƒë¸” ì™„ë£Œ
2025-10-15 02:36:31 | ðŸ’¾ ì²´í¬í¬ì¸íŠ¸ ì €ìž¥: experiments/20251015/20251015_022834_inference_kobart_kfold_soft_voting_bs8_maxnew80_hf_solar/checkpoints/kfold_checkpoint.pkl
2025-10-15 02:36:31 | [4/6] ðŸ”§ HuggingFace ì‚¬ì „í•™ìŠµ ëª¨ë¸ ë³´ì • ì‹œìž‘
2025-10-15 02:36:31 | - ë³´ì • ëª¨ë¸: gogamza/kobart-base-v2, digit82/kobart-summarization, hyunwoongko/kobart
2025-10-15 02:36:31 | - ë³´ì • ì „ëžµ: quality_based
2025-10-15 02:36:31 | - í’ˆì§ˆ ìž„ê³„ê°’: 0.25
2025-10-15 02:36:31 | ëª¨ë¸ ë¡œë“œ ì¤‘: gogamza/kobart-base-v2
2025-10-15 02:36:33 | âœ… ë¡œë“œ ì™„ë£Œ: gogamza/kobart-base-v2
2025-10-15 02:36:33 | ëª¨ë¸ ë¡œë“œ ì¤‘: digit82/kobart-summarization
2025-10-15 02:36:36 | âœ… ë¡œë“œ ì™„ë£Œ: digit82/kobart-summarization
2025-10-15 02:36:36 | ëª¨ë¸ ë¡œë“œ ì¤‘: hyunwoongko/kobart
2025-10-15 02:36:46 | âœ… ë¡œë“œ ì™„ë£Œ: hyunwoongko/kobart
2025-10-15 02:36:46 | ============================================================
2025-10-15 02:36:46 | ì‚¬ì „í•™ìŠµ ëª¨ë¸ ë³´ì • ì‹œìž‘
2025-10-15 02:36:46 | - ìƒ˜í”Œ ìˆ˜: 499
2025-10-15 02:36:46 | - ì°¸ì¡° ëª¨ë¸ ìˆ˜: 3
2025-10-15 02:36:46 | - ë³´ì • ì „ëžµ: quality_based
2025-10-15 02:36:46 | - í’ˆì§ˆ ìž„ê³„ê°’: 0.25
2025-10-15 02:36:46 | ============================================================
2025-10-15 02:36:46 | [1/3] ì°¸ì¡° ìš”ì•½ ìƒì„± ì¤‘: gogamza/kobart-base-v2
2025-10-15 02:38:22 | âš ï¸  410ê°œ ìƒ˜í”Œì´ dialogue ë³µì‚¬ë¡œ ê°ì§€ë˜ì–´ í•„í„°ë§ë¨
2025-10-15 02:38:22 | âœ… ì™„ë£Œ: 499ê°œ ìš”ì•½ ìƒì„±
2025-10-15 02:38:22 | [1/3] ì°¸ì¡° ìš”ì•½ ìƒì„± ì¤‘: digit82/kobart-summarization
2025-10-15 02:39:28 | âš ï¸  161ê°œ ìƒ˜í”Œì´ dialogue ë³µì‚¬ë¡œ ê°ì§€ë˜ì–´ í•„í„°ë§ë¨
2025-10-15 02:39:28 | âœ… ì™„ë£Œ: 499ê°œ ìš”ì•½ ìƒì„±
2025-10-15 02:39:28 | [1/3] ì°¸ì¡° ìš”ì•½ ìƒì„± ì¤‘: hyunwoongko/kobart
2025-10-15 02:41:01 | âš ï¸  495ê°œ ìƒ˜í”Œì´ dialogue ë³µì‚¬ë¡œ ê°ì§€ë˜ì–´ í•„í„°ë§ë¨
2025-10-15 02:41:01 | âœ… ì™„ë£Œ: 499ê°œ ìš”ì•½ ìƒì„±
2025-10-15 02:41:01 | [2/3] í’ˆì§ˆ í‰ê°€ ì¤‘...
2025-10-15 02:41:01 | í’ˆì§ˆ í‰ê°€ ì‹œìž‘...
2025-10-15 02:41:01 | [1/3] Self-ROUGE ê³„ì‚° ì¤‘...
2025-10-15 02:41:01 | [2/3] ëª¨ë¸ë³„ í’ˆì§ˆ ê³„ì‚° ì¤‘...
2025-10-15 02:41:02 | [3/3] Candidate í’ˆì§ˆ ê³„ì‚° ì¤‘...
2025-10-15 02:41:02 | [4/4] dialogue ìœ ì‚¬ë„ íŽ˜ë„í‹° ì ìš© ì¤‘...
2025-10-15 02:41:02 | âœ… í‰ê°€ ì™„ë£Œ
2025-10-15 02:41:02 | âœ… í‰ê°€ ì™„ë£Œ
2025-10-15 02:41:02 | [3/3] ë³´ì • ì „ëžµ ì ìš© ì¤‘: quality_based
2025-10-15 02:41:02 | âœ… ë³´ì • ì™„ë£Œ
2025-10-15 02:41:02 | ðŸ“Š ë³´ì • í†µê³„:
2025-10-15 02:41:02 | - ì „ì²´: 499ê°œ
2025-10-15 02:41:02 | - ë³´ì •ë¨: 7ê°œ (1.4%)
2025-10-15 02:41:02 | - ìœ ì§€ë¨: 492ê°œ
2025-10-15 02:41:02 | ============================================================
2025-10-15 02:41:02 | âœ… HuggingFace ë³´ì • ì™„ë£Œ
2025-10-15 02:41:02 | ðŸ’¾ ì²´í¬í¬ì¸íŠ¸ ì €ìž¥: experiments/20251015/20251015_022834_inference_kobart_kfold_soft_voting_bs8_maxnew80_hf_solar/checkpoints/hf_correction_checkpoint.pkl
2025-10-15 02:41:02 | [5/6] ðŸŒž Solar API ì•™ìƒë¸” ì‹œìž‘
2025-10-15 02:41:02 | - ëª¨ë¸: solar-1-chat
2025-10-15 02:41:02 | - Temperature: 0.1
2025-10-15 02:41:02 | - ë°°ì¹˜ í¬ê¸°: 5
2025-10-15 02:41:02 | - ëŒ€ê¸° ì‹œê°„: 2.0ì´ˆ
2025-10-15 02:41:02 | Solar API í´ë¼ì´ì–¸íŠ¸ ì´ˆê¸°í™” ì„±ê³µ
2025-10-15 02:41:02 | Solar API ë°°ì¹˜ ìš”ì•½ ìƒì„± ì¤‘...
2025-10-15 02:41:02 | ë°°ì¹˜ ìš”ì•½ ì‹œìž‘: 499ê°œ ëŒ€í™”
2025-10-15 02:41:02 | - ë°°ì¹˜ í¬ê¸°: 5
2025-10-15 02:41:02 | - Rate limit ëŒ€ê¸°: 2.0ì´ˆ
2025-10-15 02:41:02 | [ë°°ì¹˜ 1-5/499] ì²˜ë¦¬ ì¤‘...
2025-10-15 02:41:09 | âœ… ì™„ë£Œ (ëˆ„ì : 5/499)
2025-10-15 02:41:11 | [ë°°ì¹˜ 6-10/499] ì²˜ë¦¬ ì¤‘...
2025-10-15 02:41:17 | âœ… ì™„ë£Œ (ëˆ„ì : 10/499)
2025-10-15 02:41:19 | [ë°°ì¹˜ 11-15/499] ì²˜ë¦¬ ì¤‘...
2025-10-15 02:41:25 | âœ… ì™„ë£Œ (ëˆ„ì : 15/499)
2025-10-15 02:41:27 | [ë°°ì¹˜ 16-20/499] ì²˜ë¦¬ ì¤‘...
2025-10-15 02:41:32 | âœ… ì™„ë£Œ (ëˆ„ì : 20/499)
2025-10-15 02:41:34 | [ë°°ì¹˜ 21-25/499] ì²˜ë¦¬ ì¤‘...
2025-10-15 02:41:41 | âœ… ì™„ë£Œ (ëˆ„ì : 25/499)
2025-10-15 02:41:43 | [ë°°ì¹˜ 26-30/499] ì²˜ë¦¬ ì¤‘...
2025-10-15 02:41:50 | âœ… ì™„ë£Œ (ëˆ„ì : 30/499)
2025-10-15 02:41:52 | [ë°°ì¹˜ 31-35/499] ì²˜ë¦¬ ì¤‘...
2025-10-15 02:41:57 | âœ… ì™„ë£Œ (ëˆ„ì : 35/499)
2025-10-15 02:41:59 | [ë°°ì¹˜ 36-40/499] ì²˜ë¦¬ ì¤‘...
2025-10-15 02:42:06 | âœ… ì™„ë£Œ (ëˆ„ì : 40/499)
2025-10-15 02:42:08 | [ë°°ì¹˜ 41-45/499] ì²˜ë¦¬ ì¤‘...
2025-10-15 02:42:15 | âœ… ì™„ë£Œ (ëˆ„ì : 45/499)
2025-10-15 02:42:17 | [ë°°ì¹˜ 46-50/499] ì²˜ë¦¬ ì¤‘...
2025-10-15 02:42:23 | âœ… ì™„ë£Œ (ëˆ„ì : 50/499)
2025-10-15 02:42:25 | [ë°°ì¹˜ 51-55/499] ì²˜ë¦¬ ì¤‘...
2025-10-15 02:42:32 | âœ… ì™„ë£Œ (ëˆ„ì : 55/499)
2025-10-15 02:42:34 | [ë°°ì¹˜ 56-60/499] ì²˜ë¦¬ ì¤‘...
2025-10-15 02:42:39 | âœ… ì™„ë£Œ (ëˆ„ì : 60/499)
2025-10-15 02:42:42 | [ë°°ì¹˜ 61-65/499] ì²˜ë¦¬ ì¤‘...
2025-10-15 02:42:48 | âœ… ì™„ë£Œ (ëˆ„ì : 65/499)
2025-10-15 02:42:50 | [ë°°ì¹˜ 66-70/499] ì²˜ë¦¬ ì¤‘...
2025-10-15 02:42:55 | âœ… ì™„ë£Œ (ëˆ„ì : 70/499)
2025-10-15 02:42:57 | [ë°°ì¹˜ 71-75/499] ì²˜ë¦¬ ì¤‘...
2025-10-15 02:43:05 | âœ… ì™„ë£Œ (ëˆ„ì : 75/499)
2025-10-15 02:43:07 | [ë°°ì¹˜ 76-80/499] ì²˜ë¦¬ ì¤‘...
2025-10-15 02:43:14 | âœ… ì™„ë£Œ (ëˆ„ì : 80/499)
2025-10-15 02:43:16 | [ë°°ì¹˜ 81-85/499] ì²˜ë¦¬ ì¤‘...
2025-10-15 02:43:21 | âœ… ì™„ë£Œ (ëˆ„ì : 85/499)
2025-10-15 02:43:23 | [ë°°ì¹˜ 86-90/499] ì²˜ë¦¬ ì¤‘...
2025-10-15 02:43:30 | âœ… ì™„ë£Œ (ëˆ„ì : 90/499)
2025-10-15 02:43:32 | [ë°°ì¹˜ 91-95/499] ì²˜ë¦¬ ì¤‘...
2025-10-15 02:43:37 | âœ… ì™„ë£Œ (ëˆ„ì : 95/499)
2025-10-15 02:43:39 | [ë°°ì¹˜ 96-100/499] ì²˜ë¦¬ ì¤‘...
2025-10-15 02:43:46 | âœ… ì™„ë£Œ (ëˆ„ì : 100/499)
2025-10-15 02:43:48 | [ë°°ì¹˜ 101-105/499] ì²˜ë¦¬ ì¤‘...
2025-10-15 02:43:54 | âœ… ì™„ë£Œ (ëˆ„ì : 105/499)
2025-10-15 02:43:56 | [ë°°ì¹˜ 106-110/499] ì²˜ë¦¬ ì¤‘...
2025-10-15 02:44:02 | âœ… ì™„ë£Œ (ëˆ„ì : 110/499)
2025-10-15 02:44:04 | [ë°°ì¹˜ 111-115/499] ì²˜ë¦¬ ì¤‘...
2025-10-15 02:44:09 | âœ… ì™„ë£Œ (ëˆ„ì : 115/499)
2025-10-15 02:44:11 | [ë°°ì¹˜ 116-120/499] ì²˜ë¦¬ ì¤‘...
2025-10-15 02:44:16 | âœ… ì™„ë£Œ (ëˆ„ì : 120/499)
2025-10-15 02:44:19 | [ë°°ì¹˜ 121-125/499] ì²˜ë¦¬ ì¤‘...
2025-10-15 02:44:25 | âœ… ì™„ë£Œ (ëˆ„ì : 125/499)
2025-10-15 02:44:27 | [ë°°ì¹˜ 126-130/499] ì²˜ë¦¬ ì¤‘...
2025-10-15 02:44:33 | âœ… ì™„ë£Œ (ëˆ„ì : 130/499)
2025-10-15 02:44:35 | [ë°°ì¹˜ 131-135/499] ì²˜ë¦¬ ì¤‘...
2025-10-15 02:44:41 | âœ… ì™„ë£Œ (ëˆ„ì : 135/499)
2025-10-15 02:44:43 | [ë°°ì¹˜ 136-140/499] ì²˜ë¦¬ ì¤‘...
2025-10-15 02:44:48 | âœ… ì™„ë£Œ (ëˆ„ì : 140/499)
2025-10-15 02:44:50 | [ë°°ì¹˜ 141-145/499] ì²˜ë¦¬ ì¤‘...
2025-10-15 02:44:57 | âœ… ì™„ë£Œ (ëˆ„ì : 145/499)
2025-10-15 02:44:59 | [ë°°ì¹˜ 146-150/499] ì²˜ë¦¬ ì¤‘...
2025-10-15 02:45:06 | âœ… ì™„ë£Œ (ëˆ„ì : 150/499)
2025-10-15 02:45:08 | [ë°°ì¹˜ 151-155/499] ì²˜ë¦¬ ì¤‘...
2025-10-15 02:45:13 | âœ… ì™„ë£Œ (ëˆ„ì : 155/499)
2025-10-15 02:45:15 | [ë°°ì¹˜ 156-160/499] ì²˜ë¦¬ ì¤‘...
2025-10-15 02:45:21 | âœ… ì™„ë£Œ (ëˆ„ì : 160/499)
2025-10-15 02:45:23 | [ë°°ì¹˜ 161-165/499] ì²˜ë¦¬ ì¤‘...
2025-10-15 02:45:30 | âœ… ì™„ë£Œ (ëˆ„ì : 165/499)
2025-10-15 02:45:32 | [ë°°ì¹˜ 166-170/499] ì²˜ë¦¬ ì¤‘...
2025-10-15 02:45:37 | âœ… ì™„ë£Œ (ëˆ„ì : 170/499)
2025-10-15 02:45:39 | [ë°°ì¹˜ 171-175/499] ì²˜ë¦¬ ì¤‘...
2025-10-15 02:45:45 | âœ… ì™„ë£Œ (ëˆ„ì : 175/499)
2025-10-15 02:45:47 | [ë°°ì¹˜ 176-180/499] ì²˜ë¦¬ ì¤‘...
2025-10-15 02:45:54 | âœ… ì™„ë£Œ (ëˆ„ì : 180/499)
2025-10-15 02:45:56 | [ë°°ì¹˜ 181-185/499] ì²˜ë¦¬ ì¤‘...
2025-10-15 02:46:02 | âœ… ì™„ë£Œ (ëˆ„ì : 185/499)
2025-10-15 02:46:04 | [ë°°ì¹˜ 186-190/499] ì²˜ë¦¬ ì¤‘...
2025-10-15 02:46:10 | âœ… ì™„ë£Œ (ëˆ„ì : 190/499)
2025-10-15 02:46:12 | [ë°°ì¹˜ 191-195/499] ì²˜ë¦¬ ì¤‘...
2025-10-15 02:46:19 | âœ… ì™„ë£Œ (ëˆ„ì : 195/499)
2025-10-15 02:46:21 | [ë°°ì¹˜ 196-200/499] ì²˜ë¦¬ ì¤‘...
2025-10-15 02:46:28 | âœ… ì™„ë£Œ (ëˆ„ì : 200/499)
2025-10-15 02:46:31 | [ë°°ì¹˜ 201-205/499] ì²˜ë¦¬ ì¤‘...
2025-10-15 02:46:37 | âœ… ì™„ë£Œ (ëˆ„ì : 205/499)
2025-10-15 02:46:39 | [ë°°ì¹˜ 206-210/499] ì²˜ë¦¬ ì¤‘...
2025-10-15 02:46:46 | âœ… ì™„ë£Œ (ëˆ„ì : 210/499)
2025-10-15 02:46:48 | [ë°°ì¹˜ 211-215/499] ì²˜ë¦¬ ì¤‘...
2025-10-15 02:46:55 | âœ… ì™„ë£Œ (ëˆ„ì : 215/499)
2025-10-15 02:46:57 | [ë°°ì¹˜ 216-220/499] ì²˜ë¦¬ ì¤‘...
2025-10-15 02:47:02 | âœ… ì™„ë£Œ (ëˆ„ì : 220/499)
2025-10-15 02:47:04 | [ë°°ì¹˜ 221-225/499] ì²˜ë¦¬ ì¤‘...
2025-10-15 02:47:10 | âœ… ì™„ë£Œ (ëˆ„ì : 225/499)
2025-10-15 02:47:12 | [ë°°ì¹˜ 226-230/499] ì²˜ë¦¬ ì¤‘...
2025-10-15 02:47:20 | âœ… ì™„ë£Œ (ëˆ„ì : 230/499)
2025-10-15 02:47:22 | [ë°°ì¹˜ 231-235/499] ì²˜ë¦¬ ì¤‘...
2025-10-15 02:47:28 | âœ… ì™„ë£Œ (ëˆ„ì : 235/499)
2025-10-15 02:47:30 | [ë°°ì¹˜ 236-240/499] ì²˜ë¦¬ ì¤‘...
2025-10-15 02:47:37 | âœ… ì™„ë£Œ (ëˆ„ì : 240/499)
2025-10-15 02:47:39 | [ë°°ì¹˜ 241-245/499] ì²˜ë¦¬ ì¤‘...
2025-10-15 02:47:48 | âœ… ì™„ë£Œ (ëˆ„ì : 245/499)
2025-10-15 02:47:50 | [ë°°ì¹˜ 246-250/499] ì²˜ë¦¬ ì¤‘...
2025-10-15 02:47:56 | âœ… ì™„ë£Œ (ëˆ„ì : 250/499)
2025-10-15 02:47:58 | [ë°°ì¹˜ 251-255/499] ì²˜ë¦¬ ì¤‘...
2025-10-15 02:48:05 | âœ… ì™„ë£Œ (ëˆ„ì : 255/499)
2025-10-15 02:48:07 | [ë°°ì¹˜ 256-260/499] ì²˜ë¦¬ ì¤‘...
2025-10-15 02:48:13 | âœ… ì™„ë£Œ (ëˆ„ì : 260/499)
2025-10-15 02:48:15 | [ë°°ì¹˜ 261-265/499] ì²˜ë¦¬ ì¤‘...
2025-10-15 02:48:22 | âœ… ì™„ë£Œ (ëˆ„ì : 265/499)
2025-10-15 02:48:24 | [ë°°ì¹˜ 266-270/499] ì²˜ë¦¬ ì¤‘...
2025-10-15 02:48:30 | âœ… ì™„ë£Œ (ëˆ„ì : 270/499)
2025-10-15 02:48:32 | [ë°°ì¹˜ 271-275/499] ì²˜ë¦¬ ì¤‘...
2025-10-15 02:48:38 | âœ… ì™„ë£Œ (ëˆ„ì : 275/499)
2025-10-15 02:48:40 | [ë°°ì¹˜ 276-280/499] ì²˜ë¦¬ ì¤‘...
2025-10-15 02:48:46 | âœ… ì™„ë£Œ (ëˆ„ì : 280/499)
2025-10-15 02:48:48 | [ë°°ì¹˜ 281-285/499] ì²˜ë¦¬ ì¤‘...
2025-10-15 02:48:53 | âœ… ì™„ë£Œ (ëˆ„ì : 285/499)
2025-10-15 02:48:55 | [ë°°ì¹˜ 286-290/499] ì²˜ë¦¬ ì¤‘...
2025-10-15 02:49:02 | âœ… ì™„ë£Œ (ëˆ„ì : 290/499)
2025-10-15 02:49:04 | [ë°°ì¹˜ 291-295/499] ì²˜ë¦¬ ì¤‘...
2025-10-15 02:49:12 | âœ… ì™„ë£Œ (ëˆ„ì : 295/499)
2025-10-15 02:49:14 | [ë°°ì¹˜ 296-300/499] ì²˜ë¦¬ ì¤‘...
2025-10-15 02:49:21 | âœ… ì™„ë£Œ (ëˆ„ì : 300/499)
2025-10-15 02:49:23 | [ë°°ì¹˜ 301-305/499] ì²˜ë¦¬ ì¤‘...
2025-10-15 02:49:29 | âœ… ì™„ë£Œ (ëˆ„ì : 305/499)
2025-10-15 02:49:31 | [ë°°ì¹˜ 306-310/499] ì²˜ë¦¬ ì¤‘...
2025-10-15 02:49:37 | âœ… ì™„ë£Œ (ëˆ„ì : 310/499)
2025-10-15 02:49:39 | [ë°°ì¹˜ 311-315/499] ì²˜ë¦¬ ì¤‘...
2025-10-15 02:49:45 | âœ… ì™„ë£Œ (ëˆ„ì : 315/499)
2025-10-15 02:49:48 | [ë°°ì¹˜ 316-320/499] ì²˜ë¦¬ ì¤‘...
2025-10-15 02:49:54 | âœ… ì™„ë£Œ (ëˆ„ì : 320/499)
2025-10-15 02:49:56 | [ë°°ì¹˜ 321-325/499] ì²˜ë¦¬ ì¤‘...
2025-10-15 02:50:01 | âœ… ì™„ë£Œ (ëˆ„ì : 325/499)
2025-10-15 02:50:03 | [ë°°ì¹˜ 326-330/499] ì²˜ë¦¬ ì¤‘...
2025-10-15 02:50:11 | âœ… ì™„ë£Œ (ëˆ„ì : 330/499)
2025-10-15 02:50:13 | [ë°°ì¹˜ 331-335/499] ì²˜ë¦¬ ì¤‘...
2025-10-15 02:50:19 | âœ… ì™„ë£Œ (ëˆ„ì : 335/499)
2025-10-15 02:50:22 | [ë°°ì¹˜ 336-340/499] ì²˜ë¦¬ ì¤‘...
2025-10-15 02:50:27 | âœ… ì™„ë£Œ (ëˆ„ì : 340/499)
2025-10-15 02:50:29 | [ë°°ì¹˜ 341-345/499] ì²˜ë¦¬ ì¤‘...
2025-10-15 02:50:36 | âœ… ì™„ë£Œ (ëˆ„ì : 345/499)
2025-10-15 02:50:38 | [ë°°ì¹˜ 346-350/499] ì²˜ë¦¬ ì¤‘...
2025-10-15 02:50:45 | âœ… ì™„ë£Œ (ëˆ„ì : 350/499)
2025-10-15 02:50:47 | [ë°°ì¹˜ 351-355/499] ì²˜ë¦¬ ì¤‘...
2025-10-15 02:50:53 | âœ… ì™„ë£Œ (ëˆ„ì : 355/499)
2025-10-15 02:50:55 | [ë°°ì¹˜ 356-360/499] ì²˜ë¦¬ ì¤‘...
2025-10-15 02:51:00 | âœ… ì™„ë£Œ (ëˆ„ì : 360/499)
2025-10-15 02:51:02 | [ë°°ì¹˜ 361-365/499] ì²˜ë¦¬ ì¤‘...
2025-10-15 02:51:08 | âœ… ì™„ë£Œ (ëˆ„ì : 365/499)
2025-10-15 02:51:10 | [ë°°ì¹˜ 366-370/499] ì²˜ë¦¬ ì¤‘...
2025-10-15 02:51:15 | âœ… ì™„ë£Œ (ëˆ„ì : 370/499)
2025-10-15 02:51:17 | [ë°°ì¹˜ 371-375/499] ì²˜ë¦¬ ì¤‘...
2025-10-15 02:51:23 | âœ… ì™„ë£Œ (ëˆ„ì : 375/499)
2025-10-15 02:51:25 | [ë°°ì¹˜ 376-380/499] ì²˜ë¦¬ ì¤‘...
2025-10-15 02:51:32 | âœ… ì™„ë£Œ (ëˆ„ì : 380/499)
2025-10-15 02:51:34 | [ë°°ì¹˜ 381-385/499] ì²˜ë¦¬ ì¤‘...
2025-10-15 02:51:42 | âœ… ì™„ë£Œ (ëˆ„ì : 385/499)
2025-10-15 02:51:44 | [ë°°ì¹˜ 386-390/499] ì²˜ë¦¬ ì¤‘...
2025-10-15 02:51:50 | âœ… ì™„ë£Œ (ëˆ„ì : 390/499)
2025-10-15 02:51:52 | [ë°°ì¹˜ 391-395/499] ì²˜ë¦¬ ì¤‘...
2025-10-15 02:51:59 | âœ… ì™„ë£Œ (ëˆ„ì : 395/499)
2025-10-15 02:52:01 | [ë°°ì¹˜ 396-400/499] ì²˜ë¦¬ ì¤‘...
2025-10-15 02:52:07 | âœ… ì™„ë£Œ (ëˆ„ì : 400/499)
2025-10-15 02:52:09 | [ë°°ì¹˜ 401-405/499] ì²˜ë¦¬ ì¤‘...
2025-10-15 02:52:14 | âœ… ì™„ë£Œ (ëˆ„ì : 405/499)
2025-10-15 02:52:16 | [ë°°ì¹˜ 406-410/499] ì²˜ë¦¬ ì¤‘...
2025-10-15 02:52:23 | âœ… ì™„ë£Œ (ëˆ„ì : 410/499)
2025-10-15 02:52:25 | [ë°°ì¹˜ 411-415/499] ì²˜ë¦¬ ì¤‘...
2025-10-15 02:52:33 | âœ… ì™„ë£Œ (ëˆ„ì : 415/499)
2025-10-15 02:52:35 | [ë°°ì¹˜ 416-420/499] ì²˜ë¦¬ ì¤‘...
2025-10-15 02:52:40 | âœ… ì™„ë£Œ (ëˆ„ì : 420/499)
2025-10-15 02:52:42 | [ë°°ì¹˜ 421-425/499] ì²˜ë¦¬ ì¤‘...
2025-10-15 02:52:48 | âœ… ì™„ë£Œ (ëˆ„ì : 425/499)
2025-10-15 02:52:50 | [ë°°ì¹˜ 426-430/499] ì²˜ë¦¬ ì¤‘...
2025-10-15 02:52:55 | âœ… ì™„ë£Œ (ëˆ„ì : 430/499)
2025-10-15 02:52:57 | [ë°°ì¹˜ 431-435/499] ì²˜ë¦¬ ì¤‘...
2025-10-15 02:53:02 | âœ… ì™„ë£Œ (ëˆ„ì : 435/499)
2025-10-15 02:53:05 | [ë°°ì¹˜ 436-440/499] ì²˜ë¦¬ ì¤‘...
2025-10-15 02:53:12 | âœ… ì™„ë£Œ (ëˆ„ì : 440/499)
2025-10-15 02:53:14 | [ë°°ì¹˜ 441-445/499] ì²˜ë¦¬ ì¤‘...
2025-10-15 02:53:21 | âœ… ì™„ë£Œ (ëˆ„ì : 445/499)
2025-10-15 02:53:23 | [ë°°ì¹˜ 446-450/499] ì²˜ë¦¬ ì¤‘...
2025-10-15 02:53:29 | âœ… ì™„ë£Œ (ëˆ„ì : 450/499)
2025-10-15 02:53:31 | [ë°°ì¹˜ 451-455/499] ì²˜ë¦¬ ì¤‘...
2025-10-15 02:53:37 | âœ… ì™„ë£Œ (ëˆ„ì : 455/499)
2025-10-15 02:53:39 | [ë°°ì¹˜ 456-460/499] ì²˜ë¦¬ ì¤‘...
2025-10-15 02:53:47 | âœ… ì™„ë£Œ (ëˆ„ì : 460/499)
2025-10-15 02:53:49 | [ë°°ì¹˜ 461-465/499] ì²˜ë¦¬ ì¤‘...
2025-10-15 02:53:54 | âœ… ì™„ë£Œ (ëˆ„ì : 465/499)
2025-10-15 02:53:56 | [ë°°ì¹˜ 466-470/499] ì²˜ë¦¬ ì¤‘...
2025-10-15 02:54:02 | âœ… ì™„ë£Œ (ëˆ„ì : 470/499)
2025-10-15 02:54:04 | [ë°°ì¹˜ 471-475/499] ì²˜ë¦¬ ì¤‘...
2025-10-15 02:54:13 | âœ… ì™„ë£Œ (ëˆ„ì : 475/499)
2025-10-15 02:54:15 | [ë°°ì¹˜ 476-480/499] ì²˜ë¦¬ ì¤‘...
2025-10-15 02:54:22 | âœ… ì™„ë£Œ (ëˆ„ì : 480/499)
2025-10-15 02:54:24 | [ë°°ì¹˜ 481-485/499] ì²˜ë¦¬ ì¤‘...
2025-10-15 02:54:30 | âœ… ì™„ë£Œ (ëˆ„ì : 485/499)
2025-10-15 02:54:32 | [ë°°ì¹˜ 486-490/499] ì²˜ë¦¬ ì¤‘...
2025-10-15 02:54:39 | âœ… ì™„ë£Œ (ëˆ„ì : 490/499)
2025-10-15 02:54:41 | [ë°°ì¹˜ 491-495/499] ì²˜ë¦¬ ì¤‘...
2025-10-15 02:54:48 | âœ… ì™„ë£Œ (ëˆ„ì : 495/499)
2025-10-15 02:54:50 | [ë°°ì¹˜ 496-499/499] ì²˜ë¦¬ ì¤‘...
2025-10-15 02:54:56 | âœ… ì™„ë£Œ (ëˆ„ì : 499/499)
2025-10-15 02:54:56 | ë°°ì¹˜ ìš”ì•½ ì™„ë£Œ: 499ê°œ
2025-10-15 02:54:56 | KoBARTì™€ Solar ì•™ìƒë¸” ìˆ˜í–‰ ì¤‘...
2025-10-15 02:54:56 | âœ… Solar API ì•™ìƒë¸” ì™„ë£Œ
2025-10-15 02:54:56 | ðŸ’¾ ì²´í¬í¬ì¸íŠ¸ ì €ìž¥: experiments/20251015/20251015_022834_inference_kobart_kfold_soft_voting_bs8_maxnew80_hf_solar/checkpoints/solar_api_checkpoint.pkl
2025-10-15 02:54:56 | [6/6] ì œì¶œ íŒŒì¼ ì €ìž¥ ì¤‘...
2025-10-15 02:54:56 | âœ… ì œì¶œ íŒŒì¼ ìƒì„± (1): experiments/20251015/20251015_022834_inference_kobart_kfold_soft_voting_bs8_maxnew80_hf_solar/submission/20251015_022834_inference_kobart_kfold_soft_voting_bs8_maxnew80_hf_solar.csv
2025-10-15 02:54:56 | âœ… ì œì¶œ íŒŒì¼ ìƒì„± (2): submissions/20251015/20251015_022834_inference_kobart_kfold_soft_voting_bs8_maxnew80_hf_solar.csv
2025-10-15 02:54:56 | ============================================================
2025-10-15 02:54:56 | ðŸ“Š ì¶”ë¡  íŒŒì´í”„ë¼ì¸ ì™„ë£Œ!
2025-10-15 02:54:56 | ============================================================
2025-10-15 02:54:56 | âœ… ì‹¤í–‰ëœ ë‹¨ê³„:
2025-10-15 02:54:56 | 1. K-Fold ì•™ìƒë¸” (5ê°œ ëª¨ë¸, soft_voting)
2025-10-15 02:54:56 | 2. HuggingFace ë³´ì • (gogamza/kobart-base-v2, digit82/kobart-summarization, hyunwoongko/kobart)
2025-10-15 02:54:56 | 3. Solar API ì•™ìƒë¸” (solar-1-chat)
2025-10-15 02:54:56 | 4. í›„ì²˜ë¦¬ (Predictor ë‚´ìž¥)
2025-10-15 02:54:56 | 5. ì œì¶œ íŒŒì¼ ìƒì„±
2025-10-15 02:54:56 | ðŸ“ˆ ê²°ê³¼ í†µê³„:
2025-10-15 02:54:56 | - ì´ ìƒ˜í”Œ ìˆ˜: 499
2025-10-15 02:54:56 | - í‰ê·  ìš”ì•½ ê¸¸ì´: 179.8ìž
2025-10-15 02:54:56 | ðŸ“ ìƒ˜í”Œ ì˜ˆì¸¡ ê²°ê³¼ (ì²˜ìŒ 3ê°œ):
2025-10-15 02:54:56 | [test_0]: íšŒì‚¬ì—ì„œ ëª¨ë“  í†µì‹ ì€ ì´ë©”ì¼ê³¼ ê³µì‹ ë©”ëª¨ë¡œë§Œ ì œí•œë˜ë©°, ê·¼ë¬´ ì‹œê°„ ë™ì•ˆ ì¦‰ì‹œ ë©”ì‹œì§€ í”„ë¡œê·¸ëž¨ ì‚¬ìš©ì€ ê¸ˆì§€ëœë‹¤. ì´ ì •ì±…ì€ ì‚¬ë¬´ì‹¤ ë‚´ ì§ì› ê°„ í†µ...
2025-10-15 02:54:56 | [test_1]: ëŒ€í™”ì—ì„œëŠ” ì¶œí‡´ê·¼ ì‹œê°„ì˜ êµí†µì²´ì¦ ë¬¸ì œë¡œ ì¸í•´ ëŒ€ì¤‘êµí†µì´ë‚˜ ìžì „ê±° ì´ìš©ì— ëŒ€í•œ ì´ì•¼ê¸°ê°€ ë‚˜ì˜µë‹ˆë‹¤. BëŠ” êµí†µì²´ì¦ìœ¼ë¡œ ì¸í•´ ì¶œí‡´ê·¼ì— ì‹œê°„ì´ ì˜¤ëž˜ ...
2025-10-15 02:54:56 | [test_2]: Kateì—ê²Œ Mashaì™€ Heroê°€ ë‘ ë‹¬ ê°„ì˜ ë³„ê±° ëì— ì´í˜¼ ì‹ ì²­ì„ í–ˆë‹¤ëŠ” ì†Œì‹ì„ ì „í•œë‹¤. ì•„ì´ë“¤ì€ Mashaê°€ ì–‘ìœ¡í•˜ë©°, ìž¬ì‚° ë° ì£¼ì‹ ë¬¸...
2025-10-15 02:54:56 | ============================================================
2025-10-15 02:54:56 | ðŸŽ‰ K-Fold ì•™ìƒë¸” ì¶”ë¡  ì™„ë£Œ!
2025-10-15 02:54:56 | ðŸ“ ì œì¶œ íŒŒì¼: experiments/20251015/20251015_022834_inference_kobart_kfold_soft_voting_bs8_maxnew80_hf_solar/submission/20251015_022834_inference_kobart_kfold_soft_voting_bs8_maxnew80_hf_solar.csv
2025-10-15 02:54:56 | ============================================================
2025-10-15 02:54:56 | >> ë¡œê·¸ ë¦¬ë””ë ‰ì…˜ ì¤‘ë£Œ.
