2025-10-15 00:00:01 | >> í‘œì¤€ ì¶œë ¥ ë° ì˜¤ë¥˜ë¥¼ ë¡œê·¸ íŒŒì¼ë¡œ ë¦¬ë””ë ‰ì…˜ ì‹œìž‘
2025-10-15 00:00:01 | ============================================================
2025-10-15 00:00:01 | K-Fold ì•™ìƒë¸” ì¶”ë¡  ì‹œìž‘
2025-10-15 00:00:01 | ============================================================
2025-10-15 00:00:01 | [GPU ì •ë³´]
2025-10-15 00:00:01 | available: True
2025-10-15 00:00:01 | device_count: 1
2025-10-15 00:00:01 | current_device: 0
2025-10-15 00:00:01 | gpu_0: {'name': 'NVIDIA GeForce RTX 4090', 'total_memory_gb': 23.98779296875, 'major': 8, 'minor': 9, 'multi_processor_count': 128, 'allocated_memory_gb': 0.0, 'reserved_memory_gb': 0.0}
2025-10-15 00:00:01 | GPU Tier: LOW
2025-10-15 00:00:01 | [1/4] Fold ëª¨ë¸ íƒìƒ‰: experiments/20251014/20251014_183206_kobart_ultimate_kfold
2025-10-15 00:00:01 | âœ… fold_1: experiments/20251014/20251014_183206_kobart_ultimate_kfold/fold_1/kfold/final_model
2025-10-15 00:00:01 | âœ… fold_2: experiments/20251014/20251014_183206_kobart_ultimate_kfold/fold_2/kfold/final_model
2025-10-15 00:00:01 | âœ… fold_3: experiments/20251014/20251014_183206_kobart_ultimate_kfold/fold_3/kfold/final_model
2025-10-15 00:00:01 | âœ… fold_4: experiments/20251014/20251014_183206_kobart_ultimate_kfold/fold_4/kfold/final_model
2025-10-15 00:00:01 | âœ… fold_5: experiments/20251014/20251014_183206_kobart_ultimate_kfold/fold_5/kfold/final_model
2025-10-15 00:00:01 | ðŸ“Š ë°œê²¬ëœ Fold ìˆ˜: 5
2025-10-15 00:00:01 | [2/4] í…ŒìŠ¤íŠ¸ ë°ì´í„° ë¡œë”©: data/raw/test.csv
2025-10-15 00:00:01 | âœ… í…ŒìŠ¤íŠ¸ ìƒ˜í”Œ: 499ê°œ
2025-10-15 00:00:01 | [3/6] K-Fold ì•™ìƒë¸” ì¶”ë¡  ì‹¤í–‰...
2025-10-15 00:00:01 | - ì•™ìƒë¸” ë°©ë²•: soft_voting
2025-10-15 00:00:01 | - ë°°ì¹˜ í¬ê¸°: 16
2025-10-15 00:00:01 | ðŸ”„ 5ê°œ Fold ëª¨ë¸ ë¡œë”© ì¤‘...
2025-10-15 00:00:01 | [Fold 1/5] ë¡œë”©: experiments/20251014/20251014_183206_kobart_ultimate_kfold/fold_1/kfold/final_model
2025-10-15 00:00:01 | âœ… ì™„ë£Œ
2025-10-15 00:00:01 | [Fold 2/5] ë¡œë”©: experiments/20251014/20251014_183206_kobart_ultimate_kfold/fold_2/kfold/final_model
2025-10-15 00:00:02 | âœ… ì™„ë£Œ
2025-10-15 00:00:02 | [Fold 3/5] ë¡œë”©: experiments/20251014/20251014_183206_kobart_ultimate_kfold/fold_3/kfold/final_model
2025-10-15 00:00:02 | âœ… ì™„ë£Œ
2025-10-15 00:00:02 | [Fold 4/5] ë¡œë”©: experiments/20251014/20251014_183206_kobart_ultimate_kfold/fold_4/kfold/final_model
2025-10-15 00:00:02 | âœ… ì™„ë£Œ
2025-10-15 00:00:02 | [Fold 5/5] ë¡œë”©: experiments/20251014/20251014_183206_kobart_ultimate_kfold/fold_5/kfold/final_model
2025-10-15 00:00:02 | âœ… ì™„ë£Œ
2025-10-15 00:00:02 | âœ… ì „ì²´ 5ê°œ ëª¨ë¸ ë¡œë“œ ì™„ë£Œ
2025-10-15 00:00:02 | ðŸ”® K-Fold ì•™ìƒë¸” ì¶”ë¡  ì‹œìž‘ (soft_voting)
2025-10-15 00:00:02 | - ìƒ˜í”Œ ìˆ˜: 499
2025-10-15 00:00:02 | - Fold ìˆ˜: 5
2025-10-15 00:00:02 | - ë°°ì¹˜ í¬ê¸°: 16
2025-10-15 00:00:02 | [Fold 1/5] ì˜ˆì¸¡ ì¤‘...
2025-10-15 00:00:59 | âœ… Fold 1 ì˜ˆì¸¡ ì™„ë£Œ (499ê°œ)
2025-10-15 00:00:59 | [Fold 2/5] ì˜ˆì¸¡ ì¤‘...
2025-10-15 00:01:55 | âœ… Fold 2 ì˜ˆì¸¡ ì™„ë£Œ (499ê°œ)
2025-10-15 00:01:55 | [Fold 3/5] ì˜ˆì¸¡ ì¤‘...
2025-10-15 00:02:56 | âœ… Fold 3 ì˜ˆì¸¡ ì™„ë£Œ (499ê°œ)
2025-10-15 00:02:56 | [Fold 4/5] ì˜ˆì¸¡ ì¤‘...
2025-10-15 00:03:56 | âœ… Fold 4 ì˜ˆì¸¡ ì™„ë£Œ (499ê°œ)
2025-10-15 00:03:56 | [Fold 5/5] ì˜ˆì¸¡ ì¤‘...
2025-10-15 00:04:57 | âœ… Fold 5 ì˜ˆì¸¡ ì™„ë£Œ (499ê°œ)
2025-10-15 00:04:57 | ðŸ”„ ì•™ìƒë¸” ìˆ˜í–‰ ì¤‘ (soft_voting)...
2025-10-15 00:04:57 | âœ… ì•™ìƒë¸” ì™„ë£Œ
2025-10-15 00:04:57 | [4/6] ðŸ”§ HuggingFace ì‚¬ì „í•™ìŠµ ëª¨ë¸ ë³´ì • ì‹œìž‘
2025-10-15 00:04:57 | - ë³´ì • ëª¨ë¸: gogamza/kobart-base-v2, digit82/kobart-summarization
2025-10-15 00:04:57 | - ë³´ì • ì „ëžµ: quality_based
2025-10-15 00:04:57 | - í’ˆì§ˆ ìž„ê³„ê°’: 0.3
2025-10-15 00:04:57 | ëª¨ë¸ ë¡œë“œ ì¤‘: gogamza/kobart-base-v2
2025-10-15 00:05:00 | âœ… ë¡œë“œ ì™„ë£Œ: gogamza/kobart-base-v2
2025-10-15 00:05:00 | ëª¨ë¸ ë¡œë“œ ì¤‘: digit82/kobart-summarization
2025-10-15 00:05:02 | âœ… ë¡œë“œ ì™„ë£Œ: digit82/kobart-summarization
2025-10-15 00:05:02 | ============================================================
2025-10-15 00:05:02 | ì‚¬ì „í•™ìŠµ ëª¨ë¸ ë³´ì • ì‹œìž‘
2025-10-15 00:05:02 | - ìƒ˜í”Œ ìˆ˜: 499
2025-10-15 00:05:02 | - ì°¸ì¡° ëª¨ë¸ ìˆ˜: 2
2025-10-15 00:05:02 | - ë³´ì • ì „ëžµ: quality_based
2025-10-15 00:05:02 | - í’ˆì§ˆ ìž„ê³„ê°’: 0.3
2025-10-15 00:05:02 | ============================================================
2025-10-15 00:05:02 | [1/3] ì°¸ì¡° ìš”ì•½ ìƒì„± ì¤‘: gogamza/kobart-base-v2
2025-10-15 00:05:59 | âš ï¸  331ê°œ ìƒ˜í”Œì´ dialogue ë³µì‚¬ë¡œ ê°ì§€ë˜ì–´ í•„í„°ë§ë¨
2025-10-15 00:05:59 | âœ… ì™„ë£Œ: 499ê°œ ìš”ì•½ ìƒì„±
2025-10-15 00:05:59 | [1/3] ì°¸ì¡° ìš”ì•½ ìƒì„± ì¤‘: digit82/kobart-summarization
2025-10-15 00:06:37 | âš ï¸  115ê°œ ìƒ˜í”Œì´ dialogue ë³µì‚¬ë¡œ ê°ì§€ë˜ì–´ í•„í„°ë§ë¨
2025-10-15 00:06:37 | âœ… ì™„ë£Œ: 499ê°œ ìš”ì•½ ìƒì„±
2025-10-15 00:06:37 | [2/3] í’ˆì§ˆ í‰ê°€ ì¤‘...
2025-10-15 00:06:37 | í’ˆì§ˆ í‰ê°€ ì‹œìž‘...
2025-10-15 00:06:37 | [1/3] Self-ROUGE ê³„ì‚° ì¤‘...
2025-10-15 00:06:37 | [2/3] ëª¨ë¸ë³„ í’ˆì§ˆ ê³„ì‚° ì¤‘...
2025-10-15 00:06:38 | [3/3] Candidate í’ˆì§ˆ ê³„ì‚° ì¤‘...
2025-10-15 00:06:38 | [4/4] dialogue ìœ ì‚¬ë„ íŽ˜ë„í‹° ì ìš© ì¤‘...
2025-10-15 00:06:38 | âœ… í‰ê°€ ì™„ë£Œ
2025-10-15 00:06:38 | âœ… í‰ê°€ ì™„ë£Œ
2025-10-15 00:06:38 | [3/3] ë³´ì • ì „ëžµ ì ìš© ì¤‘: quality_based
2025-10-15 00:06:38 | âœ… ë³´ì • ì™„ë£Œ
2025-10-15 00:06:38 | ðŸ“Š ë³´ì • í†µê³„:
2025-10-15 00:06:38 | - ì „ì²´: 499ê°œ
2025-10-15 00:06:38 | - ë³´ì •ë¨: 6ê°œ (1.2%)
2025-10-15 00:06:38 | - ìœ ì§€ë¨: 493ê°œ
2025-10-15 00:06:38 | ============================================================
2025-10-15 00:06:38 | âœ… HuggingFace ë³´ì • ì™„ë£Œ
2025-10-15 00:06:38 | [5/6] ðŸŒž Solar API ì•™ìƒë¸” ì‹œìž‘
2025-10-15 00:06:38 | - ëª¨ë¸: solar-1-mini-chat
2025-10-15 00:06:38 | - Temperature: 0.2
2025-10-15 00:06:38 | - ë°°ì¹˜ í¬ê¸°: 10
2025-10-15 00:06:38 | - ëŒ€ê¸° ì‹œê°„: 1.0ì´ˆ
2025-10-15 00:06:38 | Solar API í´ë¼ì´ì–¸íŠ¸ ì´ˆê¸°í™” ì„±ê³µ
2025-10-15 00:06:38 | Solar API ë°°ì¹˜ ìš”ì•½ ìƒì„± ì¤‘...
2025-10-15 00:06:38 | ë°°ì¹˜ ìš”ì•½ ì‹œìž‘: 499ê°œ ëŒ€í™”
2025-10-15 00:06:38 | - ë°°ì¹˜ í¬ê¸°: 10
2025-10-15 00:06:38 | - Rate limit ëŒ€ê¸°: 1.0ì´ˆ
2025-10-15 00:06:38 | [ë°°ì¹˜ 1-10/499] ì²˜ë¦¬ ì¤‘...
2025-10-15 00:06:52 | âœ… ì™„ë£Œ (ëˆ„ì : 10/499)
2025-10-15 00:06:53 | [ë°°ì¹˜ 11-20/499] ì²˜ë¦¬ ì¤‘...
2025-10-15 00:07:03 | âœ… ì™„ë£Œ (ëˆ„ì : 20/499)
2025-10-15 00:07:04 | [ë°°ì¹˜ 21-30/499] ì²˜ë¦¬ ì¤‘...
2025-10-15 00:07:19 | âœ… ì™„ë£Œ (ëˆ„ì : 30/499)
2025-10-15 00:07:20 | [ë°°ì¹˜ 31-40/499] ì²˜ë¦¬ ì¤‘...
2025-10-15 00:07:32 | âœ… ì™„ë£Œ (ëˆ„ì : 40/499)
2025-10-15 00:07:33 | [ë°°ì¹˜ 41-50/499] ì²˜ë¦¬ ì¤‘...
2025-10-15 00:07:47 | âœ… ì™„ë£Œ (ëˆ„ì : 50/499)
2025-10-15 00:07:48 | [ë°°ì¹˜ 51-60/499] ì²˜ë¦¬ ì¤‘...
2025-10-15 00:08:00 | âœ… ì™„ë£Œ (ëˆ„ì : 60/499)
2025-10-15 00:08:01 | [ë°°ì¹˜ 61-70/499] ì²˜ë¦¬ ì¤‘...
2025-10-15 00:08:12 | âœ… ì™„ë£Œ (ëˆ„ì : 70/499)
2025-10-15 00:08:13 | [ë°°ì¹˜ 71-80/499] ì²˜ë¦¬ ì¤‘...
2025-10-15 00:08:27 | âœ… ì™„ë£Œ (ëˆ„ì : 80/499)
2025-10-15 00:08:28 | [ë°°ì¹˜ 81-90/499] ì²˜ë¦¬ ì¤‘...
2025-10-15 00:08:42 | âœ… ì™„ë£Œ (ëˆ„ì : 90/499)
2025-10-15 00:08:43 | [ë°°ì¹˜ 91-100/499] ì²˜ë¦¬ ì¤‘...
2025-10-15 00:08:55 | âœ… ì™„ë£Œ (ëˆ„ì : 100/499)
2025-10-15 00:08:56 | [ë°°ì¹˜ 101-110/499] ì²˜ë¦¬ ì¤‘...
2025-10-15 00:09:06 | âœ… ì™„ë£Œ (ëˆ„ì : 110/499)
2025-10-15 00:09:07 | [ë°°ì¹˜ 111-120/499] ì²˜ë¦¬ ì¤‘...
2025-10-15 00:09:18 | âœ… ì™„ë£Œ (ëˆ„ì : 120/499)
2025-10-15 00:09:19 | [ë°°ì¹˜ 121-130/499] ì²˜ë¦¬ ì¤‘...
2025-10-15 00:09:31 | âœ… ì™„ë£Œ (ëˆ„ì : 130/499)
2025-10-15 00:09:32 | [ë°°ì¹˜ 131-140/499] ì²˜ë¦¬ ì¤‘...
2025-10-15 00:09:44 | âœ… ì™„ë£Œ (ëˆ„ì : 140/499)
2025-10-15 00:09:45 | [ë°°ì¹˜ 141-150/499] ì²˜ë¦¬ ì¤‘...
2025-10-15 00:09:57 | âœ… ì™„ë£Œ (ëˆ„ì : 150/499)
2025-10-15 00:09:58 | [ë°°ì¹˜ 151-160/499] ì²˜ë¦¬ ì¤‘...
2025-10-15 00:10:09 | âœ… ì™„ë£Œ (ëˆ„ì : 160/499)
2025-10-15 00:10:10 | [ë°°ì¹˜ 161-170/499] ì²˜ë¦¬ ì¤‘...
2025-10-15 00:10:23 | âœ… ì™„ë£Œ (ëˆ„ì : 170/499)
2025-10-15 00:10:24 | [ë°°ì¹˜ 171-180/499] ì²˜ë¦¬ ì¤‘...
2025-10-15 00:10:36 | âœ… ì™„ë£Œ (ëˆ„ì : 180/499)
2025-10-15 00:10:37 | [ë°°ì¹˜ 181-190/499] ì²˜ë¦¬ ì¤‘...
2025-10-15 00:10:49 | âœ… ì™„ë£Œ (ëˆ„ì : 190/499)
2025-10-15 00:10:50 | [ë°°ì¹˜ 191-200/499] ì²˜ë¦¬ ì¤‘...
2025-10-15 00:11:03 | âœ… ì™„ë£Œ (ëˆ„ì : 200/499)
2025-10-15 00:11:04 | [ë°°ì¹˜ 201-210/499] ì²˜ë¦¬ ì¤‘...
2025-10-15 00:11:16 | âœ… ì™„ë£Œ (ëˆ„ì : 210/499)
2025-10-15 00:11:17 | [ë°°ì¹˜ 211-220/499] ì²˜ë¦¬ ì¤‘...
2025-10-15 00:11:29 | âœ… ì™„ë£Œ (ëˆ„ì : 220/499)
2025-10-15 00:11:30 | [ë°°ì¹˜ 221-230/499] ì²˜ë¦¬ ì¤‘...
2025-10-15 00:11:43 | âœ… ì™„ë£Œ (ëˆ„ì : 230/499)
2025-10-15 00:11:44 | [ë°°ì¹˜ 231-240/499] ì²˜ë¦¬ ì¤‘...
2025-10-15 00:11:57 | âœ… ì™„ë£Œ (ëˆ„ì : 240/499)
2025-10-15 00:11:58 | [ë°°ì¹˜ 241-250/499] ì²˜ë¦¬ ì¤‘...
2025-10-15 00:12:12 | âœ… ì™„ë£Œ (ëˆ„ì : 250/499)
2025-10-15 00:12:13 | [ë°°ì¹˜ 251-260/499] ì²˜ë¦¬ ì¤‘...
2025-10-15 00:12:24 | âœ… ì™„ë£Œ (ëˆ„ì : 260/499)
2025-10-15 00:12:27 | [ë°°ì¹˜ 261-270/499] ì²˜ë¦¬ ì¤‘...
2025-10-15 00:12:38 | âœ… ì™„ë£Œ (ëˆ„ì : 270/499)
2025-10-15 00:12:39 | [ë°°ì¹˜ 271-280/499] ì²˜ë¦¬ ì¤‘...
2025-10-15 00:12:49 | âœ… ì™„ë£Œ (ëˆ„ì : 280/499)
2025-10-15 00:12:50 | [ë°°ì¹˜ 281-290/499] ì²˜ë¦¬ ì¤‘...
2025-10-15 00:13:01 | âœ… ì™„ë£Œ (ëˆ„ì : 290/499)
2025-10-15 00:13:02 | [ë°°ì¹˜ 291-300/499] ì²˜ë¦¬ ì¤‘...
2025-10-15 00:13:14 | âœ… ì™„ë£Œ (ëˆ„ì : 300/499)
2025-10-15 00:13:15 | [ë°°ì¹˜ 301-310/499] ì²˜ë¦¬ ì¤‘...
2025-10-15 00:13:25 | âœ… ì™„ë£Œ (ëˆ„ì : 310/499)
2025-10-15 00:13:26 | [ë°°ì¹˜ 311-320/499] ì²˜ë¦¬ ì¤‘...
2025-10-15 00:13:37 | âœ… ì™„ë£Œ (ëˆ„ì : 320/499)
2025-10-15 00:13:38 | [ë°°ì¹˜ 321-330/499] ì²˜ë¦¬ ì¤‘...
2025-10-15 00:13:49 | âœ… ì™„ë£Œ (ëˆ„ì : 330/499)
2025-10-15 00:13:50 | [ë°°ì¹˜ 331-340/499] ì²˜ë¦¬ ì¤‘...
2025-10-15 00:13:59 | âœ… ì™„ë£Œ (ëˆ„ì : 340/499)
2025-10-15 00:14:00 | [ë°°ì¹˜ 341-350/499] ì²˜ë¦¬ ì¤‘...
2025-10-15 00:14:13 | âœ… ì™„ë£Œ (ëˆ„ì : 350/499)
2025-10-15 00:14:14 | [ë°°ì¹˜ 351-360/499] ì²˜ë¦¬ ì¤‘...
2025-10-15 00:14:23 | âœ… ì™„ë£Œ (ëˆ„ì : 360/499)
2025-10-15 00:14:24 | [ë°°ì¹˜ 361-370/499] ì²˜ë¦¬ ì¤‘...
2025-10-15 00:14:33 | âœ… ì™„ë£Œ (ëˆ„ì : 370/499)
2025-10-15 00:14:34 | [ë°°ì¹˜ 371-380/499] ì²˜ë¦¬ ì¤‘...
2025-10-15 00:14:46 | âœ… ì™„ë£Œ (ëˆ„ì : 380/499)
2025-10-15 00:14:47 | [ë°°ì¹˜ 381-390/499] ì²˜ë¦¬ ì¤‘...
2025-10-15 00:14:59 | âœ… ì™„ë£Œ (ëˆ„ì : 390/499)
2025-10-15 00:15:00 | [ë°°ì¹˜ 391-400/499] ì²˜ë¦¬ ì¤‘...
2025-10-15 00:15:12 | âœ… ì™„ë£Œ (ëˆ„ì : 400/499)
2025-10-15 00:15:13 | [ë°°ì¹˜ 401-410/499] ì²˜ë¦¬ ì¤‘...
2025-10-15 00:15:24 | âœ… ì™„ë£Œ (ëˆ„ì : 410/499)
2025-10-15 00:15:25 | [ë°°ì¹˜ 411-420/499] ì²˜ë¦¬ ì¤‘...
2025-10-15 00:15:35 | âœ… ì™„ë£Œ (ëˆ„ì : 420/499)
2025-10-15 00:15:36 | [ë°°ì¹˜ 421-430/499] ì²˜ë¦¬ ì¤‘...
2025-10-15 00:15:48 | âœ… ì™„ë£Œ (ëˆ„ì : 430/499)
2025-10-15 00:15:49 | [ë°°ì¹˜ 431-440/499] ì²˜ë¦¬ ì¤‘...
2025-10-15 00:15:59 | âœ… ì™„ë£Œ (ëˆ„ì : 440/499)
2025-10-15 00:16:00 | [ë°°ì¹˜ 441-450/499] ì²˜ë¦¬ ì¤‘...
2025-10-15 00:16:12 | âœ… ì™„ë£Œ (ëˆ„ì : 450/499)
2025-10-15 00:16:13 | [ë°°ì¹˜ 451-460/499] ì²˜ë¦¬ ì¤‘...
2025-10-15 00:16:25 | âœ… ì™„ë£Œ (ëˆ„ì : 460/499)
2025-10-15 00:16:26 | [ë°°ì¹˜ 461-470/499] ì²˜ë¦¬ ì¤‘...
2025-10-15 00:16:35 | âœ… ì™„ë£Œ (ëˆ„ì : 470/499)
2025-10-15 00:16:36 | [ë°°ì¹˜ 471-480/499] ì²˜ë¦¬ ì¤‘...
2025-10-15 00:16:50 | âœ… ì™„ë£Œ (ëˆ„ì : 480/499)
2025-10-15 00:16:51 | [ë°°ì¹˜ 481-490/499] ì²˜ë¦¬ ì¤‘...
2025-10-15 00:17:04 | âœ… ì™„ë£Œ (ëˆ„ì : 490/499)
2025-10-15 00:17:05 | [ë°°ì¹˜ 491-499/499] ì²˜ë¦¬ ì¤‘...
2025-10-15 00:17:17 | âœ… ì™„ë£Œ (ëˆ„ì : 499/499)
2025-10-15 00:17:17 | ë°°ì¹˜ ìš”ì•½ ì™„ë£Œ: 499ê°œ
2025-10-15 00:17:17 | KoBARTì™€ Solar ì•™ìƒë¸” ìˆ˜í–‰ ì¤‘...
2025-10-15 00:17:17 | âœ… Solar API ì•™ìƒë¸” ì™„ë£Œ
2025-10-15 00:17:17 | [6/6] ì œì¶œ íŒŒì¼ ì €ìž¥ ì¤‘...
2025-10-15 00:17:17 | âœ… ì œì¶œ íŒŒì¼ ìƒì„± (1): submissions/kfold_full_pipeline.csv
2025-10-15 00:17:17 | âœ… ì œì¶œ íŒŒì¼ ìƒì„± (2): submissions/20251015/20251015_000001_inference_kobart_kfold_soft_voting_hf_solar.csv
2025-10-15 00:17:17 | ============================================================
2025-10-15 00:17:17 | ðŸ“Š ì¶”ë¡  íŒŒì´í”„ë¼ì¸ ì™„ë£Œ!
2025-10-15 00:17:17 | ============================================================
2025-10-15 00:17:17 | âœ… ì‹¤í–‰ëœ ë‹¨ê³„:
2025-10-15 00:17:17 | 1. K-Fold ì•™ìƒë¸” (5ê°œ ëª¨ë¸, soft_voting)
2025-10-15 00:17:17 | 2. HuggingFace ë³´ì • (gogamza/kobart-base-v2, digit82/kobart-summarization)
2025-10-15 00:17:17 | 3. Solar API ì•™ìƒë¸” (solar-1-mini-chat)
2025-10-15 00:17:17 | 4. í›„ì²˜ë¦¬ (Predictor ë‚´ìž¥)
2025-10-15 00:17:17 | 5. ì œì¶œ íŒŒì¼ ìƒì„±
2025-10-15 00:17:17 | ðŸ“ˆ ê²°ê³¼ í†µê³„:
2025-10-15 00:17:17 | - ì´ ìƒ˜í”Œ ìˆ˜: 499
2025-10-15 00:17:17 | - í‰ê·  ìš”ì•½ ê¸¸ì´: 179.6ìž
2025-10-15 00:17:17 | ðŸ“ ìƒ˜í”Œ ì˜ˆì¸¡ ê²°ê³¼ (ì²˜ìŒ 3ê°œ):
2025-10-15 00:17:17 | [test_0]: íšŒì‚¬ì—ì„œ ëª¨ë“  í†µì‹ ì€ ì´ë©”ì¼ê³¼ ê³µì‹ ë©”ëª¨ë¡œë§Œ ì œí•œë˜ë©°, ê·¼ë¬´ ì‹œê°„ ë™ì•ˆ ì¦‰ì‹œ ë©”ì‹œì§€ í”„ë¡œê·¸ëž¨ ì‚¬ìš©ì€ ê¸ˆì§€ëœë‹¤. ì´ ì •ì±…ì€ ì‚¬ë¬´ì‹¤ ë‚´ ì§ì› ê°„ í†µ...
2025-10-15 00:17:17 | [test_1]: ëŒ€í™”ì—ì„œëŠ” ì¶œí‡´ê·¼ ì‹œê°„ì˜ êµí†µì²´ì¦ ë¬¸ì œë¡œ ì¸í•´ ëŒ€ì¤‘êµí†µì´ë‚˜ ìžì „ê±° ì´ìš©ì— ëŒ€í•œ ì´ì•¼ê¸°ê°€ ë‚˜ì˜µë‹ˆë‹¤. BëŠ” êµí†µì²´ì¦ìœ¼ë¡œ ì¸í•´ ì¶œí‡´ê·¼ì— ì‹œê°„ì´ ì˜¤ëž˜ ...
2025-10-15 00:17:17 | [test_2]: Kateì—ê²Œ Mashaì™€ Heroê°€ ë‘ ë‹¬ ê°„ì˜ ë³„ê±° ëì— ì´í˜¼ ì‹ ì²­ì„ í–ˆë‹¤ëŠ” ì†Œì‹ì„ ì „í•œë‹¤. ì•„ì´ë“¤ì€ Mashaê°€ ì–‘ìœ¡í•˜ë©°, ìž¬ì‚° ë° ì£¼ì‹ ë¬¸...
2025-10-15 00:17:17 | ============================================================
2025-10-15 00:17:17 | ðŸŽ‰ K-Fold ì•™ìƒë¸” ì¶”ë¡  ì™„ë£Œ!
2025-10-15 00:17:17 | ðŸ“ ì œì¶œ íŒŒì¼: submissions/kfold_full_pipeline.csv
2025-10-15 00:17:17 | ============================================================
2025-10-15 00:17:17 | >> ë¡œê·¸ ë¦¬ë””ë ‰ì…˜ ì¤‘ë£Œ.
