2025-10-15 00:44:08 | >> í‘œì¤€ ì¶œë ¥ ë° ì˜¤ë¥˜ë¥¼ ë¡œê·¸ íŒŒì¼ë¡œ ë¦¬ë””ë ‰ì…˜ ì‹œìž‘
2025-10-15 00:44:08 | ============================================================
2025-10-15 00:44:08 | K-Fold ì•™ìƒë¸” ì¶”ë¡  ì‹œìž‘
2025-10-15 00:44:08 | ============================================================
2025-10-15 00:44:08 | [GPU ì •ë³´]
2025-10-15 00:44:08 | available: True
2025-10-15 00:44:08 | device_count: 1
2025-10-15 00:44:08 | current_device: 0
2025-10-15 00:44:08 | gpu_0: {'name': 'NVIDIA GeForce RTX 4090', 'total_memory_gb': 23.98779296875, 'major': 8, 'minor': 9, 'multi_processor_count': 128, 'allocated_memory_gb': 0.0, 'reserved_memory_gb': 0.0}
2025-10-15 00:44:08 | GPU Tier: LOW
2025-10-15 00:44:08 | [1/4] Fold ëª¨ë¸ íƒìƒ‰: experiments/20251014/20251014_183206_kobart_ultimate_kfold
2025-10-15 00:44:08 | âœ… fold_1: experiments/20251014/20251014_183206_kobart_ultimate_kfold/fold_1/kfold/final_model
2025-10-15 00:44:08 | âœ… fold_2: experiments/20251014/20251014_183206_kobart_ultimate_kfold/fold_2/kfold/final_model
2025-10-15 00:44:08 | âœ… fold_3: experiments/20251014/20251014_183206_kobart_ultimate_kfold/fold_3/kfold/final_model
2025-10-15 00:44:08 | âœ… fold_4: experiments/20251014/20251014_183206_kobart_ultimate_kfold/fold_4/kfold/final_model
2025-10-15 00:44:08 | âœ… fold_5: experiments/20251014/20251014_183206_kobart_ultimate_kfold/fold_5/kfold/final_model
2025-10-15 00:44:08 | ðŸ“Š ë°œê²¬ëœ Fold ìˆ˜: 5
2025-10-15 00:44:08 | [2/4] í…ŒìŠ¤íŠ¸ ë°ì´í„° ë¡œë”©: data/raw/test.csv
2025-10-15 00:44:08 | âœ… í…ŒìŠ¤íŠ¸ ìƒ˜í”Œ: 499ê°œ
2025-10-15 00:44:08 | [3/6] K-Fold ì•™ìƒë¸” ì¶”ë¡  ì‹¤í–‰...
2025-10-15 00:44:08 | - ì•™ìƒë¸” ë°©ë²•: soft_voting
2025-10-15 00:44:08 | - ë°°ì¹˜ í¬ê¸°: 16
2025-10-15 00:44:08 | ðŸ”„ 5ê°œ Fold ëª¨ë¸ ë¡œë”© ì¤‘...
2025-10-15 00:44:08 | [Fold 1/5] ë¡œë”©: experiments/20251014/20251014_183206_kobart_ultimate_kfold/fold_1/kfold/final_model
2025-10-15 00:44:09 | âœ… ì™„ë£Œ
2025-10-15 00:44:09 | [Fold 2/5] ë¡œë”©: experiments/20251014/20251014_183206_kobart_ultimate_kfold/fold_2/kfold/final_model
2025-10-15 00:44:09 | âœ… ì™„ë£Œ
2025-10-15 00:44:09 | [Fold 3/5] ë¡œë”©: experiments/20251014/20251014_183206_kobart_ultimate_kfold/fold_3/kfold/final_model
2025-10-15 00:44:09 | âœ… ì™„ë£Œ
2025-10-15 00:44:09 | [Fold 4/5] ë¡œë”©: experiments/20251014/20251014_183206_kobart_ultimate_kfold/fold_4/kfold/final_model
2025-10-15 00:44:09 | âœ… ì™„ë£Œ
2025-10-15 00:44:09 | [Fold 5/5] ë¡œë”©: experiments/20251014/20251014_183206_kobart_ultimate_kfold/fold_5/kfold/final_model
2025-10-15 00:44:09 | âœ… ì™„ë£Œ
2025-10-15 00:44:09 | âœ… ì „ì²´ 5ê°œ ëª¨ë¸ ë¡œë“œ ì™„ë£Œ
2025-10-15 00:44:09 | ðŸ”® K-Fold ì•™ìƒë¸” ì¶”ë¡  ì‹œìž‘ (soft_voting)
2025-10-15 00:44:09 | - ìƒ˜í”Œ ìˆ˜: 499
2025-10-15 00:44:09 | - Fold ìˆ˜: 5
2025-10-15 00:44:09 | - ë°°ì¹˜ í¬ê¸°: 16
2025-10-15 00:44:09 | [Fold 1/5] ì˜ˆì¸¡ ì¤‘...
2025-10-15 00:45:38 | âœ… Fold 1 ì˜ˆì¸¡ ì™„ë£Œ (499ê°œ)
2025-10-15 00:45:38 | [Fold 2/5] ì˜ˆì¸¡ ì¤‘...
2025-10-15 00:47:05 | âœ… Fold 2 ì˜ˆì¸¡ ì™„ë£Œ (499ê°œ)
2025-10-15 00:47:05 | [Fold 3/5] ì˜ˆì¸¡ ì¤‘...
2025-10-15 00:48:29 | âœ… Fold 3 ì˜ˆì¸¡ ì™„ë£Œ (499ê°œ)
2025-10-15 00:48:29 | [Fold 4/5] ì˜ˆì¸¡ ì¤‘...
2025-10-15 00:49:52 | âœ… Fold 4 ì˜ˆì¸¡ ì™„ë£Œ (499ê°œ)
2025-10-15 00:49:52 | [Fold 5/5] ì˜ˆì¸¡ ì¤‘...
2025-10-15 00:51:18 | âœ… Fold 5 ì˜ˆì¸¡ ì™„ë£Œ (499ê°œ)
2025-10-15 00:51:18 | ðŸ”„ ì•™ìƒë¸” ìˆ˜í–‰ ì¤‘ (soft_voting)...
2025-10-15 00:51:18 | âœ… ì•™ìƒë¸” ì™„ë£Œ
2025-10-15 00:51:18 | ðŸ’¾ ì²´í¬í¬ì¸íŠ¸ ì €ìž¥: experiments/20251015/20251015_004408_inference_kobart_kfold_soft_voting/checkpoints/kfold_checkpoint.pkl
2025-10-15 00:51:18 | [4/6] â­ï¸  HuggingFace ë³´ì • ê±´ë„ˆë›°ê¸° (ë¹„í™œì„±í™”)
2025-10-15 00:51:18 | [5/6] â­ï¸  Solar API ê±´ë„ˆë›°ê¸° (ë¹„í™œì„±í™”)
2025-10-15 00:51:18 | [6/6] ì œì¶œ íŒŒì¼ ì €ìž¥ ì¤‘...
2025-10-15 00:51:18 | âœ… ì œì¶œ íŒŒì¼ ìƒì„± (1): experiments/20251015/20251015_004408_inference_kobart_kfold_soft_voting/submission/20251015_004408_inference_kobart_kfold_soft_voting.csv
2025-10-15 00:51:18 | âœ… ì œì¶œ íŒŒì¼ ìƒì„± (2): submissions/20251015/20251015_004408_inference_kobart_kfold_soft_voting.csv
2025-10-15 00:51:18 | ============================================================
2025-10-15 00:51:18 | ðŸ“Š ì¶”ë¡  íŒŒì´í”„ë¼ì¸ ì™„ë£Œ!
2025-10-15 00:51:18 | ============================================================
2025-10-15 00:51:18 | âœ… ì‹¤í–‰ëœ ë‹¨ê³„:
2025-10-15 00:51:18 | 1. K-Fold ì•™ìƒë¸” (5ê°œ ëª¨ë¸, soft_voting)
2025-10-15 00:51:18 | 4. í›„ì²˜ë¦¬ (Predictor ë‚´ìž¥)
2025-10-15 00:51:18 | 5. ì œì¶œ íŒŒì¼ ìƒì„±
2025-10-15 00:51:18 | ðŸ“ˆ ê²°ê³¼ í†µê³„:
2025-10-15 00:51:18 | - ì´ ìƒ˜í”Œ ìˆ˜: 499
2025-10-15 00:51:18 | - í‰ê·  ìš”ì•½ ê¸¸ì´: 245.5ìž
2025-10-15 00:51:18 | ðŸ“ ìƒ˜í”Œ ì˜ˆì¸¡ ê²°ê³¼ (ì²˜ìŒ 3ê°œ):
2025-10-15 00:51:18 | [test_0]: Ms. Dawsonì€ #Person2#ì—ê²Œ ì‚¬ë‚´ í†µì‹ ì´ ì´ë©”ì¼ê³¼ ê³µì‹ ë©”ëª¨ë¡œ ì œí•œë˜ë©°, ê·¼ë¬´ ì‹œê°„ ë™ì•ˆ ì¦‰ì‹œ ë©”ì‹œì§€ í”„ë¡œê·¸ëž¨ ì‚¬ìš©ì´ ê¸ˆì§€ëœë‹¤ê³  ...
2025-10-15 00:51:18 | [test_1]: #Person2#ì˜ êµí†µì²´ì¦ì´ ê¸¸ì–´ì ¸ì„œ ì¶œê·¼í•  ë•Œ ëŒ€ì¤‘êµí†µì„ ì´ìš©í•˜ëŠ” ê²ƒì´ ë” ë‚˜ì€ ì„ íƒì¼ ìˆ˜ ìžˆë‹¤ê³  ìƒê°í•©ë‹ˆë‹¤. ë˜í•œ, ë‹¤ë¥¸ êµí†µìˆ˜ë‹¨ì´ ì—†ì„ ...
2025-10-15 00:51:18 | [test_2]: #Person1#ì€ Kateì—ê²Œ Mashaì™€ Heroê°€ ë‘ ë‹¬ ë™ì•ˆ ë³„ê±° ì¤‘ì´ë©° ê²°êµ­ ì´í˜¼ì„ ì‹ ì²­í–ˆë‹¤ê³  ì „í•©ë‹ˆë‹¤. KateëŠ” ê·¸ë“¤ì´ ì™„ë²½í•œ ì»¤í”Œ...
2025-10-15 00:51:18 | ============================================================
2025-10-15 00:51:18 | ðŸŽ‰ K-Fold ì•™ìƒë¸” ì¶”ë¡  ì™„ë£Œ!
2025-10-15 00:51:18 | ðŸ“ ì œì¶œ íŒŒì¼: experiments/20251015/20251015_004408_inference_kobart_kfold_soft_voting/submission/20251015_004408_inference_kobart_kfold_soft_voting.csv
2025-10-15 00:51:18 | ============================================================
2025-10-15 00:51:18 | >> ë¡œê·¸ ë¦¬ë””ë ‰ì…˜ ì¤‘ë£Œ.
