[2025-10-10 09:02:41] ==================================================
[2025-10-10 09:02:41] Single Model Experiment: solar
[2025-10-10 09:02:41] Timestamp: 20251010_090241
[2025-10-10 09:02:41] Model: upstage/SOLAR-10.7B-Instruct-v1.0
[2025-10-10 09:02:41] ==================================================
[2025-10-10 09:02:42] GPU: NVIDIA GeForce RTX 4090
[2025-10-10 09:02:42] GPU Tier: LOW
[2025-10-10 09:02:42] LoRA configuration created
[2025-10-10 09:02:42]   - r: 16
[2025-10-10 09:02:42]   - alpha: 32
[2025-10-10 09:02:42]   - dropout: 0.1
[2025-10-10 09:02:42] Prompt template loaded
[2025-10-10 09:02:42] Loading data from config paths:
[2025-10-10 09:02:42]   - Train: /home/ieyeppo/AI_Lab/natural-language-processing-competition/notebooks/team/CHH/../../../data/raw/train.csv
[2025-10-10 09:02:42]   - Dev: /home/ieyeppo/AI_Lab/natural-language-processing-competition/notebooks/team/CHH/../../../data/raw/dev.csv
[2025-10-10 09:02:42]   - Test: /home/ieyeppo/AI_Lab/natural-language-processing-competition/notebooks/team/CHH/../../../data/raw/test.csv
[2025-10-10 09:02:42] Data loaded successfully!
[2025-10-10 09:02:42] Train samples: 12457
[2025-10-10 09:02:42] Dev samples: 499
[2025-10-10 09:02:42] Test samples: 499
