2025-10-15 16:42:12 | >> 표준 출력 및 오류를 로그 파일로 리디렉션 시작
2025-10-15 16:42:12 | ============================================================
2025-10-15 16:42:12 | K-Fold 앙상블 추론 시작
2025-10-15 16:42:12 | ============================================================
2025-10-15 16:42:12 | [GPU 정보]
2025-10-15 16:42:12 | available: True
2025-10-15 16:42:12 | device_count: 1
2025-10-15 16:42:12 | current_device: 0
2025-10-15 16:42:12 | gpu_0: {'name': 'NVIDIA GeForce RTX 4090', 'total_memory_gb': 23.98779296875, 'major': 8, 'minor': 9, 'multi_processor_count': 128, 'allocated_memory_gb': 0.0, 'reserved_memory_gb': 0.0}
2025-10-15 16:42:12 | GPU Tier: LOW
2025-10-15 16:42:12 | [1/4] Fold 모델 탐색: experiments/20251014/20251014_183206_kobart_ultimate_kfold
2025-10-15 16:42:12 | ✅ fold_1: experiments/20251014/20251014_183206_kobart_ultimate_kfold/fold_1/kfold/final_model
2025-10-15 16:42:12 | ✅ fold_2: experiments/20251014/20251014_183206_kobart_ultimate_kfold/fold_2/kfold/final_model
2025-10-15 16:42:12 | ✅ fold_3: experiments/20251014/20251014_183206_kobart_ultimate_kfold/fold_3/kfold/final_model
2025-10-15 16:42:12 | ✅ fold_4: experiments/20251014/20251014_183206_kobart_ultimate_kfold/fold_4/kfold/final_model
2025-10-15 16:42:12 | ✅ fold_5: experiments/20251014/20251014_183206_kobart_ultimate_kfold/fold_5/kfold/final_model
2025-10-15 16:42:12 | 📊 발견된 Fold 수: 5
2025-10-15 16:42:12 | [2/4] 테스트 데이터 로딩: data/raw/test.csv
2025-10-15 16:42:12 | ✅ 테스트 샘플: 499개
2025-10-15 16:42:12 | [3/6] K-Fold 앙상블 추론 실행...
2025-10-15 16:42:12 | - 앙상블 방법: soft_voting
2025-10-15 16:42:12 | - 배치 크기: 64
2025-10-15 16:42:12 | 🔄 5개 Fold 모델 로딩 중...
2025-10-15 16:42:12 | [Fold 1/5] 로딩: experiments/20251014/20251014_183206_kobart_ultimate_kfold/fold_1/kfold/final_model
2025-10-15 16:42:13 | ✅ 완료
2025-10-15 16:42:13 | [Fold 2/5] 로딩: experiments/20251014/20251014_183206_kobart_ultimate_kfold/fold_2/kfold/final_model
2025-10-15 16:42:13 | ✅ 완료
2025-10-15 16:42:13 | [Fold 3/5] 로딩: experiments/20251014/20251014_183206_kobart_ultimate_kfold/fold_3/kfold/final_model
2025-10-15 16:42:13 | ✅ 완료
2025-10-15 16:42:13 | [Fold 4/5] 로딩: experiments/20251014/20251014_183206_kobart_ultimate_kfold/fold_4/kfold/final_model
2025-10-15 16:42:14 | ✅ 완료
2025-10-15 16:42:14 | [Fold 5/5] 로딩: experiments/20251014/20251014_183206_kobart_ultimate_kfold/fold_5/kfold/final_model
2025-10-15 16:42:14 | ✅ 완료
2025-10-15 16:42:14 | ✅ 전체 5개 모델 로드 완료
2025-10-15 16:42:14 | 🔮 K-Fold 앙상블 추론 시작 (soft_voting)
2025-10-15 16:42:14 | - 샘플 수: 499
2025-10-15 16:42:14 | - Fold 수: 5
2025-10-15 16:42:14 | - 배치 크기: 64
2025-10-15 16:42:14 | [Fold 1/5] 예측 중...
2025-10-15 16:44:08 | ✅ Fold 1 예측 완료 (499개)
2025-10-15 16:44:08 | [Fold 2/5] 예측 중...
2025-10-15 16:46:05 | ✅ Fold 2 예측 완료 (499개)
2025-10-15 16:46:05 | [Fold 3/5] 예측 중...
2025-10-15 16:48:00 | ✅ Fold 3 예측 완료 (499개)
2025-10-15 16:48:00 | [Fold 4/5] 예측 중...
2025-10-15 16:49:52 | ✅ Fold 4 예측 완료 (499개)
2025-10-15 16:49:52 | [Fold 5/5] 예측 중...
2025-10-15 16:51:45 | ✅ Fold 5 예측 완료 (499개)
2025-10-15 16:51:45 | 🔄 앙상블 수행 중 (soft_voting)...
2025-10-15 16:51:45 | ✅ 앙상블 완료
2025-10-15 16:51:45 | 💾 체크포인트 저장: experiments/20251015/20251015_164212_inference_kobart_kfold_soft_voting_bs64_maxnew150_solar/checkpoints/kfold_checkpoint.pkl
2025-10-15 16:51:45 | 💾 K-Fold CSV 체크포인트 저장: experiments/20251015/20251015_164212_inference_kobart_kfold_soft_voting_bs64_maxnew150_solar/checkpoints/kfold_summaries.csv
2025-10-15 16:51:45 | [4/6] ⏭️  HuggingFace 보정 건너뛰기 (비활성화)
2025-10-15 16:51:45 | [5/6] 🌞 Solar API 앙상블 시작
2025-10-15 16:51:45 | - 모델: solar-pro2
2025-10-15 16:51:45 | - Temperature: 0.1
2025-10-15 16:51:45 | - 배치 크기: 10
2025-10-15 16:51:45 | - 대기 시간: 3.0초
2025-10-15 16:51:45 | Solar API 클라이언트 초기화 성공
2025-10-15 16:51:45 | Solar API 배치 요약 생성 중 (🔄 K-Fold 방식 3회 샘플링)...
2025-10-15 16:51:45 | 배치 요약 시작: 499개 대화
2025-10-15 16:51:45 | - 배치 크기: 10
2025-10-15 16:51:45 | - Rate limit 대기: 3.0초
2025-10-15 16:51:45 | - 🔄 K-Fold 방식 샘플링: 3회
2025-10-15 16:51:45 | [배치 1-10/499] 처리 중...
2025-10-15 16:51:45 | [1/499] 대화: #Person1#: Ms. Dawson, 받아쓰기 좀 부탁드려야겠어요.  #Person2#: 네, 말씀하세요...  #Person1#: 이걸 오늘 오후까지 모든 직원들에게 사내 메...
2025-10-15 16:51:45 | 🔄 Solar API 3회 샘플링 시작...
2025-10-15 16:51:46 | 샘플 1/3: 85.0점 | 상사가 Ms. Dawson에게 즉시 메시지 사용 금지 정책 메모 작성을 지시함....
2025-10-15 16:51:51 | 샘플 2/3: 85.0점 | 상사가 Ms. Dawson에게 즉시 메시지 사용 금지 정책 메모 작성을 지시함....
2025-10-15 16:51:55 | 샘플 3/3: 85.0점 | 상사가 Ms. Dawson에게 즉시 메시지 사용 금지 정책 메모 작성을 지시함....
2025-10-15 16:51:55 | ✅ 최종 선택: 샘플 1 (85.0점)
2025-10-15 16:51:55 | [1/499] 요약: 상사가 Ms. Dawson에게 즉시 메시지 사용 금지 정책 메모 작성을 지시함.
2025-10-15 16:51:55 | [2/499] 대화: #Person1#: 드디어 왔네! 뭐가 이렇게 오래 걸렸어? #Person2#: 차가 또 막혔어. Carrefour 교차로 근처에서 교통체증이 엄청 심했거든. #Person1#: ...
2025-10-15 16:51:55 | 🔄 Solar API 3회 샘플링 시작...
2025-10-15 16:51:56 | 샘플 1/3: 100.0점 | 두 동료가 교통체증과 환경 문제에 대해 논의하고, 대중교통과 자전거 타기로 출퇴근 방식을 ...
2025-10-15 16:52:01 | 샘플 2/3: 100.0점 | 두 동료가 교통체증과 환경 문제에 대해 논의하고, 대중교통과 자전거 타기로 출퇴근 방식을 ...
2025-10-15 16:52:06 | 샘플 3/3: 100.0점 | 두 동료가 교통체증과 환경 문제에 대해 논의하고, 대중교통과 자전거 타기로 출퇴근 방식을 ...
2025-10-15 16:52:06 | ✅ 최종 선택: 샘플 1 (100.0점)
2025-10-15 16:52:06 | [2/499] 요약: 두 동료가 교통체증과 환경 문제에 대해 논의하고, 대중교통과 자전거 타기로 출퇴근 방식을 변경하기로 함.
2025-10-15 16:52:06 | [3/499] 대화: #Person1#: Kate, 여기서 일어난 일을 믿기 힘들 거야. #Person2#: 무슨 일이야? #Person1#: Masha랑 Hero가 이혼한대. #Person2#: 설마...
2025-10-15 16:52:06 | 🔄 Solar API 3회 샘플링 시작...
2025-10-15 16:52:06 | 샘플 1/3: 100.0점 | Kate와 Tom이 Masha와 Hero의 이혼에 대해 이야기함. 두 달간 별거 후 이혼 ...
2025-10-15 16:52:11 | 샘플 2/3: 100.0점 | Kate와 Tom이 Masha와 Hero의 이혼에 대해 이야기함. 두 달간 별거 후 이혼 ...
2025-10-15 16:52:16 | 샘플 3/3: 100.0점 | Kate와 Tom이 Masha와 Hero의 이혼에 대해 이야기함. 두 달간 별거 후 이혼 ...
2025-10-15 16:52:16 | ✅ 최종 선택: 샘플 1 (100.0점)
2025-10-15 16:52:16 | [3/499] 요약: Kate와 Tom이 Masha와 Hero의 이혼에 대해 이야기함. 두 달간 별거 후 이혼 신청, Masha가 양육권 획득, 원만한 해결 과정, 새해 초 이혼 확정 예정.
2025-10-15 16:52:16 | [4/499] 대화: #Person1#: 생일 축하해, 이거 너를 위한 선물이야, Brian. #Person2#: 기억해줘서 정말 고마워. 들어와서 파티를 즐겨. 모두들 와 있어서 정말 좋은 시간이 될...
2025-10-15 16:52:16 | 🔄 Solar API 3회 샘플링 시작...
2025-10-15 16:52:17 | 샘플 1/3: 85.0점 | Brian의 생일 파티에서 선물을 주고 함께 춤을 추며 즐거운 시간을 보냄....
2025-10-15 16:52:22 | 샘플 2/3: 85.0점 | Brian의 생일 파티에서 선물을 주고 함께 춤을 추며 즐거운 시간을 보냄....
2025-10-15 16:52:27 | 샘플 3/3: 85.0점 | Brian의 생일 파티에서 선물을 주고 함께 춤을 추며 즐거운 시간을 보냄....
2025-10-15 16:52:27 | ✅ 최종 선택: 샘플 1 (85.0점)
2025-10-15 16:52:27 | [4/499] 요약: Brian의 생일 파티에서 선물을 주고 함께 춤을 추며 즐거운 시간을 보냄.
2025-10-15 16:52:27 | [5/499] 대화: #Person1#: 이 올림픽 공원 정말 크다!  #Person2#: 맞아. 지금 우리는 이 공원의 중심인 올림픽 스타디움에 있어.  #Person1#: 멋지다! 언제 완공될까? ...
2025-10-15 16:52:27 | 🔄 Solar API 3회 샘플링 시작...
2025-10-15 16:52:27 | 샘플 1/3: 100.0점 | 두 친구가 올림픽 공원의 중심인 올림픽 스타디움을 방문하며 완공 일정, 좌석 수, 시설 등...
2025-10-15 16:52:32 | 샘플 2/3: 100.0점 | 두 친구가 올림픽 공원의 중심인 올림픽 스타디움을 방문하며 완공 일정, 좌석 수, 시설 등...
2025-10-15 16:52:36 | 샘플 3/3: 100.0점 | 두 친구가 올림픽 공원의 중심인 올림픽 스타디움을 방문하며 완공 일정, 좌석 수, 시설 등...
2025-10-15 16:52:36 | ✅ 최종 선택: 샘플 1 (100.0점)
2025-10-15 16:52:36 | [5/499] 요약: 두 친구가 올림픽 공원의 중심인 올림픽 스타디움을 방문하며 완공 일정, 좌석 수, 시설 등에 대해 이야기함.
2025-10-15 16:52:36 | [6/499] 대화: #Person1#: 정말 이제 끝났어! 아무데도 못 데려가는 회사에서 일하는 건 그만두려고 해! #Person2#: 그래서 어떻게 할 건데? 그냥 그만둘 거야? #Person1#:...
2025-10-15 16:52:36 | 🔄 Solar API 3회 샘플링 시작...
2025-10-15 16:52:37 | 샘플 1/3: 100.0점 | Tom이 회사 일을 그만두고 사업을 시작하려 하지만, Mary가 사업 계획서 작성의 복잡성...
2025-10-15 16:52:41 | 샘플 2/3: 100.0점 | Tom이 회사 일을 그만두고 사업을 시작하려 하지만, Mary가 사업 계획서 작성의 복잡성...
2025-10-15 16:52:46 | 샘플 3/3: 100.0점 | Tom이 회사 일을 그만두고 사업을 시작하려 하지만, Mary가 사업 계획서 작성의 복잡성...
2025-10-15 16:52:46 | ✅ 최종 선택: 샘플 1 (100.0점)
2025-10-15 16:52:46 | [6/499] 요약: Tom이 회사 일을 그만두고 사업을 시작하려 하지만, Mary가 사업 계획서 작성의 복잡성을 설명함.
2025-10-15 16:52:46 | [7/499] 대화: #Person1#: 너 왜 그래? 왜 그렇게 자꾸 긁어대는 거야? #Person2#: 간지러워! 더 이상 못 참겠어! 나 뭔가 걸린 것 같아. 어지럽고 힘도 없어. #Person1...
2025-10-15 16:52:46 | 🔄 Solar API 3회 샘플링 시작...
2025-10-15 16:52:47 | 샘플 1/3: 100.0점 | 발진을 보고 수두라고 의심하여 거리를 둠. 알레르기일 수 있다고 주장하며 오트밀 목욕을 하...
2025-10-15 16:52:52 | 샘플 2/3: 100.0점 | 발진을 보고 수두라고 의심하여 거리를 둠. 알레르기일 수 있다고 주장하며 오트밀 목욕을 하...
2025-10-15 16:52:57 | 샘플 3/3: 100.0점 | 발진을 보고 수두라고 의심하여 거리를 둠. 알레르기일 수 있다고 주장하며 오트밀 목욕을 하...
2025-10-15 16:52:57 | ✅ 최종 선택: 샘플 1 (100.0점)
2025-10-15 16:52:57 | [7/499] 요약: 발진을 보고 수두라고 의심하여 거리를 둠. 알레르기일 수 있다고 주장하며 오트밀 목욕을 하기로 함.
2025-10-15 16:52:57 | [8/499] 대화: #Person1#: 안녕하세요. 무엇을 도와드릴까요? #Person2#: 저는 309호에 묵고 있고, 오늘 체크아웃 하려고 합니다. 지금 청구서를 받을 수 있을까요? #Person...
2025-10-15 16:52:57 | 🔄 Solar API 3회 샘플링 시작...
2025-10-15 16:52:57 | 샘플 1/3: 85.0점 | 손님이 체크아웃 중 세탁 서비스 요금 착오를 발견하고, 직원이 확인 후 청구서를 수정함....
2025-10-15 16:53:02 | 샘플 2/3: 85.0점 | 손님이 체크아웃 중 세탁 서비스 요금 착오를 발견하고, 직원이 확인 후 청구서를 수정함....
2025-10-15 16:53:06 | 샘플 3/3: 85.0점 | 손님이 체크아웃 중 세탁 서비스 요금 착오를 발견하고, 직원이 확인 후 청구서를 수정함....
2025-10-15 16:53:06 | ✅ 최종 선택: 샘플 1 (85.0점)
2025-10-15 16:53:06 | [8/499] 요약: 손님이 체크아웃 중 세탁 서비스 요금 착오를 발견하고, 직원이 확인 후 청구서를 수정함.
2025-10-15 16:53:06 | [9/499] 대화: #Person1#: 스티븐, 나 정말로 네 도움이 필요해. #Person2#: 무슨 일이야? #Person1#: 아내가 내 비서와 바람피운 걸 알아버렸어. 이제 나랑 이혼하겠대. ...
2025-10-15 16:53:06 | 🔄 Solar API 3회 샘플링 시작...
2025-10-15 16:53:07 | 샘플 1/3: 85.0점 | 스티븐이 친구의 아내를 속인 문제로 도움을 주기로 함....
2025-10-15 16:53:12 | 샘플 2/3: 85.0점 | 스티븐이 친구의 아내를 속인 문제로 도움을 주기로 함....
2025-10-15 16:53:16 | 샘플 3/3: 85.0점 | 스티븐이 친구의 아내를 속인 문제로 도움을 주기로 함....
2025-10-15 16:53:16 | ✅ 최종 선택: 샘플 1 (85.0점)
2025-10-15 16:53:16 | [9/499] 요약: 스티븐이 친구의 아내를 속인 문제로 도움을 주기로 함.
2025-10-15 16:53:16 | [10/499] 대화: #Person1#: 너는 사람 중에 누가 진짜 인품이 뛰어나다고 생각해? #Person2#: 유명한 사람을 생각해 본다면, 아브라함 링컨이 떠올라. #Person1#: 그분은 어떤...
2025-10-15 16:53:16 | 🔄 Solar API 3회 샘플링 시작...
2025-10-15 16:53:17 | 샘플 1/3: 85.0점 | 두 사람이 아브라함 링컨의 인품과 업적에 대해 존경심을 표현함....
2025-10-15 16:53:23 | 샘플 2/3: 85.0점 | 두 사람이 아브라함 링컨의 인품과 업적에 대해 존경심을 표현함....
2025-10-15 16:53:27 | 샘플 3/3: 85.0점 | 두 사람이 아브라함 링컨의 인품과 업적에 대해 존경심을 표현함....
2025-10-15 16:53:27 | ✅ 최종 선택: 샘플 1 (85.0점)
2025-10-15 16:53:27 | [10/499] 요약: 두 사람이 아브라함 링컨의 인품과 업적에 대해 존경심을 표현함.
2025-10-15 16:53:27 | ✅ 배치 완료 (누적: 10/499)
2025-10-15 16:53:30 | [배치 11-20/499] 처리 중...
2025-10-15 16:53:30 | [11/499] 대화: #Person1#: 여행 어디로 가려고 해요? #Person2#: 허베이가 좋을 것 같아. #Person1#: 근데 중국 북부에 심한 황사가 있다고 들었어! #Person2#: 정...
2025-10-15 16:53:30 | 🔄 Solar API 3회 샘플링 시작...
2025-10-15 16:53:31 | 샘플 1/3: 85.0점 | 두 친구가 허베이 여행 계획 중 황사에 대해 걱정함....
2025-10-15 16:53:35 | 샘플 2/3: 85.0점 | 두 친구가 허베이 여행 계획 중 황사에 대해 걱정함....
2025-10-15 16:53:40 | 샘플 3/3: 85.0점 | 두 친구가 허베이 여행 계획 중 황사에 대해 걱정함....
2025-10-15 16:53:40 | ✅ 최종 선택: 샘플 1 (85.0점)
2025-10-15 16:53:40 | [11/499] 요약: 두 친구가 허베이 여행 계획 중 황사에 대해 걱정함.
2025-10-15 16:53:40 | [12/499] 대화: #Person1#: 내 생일 파티에 와줘서 정말 기뻐. 올 수 있어서 다행이야. #Person2#: 초대해줘서 고마워. 여기 선물이야. 생일 축하해, Francis! 앞으로도 행복...
2025-10-15 16:53:40 | 🔄 Solar API 3회 샘플링 시작...
2025-10-15 16:53:41 | 샘플 1/3: 100.0점 | Francis의 생일 파티에서 친구가 선물을 줌. 친구는 원격 조종 자동차 모델을 선물하고...
2025-10-15 16:53:46 | 샘플 2/3: 100.0점 | Francis의 생일 파티에서 친구가 선물을 줌. 친구는 원격 조종 자동차 모델을 선물하고...
2025-10-15 16:53:51 | 샘플 3/3: 100.0점 | Francis의 생일 파티에서 친구가 선물을 줌. 친구는 원격 조종 자동차 모델을 선물하고...
2025-10-15 16:53:51 | ✅ 최종 선택: 샘플 1 (100.0점)
2025-10-15 16:53:51 | [12/499] 요약: Francis의 생일 파티에서 친구가 선물을 줌. 친구는 원격 조종 자동차 모델을 선물하고, Francis는 기뻐함.
2025-10-15 16:53:51 | [13/499] 대화: #Person1#: 안녕, Tony. 기분이 안 좋아 보이네. 무슨 일이야? #Person2#: 아, Steven. 나 큰 실수를 했어. #Person1#: 무슨 일이 있었는데? ...
2025-10-15 16:53:51 | 🔄 Solar API 3회 샘플링 시작...
2025-10-15 16:53:51 | 샘플 1/3: 100.0점 | Tony가 시험 부정행위로 들켜 Steven에게 고백함. Steven은 Tony에게 실수에...
2025-10-15 16:53:57 | 샘플 2/3: 100.0점 | Tony가 시험 부정행위로 들켜 Steven에게 고백함. Steven은 Tony에게 실수에...
2025-10-15 16:54:01 | 샘플 3/3: 100.0점 | Tony가 시험 부정행위로 들켜 Steven에게 고백함. Steven은 Tony에게 실수에...
2025-10-15 16:54:01 | ✅ 최종 선택: 샘플 1 (100.0점)
2025-10-15 16:54:01 | [13/499] 요약: Tony가 시험 부정행위로 들켜 Steven에게 고백함. Steven은 Tony에게 실수에서 배우라고 조언함.
2025-10-15 16:54:01 | [14/499] 대화: #Person1#: 톰, 지금 몇 시야? #Person2#: 잠깐만. 내 시계로는 8시 50분이야. #Person1#: 그래? 이렇게 늦었는지 전혀 몰랐어. 이제 나가야겠어. #P...
2025-10-15 16:54:01 | 🔄 Solar API 3회 샘플링 시작...
2025-10-15 16:54:02 | 샘플 1/3: 85.0점 | 톰이 기차를 놓칠까 걱정했으나, 동료가 시간이 충분하다고 안심시킴....
2025-10-15 16:54:06 | 샘플 2/3: 85.0점 | 톰이 기차를 놓칠까 걱정했으나, 동료가 시간이 충분하다고 안심시킴....
2025-10-15 16:54:11 | 샘플 3/3: 85.0점 | 톰이 기차를 놓칠까 걱정했으나, 동료가 시간이 충분하다고 안심시킴....
2025-10-15 16:54:11 | ✅ 최종 선택: 샘플 1 (85.0점)
2025-10-15 16:54:11 | [14/499] 요약: 톰이 기차를 놓칠까 걱정했으나, 동료가 시간이 충분하다고 안심시킴.
2025-10-15 16:54:11 | [15/499] 대화: #Person1#: 내 삶을 어떻게 조정해야 할지 모르겠어. 조언 좀 해줄래? #Person2#: 너 좀 창백해 보여. #Person1#: 응, 매일 밤 잠을 잘 못 자. #Per...
2025-10-15 16:54:11 | 🔄 Solar API 3회 샘플링 시작...
2025-10-15 16:54:12 | 샘플 1/3: 100.0점 | 삶의 조언을 구함. 충분한 수면, 와인 섭취 줄이기, 아침 운동, 미래에 대한 긍정적인 생...
2025-10-15 16:54:17 | 샘플 2/3: 100.0점 | 삶의 조언을 구함. 충분한 수면, 와인 섭취 줄이기, 아침 운동, 미래에 대한 긍정적인 생...
2025-10-15 16:54:22 | 샘플 3/3: 100.0점 | 삶의 조언을 구함. 충분한 수면, 와인 섭취 줄이기, 아침 운동, 미래에 대한 긍정적인 생...
2025-10-15 16:54:22 | ✅ 최종 선택: 샘플 1 (100.0점)
2025-10-15 16:54:22 | [15/499] 요약: 삶의 조언을 구함. 충분한 수면, 와인 섭취 줄이기, 아침 운동, 미래에 대한 긍정적인 생각 등을 제안함.
2025-10-15 16:54:22 | [16/499] 대화: #Person1#: 오늘 밤 파티에 갈래? #Person2#: 누구 파티? #Person1#: Ruojia의 파티야. 몰랐어? Ruojia가 결혼했어. #Person2#: 뭐라고!...
2025-10-15 16:54:22 | 🔄 Solar API 3회 샘플링 시작...
2025-10-15 16:54:22 | 샘플 1/3: 85.0점 | 두 친구가 Ruojia의 결혼 파티에 초대받음. 각자 선물을 준비하기로 함....
2025-10-15 16:54:27 | 샘플 2/3: 85.0점 | 두 친구가 Ruojia의 결혼 파티에 초대받음. 각자 선물을 준비하기로 함....
2025-10-15 16:54:32 | 샘플 3/3: 85.0점 | 두 친구가 Ruojia의 결혼 파티에 초대받음. 각자 선물을 준비하기로 함....
2025-10-15 16:54:32 | ✅ 최종 선택: 샘플 1 (85.0점)
2025-10-15 16:54:32 | [16/499] 요약: 두 친구가 Ruojia의 결혼 파티에 초대받음. 각자 선물을 준비하기로 함.
2025-10-15 16:54:32 | [17/499] 대화: #Person1#: 이 스트립을 잡아당기면 돼. 그리고 뒷면을 떼어내면 돼.  #Person2#: 이렇게 하면 적이 많이 생길지도 몰라.  #Person1#: 이게 재밌다고 생각하...
2025-10-15 16:54:32 | 🔄 Solar API 3회 샘플링 시작...
2025-10-15 16:54:33 | 샘플 1/3: 85.0점 | 장난을 치며 사진을 찍으려 함. 장난에 반대하면서도 참여함....
2025-10-15 16:54:37 | 샘플 2/3: 85.0점 | 장난을 치며 사진을 찍으려 함. 장난에 반대하면서도 참여함....
2025-10-15 16:54:42 | 샘플 3/3: 85.0점 | 장난을 치며 사진을 찍자고 함. 처음에는 거부했지만 결국 사진을 찍음....
2025-10-15 16:54:42 | ✅ 최종 선택: 샘플 1 (85.0점)
2025-10-15 16:54:42 | [17/499] 요약: 장난을 치며 사진을 찍으려 함. 장난에 반대하면서도 참여함.
2025-10-15 16:54:42 | [18/499] 대화: #Person1#: 마이크, 네 여동생은 어떻게 생겼어? #Person2#: 음, 키도 크고 예뻐. #Person1#: 너랑 닮았어? #Person2#: 그런 것 같아. 우리 가족...
2025-10-15 16:54:42 | 🔄 Solar API 3회 샘플링 시작...
2025-10-15 16:54:42 | 샘플 1/3: 85.0점 | 여동생에 대해 묻고, 가 가족에 대해 설명함....
2025-10-15 16:54:47 | 샘플 2/3: 85.0점 | 여동생에 대해 묻고, 가 가족에 대해 설명함....
2025-10-15 16:54:52 | 샘플 3/3: 85.0점 | 여동생에 대해 묻고, 가 가족에 대해 설명함....
2025-10-15 16:54:52 | ✅ 최종 선택: 샘플 1 (85.0점)
2025-10-15 16:54:52 | [18/499] 요약: 여동생에 대해 묻고, 가 가족에 대해 설명함.
2025-10-15 16:54:52 | [19/499] 대화: #Person1#: 여기 누구 계세요? #Person2#: 어떻게 도와드릴까요? #Person1#: 머리가 아파요. #Person2#: 체온계로 체온 좀 재볼게요. #Person1...
2025-10-15 16:54:52 | 🔄 Solar API 3회 샘플링 시작...
2025-10-15 16:54:53 | 샘플 1/3: 85.0점 | 학교 직원이 아픈 학생에게 체온을 재고 결석 절차를 안내함....
2025-10-15 16:54:57 | 샘플 2/3: 85.0점 | 학교 직원이 아픈 학생에게 체온을 재고 결석 절차를 안내함....
2025-10-15 16:55:03 | 샘플 3/3: 85.0점 | 학교 직원이 아픈 학생에게 체온을 재고 결석 절차를 안내함....
2025-10-15 16:55:03 | ✅ 최종 선택: 샘플 1 (85.0점)
2025-10-15 16:55:03 | [19/499] 요약: 학교 직원이 아픈 학생에게 체온을 재고 결석 절차를 안내함.
2025-10-15 16:55:03 | [20/499] 대화: #Person1#: 무엇을 도와드릴까요? #Person2#: 새 휴대폰을 사고 싶어요. #Person1#: 좋아요, 카메라와 MP3 플레이어가 있는 모델을 찾으시나요? #Perso...
2025-10-15 16:55:03 | 🔄 Solar API 3회 샘플링 시작...
2025-10-15 16:55:03 | 샘플 1/3: 85.0점 | 고객이 카메라, MP3 플레이어, 영상 통화 기능이 있는 새 휴대폰을 찾고 있음....
2025-10-15 16:55:08 | 샘플 2/3: 85.0점 | 고객이 카메라, MP3 플레이어, 영상 통화 기능이 있는 새 휴대폰을 찾고 있음....
2025-10-15 16:55:12 | 샘플 3/3: 85.0점 | 고객이 카메라, MP3 플레이어, 영상 통화 기능이 있는 새 휴대폰을 찾고 있음....
2025-10-15 16:55:12 | ✅ 최종 선택: 샘플 1 (85.0점)
2025-10-15 16:55:12 | [20/499] 요약: 고객이 카메라, MP3 플레이어, 영상 통화 기능이 있는 새 휴대폰을 찾고 있음.
2025-10-15 16:55:12 | ✅ 배치 완료 (누적: 20/499)
2025-10-15 16:55:15 | [배치 21-30/499] 처리 중...
2025-10-15 16:55:15 | [21/499] 대화: #Person1#: 프랭크, 새 직장에 다닌다며.  #Person2#: 응, 주디. 우체국에서 일하게 됐어. 괜찮은 직장이야.  #Person1#: 근데 업무 일정이 빡빡하다면서?...
2025-10-15 16:55:15 | 🔄 Solar API 3회 샘플링 시작...
2025-10-15 16:55:16 | 샘플 1/3: 100.0점 | 프랭크가 주디에게 우체국 직장의 장점을 설명함. 좋은 건강보험 혜택과 가족 무료 의료 서비...
2025-10-15 16:55:21 | 샘플 2/3: 100.0점 | 프랭크가 주디에게 우체국 직장의 장점을 설명함. 좋은 건강보험 혜택과 가족 무료 의료 서비...
2025-10-15 16:55:25 | 샘플 3/3: 100.0점 | 프랭크가 주디에게 우체국 직장의 장점을 설명함. 좋은 건강보험 혜택과 가족 무료 의료 서비...
2025-10-15 16:55:25 | ✅ 최종 선택: 샘플 1 (100.0점)
2025-10-15 16:55:25 | [21/499] 요약: 프랭크가 주디에게 우체국 직장의 장점을 설명함. 좋은 건강보험 혜택과 가족 무료 의료 서비스 제공이 주요 이유임.
2025-10-15 16:55:25 | [22/499] 대화: #Person1#: 특별한 기술이 있으신가요? #Person2#: 컴퓨터 프로그램을 작성할 수 있고, 비서 업무를 잘할 수 있습니다. #Person1#: 자격증은 뭐가 있으신가요?...
2025-10-15 16:55:25 | 🔄 Solar API 3회 샘플링 시작...
2025-10-15 16:55:26 | 샘플 1/3: 85.0점 | 지원자가 사무 업무 경험과 기술을 상세히 설명함....
2025-10-15 16:55:30 | 샘플 2/3: 85.0점 | 지원자가 사무 업무 경험과 기술을 상세히 설명함....
2025-10-15 16:55:36 | 샘플 3/3: 85.0점 | 지원자가 사무 업무 경험과 기술을 상세히 설명함....
2025-10-15 16:55:36 | ✅ 최종 선택: 샘플 1 (85.0점)
2025-10-15 16:55:36 | [22/499] 요약: 지원자가 사무 업무 경험과 기술을 상세히 설명함.
2025-10-15 16:55:36 | [23/499] 대화: #Person1#: 실례합니다.  #Person2#: 네, 손님. 도와드릴까요?  #Person1#: 음, 이 스테이크, 미디엄 레어로 주문했는데요.  #Person2#: 미디엄 ...
2025-10-15 16:55:36 | 🔄 Solar API 3회 샘플링 시작...
2025-10-15 16:55:37 | 샘플 1/3: 85.0점 | 손님이 미디엄 레어 스테이크를 잘 익은 것으로 받아 바꿔달라고 요청함....
2025-10-15 16:55:41 | 샘플 2/3: 85.0점 | 손님이 미디엄 레어 스테이크를 잘 익은 것으로 받아 바꿔달라고 요청함....
2025-10-15 16:55:46 | 샘플 3/3: 85.0점 | 손님이 미디엄 레어 스테이크를 잘 익은 것으로 받아 바꿔달라고 요청함....
2025-10-15 16:55:46 | ✅ 최종 선택: 샘플 1 (85.0점)
2025-10-15 16:55:46 | [23/499] 요약: 손님이 미디엄 레어 스테이크를 잘 익은 것으로 받아 바꿔달라고 요청함.
2025-10-15 16:55:46 | [24/499] 대화: #Person1#: Tom, 좋은 소식이 있어요.  #Person2#: 뭔데요?  #Person1#: 당신의 소설이 노벨상을 받았다는 소식 못 들었어요?  #Person2#: 정말...
2025-10-15 16:55:46 | 🔄 Solar API 3회 샘플링 시작...
2025-10-15 16:55:46 | 샘플 1/3: 85.0점 | Tom이 노벨상 수상 소식을 듣고 축하 파티를 열기로 함....
2025-10-15 16:55:51 | 샘플 2/3: 85.0점 | Tom이 노벨상 수상 소식을 듣고 축하 파티를 열기로 함....
2025-10-15 16:55:56 | 샘플 3/3: 85.0점 | Tom이 노벨상 수상 소식을 듣고 축하 파티를 열기로 함....
2025-10-15 16:55:56 | ✅ 최종 선택: 샘플 1 (85.0점)
2025-10-15 16:55:56 | [24/499] 요약: Tom이 노벨상 수상 소식을 듣고 축하 파티를 열기로 함.
2025-10-15 16:55:56 | [25/499] 대화: #Person1#: 그 일을 할 수 있는 이유가 뭐라고 생각하세요? #Person2#: 제 전공이 자동차 디자인이고, 과학 석사 학위를 받았습니다. 잘할 수 있을 거라 생각해요. ...
2025-10-15 16:55:56 | 🔄 Solar API 3회 샘플링 시작...
2025-10-15 16:55:56 | 샘플 1/3: 100.0점 | 지원자가 자동차 디자인 전공과 과학 석사 학위를 바탕으로 직무 적합성을 설명함. 이전 직장...
2025-10-15 16:56:01 | 샘플 2/3: 100.0점 | 지원자가 자동차 디자인 전공과 과학 석사 학위를 바탕으로 직무 적합성을 설명함. 이전 직장...
2025-10-15 16:56:06 | 샘플 3/3: 100.0점 | 지원자가 자동차 디자인 전공과 과학 석사 학위를 바탕으로 직무 적합성을 설명함. 이전 직장...
2025-10-15 16:56:06 | ✅ 최종 선택: 샘플 1 (100.0점)
2025-10-15 16:56:06 | [25/499] 요약: 지원자가 자동차 디자인 전공과 과학 석사 학위를 바탕으로 직무 적합성을 설명함. 이전 직장에서 학생 엔지니어로 재료 연구 경험을 언급함.
2025-10-15 16:56:06 | [26/499] 대화: #Person1#: 술 많이 마셔요? #Person2#: 어느 정도를 많다고 생각하느냐에 따라 달라요. #Person1#: 얼마나 자주 마셔요? #Person2#: 일주일에 두세 ...
2025-10-15 16:56:06 | 🔄 Solar API 3회 샘플링 시작...
2025-10-15 16:56:08 | 샘플 1/3: 100.0점 | 두 사람이 술 마시는 습관과 장소에 대해 이야기하고, 다음 날 밤에 함께 나가기로 계획함....
2025-10-15 16:56:12 | 샘플 2/3: 100.0점 | 두 사람이 술 마시는 습관과 장소에 대해 이야기하고, 다음 날 밤에 함께 나가기로 계획함....
2025-10-15 16:56:17 | 샘플 3/3: 100.0점 | 두 사람이 술 마시는 습관과 장소에 대해 이야기하고, 다음 날 밤에 함께 나가기로 계획함....
2025-10-15 16:56:17 | ✅ 최종 선택: 샘플 1 (100.0점)
2025-10-15 16:56:17 | [26/499] 요약: 두 사람이 술 마시는 습관과 장소에 대해 이야기하고, 다음 날 밤에 함께 나가기로 계획함.
2025-10-15 16:56:17 | [27/499] 대화: #Person1#: 메이야, 소풍 준비하는 거 도와줄래?  #Person2#: 물론이죠. 일기예보 확인했어요?  #Person1#: 응. 하루 종일 맑다고 했어. 비는 전혀 안 온...
2025-10-15 16:56:17 | 🔄 Solar API 3회 샘플링 시작...
2025-10-15 16:56:18 | 샘플 1/3: 100.0점 | 엄마가 Mary에게 소풍 준비 도움을 요청함. Mary는 토스트와 치킨 윙을 준비하고, 엄...
2025-10-15 16:56:23 | 샘플 2/3: 100.0점 | 엄마가 Mary에게 소풍 준비 도움을 요청함. Mary는 토스트와 치킨 윙을 준비하고, 엄...
2025-10-15 16:56:29 | 샘플 3/3: 100.0점 | 엄마가 Mary에게 소풍 준비 도움을 요청함. Mary는 토스트와 치킨 윙을 준비하고, 엄...
2025-10-15 16:56:29 | ✅ 최종 선택: 샘플 1 (100.0점)
2025-10-15 16:56:29 | [27/499] 요약: 엄마가 Mary에게 소풍 준비 도움을 요청함. Mary는 토스트와 치킨 윙을 준비하고, 엄마는 과일 샐러드와 크래커를 준비함. Mary는 소풍 용품 챙기기를 상기시키고, 엄마는 거실로 옮기는 것을 도와달라고 함. Mary는 혼자 할 수 있다고 답함.
2025-10-15 16:56:29 | [28/499] 대화: #Person1#: 안녕하세요, Muriel Douglas 씨 맞으신가요? #Person2#: 네, 당신이 James군요. 드디어 만나게 되어 반가워요. #Person1#: 네, ...
2025-10-15 16:56:29 | 🔄 Solar API 3회 샘플링 시작...
2025-10-15 16:56:29 | 샘플 1/3: 100.0점 | James가 Muriel Douglas와 새 계정에 대해 만남. 두 사람은 휴일 계획과 영...
2025-10-15 16:56:34 | 샘플 2/3: 100.0점 | James가 Muriel Douglas와 새 계정에 대해 만남. 두 사람은 휴일 계획과 영...
2025-10-15 16:56:39 | 샘플 3/3: 100.0점 | James가 Muriel Douglas와 새 계정에 대해 만남. 두 사람은 휴일 계획과 영...
2025-10-15 16:56:39 | ✅ 최종 선택: 샘플 1 (100.0점)
2025-10-15 16:56:39 | [28/499] 요약: James가 Muriel Douglas와 새 계정에 대해 만남. 두 사람은 휴일 계획과 영화에 대해 대화하며 Susan Kim이 합류함.
2025-10-15 16:56:39 | [29/499] 대화: #Person1#: 바보 같은 여자애 때문에 돈이 이렇게 많이 필요할 줄이야. 이제 ATM에서 돈을 찾아야겠네...  #Person2#: 안녕하세요, 유니버설 은행입니다. 카드를 ...
2025-10-15 16:56:39 | 🔄 Solar API 3회 샘플링 시작...
2025-10-15 16:56:40 | 샘플 1/3: 100.0점 | ATM에서 돈을 인출하려다 실수로 큰 금액을 이체하고, 기계 오작동으로 인해 은행 보안이 ...
2025-10-15 16:56:45 | 샘플 2/3: 100.0점 | ATM에서 돈을 인출하려다 실수로 큰 금액을 이체하고, 기계 오작동으로 인해 은행 보안이 ...
2025-10-15 16:56:50 | 샘플 3/3: 100.0점 | ATM에서 돈을 인출하려다 실수로 큰 금액을 이체하고, 기계 오작동으로 인해 은행 보안이 ...
2025-10-15 16:56:50 | ✅ 최종 선택: 샘플 1 (100.0점)
2025-10-15 16:56:50 | [29/499] 요약: ATM에서 돈을 인출하려다 실수로 큰 금액을 이체하고, 기계 오작동으로 인해 은행 보안이 출동함.
2025-10-15 16:56:50 | [30/499] 대화: #Person1#: 혹시 사람들하고 잘 어울리시나요? #Person2#: 네, 저는 친구들하고 어울리는 걸 좋아하는 사교적인 사람이에요. #Person1#: 직장 동료들과 대화할 ...
2025-10-15 16:56:50 | 🔄 Solar API 3회 샘플링 시작...
2025-10-15 16:56:51 | 샘플 1/3: 85.0점 | 사교적이며 진심을 담아 대화하는 전략을 사용한다고 설명함....
2025-10-15 16:56:55 | 샘플 2/3: 85.0점 | 사교적이며 진심을 담아 대화하는 전략을 사용한다고 설명함....
2025-10-15 16:57:00 | 샘플 3/3: 85.0점 | 사교적이며 진심을 담아 대화하는 전략을 사용한다고 설명함....
2025-10-15 16:57:00 | ✅ 최종 선택: 샘플 1 (85.0점)
2025-10-15 16:57:00 | [30/499] 요약: 사교적이며 진심을 담아 대화하는 전략을 사용한다고 설명함.
2025-10-15 16:57:00 | ✅ 배치 완료 (누적: 30/499)
2025-10-15 16:57:03 | [배치 31-40/499] 처리 중...
2025-10-15 16:57:03 | [31/499] 대화: #Person1#: Mr. Polly, 무슨 일 있으세요? #Person2#: 무슨 일이냐고요? 이 끔찍한 일을 잠시 쉬고 싶다고요. #Person1#: 그럼, 음료수 한 병 사세...
2025-10-15 16:57:03 | 🔄 Solar API 3회 샘플링 시작...
2025-10-15 16:57:04 | 샘플 1/3: 100.0점 | Mr. Polly가 상사에게 음료수를 사달라고 요청했으나, 상사가 그 가게에 있어 직접 가...
2025-10-15 16:57:09 | 샘플 2/3: 100.0점 | Mr. Polly가 상사에게 음료수를 사달라고 요청했으나, 상사가 그 가게에 있어 직접 가...
2025-10-15 16:57:14 | 샘플 3/3: 100.0점 | Mr. Polly가 상사에게 음료수를 사달라고 요청했으나, 상사가 그 가게에 있어 직접 가...
2025-10-15 16:57:14 | ✅ 최종 선택: 샘플 1 (100.0점)
2025-10-15 16:57:14 | [31/499] 요약: Mr. Polly가 상사에게 음료수를 사달라고 요청했으나, 상사가 그 가게에 있어 직접 가기로 함. 그러나 지갑에 4달러밖에 없어 구매 가능 여부는 불확실함.
2025-10-15 16:57:14 | [32/499] 대화: #Person1#: 안녕하세요, 프랜시스예요.  #Person2#: 안녕하세요, 저는 모니카예요. 이 재무 보고서를 언제 작업할 수 있는지 궁금해요.  #Person1#: 오늘 하...
2025-10-15 16:57:14 | 🔄 Solar API 3회 샘플링 시작...
2025-10-15 16:57:15 | 샘플 1/3: 85.0점 | 상사와 직원이 보고서 검토 시간을 금요일 오후 1시부터 4시로 잡음....
2025-10-15 16:57:19 | 샘플 2/3: 85.0점 | 상사와 직원이 보고서 검토 시간을 금요일 오후 1시부터 4시로 잡음....
2025-10-15 16:57:24 | 샘플 3/3: 85.0점 | 상사와 직원이 보고서 검토 시간을 금요일 오후 1시부터 4시로 잡음....
2025-10-15 16:57:24 | ✅ 최종 선택: 샘플 1 (85.0점)
2025-10-15 16:57:24 | [32/499] 요약: 상사와 직원이 보고서 검토 시간을 금요일 오후 1시부터 4시로 잡음.
2025-10-15 16:57:24 | [33/499] 대화: #Person1#: 인터뷰 준비를 위한 워크숍이 맞나요? #Person2#: 네, 여기는 인터뷰 수업이에요. 수업에 오신 걸 환영해요. #Person1#: 다음 주 인터뷰를 준비하...
2025-10-15 16:57:24 | 🔄 Solar API 3회 샘플링 시작...
2025-10-15 16:57:24 | 샘플 1/3: 85.0점 | 인터뷰 준비 워크숍에서 참가자들이 옷차림, 태도, 정직함의 중요성에 대해 논의함....
2025-10-15 16:57:29 | 샘플 2/3: 85.0점 | 인터뷰 준비 워크숍에서 참가자들이 옷차림, 태도, 정직함의 중요성에 대해 논의함....
2025-10-15 16:57:33 | 샘플 3/3: 85.0점 | 인터뷰 준비 워크숍에서 참가자들이 옷차림, 태도, 정직함의 중요성에 대해 논의함....
2025-10-15 16:57:33 | ✅ 최종 선택: 샘플 1 (85.0점)
2025-10-15 16:57:33 | [33/499] 요약: 인터뷰 준비 워크숍에서 참가자들이 옷차림, 태도, 정직함의 중요성에 대해 논의함.
2025-10-15 16:57:33 | [34/499] 대화: #Person1#: 좋아요, 컷! 처음부터 다시 시작합시다, 모두들.  #Person2#: 이번에 무슨 문제가 있었나요?  #Person1#: 느낌이 좀 잘못 되었어요, Mike....
2025-10-15 16:57:33 | 🔄 Solar API 3회 샘플링 시작...
2025-10-15 16:57:34 | 샘플 1/3: 85.0점 | 감독이 Mike에게 캐릭터의 분노 표현을 강조하도록 지시함....
2025-10-15 16:57:39 | 샘플 2/3: 85.0점 | 감독이 Mike에게 캐릭터의 분노 표현을 강조하도록 지시함....
2025-10-15 16:57:44 | 샘플 3/3: 85.0점 | 감독이 Mike에게 캐릭터의 분노 표현을 강조하도록 지시함....
2025-10-15 16:57:44 | ✅ 최종 선택: 샘플 1 (85.0점)
2025-10-15 16:57:44 | [34/499] 요약: 감독이 Mike에게 캐릭터의 분노 표현을 강조하도록 지시함.
2025-10-15 16:57:44 | [35/499] 대화: #Person1#: 그럼 이만, Mrs. Todd. 아내가 쇼핑 가자고 기다리고 있어요. #Person2#: 이해해요. 주말엔 할 일이 많죠, 특히 둘 다 일하고 아이들이 어리면 ...
2025-10-15 16:57:44 | 🔄 Solar API 3회 샘플링 시작...
2025-10-15 16:57:44 | 샘플 1/3: 85.0점 | 이웃와 Mrs. Todd가 주말 계획과 이웃 방문에 대해 대화함....
2025-10-15 16:57:50 | 샘플 2/3: 85.0점 | 이웃와 Mrs. Todd가 주말 계획과 이웃 방문에 대해 대화함....
2025-10-15 16:57:55 | 샘플 3/3: 85.0점 | 이웃와 Mrs. Todd가 주말 계획과 이웃 방문에 대해 대화함....
2025-10-15 16:57:55 | ✅ 최종 선택: 샘플 1 (85.0점)
2025-10-15 16:57:55 | [35/499] 요약: 이웃와 Mrs. Todd가 주말 계획과 이웃 방문에 대해 대화함.
2025-10-15 16:57:55 | [36/499] 대화: #Person1#: 빌, 무슨 일 있어? 얼굴이 좀 창백해 보여.  #Person2#: 아, 그냥 피곤해.  #Person1#: 왜?  #Person2#: 이번 주에 매일 밤 열 ...
2025-10-15 16:57:55 | 🔄 Solar API 3회 샘플링 시작...
2025-10-15 16:57:56 | 샘플 1/3: 100.0점 | 피곤해 보이일찍 퇴근하고 쉬라고 권함. 또한의 형이 출장으로 미국에 몇 주 더 있을 예정임...
2025-10-15 16:58:00 | 샘플 2/3: 100.0점 | 피곤해 보이일찍 퇴근하고 쉬라고 권함. 또한의 형이 출장으로 미국에 몇 주 더 있을 예정임...
2025-10-15 16:58:05 | 샘플 3/3: 100.0점 | 피곤해 보이일찍 퇴근하고 쉬라고 권함. 또한의 형이 출장으로 미국에 몇 주 더 있을 예정임...
2025-10-15 16:58:05 | ✅ 최종 선택: 샘플 1 (100.0점)
2025-10-15 16:58:05 | [36/499] 요약: 피곤해 보이일찍 퇴근하고 쉬라고 권함. 또한의 형이 출장으로 미국에 몇 주 더 있을 예정임을 알게 됨. 친구와의 약속 시간을 확인하며 시계를 맞춤.
2025-10-15 16:58:05 | [37/499] 대화: #Person1#: 내일 핵무기 확산을 막는 데 도움을 주는 시위에 갈 거야, Cleo?  #Person2#: 아니, Simon. 난 시위가 싫어. 경찰이 최루탄을 들고 대기 중이...
2025-10-15 16:58:05 | 🔄 Solar API 3회 샘플링 시작...
2025-10-15 16:58:06 | 샘플 1/3: 85.0점 | Simon이 Cleo에게 핵무기 확산 반대 시위에 가자고 제안했으나 Cleo는 거절함....
2025-10-15 16:58:10 | 샘플 2/3: 85.0점 | Simon이 Cleo에게 핵무기 확산 반대 시위에 가자고 제안했으나 Cleo는 거절함....
2025-10-15 16:58:15 | 샘플 3/3: 85.0점 | Simon이 Cleo에게 핵무기 확산 반대 시위에 가자고 제안했으나 Cleo는 거절함....
2025-10-15 16:58:15 | ✅ 최종 선택: 샘플 1 (85.0점)
2025-10-15 16:58:15 | [37/499] 요약: Simon이 Cleo에게 핵무기 확산 반대 시위에 가자고 제안했으나 Cleo는 거절함.
2025-10-15 16:58:15 | [38/499] 대화: #Person1#: 그건 너도 잘못한 거지. 그런 사람을 들여보내면 안 됐어, 그 사람이 정말 오기로 되어 있다거나 네가 기다리고 있는 사람이 아니라면 말이야. #Person2#:...
2025-10-15 16:58:15 | 🔄 Solar API 3회 샘플링 시작...
2025-10-15 16:58:15 | 샘플 1/3: 85.0점 | 두 사람이 무심코 문을 열어준 경험에 대해 대화함....
2025-10-15 16:58:21 | 샘플 2/3: 85.0점 | 두 사람이 무심코 문을 열어준 경험에 대해 대화함....
2025-10-15 16:58:25 | 샘플 3/3: 85.0점 | 두 사람이 무심코 문을 열어준 경험에 대해 대화함....
2025-10-15 16:58:25 | ✅ 최종 선택: 샘플 1 (85.0점)
2025-10-15 16:58:25 | [38/499] 요약: 두 사람이 무심코 문을 열어준 경험에 대해 대화함.
2025-10-15 16:58:25 | [39/499] 대화: #Person1#: Maggie, 역사 노트 좀 빌릴 수 있어? 내일 바로 돌려줄게.  #Person2#: 미안, 난 보통 카페테리아에서 노트 봐. 도서관에서 복사하면 어때? #P...
2025-10-15 16:58:25 | 🔄 Solar API 3회 샘플링 시작...
2025-10-15 16:58:26 | 샘플 1/3: 100.0점 | Mark이 수업 시간에 졸려서 Maggie와 스터디 파트너가 되기로 함. 오늘 도서관에서 ...
2025-10-15 16:58:31 | 샘플 2/3: 100.0점 | Mark이 수업 시간에 졸려서 Maggie와 스터디 파트너가 되기로 함. 오늘 도서관에서 ...
2025-10-15 16:58:36 | 샘플 3/3: 100.0점 | Mark이 수업 시간에 졸려서 Maggie와 스터디 파트너가 되기로 함. 오늘 도서관에서 ...
2025-10-15 16:58:36 | ✅ 최종 선택: 샘플 1 (100.0점)
2025-10-15 16:58:36 | [39/499] 요약: Mark이 수업 시간에 졸려서 Maggie와 스터디 파트너가 되기로 함. 오늘 도서관에서 시작하기로 함.
2025-10-15 16:58:36 | [40/499] 대화: #Person1#: 들어오세요, 제가 도와드릴까요? #Person2#: Turner 교수님, 다음 학기에 지질학 고급 과목 다시 하시나요? #Person1#: 네, 맞아요. #Pe...
2025-10-15 16:58:36 | 🔄 Solar API 3회 샘플링 시작...
2025-10-15 16:58:36 | 샘플 1/3: 100.0점 | 직원가 학생에게 Turner 교수의 지질학 고급 과목 등록을 Burman 교수와 상의 후 ...
2025-10-15 16:58:41 | 샘플 2/3: 100.0점 | 직원가 학생에게 Turner 교수의 지질학 고급 과목 등록을 Burman 교수와 상의 후 ...
2025-10-15 16:58:46 | 샘플 3/3: 100.0점 | 직원가 학생에게 Turner 교수의 지질학 고급 과목 등록을 Burman 교수와 상의 후 ...
2025-10-15 16:58:46 | ✅ 최종 선택: 샘플 1 (100.0점)
2025-10-15 16:58:46 | [40/499] 요약: 직원가 학생에게 Turner 교수의 지질학 고급 과목 등록을 Burman 교수와 상의 후 허락하기로 함.
2025-10-15 16:58:46 | ✅ 배치 완료 (누적: 40/499)
2025-10-15 16:58:49 | [배치 41-50/499] 처리 중...
2025-10-15 16:58:49 | [41/499] 대화: #Person1#: 안녕하세요, 방금 당신 가게에서 펜던트를 샀어요. #Person2#: 네, 감사합니다. #Person1#: 지금 호텔로 돌아와서 친구에게 보여주려고 하는데, 펜...
2025-10-15 16:58:49 | 🔄 Solar API 3회 샘플링 시작...
2025-10-15 16:58:50 | 샘플 1/3: 100.0점 | 고객이 구매한 펜던트가 깨져 교환 요청함. 직원은 영수증을 확인한 후 10시까지 가게로 오...
2025-10-15 16:58:55 | 샘플 2/3: 100.0점 | 고객이 구매한 펜던트가 깨져 교환 요청함. 직원은 영수증을 확인한 후 10시까지 가게로 오...
2025-10-15 16:59:00 | 샘플 3/3: 100.0점 | 고객이 구매한 펜던트가 깨져 교환 요청함. 직원은 영수증을 확인한 후 10시까지 가게로 오...
2025-10-15 16:59:00 | ✅ 최종 선택: 샘플 1 (100.0점)
2025-10-15 16:59:00 | [41/499] 요약: 고객이 구매한 펜던트가 깨져 교환 요청함. 직원은 영수증을 확인한 후 10시까지 가게로 오면 새 것으로 교환해 주기로 함.
2025-10-15 16:59:00 | [42/499] 대화: #Person1#: 이건 어때? #Person2#: 음, 그냥 그래. #Person1#: 그럼 이건? 너무 화려해? #Person2#: 아니, 너무 화려하진 않아. #Person1...
2025-10-15 16:59:00 | 🔄 Solar API 3회 샘플링 시작...
2025-10-15 16:59:00 | 샘플 1/3: 85.0점 | 두 친구가 박싱 데이 세일과 스포츠 경기 시청 문제로 논쟁함....
2025-10-15 16:59:05 | 샘플 2/3: 85.0점 | 두 친구가 박싱 데이 세일과 스포츠 경기 시청 문제로 논쟁함....
2025-10-15 16:59:09 | 샘플 3/3: 85.0점 | 두 친구가 박싱 데이 세일과 스포츠 경기 시청 문제로 논쟁함....
2025-10-15 16:59:09 | ✅ 최종 선택: 샘플 1 (85.0점)
2025-10-15 16:59:09 | [42/499] 요약: 두 친구가 박싱 데이 세일과 스포츠 경기 시청 문제로 논쟁함.
2025-10-15 16:59:09 | [43/499] 대화: #Person1#: 선택할 수 있는 직업이 정말 많네. 너는 뭐 하고 싶어? #Person2#: 나는 미디어 업계에서 일하는 게 재밌을 것 같아. TV도 있고, 신문도 있고, 인터...
2025-10-15 16:59:09 | 🔄 Solar API 3회 샘플링 시작...
2025-10-15 16:59:10 | 샘플 1/3: 85.0점 | 두 친구가 미디어 직업에 대해 논의함. 스트레스가 적은 인터랙티브 미디어를 선호함....
2025-10-15 16:59:14 | 샘플 2/3: 85.0점 | 두 친구가 미디어 직업에 대해 논의함. 스트레스가 적은 인터랙티브 미디어를 선호함....
2025-10-15 16:59:19 | 샘플 3/3: 85.0점 | 두 친구가 미디어 직업에 대해 논의함. 스트레스가 적은 인터랙티브 미디어를 선호함....
2025-10-15 16:59:19 | ✅ 최종 선택: 샘플 1 (85.0점)
2025-10-15 16:59:19 | [43/499] 요약: 두 친구가 미디어 직업에 대해 논의함. 스트레스가 적은 인터랙티브 미디어를 선호함.
2025-10-15 16:59:19 | [44/499] 대화: #Person1#: 벌써 지루한 거야?  #Person2#: 응, 사실 좀 그래.  #Person1#: 우리 이제 막 도착했어. 그러면 네가 알아서 재미를 찾아봐야 할 텐데.  #...
2025-10-15 16:59:19 | 🔄 Solar API 3회 샘플링 시작...
2025-10-15 16:59:20 | 샘플 1/3: 85.0점 | Tom이 Mary에게 지루한 행사에서 시간을 보내도록 제안함....
2025-10-15 16:59:25 | 샘플 2/3: 85.0점 | Tom이 Mary에게 지루한 행사에서 시간을 보내도록 제안함....
2025-10-15 16:59:30 | 샘플 3/3: 85.0점 | Tom이 Mary에게 지루한 행사에서 시간을 보내도록 제안함....
2025-10-15 16:59:30 | ✅ 최종 선택: 샘플 1 (85.0점)
2025-10-15 16:59:30 | [44/499] 요약: Tom이 Mary에게 지루한 행사에서 시간을 보내도록 제안함.
2025-10-15 16:59:30 | [45/499] 대화: #Person1#: 사라, 이사 갈 생각 해본 적 있어?  #Person2#: 생각해봤는데, 지금은 남편이랑 저랑 그럴 여유가 없어.  #Person1#: 회사 근처에 집을 사는 ...
2025-10-15 16:59:30 | 🔄 Solar API 3회 샘플링 시작...
2025-10-15 16:59:31 | 샘플 1/3: 100.0점 | Tom과 Sarah가 이사 및 집 구매에 대해 논의함. Tom은 도시 중심에서 떨어진 곳에...
2025-10-15 16:59:36 | 샘플 2/3: 100.0점 | Tom과 Sarah가 이사 및 집 구매에 대해 논의함. Tom은 도시 중심에서 떨어진 곳에...
2025-10-15 16:59:40 | 샘플 3/3: 100.0점 | Tom과 Sarah가 이사 및 집 구매에 대해 논의함. Tom은 도시 중심에서 떨어진 곳에...
2025-10-15 16:59:40 | ✅ 최종 선택: 샘플 1 (100.0점)
2025-10-15 16:59:40 | [45/499] 요약: Tom과 Sarah가 이사 및 집 구매에 대해 논의함. Tom은 도시 중심에서 떨어진 곳에 집을 사는 것을 제안하고, Sarah는 그 아이디어에 관심을 보임.
2025-10-15 16:59:40 | [46/499] 대화: #Person1#: 안녕하세요. 이번 주 People You Meet에 오신 것을 환영합니다. 오늘은 런던에서 정보 담당관으로 일하고 있는 Mark Leach씨를 소개합니다.  #...
2025-10-15 16:59:40 | 🔄 Solar API 3회 샘플링 시작...
2025-10-15 16:59:41 | 샘플 1/3: 100.0점 | 라디오 프로그램에서 런던의 영국 관광청 정보 담당관 Mark Leach를 소개하며, 그의 ...
2025-10-15 16:59:46 | 샘플 2/3: 100.0점 | 라디오 프로그램에서 런던의 영국 관광청 정보 담당관 Mark Leach를 소개하며, 그의 ...
2025-10-15 16:59:50 | 샘플 3/3: 100.0점 | 라디오 프로그램에서 런던의 영국 관광청 정보 담당관 Mark Leach를 소개하며, 그의 ...
2025-10-15 16:59:50 | ✅ 최종 선택: 샘플 1 (100.0점)
2025-10-15 16:59:50 | [46/499] 요약: 라디오 프로그램에서 런던의 영국 관광청 정보 담당관 Mark Leach를 소개하며, 그의 업무와 방문객에게 제공하는 관광 정보에 대해 이야기함.
2025-10-15 16:59:50 | [47/499] 대화: #Person1#: 안녕, Lin Fang!  #Person2#: 오! 안녕, Lucy!  #Person1#: Lin Fang, 다음 수업이 뭐야?  #Person2#: 영어야. ...
2025-10-15 16:59:50 | 🔄 Solar API 3회 샘플링 시작...
2025-10-15 16:59:51 | 샘플 1/3: 100.0점 | Lucy와 Lin Fang이 각자의 좋아하는 과목에 대해 이야기함. Lucy는 영어와 체육...
2025-10-15 16:59:55 | 샘플 2/3: 100.0점 | Lucy와 Lin Fang이 각자의 좋아하는 과목에 대해 이야기함. Lucy는 영어와 체육...
2025-10-15 17:00:01 | 샘플 3/3: 100.0점 | Lucy와 Lin Fang이 각자의 좋아하는 과목에 대해 이야기함. Lucy는 영어와 체육...
2025-10-15 17:00:01 | ✅ 최종 선택: 샘플 1 (100.0점)
2025-10-15 17:00:01 | [47/499] 요약: Lucy와 Lin Fang이 각자의 좋아하는 과목에 대해 이야기함. Lucy는 영어와 체육을, Lin Fang은 중국어와 과학을 좋아한다고 함.
2025-10-15 17:00:01 | [48/499] 대화: #Person1#: 좋아요, Mrs. Thomas. 뜰에 있는 낙엽들 다 치웠어요.  #Person2#: 아, 고마워요, James.  #Person1#: 앞 계단도 쓸고 쓰레기도...
2025-10-15 17:00:01 | 🔄 Solar API 3회 샘플링 시작...
2025-10-15 17:00:01 | 샘플 1/3: 100.0점 | James가 Mrs. Thomas의 집안일을 도와주고, 개 산책도 제안함. James는 농...
2025-10-15 17:00:06 | 샘플 2/3: 100.0점 | James가 Mrs. Thomas의 집안일을 도와주고, 개 산책도 제안함. James는 농...
2025-10-15 17:00:11 | 샘플 3/3: 100.0점 | James가 Mrs. Thomas의 집안일을 도와주고, 개 산책도 제안함. James는 농...
2025-10-15 17:00:11 | ✅ 최종 선택: 샘플 1 (100.0점)
2025-10-15 17:00:11 | [48/499] 요약: James가 Mrs. Thomas의 집안일을 도와주고, 개 산책도 제안함. James는 농구 연습을 위해 돈을 모으고 있으며, 다음 주말에는 여동생이 대신 도와줄 예정임.
2025-10-15 17:00:11 | [49/499] 대화: #Person1#: 드디어 봄이 온 것 같아.  #Person2#: 맞아, 그런 것 같아. 근데 밤에는 여전히 너무 추워. #Person1#: 맞아, 6일 전에 난방을 껐어. 우리...
2025-10-15 17:00:11 | 🔄 Solar API 3회 샘플링 시작...
2025-10-15 17:00:12 | 샘플 1/3: 100.0점 | 두 사람이 봄 날씨에 대해 이야기하며, 밤의 추위와 따뜻한 온도를 유지하기 위한 방법을 공...
2025-10-15 17:00:17 | 샘플 2/3: 100.0점 | 두 사람이 봄 날씨에 대해 이야기하며, 밤의 추위와 따뜻한 온도를 유지하기 위한 방법을 공...
2025-10-15 17:00:22 | 샘플 3/3: 100.0점 | 두 사람이 봄 날씨에 대해 이야기하며, 밤의 추위와 따뜻한 온도를 유지하기 위한 방법을 공...
2025-10-15 17:00:22 | ✅ 최종 선택: 샘플 1 (100.0점)
2025-10-15 17:00:22 | [49/499] 요약: 두 사람이 봄 날씨에 대해 이야기하며, 밤의 추위와 따뜻한 온도를 유지하기 위한 방법을 공유함.
2025-10-15 17:00:22 | [50/499] 대화: #Person1#: 좋아요, 컷. 다들 처음부터 다시 시작해 봅시다.  #Person2#: 이번에 뭐가 문제였나요?  #Person1#: 느낌이 완전히 잘못됐어요, Mike. 그녀...
2025-10-15 17:00:22 | 🔄 Solar API 3회 샘플링 시작...
2025-10-15 17:00:22 | 샘플 1/3: 100.0점 | 감독이 Mike에게 캐릭터의 화난 느낌을 강조하도록 지시함. Mike는 캐릭터의 복잡한 감...
2025-10-15 17:00:27 | 샘플 2/3: 100.0점 | 감독이 Mike에게 캐릭터의 화난 느낌을 강조하도록 지시함. Mike는 캐릭터의 복잡한 감...
2025-10-15 17:00:32 | 샘플 3/3: 100.0점 | 감독이 Mike에게 캐릭터의 화난 느낌을 강조하도록 지시함. Mike는 캐릭터의 복잡한 감...
2025-10-15 17:00:32 | ✅ 최종 선택: 샘플 1 (100.0점)
2025-10-15 17:00:32 | [50/499] 요약: 감독이 Mike에게 캐릭터의 화난 느낌을 강조하도록 지시함. Mike는 캐릭터의 복잡한 감정을 표현하는 데 어려움을 겪음.
2025-10-15 17:00:32 | ✅ 배치 완료 (누적: 50/499)
2025-10-15 17:00:35 | [배치 51-60/499] 처리 중...
2025-10-15 17:00:35 | [51/499] 대화: #Person1#: 택시!  #Person2#: 어디로 가시겠습니까, 손님? #Person1#: 프렌드쉽 호텔로 가주세요. #Person2#: 알겠습니다. 여기서 멀지 않아요. #...
2025-10-15 17:00:35 | 🔄 Solar API 3회 샘플링 시작...
2025-10-15 17:00:36 | 샘플 1/3: 85.0점 | 손님이 택시기사에게 프렌드쉽 호텔로 급히 가달라고 요청하고, 요금을 지불함....
2025-10-15 17:00:40 | 샘플 2/3: 85.0점 | 손님이 택시기사에게 프렌드쉽 호텔로 급히 가달라고 요청하고, 요금을 지불함....
2025-10-15 17:00:45 | 샘플 3/3: 85.0점 | 손님이 택시기사에게 프렌드쉽 호텔로 급히 가달라고 요청하고, 요금을 지불함....
2025-10-15 17:00:45 | ✅ 최종 선택: 샘플 1 (85.0점)
2025-10-15 17:00:45 | [51/499] 요약: 손님이 택시기사에게 프렌드쉽 호텔로 급히 가달라고 요청하고, 요금을 지불함.
2025-10-15 17:00:45 | [52/499] 대화: #Person1#: 나 완전 빈털터리야, 그런데 다른 버스를 타야 해.  #Person2#: 왜, 다른 버스를 탈 돈이 없어?  #Person1#: 배고파서 과자를 좀 샀어.  #...
2025-10-15 17:00:45 | 🔄 Solar API 3회 샘플링 시작...
2025-10-15 17:00:45 | 샘플 1/3: 85.0점 | 두 친구가 버스 요금 문제로 대화하며 해결책을 찾음....
2025-10-15 17:00:50 | 샘플 2/3: 85.0점 | 두 친구가 버스 요금 문제로 대화하며 해결책을 찾음....
2025-10-15 17:00:55 | 샘플 3/3: 85.0점 | 두 친구가 버스 요금 문제로 대화하며 해결책을 찾음....
2025-10-15 17:00:55 | ✅ 최종 선택: 샘플 1 (85.0점)
2025-10-15 17:00:55 | [52/499] 요약: 두 친구가 버스 요금 문제로 대화하며 해결책을 찾음.
2025-10-15 17:00:55 | [53/499] 대화: #Person1#: 여기서 시내까지 얼마나 걸릴까요? #Person2#: 차로 15분 정도 걸립니다. #Person1#: 우리 동네에 어떤 회사들이 있나요? #Person2#: 미...
2025-10-15 17:00:55 | 🔄 Solar API 3회 샘플링 시작...
2025-10-15 17:00:56 | 샘플 1/3: 100.0점 | 손님이 직원에게 시내까지의 거리, 동네의 회사들, 건물 내 회사의 위치, 회사 식당에 대해...
2025-10-15 17:01:01 | 샘플 2/3: 100.0점 | 손님이 직원에게 시내까지의 거리, 동네의 회사들, 건물 내 회사의 위치, 회사 식당에 대해...
2025-10-15 17:01:05 | 샘플 3/3: 100.0점 | 손님이 직원에게 시내까지의 거리, 동네의 회사들, 건물 내 회사의 위치, 회사 식당에 대해...
2025-10-15 17:01:05 | ✅ 최종 선택: 샘플 1 (100.0점)
2025-10-15 17:01:05 | [53/499] 요약: 손님이 직원에게 시내까지의 거리, 동네의 회사들, 건물 내 회사의 위치, 회사 식당에 대해 질문함.
2025-10-15 17:01:05 | [54/499] 대화: #Person1#: Lulu 이야기는 들었어? #Person2#: 아니, 무슨 일이야? #Person1#: Lulu가 Vic이랑 헤어졌대. 그리고 이제 전근 신청까지 했다고 하더라...
2025-10-15 17:01:05 | 🔄 Solar API 3회 샘플링 시작...
2025-10-15 17:01:06 | 샘플 1/3: 85.0점 | Lulu가 Vic과 헤어지고 전근 신청했다는 소식에 두 사람이 놀람....
2025-10-15 17:01:10 | 샘플 2/3: 85.0점 | Lulu가 Vic과 헤어지고 전근 신청했다는 소식에 두 사람이 놀람....
2025-10-15 17:01:15 | 샘플 3/3: 85.0점 | Lulu가 Vic과 헤어지고 전근 신청했다는 소식에 두 사람이 놀람....
2025-10-15 17:01:15 | ✅ 최종 선택: 샘플 1 (85.0점)
2025-10-15 17:01:15 | [54/499] 요약: Lulu가 Vic과 헤어지고 전근 신청했다는 소식에 두 사람이 놀람.
2025-10-15 17:01:15 | [55/499] 대화: #Person1#: 여보세요, #PhoneNumber#입니다.  #Person2#: 아, 안녕하세요, 샐리. 데이브 톰슨입니다. 짐 좀 바꿔주시겠어요? #Person1#: 아쉽게도...
2025-10-15 17:01:15 | 🔄 Solar API 3회 샘플링 시작...
2025-10-15 17:01:16 | 샘플 1/3: 85.0점 | 데이브 톰슨이 짐을 찾았지만, 짐은 외출 중이었고 샐리가 메시지를 전달함....
2025-10-15 17:01:21 | 샘플 2/3: 85.0점 | 데이브 톰슨이 짐을 찾았지만, 짐은 외출 중이었고 샐리가 메시지를 전달함....
2025-10-15 17:01:26 | 샘플 3/3: 85.0점 | 데이브 톰슨이 짐을 찾았지만, 짐은 외출 중이었고 샐리가 메시지를 전달함....
2025-10-15 17:01:26 | ✅ 최종 선택: 샘플 1 (85.0점)
2025-10-15 17:01:26 | [55/499] 요약: 데이브 톰슨이 짐을 찾았지만, 짐은 외출 중이었고 샐리가 메시지를 전달함.
2025-10-15 17:01:26 | [56/499] 대화: #Person1#: 저기요. 시청 가는 길 좀 알려주시겠어요? #Person2#: 네. 다음 코너까지 가셔서 센터 스트리트로 좌회전하세요. 세 블록 걸어서 세컨드 애비뉴까지 가신 ...
2025-10-15 17:01:26 | 🔄 Solar API 3회 샘플링 시작...
2025-10-15 17:01:26 | 샘플 1/3: 85.0점 | 한 사람이 다른 사람에게 시청 가는 길을 물어보고, 상대방이 자세히 설명함....
2025-10-15 17:01:31 | 샘플 2/3: 85.0점 | 한 사람이 다른 사람에게 시청 가는 길을 물어보고, 상대방이 자세히 설명함....
2025-10-15 17:01:36 | 샘플 3/3: 85.0점 | 한 사람이 다른 사람에게 시청 가는 길을 물어보고, 상대방이 자세히 설명함....
2025-10-15 17:01:36 | ✅ 최종 선택: 샘플 1 (85.0점)
2025-10-15 17:01:36 | [56/499] 요약: 한 사람이 다른 사람에게 시청 가는 길을 물어보고, 상대방이 자세히 설명함.
2025-10-15 17:01:36 | [57/499] 대화: #Person1#: 저기요, 저 좀 도와줄 수 있나요? #Person2#: 네, 어떤 문제가 있나요? #Person1#: 아, 혹시 여권을 제출한 사람이 있나요? #Person2#...
2025-10-15 17:01:36 | 🔄 Solar API 3회 샘플링 시작...
2025-10-15 17:01:36 | 샘플 1/3: 85.0점 | 손님이 분실한 여권을 백화점 직원이 함께 찾아보기로 함....
2025-10-15 17:01:41 | 샘플 2/3: 85.0점 | 손님이 분실한 여권을 백화점 직원이 함께 찾아보기로 함....
2025-10-15 17:01:46 | 샘플 3/3: 85.0점 | 손님이 분실한 여권을 백화점 직원이 함께 찾아보기로 함....
2025-10-15 17:01:46 | ✅ 최종 선택: 샘플 1 (85.0점)
2025-10-15 17:01:46 | [57/499] 요약: 손님이 분실한 여권을 백화점 직원이 함께 찾아보기로 함.
2025-10-15 17:01:46 | [58/499] 대화: #Person1#: 여보세요? #Person2#: 안녕하세요, Nathaniel. 국제 학생 사무실의 Leah입니다. #Person1#: 네, 안녕하세요. #Person2#: 제가...
2025-10-15 17:01:46 | 🔄 Solar API 3회 샘플링 시작...
2025-10-15 17:01:46 | 샘플 1/3: 100.0점 | 국제 학생 사무실의 Leah가 Ms. Collins 대신 Ms. Fonda와의 약속을 잡음...
2025-10-15 17:01:51 | 샘플 2/3: 100.0점 | 국제 학생 사무실의 Leah가 Ms. Collins 대신 Ms. Fonda와의 약속을 잡음...
2025-10-15 17:01:56 | 샘플 3/3: 100.0점 | 국제 학생 사무실의 Leah가 Ms. Collins 대신 Ms. Fonda와의 약속을 잡음...
2025-10-15 17:01:56 | ✅ 최종 선택: 샘플 1 (100.0점)
2025-10-15 17:01:56 | [58/499] 요약: 국제 학생 사무실의 Leah가 Ms. Collins 대신 Ms. Fonda와의 약속을 잡음.
2025-10-15 17:01:56 | [59/499] 대화: #Person1#: 그녀가 Dick 외에는 결혼하지 않겠다고 말했을 때 정말 깜짝 놀랐어. #Person2#: 너도 놀랐구나? 나도 그 말을 듣고 너한테 말하기가 무서웠어. 거의 ...
2025-10-15 17:01:56 | 🔄 Solar API 3회 샘플링 시작...
2025-10-15 17:01:57 | 샘플 1/3: 85.0점 | 두 친구가 Sarah가 Dick과 결혼할 계획에 대해 놀람과 이해를 표현함....
2025-10-15 17:02:02 | 샘플 2/3: 85.0점 | 두 친구가 Sarah가 Dick과 결혼할 계획에 대해 놀람과 이해를 표현함....
2025-10-15 17:02:07 | 샘플 3/3: 85.0점 | 두 친구가 Sarah가 Dick과 결혼할 계획에 대해 놀람과 이해를 표현함....
2025-10-15 17:02:07 | ✅ 최종 선택: 샘플 1 (85.0점)
2025-10-15 17:02:07 | [59/499] 요약: 두 친구가 Sarah가 Dick과 결혼할 계획에 대해 놀람과 이해를 표현함.
2025-10-15 17:02:07 | [60/499] 대화: #Person1#: 이 파티 정말 끝내준다!  #Person2#: 맞아. 맥주도 좋고, 음악도 좋고, 게다가 여기에 매력적인 여자들이 정말 많아! #Person1#: 나도 동감이야...
2025-10-15 17:02:07 | 🔄 Solar API 3회 샘플링 시작...
2025-10-15 17:02:07 | 샘플 1/3: 85.0점 | 파티에서 Tom이 Mary에게 말 걸기를 망설이는 친구를 격려함....
2025-10-15 17:02:12 | 샘플 2/3: 85.0점 | 파티에서 Tom이 Mary에게 말 걸기를 망설이는 친구를 격려함....
2025-10-15 17:02:17 | 샘플 3/3: 85.0점 | 파티에서 Tom이 Mary에게 말 걸기를 망설이는 친구를 격려함....
2025-10-15 17:02:17 | ✅ 최종 선택: 샘플 1 (85.0점)
2025-10-15 17:02:17 | [60/499] 요약: 파티에서 Tom이 Mary에게 말 걸기를 망설이는 친구를 격려함.
2025-10-15 17:02:17 | ✅ 배치 완료 (누적: 60/499)
2025-10-15 17:02:20 | [배치 61-70/499] 처리 중...
2025-10-15 17:02:20 | [61/499] 대화: #Person1#: 안녕, Jack. 이번 학기 수업 어땠어?  #Person2#: 나쁘진 않았어. 정치학 수업이 정말 마음에 들었어.  #Person1#: 그게 제일 마음에 드는...
2025-10-15 17:02:20 | 🔄 Solar API 3회 샘플링 시작...
2025-10-15 17:02:21 | 샘플 1/3: 100.0점 | Jack이 이번 학기 정치학 수업을 좋아했지만, 작년에 들은 비즈니스 커뮤니케이션 수업이 ...
2025-10-15 17:02:26 | 샘플 2/3: 100.0점 | Jack이 이번 학기 정치학 수업을 좋아했지만, 작년에 들은 비즈니스 커뮤니케이션 수업이 ...
2025-10-15 17:02:31 | 샘플 3/3: 100.0점 | Jack이 이번 학기 정치학 수업을 좋아했지만, 작년에 들은 비즈니스 커뮤니케이션 수업이 ...
2025-10-15 17:02:31 | ✅ 최종 선택: 샘플 1 (100.0점)
2025-10-15 17:02:31 | [61/499] 요약: Jack이 이번 학기 정치학 수업을 좋아했지만, 작년에 들은 비즈니스 커뮤니케이션 수업이 가장 좋았다고 말함. 친구가 그 수업을 추천받아 듣기로 함.
2025-10-15 17:02:31 | [62/499] 대화: #Person1#: 아, 정말 좋은 날이네!  #Person2#: 응, 공기가 정말 신선해.  #Person1#: 하지만 어제는 전혀 그렇지 않았어.  #Person2#: 어젯밤에...
2025-10-15 17:02:31 | 🔄 Solar API 3회 샘플링 시작...
2025-10-15 17:02:31 | 샘플 1/3: 85.0점 | 두 사람이 날씨에 대해 이야기하며, 베이징의 계절별 특징과 환경 개선에 대해 언급함....
2025-10-15 17:02:36 | 샘플 2/3: 85.0점 | 두 사람이 날씨에 대해 이야기하며, 베이징의 계절별 특징과 환경 개선에 대해 언급함....
2025-10-15 17:02:41 | 샘플 3/3: 85.0점 | 두 사람이 날씨에 대해 이야기하며, 베이징의 계절별 특징과 환경 개선에 대해 언급함....
2025-10-15 17:02:41 | ✅ 최종 선택: 샘플 1 (85.0점)
2025-10-15 17:02:41 | [62/499] 요약: 두 사람이 날씨에 대해 이야기하며, 베이징의 계절별 특징과 환경 개선에 대해 언급함.
2025-10-15 17:02:41 | [63/499] 대화: #Person1#: 오늘 밤에 영화 보러 갈래? #Person2#: 생각해 봐야겠는데, 어젯밤에 공포 영화 봤거든. 진짜 무서워서 혼났어. #Person1#: 그럼 다른 걸 볼까?...
2025-10-15 17:02:41 | 🔄 Solar API 3회 샘플링 시작...
2025-10-15 17:02:41 | 샘플 1/3: 85.0점 | 두 친구가 공포, 탐정, 코미디, 멜로 영화를 제외하고 전쟁 영화를 보기로 결정함....
2025-10-15 17:02:46 | 샘플 2/3: 85.0점 | 두 친구가 공포, 탐정, 코미디, 멜로 영화를 제외하고 전쟁 영화를 보기로 결정함....
2025-10-15 17:02:51 | 샘플 3/3: 85.0점 | 두 친구가 공포, 탐정, 코미디, 멜로 영화를 제외하고 전쟁 영화를 보기로 결정함....
2025-10-15 17:02:51 | ✅ 최종 선택: 샘플 1 (85.0점)
2025-10-15 17:02:51 | [63/499] 요약: 두 친구가 공포, 탐정, 코미디, 멜로 영화를 제외하고 전쟁 영화를 보기로 결정함.
2025-10-15 17:02:51 | [64/499] 대화: #Person1#: Adam, 학교 좀 안내해줄 수 있어? #Person2#: 물론이지. #Person1#: 제일 높은 건물은 뭐야? #Person2#: 운동장 근처에 있는 하얀 ...
2025-10-15 17:02:51 | 🔄 Solar API 3회 샘플링 시작...
2025-10-15 17:02:51 | 샘플 1/3: 85.0점 | Adam이 학교 안내를 하며 도서관, 고등학교 교실, 수영장에 대해 설명함....
2025-10-15 17:02:56 | 샘플 2/3: 85.0점 | Adam이 학교 안내를 하며 도서관, 고등학교 교실, 수영장에 대해 설명함....
2025-10-15 17:03:01 | 샘플 3/3: 85.0점 | Adam이 학교 안내를 하며 도서관, 고등학교 교실, 수영장에 대해 설명함....
2025-10-15 17:03:01 | ✅ 최종 선택: 샘플 1 (85.0점)
2025-10-15 17:03:01 | [64/499] 요약: Adam이 학교 안내를 하며 도서관, 고등학교 교실, 수영장에 대해 설명함.
2025-10-15 17:03:01 | [65/499] 대화: #Person1#: 자기야, 좋은 소식이 있어.  #Person2#: 뭐야?  #Person1#: 당신이 아빠가 될 거야.  #Person2#: 뭐라고? 당신이 임신했다는 말이야?...
2025-10-15 17:03:01 | 🔄 Solar API 3회 샘플링 시작...
2025-10-15 17:03:02 | 샘플 1/3: 85.0점 | 남편이 아내에게 임신을 알리며 기쁨을 나눔....
2025-10-15 17:03:07 | 샘플 2/3: 85.0점 | 남편이 아내에게 임신을 알리며 기쁨을 나눔....
2025-10-15 17:03:11 | 샘플 3/3: 85.0점 | 남편이 아내에게 임신을 알리며 기쁨을 나눔....
2025-10-15 17:03:11 | ✅ 최종 선택: 샘플 1 (85.0점)
2025-10-15 17:03:11 | [65/499] 요약: 남편이 아내에게 임신을 알리며 기쁨을 나눔.
2025-10-15 17:03:11 | [66/499] 대화: #Person1#: John이 일주일에 일곱 번 그녀와 데이트를 한다네요.  #Person2#: 진짜요? 그거 진짜 심상치 않네요.  #Person1#: 저도 그렇게 생각해요. 아...
2025-10-15 17:03:11 | 🔄 Solar API 3회 샘플링 시작...
2025-10-15 17:03:12 | 샘플 1/3: 100.0점 | 두 사람이 John과 그녀의 빈번한 데이트에 대해 이야기하며, 그가 그녀에게 빠진 것 같고...
2025-10-15 17:03:17 | 샘플 2/3: 100.0점 | 두 사람이 John과 그녀의 빈번한 데이트에 대해 이야기하며, 그가 그녀에게 빠진 것 같고...
2025-10-15 17:03:21 | 샘플 3/3: 100.0점 | 두 사람이 John과 그녀의 빈번한 데이트에 대해 이야기하며, 그가 그녀에게 빠진 것 같고...
2025-10-15 17:03:21 | ✅ 최종 선택: 샘플 1 (100.0점)
2025-10-15 17:03:21 | [66/499] 요약: 두 사람이 John과 그녀의 빈번한 데이트에 대해 이야기하며, 그가 그녀에게 빠진 것 같고 잘 어울리는 커플이라고 동의함.
2025-10-15 17:03:21 | [67/499] 대화: #Person1#: 시스템 업그레이드를 고려해본 적 있어요? #Person2#: 네, 하지만 정확히 무엇이 필요한지 잘 모르겠어요. #Person1#: 소프트웨어에 그림 그리기 프...
2025-10-15 17:03:21 | 🔄 Solar API 3회 샘플링 시작...
2025-10-15 17:03:23 | 샘플 1/3: 100.0점 | 시스템 업그레이드 제안: 그림 그리기 프로그램 추가, 빠른 프로세서, 강력한 하드 디스크,...
2025-10-15 17:03:28 | 샘플 2/3: 100.0점 | 시스템 업그레이드 제안: 그림 그리기 프로그램 추가, 빠른 프로세서, 강력한 하드 디스크,...
2025-10-15 17:03:33 | 샘플 3/3: 100.0점 | 시스템 업그레이드 제안: 그림 그리기 프로그램 추가, 빠른 프로세서, 강력한 하드 디스크,...
2025-10-15 17:03:33 | ✅ 최종 선택: 샘플 1 (100.0점)
2025-10-15 17:03:33 | [67/499] 요약: 시스템 업그레이드 제안: 그림 그리기 프로그램 추가, 빠른 프로세서, 강력한 하드 디스크, 더 많은 메모리, 빠른 모뎀, CD-ROM 드라이브 필요.
2025-10-15 17:03:33 | [68/499] 대화: #Person1#: 어디로 가시나요, 아가씨? #Person2#: 안녕하세요! 크렌쇼와 호손, 홀리데이 인 그 코너에 있는 곳으로요. #Person1#: 알겠습니다. 어디서 오셨나...
2025-10-15 17:03:33 | 🔄 Solar API 3회 샘플링 시작...
2025-10-15 17:03:34 | 샘플 1/3: 85.0점 | 택시 승객과 운전사가 여행, 국적, 언어에 대해 대화함....
2025-10-15 17:03:38 | 샘플 2/3: 85.0점 | 택시 승객과 운전사가 여행, 국적, 언어에 대해 대화함....
2025-10-15 17:03:43 | 샘플 3/3: 85.0점 | 택시 승객과 운전사가 여행, 국적, 언어에 대해 대화함....
2025-10-15 17:03:43 | ✅ 최종 선택: 샘플 1 (85.0점)
2025-10-15 17:03:43 | [68/499] 요약: 택시 승객과 운전사가 여행, 국적, 언어에 대해 대화함.
2025-10-15 17:03:43 | [69/499] 대화: #Person1#: 아, 또 몸무게가 늘었네. 생각보다 쉽게 빠지지 않네. #Person2#: 놀랍지도 않아. 너 너무 많이 먹잖아. #Person1#: 그리고 사무실에서 하루 종...
2025-10-15 17:03:43 | 🔄 Solar API 3회 샘플링 시작...
2025-10-15 17:03:44 | 샘플 1/3: 85.0점 | 두 친구가 체중 감량에 대해 이야기하며 운동 수업 참석을 고려함....
2025-10-15 17:03:48 | 샘플 2/3: 85.0점 | 두 친구가 체중 감량에 대해 이야기하며 운동 수업 참석을 고려함....
2025-10-15 17:03:53 | 샘플 3/3: 85.0점 | 두 친구가 체중 감량에 대해 이야기하며 운동 수업 참석을 고려함....
2025-10-15 17:03:53 | ✅ 최종 선택: 샘플 1 (85.0점)
2025-10-15 17:03:53 | [69/499] 요약: 두 친구가 체중 감량에 대해 이야기하며 운동 수업 참석을 고려함.
2025-10-15 17:03:53 | [70/499] 대화: #Person1#: 안녕하세요. 저희 레스토랑에 오신 걸 환영합니다.  #Person2#: 안녕하세요. 여덟 명 앉을 수 있는 자리로 예약했는데요.  #Person1#: 죄송하지만...
2025-10-15 17:03:53 | 🔄 Solar API 3회 샘플링 시작...
2025-10-15 17:03:54 | 샘플 1/3: 85.0점 | 고객이 방 예약을 요청하고, 직원은 웨이트리스를 통해 안내 약속함. (고객: James)...
2025-10-15 17:03:58 | 샘플 2/3: 85.0점 | 고객이 방 예약을 요청하고, 직원은 웨이트리스를 통해 안내 약속함. (고객: James)...
2025-10-15 17:04:03 | 샘플 3/3: 85.0점 | 고객이 방 예약을 요청하고, 직원은 웨이트리스를 통해 안내 약속함. (고객: James)...
2025-10-15 17:04:03 | ✅ 최종 선택: 샘플 1 (85.0점)
2025-10-15 17:04:03 | [70/499] 요약: 고객이 방 예약을 요청하고, 직원은 웨이트리스를 통해 안내 약속함. (고객: James)
2025-10-15 17:04:03 | ✅ 배치 완료 (누적: 70/499)
2025-10-15 17:04:07 | [배치 71-80/499] 처리 중...
2025-10-15 17:04:07 | [71/499] 대화: #Person1#: 공장이 얼마나 큰가요? #Person2#: 75,000 평방미터의 면적을 차지하고 있습니다. #Person1#: 제가 예상한 것보다 훨씬 크네요. 언제 설립되었...
2025-10-15 17:04:07 | 🔄 Solar API 3회 샘플링 시작...
2025-10-15 17:04:07 | 샘플 1/3: 100.0점 | 고객이 75,000 평방미터의 공장을 방문하여 500명의 직원이 근무하는 생산 과정을 둘러...
2025-10-15 17:04:12 | 샘플 2/3: 100.0점 | 고객이 75,000 평방미터의 공장을 방문하여 500명의 직원이 근무하는 생산 과정을 둘러...
2025-10-15 17:04:17 | 샘플 3/3: 100.0점 | 고객이 75,000 평방미터의 공장을 방문하여 500명의 직원이 근무하는 생산 과정을 둘러...
2025-10-15 17:04:17 | ✅ 최종 선택: 샘플 1 (100.0점)
2025-10-15 17:04:17 | [71/499] 요약: 고객이 75,000 평방미터의 공장을 방문하여 500명의 직원이 근무하는 생산 과정을 둘러보기로 함.
2025-10-15 17:04:17 | [72/499] 대화: #Person1#: 맞아요 Rebecca. 이제 보니 대학 졸업 후 첫 직장이 어디였나요?  #Person2#: York에 있는 York Herald라는 지역 신문이었어요. 사실 ...
2025-10-15 17:04:17 | 🔄 Solar API 3회 샘플링 시작...
2025-10-15 17:04:18 | 샘플 1/3: 100.0점 | Rebecca가 York Herald에서 인턴으로 시작해 주니어 로컬 뉴스 리포터로 2년간...
2025-10-15 17:04:23 | 샘플 2/3: 100.0점 | Rebecca가 York Herald에서 인턴으로 시작해 주니어 로컬 뉴스 리포터로 2년간...
2025-10-15 17:04:28 | 샘플 3/3: 100.0점 | Rebecca가 York Herald에서 인턴으로 시작해 주니어 로컬 뉴스 리포터로 2년간...
2025-10-15 17:04:28 | ✅ 최종 선택: 샘플 1 (100.0점)
2025-10-15 17:04:28 | [72/499] 요약: Rebecca가 York Herald에서 인턴으로 시작해 주니어 로컬 뉴스 리포터로 2년간 근무한 후, 2006년 런던으로 이사하여 런던 주간지에서 새로운 기회를 찾음.
2025-10-15 17:04:28 | [73/499] 대화: #Person1#: 내일 우리가 조별 발표를 해야 해. 포스터에 쓸 물건을 사러 문구점에 가야 해. #Person2#: 포스터도 만들어야 해? #Person1#: 물론이지. 발표할...
2025-10-15 17:04:28 | 🔄 Solar API 3회 샘플링 시작...
2025-10-15 17:04:28 | 샘플 1/3: 85.0점 | 조별 발표를 위해 Tom과 Mary가 문구점에서 필요한 물품을 구매하기로 함....
2025-10-15 17:04:33 | 샘플 2/3: 85.0점 | 조별 발표를 위해 Tom과 Mary가 문구점에서 필요한 물품을 구매하기로 함....
2025-10-15 17:04:38 | 샘플 3/3: 85.0점 | 조별 발표를 위해 Tom과 Mary가 문구점에서 필요한 물품을 구매하기로 함....
2025-10-15 17:04:38 | ✅ 최종 선택: 샘플 1 (85.0점)
2025-10-15 17:04:38 | [73/499] 요약: 조별 발표를 위해 Tom과 Mary가 문구점에서 필요한 물품을 구매하기로 함.
2025-10-15 17:04:38 | [74/499] 대화: #Person1#: Mary, 왜 이렇게 피곤해 보여?  #Person2#: 나 매일 인력시장을 가고, 거기에 에너지를 많이 쏟거든.  #Person1#: 인터넷으로 취직 지원해 ...
2025-10-15 17:04:38 | 🔄 Solar API 3회 샘플링 시작...
2025-10-15 17:04:39 | 샘플 1/3: 85.0점 | Tom이 Mary에게 인터넷 구직 방법을 알려줌....
2025-10-15 17:04:42 | >> 로그 리디렉션 중료.
