2025-10-15 05:22:47 | >> í‘œì¤€ ì¶œë ¥ ë° ì˜¤ë¥˜ë¥¼ ë¡œê·¸ íŒŒì¼ë¡œ ë¦¬ë””ë ‰ì…˜ ì‹œìž‘
2025-10-15 05:22:47 | ============================================================
2025-10-15 05:22:47 | K-Fold ì•™ìƒë¸” ì¶”ë¡  ì‹œìž‘
2025-10-15 05:22:47 | ============================================================
2025-10-15 05:22:47 | [GPU ì •ë³´]
2025-10-15 05:22:47 | available: True
2025-10-15 05:22:47 | device_count: 1
2025-10-15 05:22:47 | current_device: 0
2025-10-15 05:22:47 | gpu_0: {'name': 'NVIDIA GeForce RTX 4090', 'total_memory_gb': 23.98779296875, 'major': 8, 'minor': 9, 'multi_processor_count': 128, 'allocated_memory_gb': 0.0, 'reserved_memory_gb': 0.0}
2025-10-15 05:22:47 | GPU Tier: LOW
2025-10-15 05:22:47 | [1/4] Fold ëª¨ë¸ íƒìƒ‰: experiments/20251014/20251014_183206_kobart_ultimate_kfold
2025-10-15 05:22:47 | âœ… fold_1: experiments/20251014/20251014_183206_kobart_ultimate_kfold/fold_1/kfold/final_model
2025-10-15 05:22:47 | âœ… fold_2: experiments/20251014/20251014_183206_kobart_ultimate_kfold/fold_2/kfold/final_model
2025-10-15 05:22:47 | âœ… fold_3: experiments/20251014/20251014_183206_kobart_ultimate_kfold/fold_3/kfold/final_model
2025-10-15 05:22:47 | âœ… fold_4: experiments/20251014/20251014_183206_kobart_ultimate_kfold/fold_4/kfold/final_model
2025-10-15 05:22:47 | âœ… fold_5: experiments/20251014/20251014_183206_kobart_ultimate_kfold/fold_5/kfold/final_model
2025-10-15 05:22:47 | ðŸ“Š ë°œê²¬ëœ Fold ìˆ˜: 5
2025-10-15 05:22:47 | [2/4] í…ŒìŠ¤íŠ¸ ë°ì´í„° ë¡œë”©: data/raw/test.csv
2025-10-15 05:22:47 | âœ… í…ŒìŠ¤íŠ¸ ìƒ˜í”Œ: 499ê°œ
2025-10-15 05:22:47 | [3/6] K-Fold ì•™ìƒë¸” ì¶”ë¡  ì‹¤í–‰...
2025-10-15 05:22:47 | - ì•™ìƒë¸” ë°©ë²•: soft_voting
2025-10-15 05:22:47 | - ë°°ì¹˜ í¬ê¸°: 32
2025-10-15 05:22:47 | ðŸ”„ 5ê°œ Fold ëª¨ë¸ ë¡œë”© ì¤‘...
2025-10-15 05:22:47 | [Fold 1/5] ë¡œë”©: experiments/20251014/20251014_183206_kobart_ultimate_kfold/fold_1/kfold/final_model
2025-10-15 05:22:47 | âœ… ì™„ë£Œ
2025-10-15 05:22:47 | [Fold 2/5] ë¡œë”©: experiments/20251014/20251014_183206_kobart_ultimate_kfold/fold_2/kfold/final_model
2025-10-15 05:22:48 | âœ… ì™„ë£Œ
2025-10-15 05:22:48 | [Fold 3/5] ë¡œë”©: experiments/20251014/20251014_183206_kobart_ultimate_kfold/fold_3/kfold/final_model
2025-10-15 05:22:48 | âœ… ì™„ë£Œ
2025-10-15 05:22:48 | [Fold 4/5] ë¡œë”©: experiments/20251014/20251014_183206_kobart_ultimate_kfold/fold_4/kfold/final_model
2025-10-15 05:22:49 | âœ… ì™„ë£Œ
2025-10-15 05:22:49 | [Fold 5/5] ë¡œë”©: experiments/20251014/20251014_183206_kobart_ultimate_kfold/fold_5/kfold/final_model
2025-10-15 05:22:49 | âœ… ì™„ë£Œ
2025-10-15 05:22:49 | âœ… ì „ì²´ 5ê°œ ëª¨ë¸ ë¡œë“œ ì™„ë£Œ
2025-10-15 05:22:49 | ðŸ”® K-Fold ì•™ìƒë¸” ì¶”ë¡  ì‹œìž‘ (soft_voting)
2025-10-15 05:22:49 | - ìƒ˜í”Œ ìˆ˜: 499
2025-10-15 05:22:49 | - Fold ìˆ˜: 5
2025-10-15 05:22:49 | - ë°°ì¹˜ í¬ê¸°: 32
2025-10-15 05:22:49 | [Fold 1/5] ì˜ˆì¸¡ ì¤‘...
2025-10-15 05:23:44 | âœ… Fold 1 ì˜ˆì¸¡ ì™„ë£Œ (499ê°œ)
2025-10-15 05:23:44 | [Fold 2/5] ì˜ˆì¸¡ ì¤‘...
2025-10-15 05:24:37 | âœ… Fold 2 ì˜ˆì¸¡ ì™„ë£Œ (499ê°œ)
2025-10-15 05:24:37 | [Fold 3/5] ì˜ˆì¸¡ ì¤‘...
2025-10-15 05:25:29 | âœ… Fold 3 ì˜ˆì¸¡ ì™„ë£Œ (499ê°œ)
2025-10-15 05:25:29 | [Fold 4/5] ì˜ˆì¸¡ ì¤‘...
2025-10-15 05:26:21 | âœ… Fold 4 ì˜ˆì¸¡ ì™„ë£Œ (499ê°œ)
2025-10-15 05:26:21 | [Fold 5/5] ì˜ˆì¸¡ ì¤‘...
2025-10-15 05:27:12 | âœ… Fold 5 ì˜ˆì¸¡ ì™„ë£Œ (499ê°œ)
2025-10-15 05:27:12 | ðŸ”„ ì•™ìƒë¸” ìˆ˜í–‰ ì¤‘ (soft_voting)...
2025-10-15 05:27:12 | âœ… ì•™ìƒë¸” ì™„ë£Œ
2025-10-15 05:27:12 | ðŸ’¾ ì²´í¬í¬ì¸íŠ¸ ì €ìž¥: experiments/20251015/20251015_052247_inference_kobart_kfold_soft_voting_bs32_maxnew80_hf_solar/checkpoints/kfold_checkpoint.pkl
2025-10-15 05:27:12 | [4/6] ðŸ”§ HuggingFace ì‚¬ì „í•™ìŠµ ëª¨ë¸ ë³´ì • ì‹œìž‘
2025-10-15 05:27:12 | - ë³´ì • ëª¨ë¸: gogamza/kobart-base-v2, digit82/kobart-summarization
2025-10-15 05:27:12 | - ë³´ì • ì „ëžµ: quality_based
2025-10-15 05:27:12 | - í’ˆì§ˆ ìž„ê³„ê°’: 0.3
2025-10-15 05:27:12 | ëª¨ë¸ ë¡œë“œ ì¤‘: gogamza/kobart-base-v2
2025-10-15 05:27:15 | âœ… ë¡œë“œ ì™„ë£Œ: gogamza/kobart-base-v2
2025-10-15 05:27:15 | ëª¨ë¸ ë¡œë“œ ì¤‘: digit82/kobart-summarization
2025-10-15 05:27:17 | âœ… ë¡œë“œ ì™„ë£Œ: digit82/kobart-summarization
2025-10-15 05:27:17 | ============================================================
2025-10-15 05:27:17 | ì‚¬ì „í•™ìŠµ ëª¨ë¸ ë³´ì • ì‹œìž‘
2025-10-15 05:27:17 | - ìƒ˜í”Œ ìˆ˜: 499
2025-10-15 05:27:17 | - ì°¸ì¡° ëª¨ë¸ ìˆ˜: 2
2025-10-15 05:27:17 | - ë³´ì • ì „ëžµ: quality_based
2025-10-15 05:27:17 | - í’ˆì§ˆ ìž„ê³„ê°’: 0.3
2025-10-15 05:27:17 | ============================================================
2025-10-15 05:27:17 | [1/3] ì°¸ì¡° ìš”ì•½ ìƒì„± ì¤‘: gogamza/kobart-base-v2
2025-10-15 05:28:11 | âš ï¸  406ê°œ ìƒ˜í”Œì´ dialogue ë³µì‚¬ë¡œ ê°ì§€ë˜ì–´ í•„í„°ë§ë¨
2025-10-15 05:28:11 | âœ… ì™„ë£Œ: 499ê°œ ìš”ì•½ ìƒì„±
2025-10-15 05:28:11 | [1/3] ì°¸ì¡° ìš”ì•½ ìƒì„± ì¤‘: digit82/kobart-summarization
2025-10-15 05:28:56 | âš ï¸  124ê°œ ìƒ˜í”Œì´ dialogue ë³µì‚¬ë¡œ ê°ì§€ë˜ì–´ í•„í„°ë§ë¨
2025-10-15 05:28:56 | âœ… ì™„ë£Œ: 499ê°œ ìš”ì•½ ìƒì„±
2025-10-15 05:28:56 | [2/3] í’ˆì§ˆ í‰ê°€ ì¤‘...
2025-10-15 05:28:56 | í’ˆì§ˆ í‰ê°€ ì‹œìž‘...
2025-10-15 05:28:56 | [1/3] Self-ROUGE ê³„ì‚° ì¤‘...
2025-10-15 05:28:57 | [2/3] ëª¨ë¸ë³„ í’ˆì§ˆ ê³„ì‚° ì¤‘...
2025-10-15 05:28:57 | [3/3] Candidate í’ˆì§ˆ ê³„ì‚° ì¤‘...
2025-10-15 05:28:57 | [4/4] dialogue ìœ ì‚¬ë„ íŽ˜ë„í‹° ì ìš© ì¤‘...
2025-10-15 05:28:57 | âœ… í‰ê°€ ì™„ë£Œ
2025-10-15 05:28:57 | âœ… í‰ê°€ ì™„ë£Œ
2025-10-15 05:28:57 | [3/3] ë³´ì • ì „ëžµ ì ìš© ì¤‘: quality_based
2025-10-15 05:28:57 | âœ… ë³´ì • ì™„ë£Œ
2025-10-15 05:28:57 | ðŸ“Š ë³´ì • í†µê³„:
2025-10-15 05:28:57 | - ì „ì²´: 499ê°œ
2025-10-15 05:28:57 | - ë³´ì •ë¨: 12ê°œ (2.4%)
2025-10-15 05:28:57 | - ìœ ì§€ë¨: 487ê°œ
2025-10-15 05:28:57 | ============================================================
2025-10-15 05:28:57 | âœ… HuggingFace ë³´ì • ì™„ë£Œ
2025-10-15 05:28:57 | ðŸ’¾ ì²´í¬í¬ì¸íŠ¸ ì €ìž¥: experiments/20251015/20251015_052247_inference_kobart_kfold_soft_voting_bs32_maxnew80_hf_solar/checkpoints/hf_correction_checkpoint.pkl
2025-10-15 05:28:57 | [5/6] ðŸŒž Solar API ì•™ìƒë¸” ì‹œìž‘
2025-10-15 05:28:57 | - ëª¨ë¸: solar-1-chat
2025-10-15 05:28:57 | - Temperature: 0.2
2025-10-15 05:28:57 | - ë°°ì¹˜ í¬ê¸°: 5
2025-10-15 05:28:57 | - ëŒ€ê¸° ì‹œê°„: 2.0ì´ˆ
2025-10-15 05:28:57 | Solar API í´ë¼ì´ì–¸íŠ¸ ì´ˆê¸°í™” ì„±ê³µ
2025-10-15 05:28:57 | Solar API ë°°ì¹˜ ìš”ì•½ ìƒì„± ì¤‘...
2025-10-15 05:28:57 | ë°°ì¹˜ ìš”ì•½ ì‹œìž‘: 499ê°œ ëŒ€í™”
2025-10-15 05:28:57 | - ë°°ì¹˜ í¬ê¸°: 5
2025-10-15 05:28:57 | - Rate limit ëŒ€ê¸°: 2.0ì´ˆ
2025-10-15 05:28:57 | [ë°°ì¹˜ 1-5/499] ì²˜ë¦¬ ì¤‘...
2025-10-15 05:29:01 | âœ… ì™„ë£Œ (ëˆ„ì : 5/499)
2025-10-15 05:29:03 | [ë°°ì¹˜ 6-10/499] ì²˜ë¦¬ ì¤‘...
2025-10-15 05:29:07 | âœ… ì™„ë£Œ (ëˆ„ì : 10/499)
2025-10-15 05:29:09 | [ë°°ì¹˜ 11-15/499] ì²˜ë¦¬ ì¤‘...
2025-10-15 05:29:12 | âœ… ì™„ë£Œ (ëˆ„ì : 15/499)
2025-10-15 05:29:14 | [ë°°ì¹˜ 16-20/499] ì²˜ë¦¬ ì¤‘...
2025-10-15 05:29:17 | âœ… ì™„ë£Œ (ëˆ„ì : 20/499)
2025-10-15 05:29:19 | [ë°°ì¹˜ 21-25/499] ì²˜ë¦¬ ì¤‘...
2025-10-15 05:29:23 | âœ… ì™„ë£Œ (ëˆ„ì : 25/499)
2025-10-15 05:29:25 | [ë°°ì¹˜ 26-30/499] ì²˜ë¦¬ ì¤‘...
2025-10-15 05:29:28 | âœ… ì™„ë£Œ (ëˆ„ì : 30/499)
2025-10-15 05:29:30 | [ë°°ì¹˜ 31-35/499] ì²˜ë¦¬ ì¤‘...
2025-10-15 05:29:34 | âœ… ì™„ë£Œ (ëˆ„ì : 35/499)
2025-10-15 05:29:36 | [ë°°ì¹˜ 36-40/499] ì²˜ë¦¬ ì¤‘...
2025-10-15 05:29:40 | âœ… ì™„ë£Œ (ëˆ„ì : 40/499)
2025-10-15 05:29:42 | [ë°°ì¹˜ 41-45/499] ì²˜ë¦¬ ì¤‘...
2025-10-15 05:29:45 | âœ… ì™„ë£Œ (ëˆ„ì : 45/499)
2025-10-15 05:29:47 | [ë°°ì¹˜ 46-50/499] ì²˜ë¦¬ ì¤‘...
2025-10-15 05:29:50 | âœ… ì™„ë£Œ (ëˆ„ì : 50/499)
2025-10-15 05:29:52 | [ë°°ì¹˜ 51-55/499] ì²˜ë¦¬ ì¤‘...
2025-10-15 05:29:55 | âœ… ì™„ë£Œ (ëˆ„ì : 55/499)
2025-10-15 05:29:57 | [ë°°ì¹˜ 56-60/499] ì²˜ë¦¬ ì¤‘...
2025-10-15 05:30:00 | âœ… ì™„ë£Œ (ëˆ„ì : 60/499)
2025-10-15 05:30:02 | [ë°°ì¹˜ 61-65/499] ì²˜ë¦¬ ì¤‘...
2025-10-15 05:30:05 | âœ… ì™„ë£Œ (ëˆ„ì : 65/499)
2025-10-15 05:30:07 | [ë°°ì¹˜ 66-70/499] ì²˜ë¦¬ ì¤‘...
2025-10-15 05:30:10 | âœ… ì™„ë£Œ (ëˆ„ì : 70/499)
2025-10-15 05:30:13 | [ë°°ì¹˜ 71-75/499] ì²˜ë¦¬ ì¤‘...
2025-10-15 05:30:17 | âœ… ì™„ë£Œ (ëˆ„ì : 75/499)
2025-10-15 05:30:19 | [ë°°ì¹˜ 76-80/499] ì²˜ë¦¬ ì¤‘...
2025-10-15 05:30:22 | âœ… ì™„ë£Œ (ëˆ„ì : 80/499)
2025-10-15 05:30:24 | [ë°°ì¹˜ 81-85/499] ì²˜ë¦¬ ì¤‘...
2025-10-15 05:30:27 | âœ… ì™„ë£Œ (ëˆ„ì : 85/499)
2025-10-15 05:30:29 | [ë°°ì¹˜ 86-90/499] ì²˜ë¦¬ ì¤‘...
2025-10-15 05:30:33 | âœ… ì™„ë£Œ (ëˆ„ì : 90/499)
2025-10-15 05:30:35 | [ë°°ì¹˜ 91-95/499] ì²˜ë¦¬ ì¤‘...
2025-10-15 05:30:39 | âœ… ì™„ë£Œ (ëˆ„ì : 95/499)
2025-10-15 05:30:41 | [ë°°ì¹˜ 96-100/499] ì²˜ë¦¬ ì¤‘...
2025-10-15 05:30:44 | âœ… ì™„ë£Œ (ëˆ„ì : 100/499)
2025-10-15 05:30:47 | [ë°°ì¹˜ 101-105/499] ì²˜ë¦¬ ì¤‘...
2025-10-15 05:30:51 | âœ… ì™„ë£Œ (ëˆ„ì : 105/499)
2025-10-15 05:30:53 | [ë°°ì¹˜ 106-110/499] ì²˜ë¦¬ ì¤‘...
2025-10-15 05:30:56 | âœ… ì™„ë£Œ (ëˆ„ì : 110/499)
2025-10-15 05:30:58 | [ë°°ì¹˜ 111-115/499] ì²˜ë¦¬ ì¤‘...
2025-10-15 05:31:02 | âœ… ì™„ë£Œ (ëˆ„ì : 115/499)
2025-10-15 05:31:04 | [ë°°ì¹˜ 116-120/499] ì²˜ë¦¬ ì¤‘...
2025-10-15 05:31:07 | âœ… ì™„ë£Œ (ëˆ„ì : 120/499)
2025-10-15 05:31:09 | [ë°°ì¹˜ 121-125/499] ì²˜ë¦¬ ì¤‘...
2025-10-15 05:31:12 | âœ… ì™„ë£Œ (ëˆ„ì : 125/499)
2025-10-15 05:31:14 | [ë°°ì¹˜ 126-130/499] ì²˜ë¦¬ ì¤‘...
2025-10-15 05:31:18 | âœ… ì™„ë£Œ (ëˆ„ì : 130/499)
2025-10-15 05:31:21 | [ë°°ì¹˜ 131-135/499] ì²˜ë¦¬ ì¤‘...
2025-10-15 05:31:24 | âœ… ì™„ë£Œ (ëˆ„ì : 135/499)
2025-10-15 05:31:26 | [ë°°ì¹˜ 136-140/499] ì²˜ë¦¬ ì¤‘...
2025-10-15 05:31:30 | âœ… ì™„ë£Œ (ëˆ„ì : 140/499)
2025-10-15 05:31:32 | [ë°°ì¹˜ 141-145/499] ì²˜ë¦¬ ì¤‘...
2025-10-15 05:31:35 | âœ… ì™„ë£Œ (ëˆ„ì : 145/499)
2025-10-15 05:31:37 | [ë°°ì¹˜ 146-150/499] ì²˜ë¦¬ ì¤‘...
2025-10-15 05:31:41 | âœ… ì™„ë£Œ (ëˆ„ì : 150/499)
2025-10-15 05:31:43 | [ë°°ì¹˜ 151-155/499] ì²˜ë¦¬ ì¤‘...
2025-10-15 05:31:46 | âœ… ì™„ë£Œ (ëˆ„ì : 155/499)
2025-10-15 05:31:48 | [ë°°ì¹˜ 156-160/499] ì²˜ë¦¬ ì¤‘...
2025-10-15 05:31:51 | âœ… ì™„ë£Œ (ëˆ„ì : 160/499)
2025-10-15 05:31:54 | [ë°°ì¹˜ 161-165/499] ì²˜ë¦¬ ì¤‘...
2025-10-15 05:31:58 | âœ… ì™„ë£Œ (ëˆ„ì : 165/499)
2025-10-15 05:32:00 | [ë°°ì¹˜ 166-170/499] ì²˜ë¦¬ ì¤‘...
2025-10-15 05:32:03 | âœ… ì™„ë£Œ (ëˆ„ì : 170/499)
2025-10-15 05:32:05 | [ë°°ì¹˜ 171-175/499] ì²˜ë¦¬ ì¤‘...
2025-10-15 05:32:09 | âœ… ì™„ë£Œ (ëˆ„ì : 175/499)
2025-10-15 05:32:11 | [ë°°ì¹˜ 176-180/499] ì²˜ë¦¬ ì¤‘...
2025-10-15 05:32:14 | âœ… ì™„ë£Œ (ëˆ„ì : 180/499)
2025-10-15 05:32:16 | [ë°°ì¹˜ 181-185/499] ì²˜ë¦¬ ì¤‘...
2025-10-15 05:32:19 | âœ… ì™„ë£Œ (ëˆ„ì : 185/499)
2025-10-15 05:32:21 | [ë°°ì¹˜ 186-190/499] ì²˜ë¦¬ ì¤‘...
2025-10-15 05:32:24 | âœ… ì™„ë£Œ (ëˆ„ì : 190/499)
2025-10-15 05:32:27 | [ë°°ì¹˜ 191-195/499] ì²˜ë¦¬ ì¤‘...
2025-10-15 05:32:30 | âœ… ì™„ë£Œ (ëˆ„ì : 195/499)
2025-10-15 05:32:32 | [ë°°ì¹˜ 196-200/499] ì²˜ë¦¬ ì¤‘...
2025-10-15 05:32:36 | âœ… ì™„ë£Œ (ëˆ„ì : 200/499)
2025-10-15 05:32:38 | [ë°°ì¹˜ 201-205/499] ì²˜ë¦¬ ì¤‘...
2025-10-15 05:32:42 | âœ… ì™„ë£Œ (ëˆ„ì : 205/499)
2025-10-15 05:32:44 | [ë°°ì¹˜ 206-210/499] ì²˜ë¦¬ ì¤‘...
2025-10-15 05:32:48 | âœ… ì™„ë£Œ (ëˆ„ì : 210/499)
2025-10-15 05:32:50 | [ë°°ì¹˜ 211-215/499] ì²˜ë¦¬ ì¤‘...
2025-10-15 05:32:56 | âœ… ì™„ë£Œ (ëˆ„ì : 215/499)
2025-10-15 05:32:58 | [ë°°ì¹˜ 216-220/499] ì²˜ë¦¬ ì¤‘...
2025-10-15 05:33:03 | âœ… ì™„ë£Œ (ëˆ„ì : 220/499)
2025-10-15 05:33:05 | [ë°°ì¹˜ 221-225/499] ì²˜ë¦¬ ì¤‘...
2025-10-15 05:33:10 | âœ… ì™„ë£Œ (ëˆ„ì : 225/499)
2025-10-15 05:33:12 | [ë°°ì¹˜ 226-230/499] ì²˜ë¦¬ ì¤‘...
2025-10-15 05:33:16 | âœ… ì™„ë£Œ (ëˆ„ì : 230/499)
2025-10-15 05:33:18 | [ë°°ì¹˜ 231-235/499] ì²˜ë¦¬ ì¤‘...
2025-10-15 05:33:23 | âœ… ì™„ë£Œ (ëˆ„ì : 235/499)
2025-10-15 05:33:25 | [ë°°ì¹˜ 236-240/499] ì²˜ë¦¬ ì¤‘...
2025-10-15 05:33:29 | âœ… ì™„ë£Œ (ëˆ„ì : 240/499)
2025-10-15 05:33:32 | [ë°°ì¹˜ 241-245/499] ì²˜ë¦¬ ì¤‘...
2025-10-15 05:33:38 | âœ… ì™„ë£Œ (ëˆ„ì : 245/499)
2025-10-15 05:33:40 | [ë°°ì¹˜ 246-250/499] ì²˜ë¦¬ ì¤‘...
2025-10-15 05:33:45 | âœ… ì™„ë£Œ (ëˆ„ì : 250/499)
2025-10-15 05:33:47 | [ë°°ì¹˜ 251-255/499] ì²˜ë¦¬ ì¤‘...
2025-10-15 05:33:51 | âœ… ì™„ë£Œ (ëˆ„ì : 255/499)
2025-10-15 05:33:53 | [ë°°ì¹˜ 256-260/499] ì²˜ë¦¬ ì¤‘...
2025-10-15 05:33:59 | âœ… ì™„ë£Œ (ëˆ„ì : 260/499)
2025-10-15 05:34:01 | [ë°°ì¹˜ 261-265/499] ì²˜ë¦¬ ì¤‘...
2025-10-15 05:34:05 | âœ… ì™„ë£Œ (ëˆ„ì : 265/499)
2025-10-15 05:34:07 | [ë°°ì¹˜ 266-270/499] ì²˜ë¦¬ ì¤‘...
2025-10-15 05:34:13 | âœ… ì™„ë£Œ (ëˆ„ì : 270/499)
2025-10-15 05:34:15 | [ë°°ì¹˜ 271-275/499] ì²˜ë¦¬ ì¤‘...
2025-10-15 05:34:20 | âœ… ì™„ë£Œ (ëˆ„ì : 275/499)
2025-10-15 05:34:22 | [ë°°ì¹˜ 276-280/499] ì²˜ë¦¬ ì¤‘...
2025-10-15 05:34:26 | âœ… ì™„ë£Œ (ëˆ„ì : 280/499)
2025-10-15 05:34:28 | [ë°°ì¹˜ 281-285/499] ì²˜ë¦¬ ì¤‘...
2025-10-15 05:34:33 | âœ… ì™„ë£Œ (ëˆ„ì : 285/499)
2025-10-15 05:34:35 | [ë°°ì¹˜ 286-290/499] ì²˜ë¦¬ ì¤‘...
2025-10-15 05:34:40 | âœ… ì™„ë£Œ (ëˆ„ì : 290/499)
2025-10-15 05:34:42 | [ë°°ì¹˜ 291-295/499] ì²˜ë¦¬ ì¤‘...
2025-10-15 05:34:47 | âœ… ì™„ë£Œ (ëˆ„ì : 295/499)
2025-10-15 05:34:49 | [ë°°ì¹˜ 296-300/499] ì²˜ë¦¬ ì¤‘...
2025-10-15 05:34:54 | âœ… ì™„ë£Œ (ëˆ„ì : 300/499)
2025-10-15 05:34:56 | [ë°°ì¹˜ 301-305/499] ì²˜ë¦¬ ì¤‘...
2025-10-15 05:35:01 | âœ… ì™„ë£Œ (ëˆ„ì : 305/499)
2025-10-15 05:35:03 | [ë°°ì¹˜ 306-310/499] ì²˜ë¦¬ ì¤‘...
2025-10-15 05:35:07 | âœ… ì™„ë£Œ (ëˆ„ì : 310/499)
2025-10-15 05:35:09 | [ë°°ì¹˜ 311-315/499] ì²˜ë¦¬ ì¤‘...
2025-10-15 05:35:16 | âœ… ì™„ë£Œ (ëˆ„ì : 315/499)
2025-10-15 05:35:18 | [ë°°ì¹˜ 316-320/499] ì²˜ë¦¬ ì¤‘...
2025-10-15 05:35:21 | âœ… ì™„ë£Œ (ëˆ„ì : 320/499)
2025-10-15 05:35:23 | [ë°°ì¹˜ 321-325/499] ì²˜ë¦¬ ì¤‘...
2025-10-15 05:35:28 | âœ… ì™„ë£Œ (ëˆ„ì : 325/499)
2025-10-15 05:35:30 | [ë°°ì¹˜ 326-330/499] ì²˜ë¦¬ ì¤‘...
2025-10-15 05:35:35 | âœ… ì™„ë£Œ (ëˆ„ì : 330/499)
2025-10-15 05:35:37 | [ë°°ì¹˜ 331-335/499] ì²˜ë¦¬ ì¤‘...
2025-10-15 05:35:41 | âœ… ì™„ë£Œ (ëˆ„ì : 335/499)
2025-10-15 05:35:43 | [ë°°ì¹˜ 336-340/499] ì²˜ë¦¬ ì¤‘...
2025-10-15 05:35:49 | âœ… ì™„ë£Œ (ëˆ„ì : 340/499)
2025-10-15 05:35:51 | [ë°°ì¹˜ 341-345/499] ì²˜ë¦¬ ì¤‘...
2025-10-15 05:35:56 | âœ… ì™„ë£Œ (ëˆ„ì : 345/499)
2025-10-15 05:35:58 | [ë°°ì¹˜ 346-350/499] ì²˜ë¦¬ ì¤‘...
2025-10-15 05:36:03 | âœ… ì™„ë£Œ (ëˆ„ì : 350/499)
2025-10-15 05:36:05 | [ë°°ì¹˜ 351-355/499] ì²˜ë¦¬ ì¤‘...
2025-10-15 05:36:09 | âœ… ì™„ë£Œ (ëˆ„ì : 355/499)
2025-10-15 05:36:11 | [ë°°ì¹˜ 356-360/499] ì²˜ë¦¬ ì¤‘...
2025-10-15 05:36:17 | âœ… ì™„ë£Œ (ëˆ„ì : 360/499)
2025-10-15 05:36:20 | [ë°°ì¹˜ 361-365/499] ì²˜ë¦¬ ì¤‘...
2025-10-15 05:36:24 | âœ… ì™„ë£Œ (ëˆ„ì : 365/499)
2025-10-15 05:36:26 | [ë°°ì¹˜ 366-370/499] ì²˜ë¦¬ ì¤‘...
2025-10-15 05:36:31 | âœ… ì™„ë£Œ (ëˆ„ì : 370/499)
2025-10-15 05:36:33 | [ë°°ì¹˜ 371-375/499] ì²˜ë¦¬ ì¤‘...
2025-10-15 05:36:37 | âœ… ì™„ë£Œ (ëˆ„ì : 375/499)
2025-10-15 05:36:39 | [ë°°ì¹˜ 376-380/499] ì²˜ë¦¬ ì¤‘...
2025-10-15 05:36:45 | âœ… ì™„ë£Œ (ëˆ„ì : 380/499)
2025-10-15 05:36:47 | [ë°°ì¹˜ 381-385/499] ì²˜ë¦¬ ì¤‘...
2025-10-15 05:36:52 | âœ… ì™„ë£Œ (ëˆ„ì : 385/499)
2025-10-15 05:36:54 | [ë°°ì¹˜ 386-390/499] ì²˜ë¦¬ ì¤‘...
2025-10-15 05:36:58 | âœ… ì™„ë£Œ (ëˆ„ì : 390/499)
2025-10-15 05:37:00 | [ë°°ì¹˜ 391-395/499] ì²˜ë¦¬ ì¤‘...
2025-10-15 05:37:06 | âœ… ì™„ë£Œ (ëˆ„ì : 395/499)
2025-10-15 05:37:08 | [ë°°ì¹˜ 396-400/499] ì²˜ë¦¬ ì¤‘...
2025-10-15 05:37:12 | âœ… ì™„ë£Œ (ëˆ„ì : 400/499)
2025-10-15 05:37:14 | [ë°°ì¹˜ 401-405/499] ì²˜ë¦¬ ì¤‘...
2025-10-15 05:37:19 | âœ… ì™„ë£Œ (ëˆ„ì : 405/499)
2025-10-15 05:37:21 | [ë°°ì¹˜ 406-410/499] ì²˜ë¦¬ ì¤‘...
2025-10-15 05:37:26 | âœ… ì™„ë£Œ (ëˆ„ì : 410/499)
2025-10-15 05:37:28 | [ë°°ì¹˜ 411-415/499] ì²˜ë¦¬ ì¤‘...
2025-10-15 05:37:33 | âœ… ì™„ë£Œ (ëˆ„ì : 415/499)
2025-10-15 05:37:35 | [ë°°ì¹˜ 416-420/499] ì²˜ë¦¬ ì¤‘...
2025-10-15 05:37:40 | âœ… ì™„ë£Œ (ëˆ„ì : 420/499)
2025-10-15 05:37:42 | [ë°°ì¹˜ 421-425/499] ì²˜ë¦¬ ì¤‘...
2025-10-15 05:37:48 | âœ… ì™„ë£Œ (ëˆ„ì : 425/499)
2025-10-15 05:37:50 | [ë°°ì¹˜ 426-430/499] ì²˜ë¦¬ ì¤‘...
2025-10-15 05:37:53 | âœ… ì™„ë£Œ (ëˆ„ì : 430/499)
2025-10-15 05:37:55 | [ë°°ì¹˜ 431-435/499] ì²˜ë¦¬ ì¤‘...
2025-10-15 05:38:01 | âœ… ì™„ë£Œ (ëˆ„ì : 435/499)
2025-10-15 05:38:03 | [ë°°ì¹˜ 436-440/499] ì²˜ë¦¬ ì¤‘...
2025-10-15 05:38:08 | âœ… ì™„ë£Œ (ëˆ„ì : 440/499)
2025-10-15 05:38:10 | [ë°°ì¹˜ 441-445/499] ì²˜ë¦¬ ì¤‘...
2025-10-15 05:38:15 | âœ… ì™„ë£Œ (ëˆ„ì : 445/499)
2025-10-15 05:38:17 | [ë°°ì¹˜ 446-450/499] ì²˜ë¦¬ ì¤‘...
2025-10-15 05:38:21 | âœ… ì™„ë£Œ (ëˆ„ì : 450/499)
2025-10-15 05:38:23 | [ë°°ì¹˜ 451-455/499] ì²˜ë¦¬ ì¤‘...
2025-10-15 05:38:28 | âœ… ì™„ë£Œ (ëˆ„ì : 455/499)
2025-10-15 05:38:30 | [ë°°ì¹˜ 456-460/499] ì²˜ë¦¬ ì¤‘...
2025-10-15 05:38:36 | âœ… ì™„ë£Œ (ëˆ„ì : 460/499)
2025-10-15 05:38:38 | [ë°°ì¹˜ 461-465/499] ì²˜ë¦¬ ì¤‘...
2025-10-15 05:38:43 | âœ… ì™„ë£Œ (ëˆ„ì : 465/499)
2025-10-15 05:38:45 | [ë°°ì¹˜ 466-470/499] ì²˜ë¦¬ ì¤‘...
2025-10-15 05:38:50 | âœ… ì™„ë£Œ (ëˆ„ì : 470/499)
2025-10-15 05:38:52 | [ë°°ì¹˜ 471-475/499] ì²˜ë¦¬ ì¤‘...
2025-10-15 05:38:56 | âœ… ì™„ë£Œ (ëˆ„ì : 475/499)
2025-10-15 05:38:58 | [ë°°ì¹˜ 476-480/499] ì²˜ë¦¬ ì¤‘...
2025-10-15 05:39:03 | âœ… ì™„ë£Œ (ëˆ„ì : 480/499)
2025-10-15 05:39:06 | [ë°°ì¹˜ 481-485/499] ì²˜ë¦¬ ì¤‘...
2025-10-15 05:39:11 | âœ… ì™„ë£Œ (ëˆ„ì : 485/499)
2025-10-15 05:39:13 | [ë°°ì¹˜ 486-490/499] ì²˜ë¦¬ ì¤‘...
2025-10-15 05:39:18 | âœ… ì™„ë£Œ (ëˆ„ì : 490/499)
2025-10-15 05:39:20 | [ë°°ì¹˜ 491-495/499] ì²˜ë¦¬ ì¤‘...
2025-10-15 05:39:24 | âœ… ì™„ë£Œ (ëˆ„ì : 495/499)
2025-10-15 05:39:26 | [ë°°ì¹˜ 496-499/499] ì²˜ë¦¬ ì¤‘...
2025-10-15 05:39:31 | âœ… ì™„ë£Œ (ëˆ„ì : 499/499)
2025-10-15 05:39:31 | ë°°ì¹˜ ìš”ì•½ ì™„ë£Œ: 499ê°œ
2025-10-15 05:39:31 | KoBARTì™€ Solar ì•™ìƒë¸” ìˆ˜í–‰ ì¤‘...
2025-10-15 05:39:31 | âœ… Solar API ì•™ìƒë¸” ì™„ë£Œ
2025-10-15 05:39:31 | ðŸ’¾ ì²´í¬í¬ì¸íŠ¸ ì €ìž¥: experiments/20251015/20251015_052247_inference_kobart_kfold_soft_voting_bs32_maxnew80_hf_solar/checkpoints/solar_api_checkpoint.pkl
2025-10-15 05:39:31 | [6/6] ì œì¶œ íŒŒì¼ ì €ìž¥ ì¤‘...
2025-10-15 05:39:31 | âœ… ì œì¶œ íŒŒì¼ ìƒì„± (1): experiments/20251015/20251015_052247_inference_kobart_kfold_soft_voting_bs32_maxnew80_hf_solar/submission/20251015_052247_inference_kobart_kfold_soft_voting_bs32_maxnew80_hf_solar.csv
2025-10-15 05:39:31 | âœ… ì œì¶œ íŒŒì¼ ìƒì„± (2): submissions/20251015/20251015_052247_inference_kobart_kfold_soft_voting_bs32_maxnew80_hf_solar.csv
2025-10-15 05:39:31 | ============================================================
2025-10-15 05:39:31 | ðŸ“Š ì¶”ë¡  íŒŒì´í”„ë¼ì¸ ì™„ë£Œ!
2025-10-15 05:39:31 | ============================================================
2025-10-15 05:39:31 | âœ… ì‹¤í–‰ëœ ë‹¨ê³„:
2025-10-15 05:39:31 | 1. K-Fold ì•™ìƒë¸” (5ê°œ ëª¨ë¸, soft_voting)
2025-10-15 05:39:31 | 2. HuggingFace ë³´ì • (gogamza/kobart-base-v2, digit82/kobart-summarization)
2025-10-15 05:39:31 | 3. Solar API ì•™ìƒë¸” (solar-1-chat)
2025-10-15 05:39:31 | 4. í›„ì²˜ë¦¬ (Predictor ë‚´ìž¥)
2025-10-15 05:39:31 | 5. ì œì¶œ íŒŒì¼ ìƒì„±
2025-10-15 05:39:31 | ðŸ“ˆ ê²°ê³¼ í†µê³„:
2025-10-15 05:39:31 | - ì´ ìƒ˜í”Œ ìˆ˜: 499
2025-10-15 05:39:31 | - í‰ê·  ìš”ì•½ ê¸¸ì´: 52.1ìž
2025-10-15 05:39:31 | ðŸ“ ìƒ˜í”Œ ì˜ˆì¸¡ ê²°ê³¼ (ì²˜ìŒ 3ê°œ):
2025-10-15 05:39:31 | [test_0]: ìƒì‚¬ê°€ Dawsonì—ê²Œ ì‚¬ë‚´ ë° ì™¸ë¶€ í†µì‹  ì •ì±… ë³€ê²½ì— ëŒ€í•œ ë©”ëª¨ ìž‘ì„±ê³¼ ë°°í¬ë¥¼ ì§€ì‹œí•¨....
2025-10-15 05:39:31 | [test_1]: ì¹œêµ¬ê°€ ì¹œêµ¬ì—ê²Œ ëŒ€ì¤‘êµí†µ ì´ìš©ì„ ì œì•ˆí•¨...
2025-10-15 05:39:31 | [test_2]: ì¹œêµ¬ Aê°€ ì¹œêµ¬ Bì—ê²Œ Mashaì™€ Heroì˜ ì´í˜¼ ì†Œì‹ì„ ì „í•¨....
2025-10-15 05:39:31 | ============================================================
2025-10-15 05:39:31 | ðŸŽ‰ K-Fold ì•™ìƒë¸” ì¶”ë¡  ì™„ë£Œ!
2025-10-15 05:39:31 | ðŸ“ ì œì¶œ íŒŒì¼: experiments/20251015/20251015_052247_inference_kobart_kfold_soft_voting_bs32_maxnew80_hf_solar/submission/20251015_052247_inference_kobart_kfold_soft_voting_bs32_maxnew80_hf_solar.csv
2025-10-15 05:39:31 | ============================================================
2025-10-15 05:39:31 | >> ë¡œê·¸ ë¦¬ë””ë ‰ì…˜ ì¤‘ë£Œ.
